[2025-11-19T03:47:48.950+0000] {logging_mixin.py:188} INFO - Changing /opt/***/logs/dag_id=master_tiki_lazada_pipeline/run_id=scheduled__2025-11-18T00:00:00+00:00/task_id=create_canonical_views permission to 509
[2025-11-19T03:47:48.984+0000] {logging_mixin.py:188} INFO - Changing /opt/***/logs/dag_id=master_tiki_lazada_pipeline/run_id=scheduled__2025-11-18T00:00:00+00:00/task_id=create_canonical_views permission to 509
[2025-11-19T03:47:49.022+0000] {taskinstance.py:1956} INFO - Dependencies all met for dep_context=non-requeueable deps ti=<TaskInstance: master_tiki_lazada_pipeline.create_canonical_views scheduled__2025-11-18T00:00:00+00:00 [queued]>
[2025-11-19T03:47:49.030+0000] {taskinstance.py:1956} INFO - Dependencies all met for dep_context=requeueable deps ti=<TaskInstance: master_tiki_lazada_pipeline.create_canonical_views scheduled__2025-11-18T00:00:00+00:00 [queued]>
[2025-11-19T03:47:49.031+0000] {taskinstance.py:2170} INFO - Starting attempt 1 of 2
[2025-11-19T03:47:49.041+0000] {taskinstance.py:2191} INFO - Executing <Task(PostgresOperator): create_canonical_views> on 2025-11-18 00:00:00+00:00
[2025-11-19T03:47:49.045+0000] {standard_task_runner.py:60} INFO - Started process 186 to run task
[2025-11-19T03:47:49.048+0000] {standard_task_runner.py:87} INFO - Running: ['***', 'tasks', 'run', 'master_tiki_lazada_pipeline', 'create_canonical_views', 'scheduled__2025-11-18T00:00:00+00:00', '--job-id', '3', '--raw', '--subdir', 'DAGS_FOLDER/master_pipeline.py', '--cfg-path', '/tmp/tmpipgcmzwu']
[2025-11-19T03:47:49.050+0000] {standard_task_runner.py:88} INFO - Job 3: Subtask create_canonical_views
[2025-11-19T03:47:49.096+0000] {logging_mixin.py:188} INFO - Changing /opt/***/logs/dag_id=master_tiki_lazada_pipeline/run_id=scheduled__2025-11-18T00:00:00+00:00/task_id=create_canonical_views permission to 509
[2025-11-19T03:47:49.111+0000] {task_command.py:423} INFO - Running <TaskInstance: master_tiki_lazada_pipeline.create_canonical_views scheduled__2025-11-18T00:00:00+00:00 [running]> on host d2c891ff6998
[2025-11-19T03:47:49.175+0000] {taskinstance.py:2480} INFO - Exporting env vars: AIRFLOW_CTX_DAG_OWNER='data_team' AIRFLOW_CTX_DAG_ID='master_tiki_lazada_pipeline' AIRFLOW_CTX_TASK_ID='create_canonical_views' AIRFLOW_CTX_EXECUTION_DATE='2025-11-18T00:00:00+00:00' AIRFLOW_CTX_TRY_NUMBER='1' AIRFLOW_CTX_DAG_RUN_ID='scheduled__2025-11-18T00:00:00+00:00'
[2025-11-19T03:47:49.177+0000] {sql.py:276} INFO - Executing: 
        -- Hàm chuẩn hóa tên sản phẩm để so khớp cross-source
        CREATE OR REPLACE FUNCTION normalize_product_name(input TEXT)
        RETURNS TEXT
        LANGUAGE sql
        IMMUTABLE
        AS $$
        SELECT regexp_replace(
                 regexp_replace(
                   lower(coalesce(input,'')),
                   '(ch[íi]nh h[aă]ng|chinh hang|h[aă]ng ch[ií]nh h[aă]ng|h[aă]ng qu[aà]c|ch[á]nh h[a]ng|m[á]y|đ[iệ]n tho[ạ]i|smartphone|phone|l[ă]p ?top|notebook|laptop|tai nghe|bluetooth|tai nghe bluetooth|đ[ấ]m b[ả]o|flash sale|kh[u]y[ế]n ma[ĩ])',
                   '',
                   'gi'
                 ),
                 '[^a-z0-9]+',
                 '',
                 'g'
               );
        $$;

        -- View chuẩn hóa để join theo canonical_key
        CREATE OR REPLACE VIEW product_canonical AS
        SELECT 
          id,
          name,
          source,
          price,
          sold_count,
          brand,
          category,
          crawled_at,
          normalize_product_name(name) AS canonical_key
        FROM all_products;

        -- View so sánh giá giữa Tiki và Lazada theo canonical_key
        CREATE OR REPLACE VIEW cross_source_price_compare AS
        SELECT 
          t.canonical_key,
          t.name  AS tiki_name,
          l.name  AS lazada_name,
          t.price AS tiki_price,
          l.price AS lazada_price,
          (l.price - t.price) AS price_diff,
          t.sold_count AS tiki_sold,
          l.sold_count AS lazada_sold,
          greatest(t.crawled_at, l.crawled_at) AS last_seen
        FROM product_canonical t
        JOIN product_canonical l
          ON t.canonical_key = l.canonical_key
         AND t.source = 'Tiki'
         AND l.source = 'Lazada';
        
[2025-11-19T03:47:49.184+0000] {base.py:83} INFO - Using connection ID 'postgres_data_conn' for task execution.
[2025-11-19T03:47:49.191+0000] {base.py:83} INFO - Using connection ID 'postgres_data_conn' for task execution.
[2025-11-19T03:47:49.195+0000] {sql.py:450} INFO - Running statement: 
        -- Hàm chuẩn hóa tên sản phẩm để so khớp cross-source
        CREATE OR REPLACE FUNCTION normalize_product_name(input TEXT)
        RETURNS TEXT
        LANGUAGE sql
        IMMUTABLE
        AS $$
        SELECT regexp_replace(
                 regexp_replace(
                   lower(coalesce(input,'')),
                   '(ch[íi]nh h[aă]ng|chinh hang|h[aă]ng ch[ií]nh h[aă]ng|h[aă]ng qu[aà]c|ch[á]nh h[a]ng|m[á]y|đ[iệ]n tho[ạ]i|smartphone|phone|l[ă]p ?top|notebook|laptop|tai nghe|bluetooth|tai nghe bluetooth|đ[ấ]m b[ả]o|flash sale|kh[u]y[ế]n ma[ĩ])',
                   '',
                   'gi'
                 ),
                 '[^a-z0-9]+',
                 '',
                 'g'
               );
        $$;

        -- View chuẩn hóa để join theo canonical_key
        CREATE OR REPLACE VIEW product_canonical AS
        SELECT 
          id,
          name,
          source,
          price,
          sold_count,
          brand,
          category,
          crawled_at,
          normalize_product_name(name) AS canonical_key
        FROM all_products;

        -- View so sánh giá giữa Tiki và Lazada theo canonical_key
        CREATE OR REPLACE VIEW cross_source_price_compare AS
        SELECT 
          t.canonical_key,
          t.name  AS tiki_name,
          l.name  AS lazada_name,
          t.price AS tiki_price,
          l.price AS lazada_price,
          (l.price - t.price) AS price_diff,
          t.sold_count AS tiki_sold,
          l.sold_count AS lazada_sold,
          greatest(t.crawled_at, l.crawled_at) AS last_seen
        FROM product_canonical t
        JOIN product_canonical l
          ON t.canonical_key = l.canonical_key
         AND t.source = 'Tiki'
         AND l.source = 'Lazada';
        , parameters: None
[2025-11-19T03:47:49.208+0000] {taskinstance.py:1138} INFO - Marking task as SUCCESS. dag_id=master_tiki_lazada_pipeline, task_id=create_canonical_views, execution_date=20251118T000000, start_date=20251119T034749, end_date=20251119T034749
[2025-11-19T03:47:49.262+0000] {local_task_job_runner.py:234} INFO - Task exited with return code 0
[2025-11-19T03:47:49.287+0000] {taskinstance.py:3280} INFO - 3 downstream tasks scheduled from follow-on schedule check
