[2025-11-19T03:52:06.921+0000] {logging_mixin.py:188} INFO - Changing /opt/***/logs/dag_id=master_tiki_lazada_pipeline_rotation/run_id=scheduled__2025-11-18T00:00:00+00:00/task_id=bootstrap_tables permission to 509
[2025-11-19T03:52:06.955+0000] {logging_mixin.py:188} INFO - Changing /opt/***/logs/dag_id=master_tiki_lazada_pipeline_rotation/run_id=scheduled__2025-11-18T00:00:00+00:00/task_id=bootstrap_tables permission to 509
[2025-11-19T03:52:06.989+0000] {taskinstance.py:1956} INFO - Dependencies all met for dep_context=non-requeueable deps ti=<TaskInstance: master_tiki_lazada_pipeline_rotation.bootstrap_tables scheduled__2025-11-18T00:00:00+00:00 [queued]>
[2025-11-19T03:52:06.997+0000] {taskinstance.py:1956} INFO - Dependencies all met for dep_context=requeueable deps ti=<TaskInstance: master_tiki_lazada_pipeline_rotation.bootstrap_tables scheduled__2025-11-18T00:00:00+00:00 [queued]>
[2025-11-19T03:52:06.998+0000] {taskinstance.py:2170} INFO - Starting attempt 1 of 2
[2025-11-19T03:52:07.009+0000] {taskinstance.py:2191} INFO - Executing <Task(PostgresOperator): bootstrap_tables> on 2025-11-18 00:00:00+00:00
[2025-11-19T03:52:07.014+0000] {standard_task_runner.py:60} INFO - Started process 2689 to run task
[2025-11-19T03:52:07.017+0000] {standard_task_runner.py:87} INFO - Running: ['***', 'tasks', 'run', 'master_tiki_lazada_pipeline_rotation', 'bootstrap_tables', 'scheduled__2025-11-18T00:00:00+00:00', '--job-id', '18', '--raw', '--subdir', 'DAGS_FOLDER/master_pipeline_rotation.py', '--cfg-path', '/tmp/tmpb3vayp8z']
[2025-11-19T03:52:07.018+0000] {standard_task_runner.py:88} INFO - Job 18: Subtask bootstrap_tables
[2025-11-19T03:52:07.061+0000] {logging_mixin.py:188} INFO - Changing /opt/***/logs/dag_id=master_tiki_lazada_pipeline_rotation/run_id=scheduled__2025-11-18T00:00:00+00:00/task_id=bootstrap_tables permission to 509
[2025-11-19T03:52:07.078+0000] {task_command.py:423} INFO - Running <TaskInstance: master_tiki_lazada_pipeline_rotation.bootstrap_tables scheduled__2025-11-18T00:00:00+00:00 [running]> on host d2c891ff6998
[2025-11-19T03:52:07.139+0000] {taskinstance.py:2480} INFO - Exporting env vars: AIRFLOW_CTX_DAG_OWNER='data_team' AIRFLOW_CTX_DAG_ID='master_tiki_lazada_pipeline_rotation' AIRFLOW_CTX_TASK_ID='bootstrap_tables' AIRFLOW_CTX_EXECUTION_DATE='2025-11-18T00:00:00+00:00' AIRFLOW_CTX_TRY_NUMBER='1' AIRFLOW_CTX_DAG_RUN_ID='scheduled__2025-11-18T00:00:00+00:00'
[2025-11-19T03:52:07.141+0000] {sql.py:276} INFO - Executing: 
        CREATE TABLE IF NOT EXISTS all_products (
            id SERIAL PRIMARY KEY,
            name TEXT NOT NULL,
            price INT,
            sold_count INT DEFAULT 0,
            brand TEXT,
            category TEXT,
            source TEXT,
            crawled_at TIMESTAMP DEFAULT CURRENT_TIMESTAMP,
            UNIQUE(name, source)
        );
        CREATE TABLE IF NOT EXISTS price_history (
            id SERIAL PRIMARY KEY,
            name TEXT NOT NULL,
            source TEXT NOT NULL,
            price INT,
            sold_count INT DEFAULT 0,
            crawl_date DATE DEFAULT CURRENT_DATE,
            created_at TIMESTAMP DEFAULT CURRENT_TIMESTAMP,
            UNIQUE(name, source, crawl_date)
        );
        
[2025-11-19T03:52:07.148+0000] {base.py:83} INFO - Using connection ID 'postgres_data_conn' for task execution.
[2025-11-19T03:52:07.155+0000] {base.py:83} INFO - Using connection ID 'postgres_data_conn' for task execution.
[2025-11-19T03:52:07.159+0000] {sql.py:450} INFO - Running statement: 
        CREATE TABLE IF NOT EXISTS all_products (
            id SERIAL PRIMARY KEY,
            name TEXT NOT NULL,
            price INT,
            sold_count INT DEFAULT 0,
            brand TEXT,
            category TEXT,
            source TEXT,
            crawled_at TIMESTAMP DEFAULT CURRENT_TIMESTAMP,
            UNIQUE(name, source)
        );
        CREATE TABLE IF NOT EXISTS price_history (
            id SERIAL PRIMARY KEY,
            name TEXT NOT NULL,
            source TEXT NOT NULL,
            price INT,
            sold_count INT DEFAULT 0,
            crawl_date DATE DEFAULT CURRENT_DATE,
            created_at TIMESTAMP DEFAULT CURRENT_TIMESTAMP,
            UNIQUE(name, source, crawl_date)
        );
        , parameters: None
[2025-11-19T03:52:07.168+0000] {taskinstance.py:1138} INFO - Marking task as SUCCESS. dag_id=master_tiki_lazada_pipeline_rotation, task_id=bootstrap_tables, execution_date=20251118T000000, start_date=20251119T035206, end_date=20251119T035207
[2025-11-19T03:52:07.192+0000] {local_task_job_runner.py:234} INFO - Task exited with return code 0
[2025-11-19T03:52:07.213+0000] {taskinstance.py:3280} INFO - 1 downstream tasks scheduled from follow-on schedule check
