[2025-11-19T03:48:57.073+0000] {logging_mixin.py:188} INFO - Changing /opt/***/logs/dag_id=master_tiki_lazada_pipeline/run_id=scheduled__2025-11-18T00:00:00+00:00/task_id=combine_and_load_data permission to 509
[2025-11-19T03:48:57.107+0000] {logging_mixin.py:188} INFO - Changing /opt/***/logs/dag_id=master_tiki_lazada_pipeline/run_id=scheduled__2025-11-18T00:00:00+00:00/task_id=combine_and_load_data permission to 509
[2025-11-19T03:48:57.141+0000] {taskinstance.py:1956} INFO - Dependencies all met for dep_context=non-requeueable deps ti=<TaskInstance: master_tiki_lazada_pipeline.combine_and_load_data scheduled__2025-11-18T00:00:00+00:00 [queued]>
[2025-11-19T03:48:57.150+0000] {taskinstance.py:1956} INFO - Dependencies all met for dep_context=requeueable deps ti=<TaskInstance: master_tiki_lazada_pipeline.combine_and_load_data scheduled__2025-11-18T00:00:00+00:00 [queued]>
[2025-11-19T03:48:57.150+0000] {taskinstance.py:2170} INFO - Starting attempt 1 of 2
[2025-11-19T03:48:57.161+0000] {taskinstance.py:2191} INFO - Executing <Task(_PythonDecoratedOperator): combine_and_load_data> on 2025-11-18 00:00:00+00:00
[2025-11-19T03:48:57.165+0000] {standard_task_runner.py:60} INFO - Started process 1408 to run task
[2025-11-19T03:48:57.168+0000] {standard_task_runner.py:87} INFO - Running: ['***', 'tasks', 'run', 'master_tiki_lazada_pipeline', 'combine_and_load_data', 'scheduled__2025-11-18T00:00:00+00:00', '--job-id', '7', '--raw', '--subdir', 'DAGS_FOLDER/master_pipeline.py', '--cfg-path', '/tmp/tmp5e0ap6qg']
[2025-11-19T03:48:57.169+0000] {standard_task_runner.py:88} INFO - Job 7: Subtask combine_and_load_data
[2025-11-19T03:48:57.210+0000] {logging_mixin.py:188} INFO - Changing /opt/***/logs/dag_id=master_tiki_lazada_pipeline/run_id=scheduled__2025-11-18T00:00:00+00:00/task_id=combine_and_load_data permission to 509
[2025-11-19T03:48:57.222+0000] {task_command.py:423} INFO - Running <TaskInstance: master_tiki_lazada_pipeline.combine_and_load_data scheduled__2025-11-18T00:00:00+00:00 [running]> on host d2c891ff6998
[2025-11-19T03:48:57.362+0000] {taskinstance.py:2480} INFO - Exporting env vars: AIRFLOW_CTX_DAG_OWNER='data_team' AIRFLOW_CTX_DAG_ID='master_tiki_lazada_pipeline' AIRFLOW_CTX_TASK_ID='combine_and_load_data' AIRFLOW_CTX_EXECUTION_DATE='2025-11-18T00:00:00+00:00' AIRFLOW_CTX_TRY_NUMBER='1' AIRFLOW_CTX_DAG_RUN_ID='scheduled__2025-11-18T00:00:00+00:00'
[2025-11-19T03:48:57.364+0000] {master_pipeline.py:164} INFO - Tiki trả về 220 sản phẩm.
[2025-11-19T03:48:57.365+0000] {master_pipeline.py:165} INFO - Lazada (điện thoại) trả về 320 sản phẩm.
[2025-11-19T03:48:57.365+0000] {master_pipeline.py:166} INFO - Lazada (laptop) trả về 320 sản phẩm.
[2025-11-19T03:48:57.366+0000] {master_pipeline.py:182} INFO - Tổng cộng 860 sản phẩm sẽ được load.
[2025-11-19T03:48:57.373+0000] {base.py:83} INFO - Using connection ID 'postgres_data_conn' for task execution.
[2025-11-19T03:48:57.515+0000] {master_pipeline.py:231} INFO - Load thành công 860 bản ghi (insert/update) vào 'all_products'.
[2025-11-19T03:48:57.517+0000] {python.py:201} INFO - Done. Returned value was: {'tiki_count': 220, 'lazada_count': 640, 'lazada_phones': 320, 'lazada_laptops': 320, 'processed_total': 860, 'all_products_total_after': 747}
[2025-11-19T03:48:57.535+0000] {taskinstance.py:1138} INFO - Marking task as SUCCESS. dag_id=master_tiki_lazada_pipeline, task_id=combine_and_load_data, execution_date=20251118T000000, start_date=20251119T034857, end_date=20251119T034857
[2025-11-19T03:48:57.582+0000] {local_task_job_runner.py:234} INFO - Task exited with return code 0
[2025-11-19T03:48:57.603+0000] {taskinstance.py:3280} INFO - 1 downstream tasks scheduled from follow-on schedule check
