[2025-11-19T03:54:09.256+0000] {logging_mixin.py:188} INFO - Changing /opt/***/logs/dag_id=master_tiki_lazada_pipeline_rotation/run_id=scheduled__2025-11-18T00:00:00+00:00/task_id=create_canonical_views_rotation permission to 509
[2025-11-19T03:54:09.293+0000] {logging_mixin.py:188} INFO - Changing /opt/***/logs/dag_id=master_tiki_lazada_pipeline_rotation/run_id=scheduled__2025-11-18T00:00:00+00:00/task_id=create_canonical_views_rotation permission to 509
[2025-11-19T03:54:09.331+0000] {taskinstance.py:1956} INFO - Dependencies all met for dep_context=non-requeueable deps ti=<TaskInstance: master_tiki_lazada_pipeline_rotation.create_canonical_views_rotation scheduled__2025-11-18T00:00:00+00:00 [queued]>
[2025-11-19T03:54:09.340+0000] {taskinstance.py:1956} INFO - Dependencies all met for dep_context=requeueable deps ti=<TaskInstance: master_tiki_lazada_pipeline_rotation.create_canonical_views_rotation scheduled__2025-11-18T00:00:00+00:00 [queued]>
[2025-11-19T03:54:09.340+0000] {taskinstance.py:2170} INFO - Starting attempt 2 of 2
[2025-11-19T03:54:09.351+0000] {taskinstance.py:2191} INFO - Executing <Task(PostgresOperator): create_canonical_views_rotation> on 2025-11-18 00:00:00+00:00
[2025-11-19T03:54:09.355+0000] {standard_task_runner.py:60} INFO - Started process 2714 to run task
[2025-11-19T03:54:09.358+0000] {standard_task_runner.py:87} INFO - Running: ['***', 'tasks', 'run', 'master_tiki_lazada_pipeline_rotation', 'create_canonical_views_rotation', 'scheduled__2025-11-18T00:00:00+00:00', '--job-id', '20', '--raw', '--subdir', 'DAGS_FOLDER/master_pipeline_rotation.py', '--cfg-path', '/tmp/tmp9tw_v5jw']
[2025-11-19T03:54:09.359+0000] {standard_task_runner.py:88} INFO - Job 20: Subtask create_canonical_views_rotation
[2025-11-19T03:54:09.399+0000] {logging_mixin.py:188} INFO - Changing /opt/***/logs/dag_id=master_tiki_lazada_pipeline_rotation/run_id=scheduled__2025-11-18T00:00:00+00:00/task_id=create_canonical_views_rotation permission to 509
[2025-11-19T03:54:09.418+0000] {task_command.py:423} INFO - Running <TaskInstance: master_tiki_lazada_pipeline_rotation.create_canonical_views_rotation scheduled__2025-11-18T00:00:00+00:00 [running]> on host d2c891ff6998
[2025-11-19T03:54:09.474+0000] {taskinstance.py:2480} INFO - Exporting env vars: AIRFLOW_CTX_DAG_OWNER='data_team' AIRFLOW_CTX_DAG_ID='master_tiki_lazada_pipeline_rotation' AIRFLOW_CTX_TASK_ID='create_canonical_views_rotation' AIRFLOW_CTX_EXECUTION_DATE='2025-11-18T00:00:00+00:00' AIRFLOW_CTX_TRY_NUMBER='2' AIRFLOW_CTX_DAG_RUN_ID='scheduled__2025-11-18T00:00:00+00:00'
[2025-11-19T03:54:09.476+0000] {sql.py:276} INFO - Executing: 
        CREATE OR REPLACE FUNCTION normalize_product_name(input TEXT)
        RETURNS TEXT
        LANGUAGE sql
        IMMUTABLE
        AS $$
        SELECT regexp_replace(
                 regexp_replace(
                   lower(coalesce(input,'')),
                   '(ch[íi]nh h[aă]ng|chinh hang|h[aă]ng ch[ií]nh h[aă]ng|h[ă]ng qu[à]c|m[á]y|đ[iệ]n tho[ạ]i|smartphone|phone|l[ă]p ?top|notebook|laptop|tai nghe|bluetooth|tai nghe bluetooth|flash sale|kh[u]y[ế]n ma[ĩ])',
                   '',
                   'gi'
                 ),
                 '[^a-z0-9]+',
                 '',
                 'g'
               );
        $$;

        CREATE OR REPLACE VIEW product_canonical AS
        SELECT 
          id, name, source, price, sold_count, brand, category, crawled_at,
          normalize_product_name(name) AS canonical_key
        FROM all_products;

        CREATE OR REPLACE VIEW cross_source_price_compare AS
        SELECT 
          t.canonical_key,
          t.name  AS tiki_name,
          l.name  AS lazada_name,
          t.price AS tiki_price,
          l.price AS lazada_price,
          (l.price - t.price) AS price_diff,
          greatest(t.crawled_at, l.crawled_at) AS last_seen
        FROM product_canonical t
        JOIN product_canonical l
          ON t.canonical_key = l.canonical_key
         AND t.source = 'Tiki'
         AND l.source = 'Lazada';
        
[2025-11-19T03:54:09.484+0000] {base.py:83} INFO - Using connection ID 'postgres_data_conn' for task execution.
[2025-11-19T03:54:09.491+0000] {base.py:83} INFO - Using connection ID 'postgres_data_conn' for task execution.
[2025-11-19T03:54:09.495+0000] {sql.py:450} INFO - Running statement: 
        CREATE OR REPLACE FUNCTION normalize_product_name(input TEXT)
        RETURNS TEXT
        LANGUAGE sql
        IMMUTABLE
        AS $$
        SELECT regexp_replace(
                 regexp_replace(
                   lower(coalesce(input,'')),
                   '(ch[íi]nh h[aă]ng|chinh hang|h[aă]ng ch[ií]nh h[aă]ng|h[ă]ng qu[à]c|m[á]y|đ[iệ]n tho[ạ]i|smartphone|phone|l[ă]p ?top|notebook|laptop|tai nghe|bluetooth|tai nghe bluetooth|flash sale|kh[u]y[ế]n ma[ĩ])',
                   '',
                   'gi'
                 ),
                 '[^a-z0-9]+',
                 '',
                 'g'
               );
        $$;

        CREATE OR REPLACE VIEW product_canonical AS
        SELECT 
          id, name, source, price, sold_count, brand, category, crawled_at,
          normalize_product_name(name) AS canonical_key
        FROM all_products;

        CREATE OR REPLACE VIEW cross_source_price_compare AS
        SELECT 
          t.canonical_key,
          t.name  AS tiki_name,
          l.name  AS lazada_name,
          t.price AS tiki_price,
          l.price AS lazada_price,
          (l.price - t.price) AS price_diff,
          greatest(t.crawled_at, l.crawled_at) AS last_seen
        FROM product_canonical t
        JOIN product_canonical l
          ON t.canonical_key = l.canonical_key
         AND t.source = 'Tiki'
         AND l.source = 'Lazada';
        , parameters: None
[2025-11-19T03:54:09.498+0000] {taskinstance.py:2698} ERROR - Task failed with exception
Traceback (most recent call last):
  File "/home/airflow/.local/lib/python3.8/site-packages/airflow/models/taskinstance.py", line 433, in _execute_task
    result = execute_callable(context=context, **execute_callable_kwargs)
  File "/home/airflow/.local/lib/python3.8/site-packages/airflow/providers/common/sql/operators/sql.py", line 282, in execute
    output = hook.run(
  File "/home/airflow/.local/lib/python3.8/site-packages/airflow/providers/common/sql/hooks/sql.py", line 398, in run
    self._run_command(cur, sql_statement, parameters)
  File "/home/airflow/.local/lib/python3.8/site-packages/airflow/providers/common/sql/hooks/sql.py", line 455, in _run_command
    cur.execute(sql_statement)
psycopg2.errors.InvalidTableDefinition: cannot drop columns from view

[2025-11-19T03:54:09.506+0000] {taskinstance.py:1138} INFO - Marking task as FAILED. dag_id=master_tiki_lazada_pipeline_rotation, task_id=create_canonical_views_rotation, execution_date=20251118T000000, start_date=20251119T035409, end_date=20251119T035409
[2025-11-19T03:54:09.509+0000] {base.py:83} INFO - Using connection ID 'slack_webhook_conn' for task execution.
[2025-11-19T03:54:10.065+0000] {standard_task_runner.py:107} ERROR - Failed to execute job 20 for task create_canonical_views_rotation (cannot drop columns from view
; 2714)
[2025-11-19T03:54:10.095+0000] {local_task_job_runner.py:234} INFO - Task exited with return code 1
[2025-11-19T03:54:10.118+0000] {taskinstance.py:3280} INFO - 0 downstream tasks scheduled from follow-on schedule check
