[2025-11-19T03:50:50.519+0000] {logging_mixin.py:188} INFO - Changing /opt/***/logs/dag_id=master_tiki_lazada_pipeline/run_id=manual__2025-11-19T03:49:39.107642+00:00/task_id=combine_and_load_data permission to 509
[2025-11-19T03:50:50.562+0000] {logging_mixin.py:188} INFO - Changing /opt/***/logs/dag_id=master_tiki_lazada_pipeline/run_id=manual__2025-11-19T03:49:39.107642+00:00/task_id=combine_and_load_data permission to 509
[2025-11-19T03:50:50.597+0000] {taskinstance.py:1956} INFO - Dependencies all met for dep_context=non-requeueable deps ti=<TaskInstance: master_tiki_lazada_pipeline.combine_and_load_data manual__2025-11-19T03:49:39.107642+00:00 [queued]>
[2025-11-19T03:50:50.606+0000] {taskinstance.py:1956} INFO - Dependencies all met for dep_context=requeueable deps ti=<TaskInstance: master_tiki_lazada_pipeline.combine_and_load_data manual__2025-11-19T03:49:39.107642+00:00 [queued]>
[2025-11-19T03:50:50.606+0000] {taskinstance.py:2170} INFO - Starting attempt 1 of 2
[2025-11-19T03:50:50.617+0000] {taskinstance.py:2191} INFO - Executing <Task(_PythonDecoratedOperator): combine_and_load_data> on 2025-11-19 03:49:39.107642+00:00
[2025-11-19T03:50:50.621+0000] {standard_task_runner.py:60} INFO - Started process 2662 to run task
[2025-11-19T03:50:50.624+0000] {standard_task_runner.py:87} INFO - Running: ['***', 'tasks', 'run', 'master_tiki_lazada_pipeline', 'combine_and_load_data', 'manual__2025-11-19T03:49:39.107642+00:00', '--job-id', '15', '--raw', '--subdir', 'DAGS_FOLDER/master_pipeline.py', '--cfg-path', '/tmp/tmp2_51ap3w']
[2025-11-19T03:50:50.625+0000] {standard_task_runner.py:88} INFO - Job 15: Subtask combine_and_load_data
[2025-11-19T03:50:50.664+0000] {logging_mixin.py:188} INFO - Changing /opt/***/logs/dag_id=master_tiki_lazada_pipeline/run_id=manual__2025-11-19T03:49:39.107642+00:00/task_id=combine_and_load_data permission to 509
[2025-11-19T03:50:50.677+0000] {task_command.py:423} INFO - Running <TaskInstance: master_tiki_lazada_pipeline.combine_and_load_data manual__2025-11-19T03:49:39.107642+00:00 [running]> on host d2c891ff6998
[2025-11-19T03:50:50.811+0000] {taskinstance.py:2480} INFO - Exporting env vars: AIRFLOW_CTX_DAG_OWNER='data_team' AIRFLOW_CTX_DAG_ID='master_tiki_lazada_pipeline' AIRFLOW_CTX_TASK_ID='combine_and_load_data' AIRFLOW_CTX_EXECUTION_DATE='2025-11-19T03:49:39.107642+00:00' AIRFLOW_CTX_TRY_NUMBER='1' AIRFLOW_CTX_DAG_RUN_ID='manual__2025-11-19T03:49:39.107642+00:00'
[2025-11-19T03:50:50.813+0000] {master_pipeline.py:164} INFO - Tiki trả về 220 sản phẩm.
[2025-11-19T03:50:50.814+0000] {master_pipeline.py:165} INFO - Lazada (điện thoại) trả về 320 sản phẩm.
[2025-11-19T03:50:50.814+0000] {master_pipeline.py:166} INFO - Lazada (laptop) trả về 320 sản phẩm.
[2025-11-19T03:50:50.815+0000] {master_pipeline.py:182} INFO - Tổng cộng 860 sản phẩm sẽ được load.
[2025-11-19T03:50:50.823+0000] {base.py:83} INFO - Using connection ID 'postgres_data_conn' for task execution.
[2025-11-19T03:50:50.959+0000] {master_pipeline.py:231} INFO - Load thành công 860 bản ghi (insert/update) vào 'all_products'.
[2025-11-19T03:50:50.960+0000] {python.py:201} INFO - Done. Returned value was: {'tiki_count': 220, 'lazada_count': 640, 'lazada_phones': 320, 'lazada_laptops': 320, 'processed_total': 860, 'all_products_total_after': 912}
[2025-11-19T03:50:50.978+0000] {taskinstance.py:1138} INFO - Marking task as SUCCESS. dag_id=master_tiki_lazada_pipeline, task_id=combine_and_load_data, execution_date=20251119T034939, start_date=20251119T035050, end_date=20251119T035050
[2025-11-19T03:50:51.000+0000] {local_task_job_runner.py:234} INFO - Task exited with return code 0
[2025-11-19T03:50:51.022+0000] {taskinstance.py:3280} INFO - 1 downstream tasks scheduled from follow-on schedule check
