[2025-11-19T03:49:40.405+0000] {logging_mixin.py:188} INFO - Changing /opt/***/logs/dag_id=master_tiki_lazada_pipeline/run_id=manual__2025-11-19T03:49:39.107642+00:00/task_id=create_master_table permission to 509
[2025-11-19T03:49:40.447+0000] {logging_mixin.py:188} INFO - Changing /opt/***/logs/dag_id=master_tiki_lazada_pipeline/run_id=manual__2025-11-19T03:49:39.107642+00:00/task_id=create_master_table permission to 509
[2025-11-19T03:49:40.481+0000] {taskinstance.py:1956} INFO - Dependencies all met for dep_context=non-requeueable deps ti=<TaskInstance: master_tiki_lazada_pipeline.create_master_table manual__2025-11-19T03:49:39.107642+00:00 [queued]>
[2025-11-19T03:49:40.489+0000] {taskinstance.py:1956} INFO - Dependencies all met for dep_context=requeueable deps ti=<TaskInstance: master_tiki_lazada_pipeline.create_master_table manual__2025-11-19T03:49:39.107642+00:00 [queued]>
[2025-11-19T03:49:40.489+0000] {taskinstance.py:2170} INFO - Starting attempt 1 of 2
[2025-11-19T03:49:40.501+0000] {taskinstance.py:2191} INFO - Executing <Task(PostgresOperator): create_master_table> on 2025-11-19 03:49:39.107642+00:00
[2025-11-19T03:49:40.505+0000] {standard_task_runner.py:60} INFO - Started process 1421 to run task
[2025-11-19T03:49:40.508+0000] {standard_task_runner.py:87} INFO - Running: ['***', 'tasks', 'run', 'master_tiki_lazada_pipeline', 'create_master_table', 'manual__2025-11-19T03:49:39.107642+00:00', '--job-id', '10', '--raw', '--subdir', 'DAGS_FOLDER/master_pipeline.py', '--cfg-path', '/tmp/tmpml63qm0k']
[2025-11-19T03:49:40.509+0000] {standard_task_runner.py:88} INFO - Job 10: Subtask create_master_table
[2025-11-19T03:49:40.552+0000] {logging_mixin.py:188} INFO - Changing /opt/***/logs/dag_id=master_tiki_lazada_pipeline/run_id=manual__2025-11-19T03:49:39.107642+00:00/task_id=create_master_table permission to 509
[2025-11-19T03:49:40.568+0000] {task_command.py:423} INFO - Running <TaskInstance: master_tiki_lazada_pipeline.create_master_table manual__2025-11-19T03:49:39.107642+00:00 [running]> on host d2c891ff6998
[2025-11-19T03:49:40.636+0000] {taskinstance.py:2480} INFO - Exporting env vars: AIRFLOW_CTX_DAG_OWNER='data_team' AIRFLOW_CTX_DAG_ID='master_tiki_lazada_pipeline' AIRFLOW_CTX_TASK_ID='create_master_table' AIRFLOW_CTX_EXECUTION_DATE='2025-11-19T03:49:39.107642+00:00' AIRFLOW_CTX_TRY_NUMBER='1' AIRFLOW_CTX_DAG_RUN_ID='manual__2025-11-19T03:49:39.107642+00:00'
[2025-11-19T03:49:40.638+0000] {sql.py:276} INFO - Executing: 
        CREATE TABLE IF NOT EXISTS all_products (
            id SERIAL PRIMARY KEY,
            name TEXT NOT NULL,
            price INT,
            sold_count INT DEFAULT 0,
            brand TEXT,
            category TEXT,
            source TEXT, 
            crawled_at TIMESTAMP DEFAULT CURRENT_TIMESTAMP,
            UNIQUE(name, source) 
        );
        
        -- Lưu ảnh chụp giá theo ngày để so sánh trend
        CREATE TABLE IF NOT EXISTS price_history (
            id SERIAL PRIMARY KEY,
            name TEXT NOT NULL,
            source TEXT NOT NULL,
            price INT,
            sold_count INT DEFAULT 0,
            crawl_date DATE DEFAULT CURRENT_DATE,
            created_at TIMESTAMP DEFAULT CURRENT_TIMESTAMP,
            UNIQUE(name, source, crawl_date)
        );
        
[2025-11-19T03:49:40.647+0000] {base.py:83} INFO - Using connection ID 'postgres_data_conn' for task execution.
[2025-11-19T03:49:40.654+0000] {base.py:83} INFO - Using connection ID 'postgres_data_conn' for task execution.
[2025-11-19T03:49:40.659+0000] {sql.py:450} INFO - Running statement: 
        CREATE TABLE IF NOT EXISTS all_products (
            id SERIAL PRIMARY KEY,
            name TEXT NOT NULL,
            price INT,
            sold_count INT DEFAULT 0,
            brand TEXT,
            category TEXT,
            source TEXT, 
            crawled_at TIMESTAMP DEFAULT CURRENT_TIMESTAMP,
            UNIQUE(name, source) 
        );
        
        -- Lưu ảnh chụp giá theo ngày để so sánh trend
        CREATE TABLE IF NOT EXISTS price_history (
            id SERIAL PRIMARY KEY,
            name TEXT NOT NULL,
            source TEXT NOT NULL,
            price INT,
            sold_count INT DEFAULT 0,
            crawl_date DATE DEFAULT CURRENT_DATE,
            created_at TIMESTAMP DEFAULT CURRENT_TIMESTAMP,
            UNIQUE(name, source, crawl_date)
        );
        , parameters: None
[2025-11-19T03:49:40.668+0000] {taskinstance.py:1138} INFO - Marking task as SUCCESS. dag_id=master_tiki_lazada_pipeline, task_id=create_master_table, execution_date=20251119T034939, start_date=20251119T034940, end_date=20251119T034940
[2025-11-19T03:49:40.722+0000] {local_task_job_runner.py:234} INFO - Task exited with return code 0
[2025-11-19T03:49:40.744+0000] {taskinstance.py:3280} INFO - 1 downstream tasks scheduled from follow-on schedule check
