[2025-11-19T02:29:06.153+0000] {processor.py:161} INFO - Started process (PID=60) to work on /home/airflow/.local/lib/python3.8/site-packages/airflow/example_dags/example_subdag_operator.py
[2025-11-19T02:29:06.154+0000] {processor.py:830} INFO - Processing file /home/airflow/.local/lib/python3.8/site-packages/airflow/example_dags/example_subdag_operator.py for tasks to queue
[2025-11-19T02:29:06.157+0000] {logging_mixin.py:188} INFO - [2025-11-19T02:29:06.156+0000] {dagbag.py:538} INFO - Filling up the DagBag from /home/airflow/.local/lib/python3.8/site-packages/airflow/example_dags/example_subdag_operator.py
[2025-11-19T02:29:06.184+0000] {processor.py:840} INFO - DAG(s) 'example_subdag_operator.section-1', 'example_subdag_operator.section-2', 'example_subdag_operator' retrieved from /home/airflow/.local/lib/python3.8/site-packages/airflow/example_dags/example_subdag_operator.py
[2025-11-19T02:29:06.312+0000] {logging_mixin.py:188} INFO - [2025-11-19T02:29:06.311+0000] {override.py:1769} INFO - Created Permission View: can read on DAG:example_subdag_operator
[2025-11-19T02:29:06.325+0000] {logging_mixin.py:188} INFO - [2025-11-19T02:29:06.325+0000] {override.py:1769} INFO - Created Permission View: can edit on DAG:example_subdag_operator
[2025-11-19T02:29:06.334+0000] {logging_mixin.py:188} INFO - [2025-11-19T02:29:06.333+0000] {override.py:1769} INFO - Created Permission View: can delete on DAG:example_subdag_operator
[2025-11-19T02:29:06.334+0000] {logging_mixin.py:188} INFO - [2025-11-19T02:29:06.334+0000] {dag.py:3036} INFO - Sync 3 DAGs
[2025-11-19T02:29:06.346+0000] {logging_mixin.py:188} INFO - [2025-11-19T02:29:06.345+0000] {dag.py:3058} INFO - Creating ORM DAG for example_subdag_operator
[2025-11-19T02:29:06.347+0000] {logging_mixin.py:188} INFO - [2025-11-19T02:29:06.346+0000] {dag.py:3058} INFO - Creating ORM DAG for example_subdag_operator.section-1
[2025-11-19T02:29:06.348+0000] {logging_mixin.py:188} INFO - [2025-11-19T02:29:06.347+0000] {dag.py:3058} INFO - Creating ORM DAG for example_subdag_operator.section-2
[2025-11-19T02:29:06.356+0000] {logging_mixin.py:188} INFO - [2025-11-19T02:29:06.356+0000] {dag.py:3823} INFO - Setting next_dagrun for example_subdag_operator to 2022-01-01 00:00:00+00:00, run_after=2022-01-01 00:00:00+00:00
[2025-11-19T02:29:06.357+0000] {logging_mixin.py:188} INFO - [2025-11-19T02:29:06.357+0000] {dag.py:3823} INFO - Setting next_dagrun for example_subdag_operator.section-1 to None, run_after=None
[2025-11-19T02:29:06.358+0000] {logging_mixin.py:188} INFO - [2025-11-19T02:29:06.358+0000] {dag.py:3823} INFO - Setting next_dagrun for example_subdag_operator.section-2 to None, run_after=None
[2025-11-19T02:29:06.368+0000] {logging_mixin.py:188} INFO - [2025-11-19T02:29:06.368+0000] {dag.py:3036} INFO - Sync 2 DAGs
[2025-11-19T02:29:06.379+0000] {logging_mixin.py:188} INFO - [2025-11-19T02:29:06.378+0000] {dag.py:3823} INFO - Setting next_dagrun for example_subdag_operator.section-1 to None, run_after=None
[2025-11-19T02:29:06.383+0000] {logging_mixin.py:188} INFO - [2025-11-19T02:29:06.383+0000] {dag.py:3823} INFO - Setting next_dagrun for example_subdag_operator.section-2 to None, run_after=None
[2025-11-19T02:29:06.403+0000] {processor.py:183} INFO - Processing /home/airflow/.local/lib/python3.8/site-packages/airflow/example_dags/example_subdag_operator.py took 0.253 seconds
[2025-11-19T02:29:37.049+0000] {processor.py:161} INFO - Started process (PID=118) to work on /home/airflow/.local/lib/python3.8/site-packages/airflow/example_dags/example_subdag_operator.py
[2025-11-19T02:29:37.050+0000] {processor.py:830} INFO - Processing file /home/airflow/.local/lib/python3.8/site-packages/airflow/example_dags/example_subdag_operator.py for tasks to queue
[2025-11-19T02:29:37.052+0000] {logging_mixin.py:188} INFO - [2025-11-19T02:29:37.051+0000] {dagbag.py:538} INFO - Filling up the DagBag from /home/airflow/.local/lib/python3.8/site-packages/airflow/example_dags/example_subdag_operator.py
[2025-11-19T02:29:37.074+0000] {processor.py:840} INFO - DAG(s) 'example_subdag_operator.section-1', 'example_subdag_operator.section-2', 'example_subdag_operator' retrieved from /home/airflow/.local/lib/python3.8/site-packages/airflow/example_dags/example_subdag_operator.py
[2025-11-19T02:29:37.092+0000] {logging_mixin.py:188} INFO - [2025-11-19T02:29:37.091+0000] {dag.py:3036} INFO - Sync 3 DAGs
[2025-11-19T02:29:37.115+0000] {logging_mixin.py:188} INFO - [2025-11-19T02:29:37.115+0000] {dag.py:3823} INFO - Setting next_dagrun for example_subdag_operator to 2022-01-01 00:00:00+00:00, run_after=2022-01-01 00:00:00+00:00
[2025-11-19T02:29:37.123+0000] {logging_mixin.py:188} INFO - [2025-11-19T02:29:37.123+0000] {dag.py:3823} INFO - Setting next_dagrun for example_subdag_operator.section-1 to None, run_after=None
[2025-11-19T02:29:37.126+0000] {logging_mixin.py:188} INFO - [2025-11-19T02:29:37.125+0000] {dag.py:3823} INFO - Setting next_dagrun for example_subdag_operator.section-2 to None, run_after=None
[2025-11-19T02:29:37.136+0000] {logging_mixin.py:188} INFO - [2025-11-19T02:29:37.136+0000] {dag.py:3036} INFO - Sync 2 DAGs
[2025-11-19T02:29:37.142+0000] {logging_mixin.py:188} INFO - [2025-11-19T02:29:37.142+0000] {dag.py:3823} INFO - Setting next_dagrun for example_subdag_operator.section-1 to None, run_after=None
[2025-11-19T02:29:37.143+0000] {logging_mixin.py:188} INFO - [2025-11-19T02:29:37.142+0000] {dag.py:3823} INFO - Setting next_dagrun for example_subdag_operator.section-2 to None, run_after=None
[2025-11-19T02:29:37.161+0000] {processor.py:183} INFO - Processing /home/airflow/.local/lib/python3.8/site-packages/airflow/example_dags/example_subdag_operator.py took 0.115 seconds
[2025-11-19T02:45:54.426+0000] {processor.py:161} INFO - Started process (PID=60) to work on /home/airflow/.local/lib/python3.8/site-packages/airflow/example_dags/example_subdag_operator.py
[2025-11-19T02:45:54.430+0000] {processor.py:830} INFO - Processing file /home/airflow/.local/lib/python3.8/site-packages/airflow/example_dags/example_subdag_operator.py for tasks to queue
[2025-11-19T02:45:54.433+0000] {logging_mixin.py:188} INFO - [2025-11-19T02:45:54.433+0000] {dagbag.py:538} INFO - Filling up the DagBag from /home/airflow/.local/lib/python3.8/site-packages/airflow/example_dags/example_subdag_operator.py
[2025-11-19T02:45:54.476+0000] {processor.py:840} INFO - DAG(s) 'example_subdag_operator.section-1', 'example_subdag_operator.section-2', 'example_subdag_operator' retrieved from /home/airflow/.local/lib/python3.8/site-packages/airflow/example_dags/example_subdag_operator.py
[2025-11-19T02:45:54.642+0000] {logging_mixin.py:188} INFO - [2025-11-19T02:45:54.641+0000] {override.py:1769} INFO - Created Permission View: can read on DAG:example_subdag_operator
[2025-11-19T02:45:54.661+0000] {logging_mixin.py:188} INFO - [2025-11-19T02:45:54.661+0000] {override.py:1769} INFO - Created Permission View: can edit on DAG:example_subdag_operator
[2025-11-19T02:45:54.674+0000] {logging_mixin.py:188} INFO - [2025-11-19T02:45:54.674+0000] {override.py:1769} INFO - Created Permission View: can delete on DAG:example_subdag_operator
[2025-11-19T02:45:54.679+0000] {logging_mixin.py:188} INFO - [2025-11-19T02:45:54.678+0000] {dag.py:3036} INFO - Sync 3 DAGs
[2025-11-19T02:45:54.697+0000] {logging_mixin.py:188} INFO - [2025-11-19T02:45:54.697+0000] {dag.py:3058} INFO - Creating ORM DAG for example_subdag_operator.section-2
[2025-11-19T02:45:54.699+0000] {logging_mixin.py:188} INFO - [2025-11-19T02:45:54.698+0000] {dag.py:3058} INFO - Creating ORM DAG for example_subdag_operator
[2025-11-19T02:45:54.700+0000] {logging_mixin.py:188} INFO - [2025-11-19T02:45:54.699+0000] {dag.py:3058} INFO - Creating ORM DAG for example_subdag_operator.section-1
[2025-11-19T02:45:54.716+0000] {logging_mixin.py:188} INFO - [2025-11-19T02:45:54.715+0000] {dag.py:3823} INFO - Setting next_dagrun for example_subdag_operator to 2022-01-01 00:00:00+00:00, run_after=2022-01-01 00:00:00+00:00
[2025-11-19T02:45:54.717+0000] {logging_mixin.py:188} INFO - [2025-11-19T02:45:54.717+0000] {dag.py:3823} INFO - Setting next_dagrun for example_subdag_operator.section-1 to None, run_after=None
[2025-11-19T02:45:54.718+0000] {logging_mixin.py:188} INFO - [2025-11-19T02:45:54.718+0000] {dag.py:3823} INFO - Setting next_dagrun for example_subdag_operator.section-2 to None, run_after=None
[2025-11-19T02:45:54.732+0000] {logging_mixin.py:188} INFO - [2025-11-19T02:45:54.732+0000] {dag.py:3036} INFO - Sync 2 DAGs
[2025-11-19T02:45:54.741+0000] {logging_mixin.py:188} INFO - [2025-11-19T02:45:54.740+0000] {dag.py:3823} INFO - Setting next_dagrun for example_subdag_operator.section-1 to None, run_after=None
[2025-11-19T02:45:54.745+0000] {logging_mixin.py:188} INFO - [2025-11-19T02:45:54.745+0000] {dag.py:3823} INFO - Setting next_dagrun for example_subdag_operator.section-2 to None, run_after=None
[2025-11-19T02:45:54.764+0000] {processor.py:183} INFO - Processing /home/airflow/.local/lib/python3.8/site-packages/airflow/example_dags/example_subdag_operator.py took 0.343 seconds
[2025-11-19T02:46:25.449+0000] {processor.py:161} INFO - Started process (PID=118) to work on /home/airflow/.local/lib/python3.8/site-packages/airflow/example_dags/example_subdag_operator.py
[2025-11-19T02:46:25.450+0000] {processor.py:830} INFO - Processing file /home/airflow/.local/lib/python3.8/site-packages/airflow/example_dags/example_subdag_operator.py for tasks to queue
[2025-11-19T02:46:25.452+0000] {logging_mixin.py:188} INFO - [2025-11-19T02:46:25.452+0000] {dagbag.py:538} INFO - Filling up the DagBag from /home/airflow/.local/lib/python3.8/site-packages/airflow/example_dags/example_subdag_operator.py
[2025-11-19T02:46:25.475+0000] {processor.py:840} INFO - DAG(s) 'example_subdag_operator.section-1', 'example_subdag_operator.section-2', 'example_subdag_operator' retrieved from /home/airflow/.local/lib/python3.8/site-packages/airflow/example_dags/example_subdag_operator.py
[2025-11-19T02:46:25.489+0000] {logging_mixin.py:188} INFO - [2025-11-19T02:46:25.489+0000] {dag.py:3036} INFO - Sync 3 DAGs
[2025-11-19T02:46:25.511+0000] {logging_mixin.py:188} INFO - [2025-11-19T02:46:25.510+0000] {dag.py:3823} INFO - Setting next_dagrun for example_subdag_operator to 2022-01-01 00:00:00+00:00, run_after=2022-01-01 00:00:00+00:00
[2025-11-19T02:46:25.515+0000] {logging_mixin.py:188} INFO - [2025-11-19T02:46:25.514+0000] {dag.py:3823} INFO - Setting next_dagrun for example_subdag_operator.section-1 to None, run_after=None
[2025-11-19T02:46:25.517+0000] {logging_mixin.py:188} INFO - [2025-11-19T02:46:25.516+0000] {dag.py:3823} INFO - Setting next_dagrun for example_subdag_operator.section-2 to None, run_after=None
[2025-11-19T02:46:25.524+0000] {logging_mixin.py:188} INFO - [2025-11-19T02:46:25.523+0000] {dag.py:3036} INFO - Sync 2 DAGs
[2025-11-19T02:46:25.528+0000] {logging_mixin.py:188} INFO - [2025-11-19T02:46:25.528+0000] {dag.py:3823} INFO - Setting next_dagrun for example_subdag_operator.section-1 to None, run_after=None
[2025-11-19T02:46:25.529+0000] {logging_mixin.py:188} INFO - [2025-11-19T02:46:25.529+0000] {dag.py:3823} INFO - Setting next_dagrun for example_subdag_operator.section-2 to None, run_after=None
[2025-11-19T02:46:25.542+0000] {processor.py:183} INFO - Processing /home/airflow/.local/lib/python3.8/site-packages/airflow/example_dags/example_subdag_operator.py took 0.096 seconds
[2025-11-19T02:46:55.788+0000] {processor.py:161} INFO - Started process (PID=177) to work on /home/airflow/.local/lib/python3.8/site-packages/airflow/example_dags/example_subdag_operator.py
[2025-11-19T02:46:55.789+0000] {processor.py:830} INFO - Processing file /home/airflow/.local/lib/python3.8/site-packages/airflow/example_dags/example_subdag_operator.py for tasks to queue
[2025-11-19T02:46:55.790+0000] {logging_mixin.py:188} INFO - [2025-11-19T02:46:55.790+0000] {dagbag.py:538} INFO - Filling up the DagBag from /home/airflow/.local/lib/python3.8/site-packages/airflow/example_dags/example_subdag_operator.py
[2025-11-19T02:46:55.812+0000] {processor.py:840} INFO - DAG(s) 'example_subdag_operator.section-1', 'example_subdag_operator.section-2', 'example_subdag_operator' retrieved from /home/airflow/.local/lib/python3.8/site-packages/airflow/example_dags/example_subdag_operator.py
[2025-11-19T02:46:55.815+0000] {logging_mixin.py:188} INFO - [2025-11-19T02:46:55.815+0000] {dag.py:3036} INFO - Sync 3 DAGs
[2025-11-19T02:46:55.832+0000] {logging_mixin.py:188} INFO - [2025-11-19T02:46:55.832+0000] {dag.py:3823} INFO - Setting next_dagrun for example_subdag_operator to 2022-01-01 00:00:00+00:00, run_after=2022-01-01 00:00:00+00:00
[2025-11-19T02:46:55.835+0000] {logging_mixin.py:188} INFO - [2025-11-19T02:46:55.835+0000] {dag.py:3823} INFO - Setting next_dagrun for example_subdag_operator.section-1 to None, run_after=None
[2025-11-19T02:46:55.837+0000] {logging_mixin.py:188} INFO - [2025-11-19T02:46:55.837+0000] {dag.py:3823} INFO - Setting next_dagrun for example_subdag_operator.section-2 to None, run_after=None
[2025-11-19T02:46:55.843+0000] {logging_mixin.py:188} INFO - [2025-11-19T02:46:55.843+0000] {dag.py:3036} INFO - Sync 2 DAGs
[2025-11-19T02:46:55.848+0000] {logging_mixin.py:188} INFO - [2025-11-19T02:46:55.848+0000] {dag.py:3823} INFO - Setting next_dagrun for example_subdag_operator.section-1 to None, run_after=None
[2025-11-19T02:46:55.849+0000] {logging_mixin.py:188} INFO - [2025-11-19T02:46:55.849+0000] {dag.py:3823} INFO - Setting next_dagrun for example_subdag_operator.section-2 to None, run_after=None
[2025-11-19T02:46:55.861+0000] {processor.py:183} INFO - Processing /home/airflow/.local/lib/python3.8/site-packages/airflow/example_dags/example_subdag_operator.py took 0.077 seconds
[2025-11-19T02:47:26.186+0000] {processor.py:161} INFO - Started process (PID=236) to work on /home/airflow/.local/lib/python3.8/site-packages/airflow/example_dags/example_subdag_operator.py
[2025-11-19T02:47:26.187+0000] {processor.py:830} INFO - Processing file /home/airflow/.local/lib/python3.8/site-packages/airflow/example_dags/example_subdag_operator.py for tasks to queue
[2025-11-19T02:47:26.189+0000] {logging_mixin.py:188} INFO - [2025-11-19T02:47:26.189+0000] {dagbag.py:538} INFO - Filling up the DagBag from /home/airflow/.local/lib/python3.8/site-packages/airflow/example_dags/example_subdag_operator.py
[2025-11-19T02:47:26.215+0000] {processor.py:840} INFO - DAG(s) 'example_subdag_operator.section-1', 'example_subdag_operator.section-2', 'example_subdag_operator' retrieved from /home/airflow/.local/lib/python3.8/site-packages/airflow/example_dags/example_subdag_operator.py
[2025-11-19T02:47:26.309+0000] {logging_mixin.py:188} INFO - [2025-11-19T02:47:26.308+0000] {dag.py:3036} INFO - Sync 3 DAGs
[2025-11-19T02:47:26.324+0000] {logging_mixin.py:188} INFO - [2025-11-19T02:47:26.324+0000] {dag.py:3823} INFO - Setting next_dagrun for example_subdag_operator to 2022-01-01 00:00:00+00:00, run_after=2022-01-01 00:00:00+00:00
[2025-11-19T02:47:26.327+0000] {logging_mixin.py:188} INFO - [2025-11-19T02:47:26.327+0000] {dag.py:3823} INFO - Setting next_dagrun for example_subdag_operator.section-1 to None, run_after=None
[2025-11-19T02:47:26.329+0000] {logging_mixin.py:188} INFO - [2025-11-19T02:47:26.329+0000] {dag.py:3823} INFO - Setting next_dagrun for example_subdag_operator.section-2 to None, run_after=None
[2025-11-19T02:47:26.338+0000] {logging_mixin.py:188} INFO - [2025-11-19T02:47:26.338+0000] {dag.py:3036} INFO - Sync 2 DAGs
[2025-11-19T02:47:26.345+0000] {logging_mixin.py:188} INFO - [2025-11-19T02:47:26.345+0000] {dag.py:3823} INFO - Setting next_dagrun for example_subdag_operator.section-1 to None, run_after=None
[2025-11-19T02:47:26.346+0000] {logging_mixin.py:188} INFO - [2025-11-19T02:47:26.346+0000] {dag.py:3823} INFO - Setting next_dagrun for example_subdag_operator.section-2 to None, run_after=None
[2025-11-19T02:47:26.361+0000] {processor.py:183} INFO - Processing /home/airflow/.local/lib/python3.8/site-packages/airflow/example_dags/example_subdag_operator.py took 0.178 seconds
[2025-11-19T02:47:56.896+0000] {processor.py:161} INFO - Started process (PID=295) to work on /home/airflow/.local/lib/python3.8/site-packages/airflow/example_dags/example_subdag_operator.py
[2025-11-19T02:47:56.897+0000] {processor.py:830} INFO - Processing file /home/airflow/.local/lib/python3.8/site-packages/airflow/example_dags/example_subdag_operator.py for tasks to queue
[2025-11-19T02:47:56.899+0000] {logging_mixin.py:188} INFO - [2025-11-19T02:47:56.898+0000] {dagbag.py:538} INFO - Filling up the DagBag from /home/airflow/.local/lib/python3.8/site-packages/airflow/example_dags/example_subdag_operator.py
[2025-11-19T02:47:56.919+0000] {processor.py:840} INFO - DAG(s) 'example_subdag_operator.section-1', 'example_subdag_operator.section-2', 'example_subdag_operator' retrieved from /home/airflow/.local/lib/python3.8/site-packages/airflow/example_dags/example_subdag_operator.py
[2025-11-19T02:47:56.932+0000] {logging_mixin.py:188} INFO - [2025-11-19T02:47:56.932+0000] {dag.py:3036} INFO - Sync 3 DAGs
[2025-11-19T02:47:56.950+0000] {logging_mixin.py:188} INFO - [2025-11-19T02:47:56.950+0000] {dag.py:3823} INFO - Setting next_dagrun for example_subdag_operator to 2022-01-01 00:00:00+00:00, run_after=2022-01-01 00:00:00+00:00
[2025-11-19T02:47:56.954+0000] {logging_mixin.py:188} INFO - [2025-11-19T02:47:56.954+0000] {dag.py:3823} INFO - Setting next_dagrun for example_subdag_operator.section-1 to None, run_after=None
[2025-11-19T02:47:56.956+0000] {logging_mixin.py:188} INFO - [2025-11-19T02:47:56.955+0000] {dag.py:3823} INFO - Setting next_dagrun for example_subdag_operator.section-2 to None, run_after=None
[2025-11-19T02:47:56.963+0000] {logging_mixin.py:188} INFO - [2025-11-19T02:47:56.963+0000] {dag.py:3036} INFO - Sync 2 DAGs
[2025-11-19T02:47:56.968+0000] {logging_mixin.py:188} INFO - [2025-11-19T02:47:56.968+0000] {dag.py:3823} INFO - Setting next_dagrun for example_subdag_operator.section-1 to None, run_after=None
[2025-11-19T02:47:56.969+0000] {logging_mixin.py:188} INFO - [2025-11-19T02:47:56.968+0000] {dag.py:3823} INFO - Setting next_dagrun for example_subdag_operator.section-2 to None, run_after=None
[2025-11-19T02:47:56.978+0000] {processor.py:183} INFO - Processing /home/airflow/.local/lib/python3.8/site-packages/airflow/example_dags/example_subdag_operator.py took 0.086 seconds
[2025-11-19T02:48:27.029+0000] {processor.py:161} INFO - Started process (PID=354) to work on /home/airflow/.local/lib/python3.8/site-packages/airflow/example_dags/example_subdag_operator.py
[2025-11-19T02:48:27.030+0000] {processor.py:830} INFO - Processing file /home/airflow/.local/lib/python3.8/site-packages/airflow/example_dags/example_subdag_operator.py for tasks to queue
[2025-11-19T02:48:27.032+0000] {logging_mixin.py:188} INFO - [2025-11-19T02:48:27.032+0000] {dagbag.py:538} INFO - Filling up the DagBag from /home/airflow/.local/lib/python3.8/site-packages/airflow/example_dags/example_subdag_operator.py
[2025-11-19T02:48:27.056+0000] {processor.py:840} INFO - DAG(s) 'example_subdag_operator.section-1', 'example_subdag_operator.section-2', 'example_subdag_operator' retrieved from /home/airflow/.local/lib/python3.8/site-packages/airflow/example_dags/example_subdag_operator.py
[2025-11-19T02:48:27.069+0000] {logging_mixin.py:188} INFO - [2025-11-19T02:48:27.069+0000] {dag.py:3036} INFO - Sync 3 DAGs
[2025-11-19T02:48:27.086+0000] {logging_mixin.py:188} INFO - [2025-11-19T02:48:27.086+0000] {dag.py:3823} INFO - Setting next_dagrun for example_subdag_operator to 2022-01-01 00:00:00+00:00, run_after=2022-01-01 00:00:00+00:00
[2025-11-19T02:48:27.090+0000] {logging_mixin.py:188} INFO - [2025-11-19T02:48:27.090+0000] {dag.py:3823} INFO - Setting next_dagrun for example_subdag_operator.section-1 to None, run_after=None
[2025-11-19T02:48:27.092+0000] {logging_mixin.py:188} INFO - [2025-11-19T02:48:27.091+0000] {dag.py:3823} INFO - Setting next_dagrun for example_subdag_operator.section-2 to None, run_after=None
[2025-11-19T02:48:27.099+0000] {logging_mixin.py:188} INFO - [2025-11-19T02:48:27.098+0000] {dag.py:3036} INFO - Sync 2 DAGs
[2025-11-19T02:48:27.104+0000] {logging_mixin.py:188} INFO - [2025-11-19T02:48:27.104+0000] {dag.py:3823} INFO - Setting next_dagrun for example_subdag_operator.section-1 to None, run_after=None
[2025-11-19T02:48:27.105+0000] {logging_mixin.py:188} INFO - [2025-11-19T02:48:27.105+0000] {dag.py:3823} INFO - Setting next_dagrun for example_subdag_operator.section-2 to None, run_after=None
[2025-11-19T02:48:27.118+0000] {processor.py:183} INFO - Processing /home/airflow/.local/lib/python3.8/site-packages/airflow/example_dags/example_subdag_operator.py took 0.092 seconds
[2025-11-19T02:48:57.160+0000] {processor.py:161} INFO - Started process (PID=413) to work on /home/airflow/.local/lib/python3.8/site-packages/airflow/example_dags/example_subdag_operator.py
[2025-11-19T02:48:57.161+0000] {processor.py:830} INFO - Processing file /home/airflow/.local/lib/python3.8/site-packages/airflow/example_dags/example_subdag_operator.py for tasks to queue
[2025-11-19T02:48:57.163+0000] {logging_mixin.py:188} INFO - [2025-11-19T02:48:57.162+0000] {dagbag.py:538} INFO - Filling up the DagBag from /home/airflow/.local/lib/python3.8/site-packages/airflow/example_dags/example_subdag_operator.py
[2025-11-19T02:48:57.185+0000] {processor.py:840} INFO - DAG(s) 'example_subdag_operator.section-1', 'example_subdag_operator.section-2', 'example_subdag_operator' retrieved from /home/airflow/.local/lib/python3.8/site-packages/airflow/example_dags/example_subdag_operator.py
[2025-11-19T02:48:57.199+0000] {logging_mixin.py:188} INFO - [2025-11-19T02:48:57.199+0000] {dag.py:3036} INFO - Sync 3 DAGs
[2025-11-19T02:48:57.220+0000] {logging_mixin.py:188} INFO - [2025-11-19T02:48:57.220+0000] {dag.py:3823} INFO - Setting next_dagrun for example_subdag_operator to 2022-01-01 00:00:00+00:00, run_after=2022-01-01 00:00:00+00:00
[2025-11-19T02:48:57.225+0000] {logging_mixin.py:188} INFO - [2025-11-19T02:48:57.225+0000] {dag.py:3823} INFO - Setting next_dagrun for example_subdag_operator.section-1 to None, run_after=None
[2025-11-19T02:48:57.227+0000] {logging_mixin.py:188} INFO - [2025-11-19T02:48:57.226+0000] {dag.py:3823} INFO - Setting next_dagrun for example_subdag_operator.section-2 to None, run_after=None
[2025-11-19T02:48:57.235+0000] {logging_mixin.py:188} INFO - [2025-11-19T02:48:57.234+0000] {dag.py:3036} INFO - Sync 2 DAGs
[2025-11-19T02:48:57.241+0000] {logging_mixin.py:188} INFO - [2025-11-19T02:48:57.241+0000] {dag.py:3823} INFO - Setting next_dagrun for example_subdag_operator.section-1 to None, run_after=None
[2025-11-19T02:48:57.242+0000] {logging_mixin.py:188} INFO - [2025-11-19T02:48:57.242+0000] {dag.py:3823} INFO - Setting next_dagrun for example_subdag_operator.section-2 to None, run_after=None
[2025-11-19T02:48:57.255+0000] {processor.py:183} INFO - Processing /home/airflow/.local/lib/python3.8/site-packages/airflow/example_dags/example_subdag_operator.py took 0.099 seconds
[2025-11-19T02:49:27.434+0000] {processor.py:161} INFO - Started process (PID=472) to work on /home/airflow/.local/lib/python3.8/site-packages/airflow/example_dags/example_subdag_operator.py
[2025-11-19T02:49:27.436+0000] {processor.py:830} INFO - Processing file /home/airflow/.local/lib/python3.8/site-packages/airflow/example_dags/example_subdag_operator.py for tasks to queue
[2025-11-19T02:49:27.438+0000] {logging_mixin.py:188} INFO - [2025-11-19T02:49:27.438+0000] {dagbag.py:538} INFO - Filling up the DagBag from /home/airflow/.local/lib/python3.8/site-packages/airflow/example_dags/example_subdag_operator.py
[2025-11-19T02:49:27.462+0000] {processor.py:840} INFO - DAG(s) 'example_subdag_operator.section-1', 'example_subdag_operator.section-2', 'example_subdag_operator' retrieved from /home/airflow/.local/lib/python3.8/site-packages/airflow/example_dags/example_subdag_operator.py
[2025-11-19T02:49:27.476+0000] {logging_mixin.py:188} INFO - [2025-11-19T02:49:27.476+0000] {dag.py:3036} INFO - Sync 3 DAGs
[2025-11-19T02:49:27.495+0000] {logging_mixin.py:188} INFO - [2025-11-19T02:49:27.495+0000] {dag.py:3823} INFO - Setting next_dagrun for example_subdag_operator to 2022-01-01 00:00:00+00:00, run_after=2022-01-01 00:00:00+00:00
[2025-11-19T02:49:27.499+0000] {logging_mixin.py:188} INFO - [2025-11-19T02:49:27.499+0000] {dag.py:3823} INFO - Setting next_dagrun for example_subdag_operator.section-1 to None, run_after=None
[2025-11-19T02:49:27.501+0000] {logging_mixin.py:188} INFO - [2025-11-19T02:49:27.501+0000] {dag.py:3823} INFO - Setting next_dagrun for example_subdag_operator.section-2 to None, run_after=None
[2025-11-19T02:49:27.509+0000] {logging_mixin.py:188} INFO - [2025-11-19T02:49:27.509+0000] {dag.py:3036} INFO - Sync 2 DAGs
[2025-11-19T02:49:27.515+0000] {logging_mixin.py:188} INFO - [2025-11-19T02:49:27.515+0000] {dag.py:3823} INFO - Setting next_dagrun for example_subdag_operator.section-1 to None, run_after=None
[2025-11-19T02:49:27.516+0000] {logging_mixin.py:188} INFO - [2025-11-19T02:49:27.516+0000] {dag.py:3823} INFO - Setting next_dagrun for example_subdag_operator.section-2 to None, run_after=None
[2025-11-19T02:49:27.533+0000] {processor.py:183} INFO - Processing /home/airflow/.local/lib/python3.8/site-packages/airflow/example_dags/example_subdag_operator.py took 0.103 seconds
[2025-11-19T02:49:57.690+0000] {processor.py:161} INFO - Started process (PID=531) to work on /home/airflow/.local/lib/python3.8/site-packages/airflow/example_dags/example_subdag_operator.py
[2025-11-19T02:49:57.691+0000] {processor.py:830} INFO - Processing file /home/airflow/.local/lib/python3.8/site-packages/airflow/example_dags/example_subdag_operator.py for tasks to queue
[2025-11-19T02:49:57.692+0000] {logging_mixin.py:188} INFO - [2025-11-19T02:49:57.692+0000] {dagbag.py:538} INFO - Filling up the DagBag from /home/airflow/.local/lib/python3.8/site-packages/airflow/example_dags/example_subdag_operator.py
[2025-11-19T02:49:57.715+0000] {processor.py:840} INFO - DAG(s) 'example_subdag_operator.section-1', 'example_subdag_operator.section-2', 'example_subdag_operator' retrieved from /home/airflow/.local/lib/python3.8/site-packages/airflow/example_dags/example_subdag_operator.py
[2025-11-19T02:49:57.727+0000] {logging_mixin.py:188} INFO - [2025-11-19T02:49:57.727+0000] {dag.py:3036} INFO - Sync 3 DAGs
[2025-11-19T02:49:57.744+0000] {logging_mixin.py:188} INFO - [2025-11-19T02:49:57.744+0000] {dag.py:3823} INFO - Setting next_dagrun for example_subdag_operator to 2022-01-01 00:00:00+00:00, run_after=2022-01-01 00:00:00+00:00
[2025-11-19T02:49:57.749+0000] {logging_mixin.py:188} INFO - [2025-11-19T02:49:57.748+0000] {dag.py:3823} INFO - Setting next_dagrun for example_subdag_operator.section-1 to None, run_after=None
[2025-11-19T02:49:57.751+0000] {logging_mixin.py:188} INFO - [2025-11-19T02:49:57.750+0000] {dag.py:3823} INFO - Setting next_dagrun for example_subdag_operator.section-2 to None, run_after=None
[2025-11-19T02:49:57.757+0000] {logging_mixin.py:188} INFO - [2025-11-19T02:49:57.757+0000] {dag.py:3036} INFO - Sync 2 DAGs
[2025-11-19T02:49:57.763+0000] {logging_mixin.py:188} INFO - [2025-11-19T02:49:57.763+0000] {dag.py:3823} INFO - Setting next_dagrun for example_subdag_operator.section-1 to None, run_after=None
[2025-11-19T02:49:57.764+0000] {logging_mixin.py:188} INFO - [2025-11-19T02:49:57.764+0000] {dag.py:3823} INFO - Setting next_dagrun for example_subdag_operator.section-2 to None, run_after=None
[2025-11-19T02:49:57.777+0000] {processor.py:183} INFO - Processing /home/airflow/.local/lib/python3.8/site-packages/airflow/example_dags/example_subdag_operator.py took 0.091 seconds
[2025-11-19T02:50:28.219+0000] {processor.py:161} INFO - Started process (PID=590) to work on /home/airflow/.local/lib/python3.8/site-packages/airflow/example_dags/example_subdag_operator.py
[2025-11-19T02:50:28.221+0000] {processor.py:830} INFO - Processing file /home/airflow/.local/lib/python3.8/site-packages/airflow/example_dags/example_subdag_operator.py for tasks to queue
[2025-11-19T02:50:28.223+0000] {logging_mixin.py:188} INFO - [2025-11-19T02:50:28.223+0000] {dagbag.py:538} INFO - Filling up the DagBag from /home/airflow/.local/lib/python3.8/site-packages/airflow/example_dags/example_subdag_operator.py
[2025-11-19T02:50:28.249+0000] {processor.py:840} INFO - DAG(s) 'example_subdag_operator.section-1', 'example_subdag_operator.section-2', 'example_subdag_operator' retrieved from /home/airflow/.local/lib/python3.8/site-packages/airflow/example_dags/example_subdag_operator.py
[2025-11-19T02:50:28.263+0000] {logging_mixin.py:188} INFO - [2025-11-19T02:50:28.262+0000] {dag.py:3036} INFO - Sync 3 DAGs
[2025-11-19T02:50:28.281+0000] {logging_mixin.py:188} INFO - [2025-11-19T02:50:28.281+0000] {dag.py:3823} INFO - Setting next_dagrun for example_subdag_operator to 2022-01-01 00:00:00+00:00, run_after=2022-01-01 00:00:00+00:00
[2025-11-19T02:50:28.285+0000] {logging_mixin.py:188} INFO - [2025-11-19T02:50:28.284+0000] {dag.py:3823} INFO - Setting next_dagrun for example_subdag_operator.section-1 to None, run_after=None
[2025-11-19T02:50:28.287+0000] {logging_mixin.py:188} INFO - [2025-11-19T02:50:28.286+0000] {dag.py:3823} INFO - Setting next_dagrun for example_subdag_operator.section-2 to None, run_after=None
[2025-11-19T02:50:28.294+0000] {logging_mixin.py:188} INFO - [2025-11-19T02:50:28.294+0000] {dag.py:3036} INFO - Sync 2 DAGs
[2025-11-19T02:50:28.301+0000] {logging_mixin.py:188} INFO - [2025-11-19T02:50:28.300+0000] {dag.py:3823} INFO - Setting next_dagrun for example_subdag_operator.section-1 to None, run_after=None
[2025-11-19T02:50:28.302+0000] {logging_mixin.py:188} INFO - [2025-11-19T02:50:28.302+0000] {dag.py:3823} INFO - Setting next_dagrun for example_subdag_operator.section-2 to None, run_after=None
[2025-11-19T02:50:28.316+0000] {processor.py:183} INFO - Processing /home/airflow/.local/lib/python3.8/site-packages/airflow/example_dags/example_subdag_operator.py took 0.101 seconds
[2025-11-19T02:50:58.358+0000] {processor.py:161} INFO - Started process (PID=649) to work on /home/airflow/.local/lib/python3.8/site-packages/airflow/example_dags/example_subdag_operator.py
[2025-11-19T02:50:58.359+0000] {processor.py:830} INFO - Processing file /home/airflow/.local/lib/python3.8/site-packages/airflow/example_dags/example_subdag_operator.py for tasks to queue
[2025-11-19T02:50:58.361+0000] {logging_mixin.py:188} INFO - [2025-11-19T02:50:58.361+0000] {dagbag.py:538} INFO - Filling up the DagBag from /home/airflow/.local/lib/python3.8/site-packages/airflow/example_dags/example_subdag_operator.py
[2025-11-19T02:50:58.383+0000] {processor.py:840} INFO - DAG(s) 'example_subdag_operator.section-1', 'example_subdag_operator.section-2', 'example_subdag_operator' retrieved from /home/airflow/.local/lib/python3.8/site-packages/airflow/example_dags/example_subdag_operator.py
[2025-11-19T02:50:58.396+0000] {logging_mixin.py:188} INFO - [2025-11-19T02:50:58.396+0000] {dag.py:3036} INFO - Sync 3 DAGs
[2025-11-19T02:50:58.415+0000] {logging_mixin.py:188} INFO - [2025-11-19T02:50:58.414+0000] {dag.py:3823} INFO - Setting next_dagrun for example_subdag_operator to 2022-01-01 00:00:00+00:00, run_after=2022-01-01 00:00:00+00:00
[2025-11-19T02:50:58.419+0000] {logging_mixin.py:188} INFO - [2025-11-19T02:50:58.419+0000] {dag.py:3823} INFO - Setting next_dagrun for example_subdag_operator.section-1 to None, run_after=None
[2025-11-19T02:50:58.421+0000] {logging_mixin.py:188} INFO - [2025-11-19T02:50:58.420+0000] {dag.py:3823} INFO - Setting next_dagrun for example_subdag_operator.section-2 to None, run_after=None
[2025-11-19T02:50:58.430+0000] {logging_mixin.py:188} INFO - [2025-11-19T02:50:58.429+0000] {dag.py:3036} INFO - Sync 2 DAGs
[2025-11-19T02:50:58.436+0000] {logging_mixin.py:188} INFO - [2025-11-19T02:50:58.436+0000] {dag.py:3823} INFO - Setting next_dagrun for example_subdag_operator.section-1 to None, run_after=None
[2025-11-19T02:50:58.436+0000] {logging_mixin.py:188} INFO - [2025-11-19T02:50:58.436+0000] {dag.py:3823} INFO - Setting next_dagrun for example_subdag_operator.section-2 to None, run_after=None
[2025-11-19T02:50:58.450+0000] {processor.py:183} INFO - Processing /home/airflow/.local/lib/python3.8/site-packages/airflow/example_dags/example_subdag_operator.py took 0.094 seconds
