[2025-11-19T02:29:05.232+0000] {processor.py:161} INFO - Started process (PID=53) to work on /home/airflow/.local/lib/python3.8/site-packages/airflow/example_dags/example_branch_operator_decorator.py
[2025-11-19T02:29:05.234+0000] {processor.py:830} INFO - Processing file /home/airflow/.local/lib/python3.8/site-packages/airflow/example_dags/example_branch_operator_decorator.py for tasks to queue
[2025-11-19T02:29:05.243+0000] {logging_mixin.py:188} INFO - [2025-11-19T02:29:05.242+0000] {dagbag.py:538} INFO - Filling up the DagBag from /home/airflow/.local/lib/python3.8/site-packages/airflow/example_dags/example_branch_operator_decorator.py
[2025-11-19T02:29:05.295+0000] {processor.py:840} INFO - DAG(s) 'example_branch_python_operator_decorator' retrieved from /home/airflow/.local/lib/python3.8/site-packages/airflow/example_dags/example_branch_operator_decorator.py
[2025-11-19T02:29:05.460+0000] {logging_mixin.py:188} INFO - [2025-11-19T02:29:05.458+0000] {override.py:1769} INFO - Created Permission View: can read on DAG:example_branch_python_operator_decorator
[2025-11-19T02:29:05.473+0000] {logging_mixin.py:188} INFO - [2025-11-19T02:29:05.473+0000] {override.py:1769} INFO - Created Permission View: can edit on DAG:example_branch_python_operator_decorator
[2025-11-19T02:29:05.483+0000] {logging_mixin.py:188} INFO - [2025-11-19T02:29:05.483+0000] {override.py:1769} INFO - Created Permission View: can delete on DAG:example_branch_python_operator_decorator
[2025-11-19T02:29:05.484+0000] {logging_mixin.py:188} INFO - [2025-11-19T02:29:05.484+0000] {dag.py:3036} INFO - Sync 1 DAGs
[2025-11-19T02:29:05.497+0000] {logging_mixin.py:188} INFO - [2025-11-19T02:29:05.497+0000] {dag.py:3058} INFO - Creating ORM DAG for example_branch_python_operator_decorator
[2025-11-19T02:29:05.509+0000] {logging_mixin.py:188} INFO - [2025-11-19T02:29:05.509+0000] {dag.py:3823} INFO - Setting next_dagrun for example_branch_python_operator_decorator to 2025-11-18 00:00:00+00:00, run_after=2025-11-19 00:00:00+00:00
[2025-11-19T02:29:05.529+0000] {processor.py:183} INFO - Processing /home/airflow/.local/lib/python3.8/site-packages/airflow/example_dags/example_branch_operator_decorator.py took 0.302 seconds
[2025-11-19T02:29:35.601+0000] {processor.py:161} INFO - Started process (PID=111) to work on /home/airflow/.local/lib/python3.8/site-packages/airflow/example_dags/example_branch_operator_decorator.py
[2025-11-19T02:29:35.602+0000] {processor.py:830} INFO - Processing file /home/airflow/.local/lib/python3.8/site-packages/airflow/example_dags/example_branch_operator_decorator.py for tasks to queue
[2025-11-19T02:29:35.604+0000] {logging_mixin.py:188} INFO - [2025-11-19T02:29:35.604+0000] {dagbag.py:538} INFO - Filling up the DagBag from /home/airflow/.local/lib/python3.8/site-packages/airflow/example_dags/example_branch_operator_decorator.py
[2025-11-19T02:29:35.624+0000] {processor.py:840} INFO - DAG(s) 'example_branch_python_operator_decorator' retrieved from /home/airflow/.local/lib/python3.8/site-packages/airflow/example_dags/example_branch_operator_decorator.py
[2025-11-19T02:29:35.648+0000] {logging_mixin.py:188} INFO - [2025-11-19T02:29:35.648+0000] {dag.py:3036} INFO - Sync 1 DAGs
[2025-11-19T02:29:35.665+0000] {logging_mixin.py:188} INFO - [2025-11-19T02:29:35.664+0000] {dag.py:3823} INFO - Setting next_dagrun for example_branch_python_operator_decorator to 2025-11-18 00:00:00+00:00, run_after=2025-11-19 00:00:00+00:00
[2025-11-19T02:29:35.683+0000] {processor.py:183} INFO - Processing /home/airflow/.local/lib/python3.8/site-packages/airflow/example_dags/example_branch_operator_decorator.py took 0.086 seconds
[2025-11-19T02:45:53.288+0000] {processor.py:161} INFO - Started process (PID=53) to work on /home/airflow/.local/lib/python3.8/site-packages/airflow/example_dags/example_branch_operator_decorator.py
[2025-11-19T02:45:53.290+0000] {processor.py:830} INFO - Processing file /home/airflow/.local/lib/python3.8/site-packages/airflow/example_dags/example_branch_operator_decorator.py for tasks to queue
[2025-11-19T02:45:53.292+0000] {logging_mixin.py:188} INFO - [2025-11-19T02:45:53.292+0000] {dagbag.py:538} INFO - Filling up the DagBag from /home/airflow/.local/lib/python3.8/site-packages/airflow/example_dags/example_branch_operator_decorator.py
[2025-11-19T02:45:53.321+0000] {processor.py:840} INFO - DAG(s) 'example_branch_python_operator_decorator' retrieved from /home/airflow/.local/lib/python3.8/site-packages/airflow/example_dags/example_branch_operator_decorator.py
[2025-11-19T02:45:53.469+0000] {logging_mixin.py:188} INFO - [2025-11-19T02:45:53.467+0000] {override.py:1769} INFO - Created Permission View: can read on DAG:example_branch_python_operator_decorator
[2025-11-19T02:45:53.486+0000] {logging_mixin.py:188} INFO - [2025-11-19T02:45:53.485+0000] {override.py:1769} INFO - Created Permission View: can edit on DAG:example_branch_python_operator_decorator
[2025-11-19T02:45:53.496+0000] {logging_mixin.py:188} INFO - [2025-11-19T02:45:53.496+0000] {override.py:1769} INFO - Created Permission View: can delete on DAG:example_branch_python_operator_decorator
[2025-11-19T02:45:53.497+0000] {logging_mixin.py:188} INFO - [2025-11-19T02:45:53.497+0000] {dag.py:3036} INFO - Sync 1 DAGs
[2025-11-19T02:45:53.510+0000] {logging_mixin.py:188} INFO - [2025-11-19T02:45:53.510+0000] {dag.py:3058} INFO - Creating ORM DAG for example_branch_python_operator_decorator
[2025-11-19T02:45:53.526+0000] {logging_mixin.py:188} INFO - [2025-11-19T02:45:53.526+0000] {dag.py:3823} INFO - Setting next_dagrun for example_branch_python_operator_decorator to 2025-11-18 00:00:00+00:00, run_after=2025-11-19 00:00:00+00:00
[2025-11-19T02:45:53.552+0000] {processor.py:183} INFO - Processing /home/airflow/.local/lib/python3.8/site-packages/airflow/example_dags/example_branch_operator_decorator.py took 0.269 seconds
[2025-11-19T02:46:24.104+0000] {processor.py:161} INFO - Started process (PID=111) to work on /home/airflow/.local/lib/python3.8/site-packages/airflow/example_dags/example_branch_operator_decorator.py
[2025-11-19T02:46:24.106+0000] {processor.py:830} INFO - Processing file /home/airflow/.local/lib/python3.8/site-packages/airflow/example_dags/example_branch_operator_decorator.py for tasks to queue
[2025-11-19T02:46:24.107+0000] {logging_mixin.py:188} INFO - [2025-11-19T02:46:24.107+0000] {dagbag.py:538} INFO - Filling up the DagBag from /home/airflow/.local/lib/python3.8/site-packages/airflow/example_dags/example_branch_operator_decorator.py
[2025-11-19T02:46:24.126+0000] {processor.py:840} INFO - DAG(s) 'example_branch_python_operator_decorator' retrieved from /home/airflow/.local/lib/python3.8/site-packages/airflow/example_dags/example_branch_operator_decorator.py
[2025-11-19T02:46:24.153+0000] {logging_mixin.py:188} INFO - [2025-11-19T02:46:24.152+0000] {dag.py:3036} INFO - Sync 1 DAGs
[2025-11-19T02:46:24.174+0000] {logging_mixin.py:188} INFO - [2025-11-19T02:46:24.174+0000] {dag.py:3823} INFO - Setting next_dagrun for example_branch_python_operator_decorator to 2025-11-18 00:00:00+00:00, run_after=2025-11-19 00:00:00+00:00
[2025-11-19T02:46:24.194+0000] {processor.py:183} INFO - Processing /home/airflow/.local/lib/python3.8/site-packages/airflow/example_dags/example_branch_operator_decorator.py took 0.093 seconds
[2025-11-19T02:46:54.401+0000] {processor.py:161} INFO - Started process (PID=170) to work on /home/airflow/.local/lib/python3.8/site-packages/airflow/example_dags/example_branch_operator_decorator.py
[2025-11-19T02:46:54.402+0000] {processor.py:830} INFO - Processing file /home/airflow/.local/lib/python3.8/site-packages/airflow/example_dags/example_branch_operator_decorator.py for tasks to queue
[2025-11-19T02:46:54.403+0000] {logging_mixin.py:188} INFO - [2025-11-19T02:46:54.403+0000] {dagbag.py:538} INFO - Filling up the DagBag from /home/airflow/.local/lib/python3.8/site-packages/airflow/example_dags/example_branch_operator_decorator.py
[2025-11-19T02:46:54.420+0000] {processor.py:840} INFO - DAG(s) 'example_branch_python_operator_decorator' retrieved from /home/airflow/.local/lib/python3.8/site-packages/airflow/example_dags/example_branch_operator_decorator.py
[2025-11-19T02:46:54.432+0000] {logging_mixin.py:188} INFO - [2025-11-19T02:46:54.432+0000] {dag.py:3036} INFO - Sync 1 DAGs
[2025-11-19T02:46:54.451+0000] {logging_mixin.py:188} INFO - [2025-11-19T02:46:54.451+0000] {dag.py:3823} INFO - Setting next_dagrun for example_branch_python_operator_decorator to 2025-11-18 00:00:00+00:00, run_after=2025-11-19 00:00:00+00:00
[2025-11-19T02:46:54.469+0000] {processor.py:183} INFO - Processing /home/airflow/.local/lib/python3.8/site-packages/airflow/example_dags/example_branch_operator_decorator.py took 0.071 seconds
[2025-11-19T02:47:25.417+0000] {processor.py:161} INFO - Started process (PID=229) to work on /home/airflow/.local/lib/python3.8/site-packages/airflow/example_dags/example_branch_operator_decorator.py
[2025-11-19T02:47:25.418+0000] {processor.py:830} INFO - Processing file /home/airflow/.local/lib/python3.8/site-packages/airflow/example_dags/example_branch_operator_decorator.py for tasks to queue
[2025-11-19T02:47:25.420+0000] {logging_mixin.py:188} INFO - [2025-11-19T02:47:25.419+0000] {dagbag.py:538} INFO - Filling up the DagBag from /home/airflow/.local/lib/python3.8/site-packages/airflow/example_dags/example_branch_operator_decorator.py
[2025-11-19T02:47:25.437+0000] {processor.py:840} INFO - DAG(s) 'example_branch_python_operator_decorator' retrieved from /home/airflow/.local/lib/python3.8/site-packages/airflow/example_dags/example_branch_operator_decorator.py
[2025-11-19T02:47:25.533+0000] {logging_mixin.py:188} INFO - [2025-11-19T02:47:25.533+0000] {dag.py:3036} INFO - Sync 1 DAGs
[2025-11-19T02:47:25.551+0000] {logging_mixin.py:188} INFO - [2025-11-19T02:47:25.551+0000] {dag.py:3823} INFO - Setting next_dagrun for example_branch_python_operator_decorator to 2025-11-18 00:00:00+00:00, run_after=2025-11-19 00:00:00+00:00
[2025-11-19T02:47:25.574+0000] {processor.py:183} INFO - Processing /home/airflow/.local/lib/python3.8/site-packages/airflow/example_dags/example_branch_operator_decorator.py took 0.160 seconds
[2025-11-19T02:47:56.434+0000] {processor.py:161} INFO - Started process (PID=288) to work on /home/airflow/.local/lib/python3.8/site-packages/airflow/example_dags/example_branch_operator_decorator.py
[2025-11-19T02:47:56.436+0000] {processor.py:830} INFO - Processing file /home/airflow/.local/lib/python3.8/site-packages/airflow/example_dags/example_branch_operator_decorator.py for tasks to queue
[2025-11-19T02:47:56.437+0000] {logging_mixin.py:188} INFO - [2025-11-19T02:47:56.437+0000] {dagbag.py:538} INFO - Filling up the DagBag from /home/airflow/.local/lib/python3.8/site-packages/airflow/example_dags/example_branch_operator_decorator.py
[2025-11-19T02:47:56.456+0000] {processor.py:840} INFO - DAG(s) 'example_branch_python_operator_decorator' retrieved from /home/airflow/.local/lib/python3.8/site-packages/airflow/example_dags/example_branch_operator_decorator.py
[2025-11-19T02:47:56.484+0000] {logging_mixin.py:188} INFO - [2025-11-19T02:47:56.483+0000] {dag.py:3036} INFO - Sync 1 DAGs
[2025-11-19T02:47:56.504+0000] {logging_mixin.py:188} INFO - [2025-11-19T02:47:56.504+0000] {dag.py:3823} INFO - Setting next_dagrun for example_branch_python_operator_decorator to 2025-11-18 00:00:00+00:00, run_after=2025-11-19 00:00:00+00:00
[2025-11-19T02:47:56.525+0000] {processor.py:183} INFO - Processing /home/airflow/.local/lib/python3.8/site-packages/airflow/example_dags/example_branch_operator_decorator.py took 0.094 seconds
[2025-11-19T02:48:26.586+0000] {processor.py:161} INFO - Started process (PID=347) to work on /home/airflow/.local/lib/python3.8/site-packages/airflow/example_dags/example_branch_operator_decorator.py
[2025-11-19T02:48:26.587+0000] {processor.py:830} INFO - Processing file /home/airflow/.local/lib/python3.8/site-packages/airflow/example_dags/example_branch_operator_decorator.py for tasks to queue
[2025-11-19T02:48:26.589+0000] {logging_mixin.py:188} INFO - [2025-11-19T02:48:26.589+0000] {dagbag.py:538} INFO - Filling up the DagBag from /home/airflow/.local/lib/python3.8/site-packages/airflow/example_dags/example_branch_operator_decorator.py
[2025-11-19T02:48:26.608+0000] {processor.py:840} INFO - DAG(s) 'example_branch_python_operator_decorator' retrieved from /home/airflow/.local/lib/python3.8/site-packages/airflow/example_dags/example_branch_operator_decorator.py
[2025-11-19T02:48:26.634+0000] {logging_mixin.py:188} INFO - [2025-11-19T02:48:26.634+0000] {dag.py:3036} INFO - Sync 1 DAGs
[2025-11-19T02:48:26.655+0000] {logging_mixin.py:188} INFO - [2025-11-19T02:48:26.655+0000] {dag.py:3823} INFO - Setting next_dagrun for example_branch_python_operator_decorator to 2025-11-18 00:00:00+00:00, run_after=2025-11-19 00:00:00+00:00
[2025-11-19T02:48:26.676+0000] {processor.py:183} INFO - Processing /home/airflow/.local/lib/python3.8/site-packages/airflow/example_dags/example_branch_operator_decorator.py took 0.093 seconds
[2025-11-19T02:48:56.737+0000] {processor.py:161} INFO - Started process (PID=406) to work on /home/airflow/.local/lib/python3.8/site-packages/airflow/example_dags/example_branch_operator_decorator.py
[2025-11-19T02:48:56.738+0000] {processor.py:830} INFO - Processing file /home/airflow/.local/lib/python3.8/site-packages/airflow/example_dags/example_branch_operator_decorator.py for tasks to queue
[2025-11-19T02:48:56.739+0000] {logging_mixin.py:188} INFO - [2025-11-19T02:48:56.739+0000] {dagbag.py:538} INFO - Filling up the DagBag from /home/airflow/.local/lib/python3.8/site-packages/airflow/example_dags/example_branch_operator_decorator.py
[2025-11-19T02:48:56.756+0000] {processor.py:840} INFO - DAG(s) 'example_branch_python_operator_decorator' retrieved from /home/airflow/.local/lib/python3.8/site-packages/airflow/example_dags/example_branch_operator_decorator.py
[2025-11-19T02:48:56.782+0000] {logging_mixin.py:188} INFO - [2025-11-19T02:48:56.782+0000] {dag.py:3036} INFO - Sync 1 DAGs
[2025-11-19T02:48:56.801+0000] {logging_mixin.py:188} INFO - [2025-11-19T02:48:56.801+0000] {dag.py:3823} INFO - Setting next_dagrun for example_branch_python_operator_decorator to 2025-11-18 00:00:00+00:00, run_after=2025-11-19 00:00:00+00:00
[2025-11-19T02:48:56.821+0000] {processor.py:183} INFO - Processing /home/airflow/.local/lib/python3.8/site-packages/airflow/example_dags/example_branch_operator_decorator.py took 0.087 seconds
[2025-11-19T02:49:26.976+0000] {processor.py:161} INFO - Started process (PID=465) to work on /home/airflow/.local/lib/python3.8/site-packages/airflow/example_dags/example_branch_operator_decorator.py
[2025-11-19T02:49:26.977+0000] {processor.py:830} INFO - Processing file /home/airflow/.local/lib/python3.8/site-packages/airflow/example_dags/example_branch_operator_decorator.py for tasks to queue
[2025-11-19T02:49:26.979+0000] {logging_mixin.py:188} INFO - [2025-11-19T02:49:26.978+0000] {dagbag.py:538} INFO - Filling up the DagBag from /home/airflow/.local/lib/python3.8/site-packages/airflow/example_dags/example_branch_operator_decorator.py
[2025-11-19T02:49:26.996+0000] {processor.py:840} INFO - DAG(s) 'example_branch_python_operator_decorator' retrieved from /home/airflow/.local/lib/python3.8/site-packages/airflow/example_dags/example_branch_operator_decorator.py
[2025-11-19T02:49:27.046+0000] {logging_mixin.py:188} INFO - [2025-11-19T02:49:27.045+0000] {dag.py:3036} INFO - Sync 1 DAGs
[2025-11-19T02:49:27.070+0000] {logging_mixin.py:188} INFO - [2025-11-19T02:49:27.070+0000] {dag.py:3823} INFO - Setting next_dagrun for example_branch_python_operator_decorator to 2025-11-18 00:00:00+00:00, run_after=2025-11-19 00:00:00+00:00
[2025-11-19T02:49:27.090+0000] {processor.py:183} INFO - Processing /home/airflow/.local/lib/python3.8/site-packages/airflow/example_dags/example_branch_operator_decorator.py took 0.117 seconds
[2025-11-19T02:49:57.249+0000] {processor.py:161} INFO - Started process (PID=524) to work on /home/airflow/.local/lib/python3.8/site-packages/airflow/example_dags/example_branch_operator_decorator.py
[2025-11-19T02:49:57.250+0000] {processor.py:830} INFO - Processing file /home/airflow/.local/lib/python3.8/site-packages/airflow/example_dags/example_branch_operator_decorator.py for tasks to queue
[2025-11-19T02:49:57.252+0000] {logging_mixin.py:188} INFO - [2025-11-19T02:49:57.252+0000] {dagbag.py:538} INFO - Filling up the DagBag from /home/airflow/.local/lib/python3.8/site-packages/airflow/example_dags/example_branch_operator_decorator.py
[2025-11-19T02:49:57.275+0000] {processor.py:840} INFO - DAG(s) 'example_branch_python_operator_decorator' retrieved from /home/airflow/.local/lib/python3.8/site-packages/airflow/example_dags/example_branch_operator_decorator.py
[2025-11-19T02:49:57.300+0000] {logging_mixin.py:188} INFO - [2025-11-19T02:49:57.300+0000] {dag.py:3036} INFO - Sync 1 DAGs
[2025-11-19T02:49:57.321+0000] {logging_mixin.py:188} INFO - [2025-11-19T02:49:57.321+0000] {dag.py:3823} INFO - Setting next_dagrun for example_branch_python_operator_decorator to 2025-11-18 00:00:00+00:00, run_after=2025-11-19 00:00:00+00:00
[2025-11-19T02:49:57.340+0000] {processor.py:183} INFO - Processing /home/airflow/.local/lib/python3.8/site-packages/airflow/example_dags/example_branch_operator_decorator.py took 0.095 seconds
[2025-11-19T02:50:27.759+0000] {processor.py:161} INFO - Started process (PID=583) to work on /home/airflow/.local/lib/python3.8/site-packages/airflow/example_dags/example_branch_operator_decorator.py
[2025-11-19T02:50:27.760+0000] {processor.py:830} INFO - Processing file /home/airflow/.local/lib/python3.8/site-packages/airflow/example_dags/example_branch_operator_decorator.py for tasks to queue
[2025-11-19T02:50:27.762+0000] {logging_mixin.py:188} INFO - [2025-11-19T02:50:27.762+0000] {dagbag.py:538} INFO - Filling up the DagBag from /home/airflow/.local/lib/python3.8/site-packages/airflow/example_dags/example_branch_operator_decorator.py
[2025-11-19T02:50:27.782+0000] {processor.py:840} INFO - DAG(s) 'example_branch_python_operator_decorator' retrieved from /home/airflow/.local/lib/python3.8/site-packages/airflow/example_dags/example_branch_operator_decorator.py
[2025-11-19T02:50:27.810+0000] {logging_mixin.py:188} INFO - [2025-11-19T02:50:27.810+0000] {dag.py:3036} INFO - Sync 1 DAGs
[2025-11-19T02:50:27.830+0000] {logging_mixin.py:188} INFO - [2025-11-19T02:50:27.830+0000] {dag.py:3823} INFO - Setting next_dagrun for example_branch_python_operator_decorator to 2025-11-18 00:00:00+00:00, run_after=2025-11-19 00:00:00+00:00
[2025-11-19T02:50:27.854+0000] {processor.py:183} INFO - Processing /home/airflow/.local/lib/python3.8/site-packages/airflow/example_dags/example_branch_operator_decorator.py took 0.098 seconds
[2025-11-19T02:50:57.919+0000] {processor.py:161} INFO - Started process (PID=642) to work on /home/airflow/.local/lib/python3.8/site-packages/airflow/example_dags/example_branch_operator_decorator.py
[2025-11-19T02:50:57.920+0000] {processor.py:830} INFO - Processing file /home/airflow/.local/lib/python3.8/site-packages/airflow/example_dags/example_branch_operator_decorator.py for tasks to queue
[2025-11-19T02:50:57.923+0000] {logging_mixin.py:188} INFO - [2025-11-19T02:50:57.922+0000] {dagbag.py:538} INFO - Filling up the DagBag from /home/airflow/.local/lib/python3.8/site-packages/airflow/example_dags/example_branch_operator_decorator.py
[2025-11-19T02:50:57.940+0000] {processor.py:840} INFO - DAG(s) 'example_branch_python_operator_decorator' retrieved from /home/airflow/.local/lib/python3.8/site-packages/airflow/example_dags/example_branch_operator_decorator.py
[2025-11-19T02:50:57.970+0000] {logging_mixin.py:188} INFO - [2025-11-19T02:50:57.970+0000] {dag.py:3036} INFO - Sync 1 DAGs
[2025-11-19T02:50:57.991+0000] {logging_mixin.py:188} INFO - [2025-11-19T02:50:57.990+0000] {dag.py:3823} INFO - Setting next_dagrun for example_branch_python_operator_decorator to 2025-11-18 00:00:00+00:00, run_after=2025-11-19 00:00:00+00:00
[2025-11-19T02:50:58.012+0000] {processor.py:183} INFO - Processing /home/airflow/.local/lib/python3.8/site-packages/airflow/example_dags/example_branch_operator_decorator.py took 0.095 seconds
[2025-11-19T02:51:28.207+0000] {processor.py:161} INFO - Started process (PID=701) to work on /home/airflow/.local/lib/python3.8/site-packages/airflow/example_dags/example_branch_operator_decorator.py
[2025-11-19T02:51:28.208+0000] {processor.py:830} INFO - Processing file /home/airflow/.local/lib/python3.8/site-packages/airflow/example_dags/example_branch_operator_decorator.py for tasks to queue
[2025-11-19T02:51:28.210+0000] {logging_mixin.py:188} INFO - [2025-11-19T02:51:28.210+0000] {dagbag.py:538} INFO - Filling up the DagBag from /home/airflow/.local/lib/python3.8/site-packages/airflow/example_dags/example_branch_operator_decorator.py
[2025-11-19T02:51:28.230+0000] {processor.py:840} INFO - DAG(s) 'example_branch_python_operator_decorator' retrieved from /home/airflow/.local/lib/python3.8/site-packages/airflow/example_dags/example_branch_operator_decorator.py
[2025-11-19T02:51:28.256+0000] {logging_mixin.py:188} INFO - [2025-11-19T02:51:28.256+0000] {dag.py:3036} INFO - Sync 1 DAGs
[2025-11-19T02:51:28.283+0000] {logging_mixin.py:188} INFO - [2025-11-19T02:51:28.283+0000] {dag.py:3823} INFO - Setting next_dagrun for example_branch_python_operator_decorator to 2025-11-18 00:00:00+00:00, run_after=2025-11-19 00:00:00+00:00
[2025-11-19T02:51:28.307+0000] {processor.py:183} INFO - Processing /home/airflow/.local/lib/python3.8/site-packages/airflow/example_dags/example_branch_operator_decorator.py took 0.104 seconds
