[2025-11-19T02:29:07.012+0000] {processor.py:161} INFO - Started process (PID=66) to work on /home/airflow/.local/lib/python3.8/site-packages/airflow/example_dags/example_setup_teardown.py
[2025-11-19T02:29:07.014+0000] {processor.py:830} INFO - Processing file /home/airflow/.local/lib/python3.8/site-packages/airflow/example_dags/example_setup_teardown.py for tasks to queue
[2025-11-19T02:29:07.016+0000] {logging_mixin.py:188} INFO - [2025-11-19T02:29:07.016+0000] {dagbag.py:538} INFO - Filling up the DagBag from /home/airflow/.local/lib/python3.8/site-packages/airflow/example_dags/example_setup_teardown.py
[2025-11-19T02:29:07.025+0000] {processor.py:840} INFO - DAG(s) 'example_setup_teardown' retrieved from /home/airflow/.local/lib/python3.8/site-packages/airflow/example_dags/example_setup_teardown.py
[2025-11-19T02:29:07.173+0000] {logging_mixin.py:188} INFO - [2025-11-19T02:29:07.173+0000] {override.py:1769} INFO - Created Permission View: can read on DAG:example_setup_teardown
[2025-11-19T02:29:07.187+0000] {logging_mixin.py:188} INFO - [2025-11-19T02:29:07.186+0000] {override.py:1769} INFO - Created Permission View: can edit on DAG:example_setup_teardown
[2025-11-19T02:29:07.198+0000] {logging_mixin.py:188} INFO - [2025-11-19T02:29:07.198+0000] {override.py:1769} INFO - Created Permission View: can delete on DAG:example_setup_teardown
[2025-11-19T02:29:07.199+0000] {logging_mixin.py:188} INFO - [2025-11-19T02:29:07.199+0000] {dag.py:3036} INFO - Sync 1 DAGs
[2025-11-19T02:29:07.212+0000] {logging_mixin.py:188} INFO - [2025-11-19T02:29:07.211+0000] {dag.py:3058} INFO - Creating ORM DAG for example_setup_teardown
[2025-11-19T02:29:07.225+0000] {logging_mixin.py:188} INFO - [2025-11-19T02:29:07.225+0000] {dag.py:3823} INFO - Setting next_dagrun for example_setup_teardown to 2025-11-18 00:00:00+00:00, run_after=2025-11-19 00:00:00+00:00
[2025-11-19T02:29:07.252+0000] {processor.py:183} INFO - Processing /home/airflow/.local/lib/python3.8/site-packages/airflow/example_dags/example_setup_teardown.py took 0.244 seconds
[2025-11-19T02:29:37.450+0000] {processor.py:161} INFO - Started process (PID=124) to work on /home/airflow/.local/lib/python3.8/site-packages/airflow/example_dags/example_setup_teardown.py
[2025-11-19T02:29:37.451+0000] {processor.py:830} INFO - Processing file /home/airflow/.local/lib/python3.8/site-packages/airflow/example_dags/example_setup_teardown.py for tasks to queue
[2025-11-19T02:29:37.454+0000] {logging_mixin.py:188} INFO - [2025-11-19T02:29:37.453+0000] {dagbag.py:538} INFO - Filling up the DagBag from /home/airflow/.local/lib/python3.8/site-packages/airflow/example_dags/example_setup_teardown.py
[2025-11-19T02:29:37.462+0000] {processor.py:840} INFO - DAG(s) 'example_setup_teardown' retrieved from /home/airflow/.local/lib/python3.8/site-packages/airflow/example_dags/example_setup_teardown.py
[2025-11-19T02:29:37.483+0000] {logging_mixin.py:188} INFO - [2025-11-19T02:29:37.483+0000] {dag.py:3036} INFO - Sync 1 DAGs
[2025-11-19T02:29:37.505+0000] {logging_mixin.py:188} INFO - [2025-11-19T02:29:37.505+0000] {dag.py:3823} INFO - Setting next_dagrun for example_setup_teardown to 2025-11-18 00:00:00+00:00, run_after=2025-11-19 00:00:00+00:00
[2025-11-19T02:29:37.530+0000] {processor.py:183} INFO - Processing /home/airflow/.local/lib/python3.8/site-packages/airflow/example_dags/example_setup_teardown.py took 0.085 seconds
[2025-11-19T02:45:55.504+0000] {processor.py:161} INFO - Started process (PID=66) to work on /home/airflow/.local/lib/python3.8/site-packages/airflow/example_dags/example_setup_teardown.py
[2025-11-19T02:45:55.506+0000] {processor.py:830} INFO - Processing file /home/airflow/.local/lib/python3.8/site-packages/airflow/example_dags/example_setup_teardown.py for tasks to queue
[2025-11-19T02:45:55.509+0000] {logging_mixin.py:188} INFO - [2025-11-19T02:45:55.509+0000] {dagbag.py:538} INFO - Filling up the DagBag from /home/airflow/.local/lib/python3.8/site-packages/airflow/example_dags/example_setup_teardown.py
[2025-11-19T02:45:55.526+0000] {processor.py:840} INFO - DAG(s) 'example_setup_teardown' retrieved from /home/airflow/.local/lib/python3.8/site-packages/airflow/example_dags/example_setup_teardown.py
[2025-11-19T02:45:55.705+0000] {logging_mixin.py:188} INFO - [2025-11-19T02:45:55.704+0000] {override.py:1769} INFO - Created Permission View: can read on DAG:example_setup_teardown
[2025-11-19T02:45:55.724+0000] {logging_mixin.py:188} INFO - [2025-11-19T02:45:55.724+0000] {override.py:1769} INFO - Created Permission View: can edit on DAG:example_setup_teardown
[2025-11-19T02:45:55.740+0000] {logging_mixin.py:188} INFO - [2025-11-19T02:45:55.739+0000] {override.py:1769} INFO - Created Permission View: can delete on DAG:example_setup_teardown
[2025-11-19T02:45:55.741+0000] {logging_mixin.py:188} INFO - [2025-11-19T02:45:55.741+0000] {dag.py:3036} INFO - Sync 1 DAGs
[2025-11-19T02:45:55.760+0000] {logging_mixin.py:188} INFO - [2025-11-19T02:45:55.760+0000] {dag.py:3058} INFO - Creating ORM DAG for example_setup_teardown
[2025-11-19T02:45:55.788+0000] {logging_mixin.py:188} INFO - [2025-11-19T02:45:55.788+0000] {dag.py:3823} INFO - Setting next_dagrun for example_setup_teardown to 2025-11-18 00:00:00+00:00, run_after=2025-11-19 00:00:00+00:00
[2025-11-19T02:45:55.817+0000] {processor.py:183} INFO - Processing /home/airflow/.local/lib/python3.8/site-packages/airflow/example_dags/example_setup_teardown.py took 0.319 seconds
[2025-11-19T02:46:25.920+0000] {processor.py:161} INFO - Started process (PID=124) to work on /home/airflow/.local/lib/python3.8/site-packages/airflow/example_dags/example_setup_teardown.py
[2025-11-19T02:46:25.922+0000] {processor.py:830} INFO - Processing file /home/airflow/.local/lib/python3.8/site-packages/airflow/example_dags/example_setup_teardown.py for tasks to queue
[2025-11-19T02:46:25.923+0000] {logging_mixin.py:188} INFO - [2025-11-19T02:46:25.923+0000] {dagbag.py:538} INFO - Filling up the DagBag from /home/airflow/.local/lib/python3.8/site-packages/airflow/example_dags/example_setup_teardown.py
[2025-11-19T02:46:25.929+0000] {processor.py:840} INFO - DAG(s) 'example_setup_teardown' retrieved from /home/airflow/.local/lib/python3.8/site-packages/airflow/example_dags/example_setup_teardown.py
[2025-11-19T02:46:25.947+0000] {logging_mixin.py:188} INFO - [2025-11-19T02:46:25.946+0000] {dag.py:3036} INFO - Sync 1 DAGs
[2025-11-19T02:46:25.963+0000] {logging_mixin.py:188} INFO - [2025-11-19T02:46:25.963+0000] {dag.py:3823} INFO - Setting next_dagrun for example_setup_teardown to 2025-11-18 00:00:00+00:00, run_after=2025-11-19 00:00:00+00:00
[2025-11-19T02:46:25.983+0000] {processor.py:183} INFO - Processing /home/airflow/.local/lib/python3.8/site-packages/airflow/example_dags/example_setup_teardown.py took 0.065 seconds
[2025-11-19T02:46:56.162+0000] {processor.py:161} INFO - Started process (PID=183) to work on /home/airflow/.local/lib/python3.8/site-packages/airflow/example_dags/example_setup_teardown.py
[2025-11-19T02:46:56.163+0000] {processor.py:830} INFO - Processing file /home/airflow/.local/lib/python3.8/site-packages/airflow/example_dags/example_setup_teardown.py for tasks to queue
[2025-11-19T02:46:56.164+0000] {logging_mixin.py:188} INFO - [2025-11-19T02:46:56.164+0000] {dagbag.py:538} INFO - Filling up the DagBag from /home/airflow/.local/lib/python3.8/site-packages/airflow/example_dags/example_setup_teardown.py
[2025-11-19T02:46:56.170+0000] {processor.py:840} INFO - DAG(s) 'example_setup_teardown' retrieved from /home/airflow/.local/lib/python3.8/site-packages/airflow/example_dags/example_setup_teardown.py
[2025-11-19T02:46:56.183+0000] {logging_mixin.py:188} INFO - [2025-11-19T02:46:56.183+0000] {dag.py:3036} INFO - Sync 1 DAGs
[2025-11-19T02:46:56.202+0000] {logging_mixin.py:188} INFO - [2025-11-19T02:46:56.202+0000] {dag.py:3823} INFO - Setting next_dagrun for example_setup_teardown to 2025-11-18 00:00:00+00:00, run_after=2025-11-19 00:00:00+00:00
[2025-11-19T02:46:56.220+0000] {processor.py:183} INFO - Processing /home/airflow/.local/lib/python3.8/site-packages/airflow/example_dags/example_setup_teardown.py took 0.061 seconds
[2025-11-19T02:47:26.762+0000] {processor.py:161} INFO - Started process (PID=242) to work on /home/airflow/.local/lib/python3.8/site-packages/airflow/example_dags/example_setup_teardown.py
[2025-11-19T02:47:26.764+0000] {processor.py:830} INFO - Processing file /home/airflow/.local/lib/python3.8/site-packages/airflow/example_dags/example_setup_teardown.py for tasks to queue
[2025-11-19T02:47:26.766+0000] {logging_mixin.py:188} INFO - [2025-11-19T02:47:26.766+0000] {dagbag.py:538} INFO - Filling up the DagBag from /home/airflow/.local/lib/python3.8/site-packages/airflow/example_dags/example_setup_teardown.py
[2025-11-19T02:47:26.774+0000] {processor.py:840} INFO - DAG(s) 'example_setup_teardown' retrieved from /home/airflow/.local/lib/python3.8/site-packages/airflow/example_dags/example_setup_teardown.py
[2025-11-19T02:47:26.868+0000] {logging_mixin.py:188} INFO - [2025-11-19T02:47:26.868+0000] {dag.py:3036} INFO - Sync 1 DAGs
[2025-11-19T02:47:26.886+0000] {logging_mixin.py:188} INFO - [2025-11-19T02:47:26.886+0000] {dag.py:3823} INFO - Setting next_dagrun for example_setup_teardown to 2025-11-18 00:00:00+00:00, run_after=2025-11-19 00:00:00+00:00
[2025-11-19T02:47:26.908+0000] {processor.py:183} INFO - Processing /home/airflow/.local/lib/python3.8/site-packages/airflow/example_dags/example_setup_teardown.py took 0.150 seconds
[2025-11-19T02:47:57.332+0000] {processor.py:161} INFO - Started process (PID=301) to work on /home/airflow/.local/lib/python3.8/site-packages/airflow/example_dags/example_setup_teardown.py
[2025-11-19T02:47:57.333+0000] {processor.py:830} INFO - Processing file /home/airflow/.local/lib/python3.8/site-packages/airflow/example_dags/example_setup_teardown.py for tasks to queue
[2025-11-19T02:47:57.334+0000] {logging_mixin.py:188} INFO - [2025-11-19T02:47:57.334+0000] {dagbag.py:538} INFO - Filling up the DagBag from /home/airflow/.local/lib/python3.8/site-packages/airflow/example_dags/example_setup_teardown.py
[2025-11-19T02:47:57.340+0000] {processor.py:840} INFO - DAG(s) 'example_setup_teardown' retrieved from /home/airflow/.local/lib/python3.8/site-packages/airflow/example_dags/example_setup_teardown.py
[2025-11-19T02:47:57.361+0000] {logging_mixin.py:188} INFO - [2025-11-19T02:47:57.361+0000] {dag.py:3036} INFO - Sync 1 DAGs
[2025-11-19T02:47:57.378+0000] {logging_mixin.py:188} INFO - [2025-11-19T02:47:57.378+0000] {dag.py:3823} INFO - Setting next_dagrun for example_setup_teardown to 2025-11-18 00:00:00+00:00, run_after=2025-11-19 00:00:00+00:00
[2025-11-19T02:47:57.399+0000] {processor.py:183} INFO - Processing /home/airflow/.local/lib/python3.8/site-packages/airflow/example_dags/example_setup_teardown.py took 0.070 seconds
[2025-11-19T02:48:27.469+0000] {processor.py:161} INFO - Started process (PID=360) to work on /home/airflow/.local/lib/python3.8/site-packages/airflow/example_dags/example_setup_teardown.py
[2025-11-19T02:48:27.472+0000] {processor.py:830} INFO - Processing file /home/airflow/.local/lib/python3.8/site-packages/airflow/example_dags/example_setup_teardown.py for tasks to queue
[2025-11-19T02:48:27.474+0000] {logging_mixin.py:188} INFO - [2025-11-19T02:48:27.474+0000] {dagbag.py:538} INFO - Filling up the DagBag from /home/airflow/.local/lib/python3.8/site-packages/airflow/example_dags/example_setup_teardown.py
[2025-11-19T02:48:27.481+0000] {processor.py:840} INFO - DAG(s) 'example_setup_teardown' retrieved from /home/airflow/.local/lib/python3.8/site-packages/airflow/example_dags/example_setup_teardown.py
[2025-11-19T02:48:27.507+0000] {logging_mixin.py:188} INFO - [2025-11-19T02:48:27.507+0000] {dag.py:3036} INFO - Sync 1 DAGs
[2025-11-19T02:48:27.530+0000] {logging_mixin.py:188} INFO - [2025-11-19T02:48:27.530+0000] {dag.py:3823} INFO - Setting next_dagrun for example_setup_teardown to 2025-11-18 00:00:00+00:00, run_after=2025-11-19 00:00:00+00:00
[2025-11-19T02:48:27.554+0000] {processor.py:183} INFO - Processing /home/airflow/.local/lib/python3.8/site-packages/airflow/example_dags/example_setup_teardown.py took 0.089 seconds
[2025-11-19T02:48:57.617+0000] {processor.py:161} INFO - Started process (PID=419) to work on /home/airflow/.local/lib/python3.8/site-packages/airflow/example_dags/example_setup_teardown.py
[2025-11-19T02:48:57.619+0000] {processor.py:830} INFO - Processing file /home/airflow/.local/lib/python3.8/site-packages/airflow/example_dags/example_setup_teardown.py for tasks to queue
[2025-11-19T02:48:57.621+0000] {logging_mixin.py:188} INFO - [2025-11-19T02:48:57.620+0000] {dagbag.py:538} INFO - Filling up the DagBag from /home/airflow/.local/lib/python3.8/site-packages/airflow/example_dags/example_setup_teardown.py
[2025-11-19T02:48:57.626+0000] {processor.py:840} INFO - DAG(s) 'example_setup_teardown' retrieved from /home/airflow/.local/lib/python3.8/site-packages/airflow/example_dags/example_setup_teardown.py
[2025-11-19T02:48:57.648+0000] {logging_mixin.py:188} INFO - [2025-11-19T02:48:57.648+0000] {dag.py:3036} INFO - Sync 1 DAGs
[2025-11-19T02:48:57.669+0000] {logging_mixin.py:188} INFO - [2025-11-19T02:48:57.669+0000] {dag.py:3823} INFO - Setting next_dagrun for example_setup_teardown to 2025-11-18 00:00:00+00:00, run_after=2025-11-19 00:00:00+00:00
[2025-11-19T02:48:57.690+0000] {processor.py:183} INFO - Processing /home/airflow/.local/lib/python3.8/site-packages/airflow/example_dags/example_setup_teardown.py took 0.076 seconds
[2025-11-19T02:49:27.783+0000] {processor.py:161} INFO - Started process (PID=478) to work on /home/airflow/.local/lib/python3.8/site-packages/airflow/example_dags/example_setup_teardown.py
[2025-11-19T02:49:27.784+0000] {processor.py:830} INFO - Processing file /home/airflow/.local/lib/python3.8/site-packages/airflow/example_dags/example_setup_teardown.py for tasks to queue
[2025-11-19T02:49:27.786+0000] {logging_mixin.py:188} INFO - [2025-11-19T02:49:27.786+0000] {dagbag.py:538} INFO - Filling up the DagBag from /home/airflow/.local/lib/python3.8/site-packages/airflow/example_dags/example_setup_teardown.py
[2025-11-19T02:49:27.793+0000] {processor.py:840} INFO - DAG(s) 'example_setup_teardown' retrieved from /home/airflow/.local/lib/python3.8/site-packages/airflow/example_dags/example_setup_teardown.py
[2025-11-19T02:49:27.814+0000] {logging_mixin.py:188} INFO - [2025-11-19T02:49:27.814+0000] {dag.py:3036} INFO - Sync 1 DAGs
[2025-11-19T02:49:27.834+0000] {logging_mixin.py:188} INFO - [2025-11-19T02:49:27.834+0000] {dag.py:3823} INFO - Setting next_dagrun for example_setup_teardown to 2025-11-18 00:00:00+00:00, run_after=2025-11-19 00:00:00+00:00
[2025-11-19T02:49:27.851+0000] {processor.py:183} INFO - Processing /home/airflow/.local/lib/python3.8/site-packages/airflow/example_dags/example_setup_teardown.py took 0.072 seconds
[2025-11-19T02:49:58.015+0000] {processor.py:161} INFO - Started process (PID=537) to work on /home/airflow/.local/lib/python3.8/site-packages/airflow/example_dags/example_setup_teardown.py
[2025-11-19T02:49:58.016+0000] {processor.py:830} INFO - Processing file /home/airflow/.local/lib/python3.8/site-packages/airflow/example_dags/example_setup_teardown.py for tasks to queue
[2025-11-19T02:49:58.018+0000] {logging_mixin.py:188} INFO - [2025-11-19T02:49:58.018+0000] {dagbag.py:538} INFO - Filling up the DagBag from /home/airflow/.local/lib/python3.8/site-packages/airflow/example_dags/example_setup_teardown.py
[2025-11-19T02:49:58.025+0000] {processor.py:840} INFO - DAG(s) 'example_setup_teardown' retrieved from /home/airflow/.local/lib/python3.8/site-packages/airflow/example_dags/example_setup_teardown.py
[2025-11-19T02:49:58.048+0000] {logging_mixin.py:188} INFO - [2025-11-19T02:49:58.047+0000] {dag.py:3036} INFO - Sync 1 DAGs
[2025-11-19T02:49:58.069+0000] {logging_mixin.py:188} INFO - [2025-11-19T02:49:58.069+0000] {dag.py:3823} INFO - Setting next_dagrun for example_setup_teardown to 2025-11-18 00:00:00+00:00, run_after=2025-11-19 00:00:00+00:00
[2025-11-19T02:49:58.090+0000] {processor.py:183} INFO - Processing /home/airflow/.local/lib/python3.8/site-packages/airflow/example_dags/example_setup_teardown.py took 0.079 seconds
[2025-11-19T02:50:28.549+0000] {processor.py:161} INFO - Started process (PID=596) to work on /home/airflow/.local/lib/python3.8/site-packages/airflow/example_dags/example_setup_teardown.py
[2025-11-19T02:50:28.550+0000] {processor.py:830} INFO - Processing file /home/airflow/.local/lib/python3.8/site-packages/airflow/example_dags/example_setup_teardown.py for tasks to queue
[2025-11-19T02:50:28.552+0000] {logging_mixin.py:188} INFO - [2025-11-19T02:50:28.552+0000] {dagbag.py:538} INFO - Filling up the DagBag from /home/airflow/.local/lib/python3.8/site-packages/airflow/example_dags/example_setup_teardown.py
[2025-11-19T02:50:28.562+0000] {processor.py:840} INFO - DAG(s) 'example_setup_teardown' retrieved from /home/airflow/.local/lib/python3.8/site-packages/airflow/example_dags/example_setup_teardown.py
[2025-11-19T02:50:28.586+0000] {logging_mixin.py:188} INFO - [2025-11-19T02:50:28.586+0000] {dag.py:3036} INFO - Sync 1 DAGs
[2025-11-19T02:50:28.608+0000] {logging_mixin.py:188} INFO - [2025-11-19T02:50:28.608+0000] {dag.py:3823} INFO - Setting next_dagrun for example_setup_teardown to 2025-11-18 00:00:00+00:00, run_after=2025-11-19 00:00:00+00:00
[2025-11-19T02:50:28.629+0000] {processor.py:183} INFO - Processing /home/airflow/.local/lib/python3.8/site-packages/airflow/example_dags/example_setup_teardown.py took 0.084 seconds
[2025-11-19T02:50:58.680+0000] {processor.py:161} INFO - Started process (PID=655) to work on /home/airflow/.local/lib/python3.8/site-packages/airflow/example_dags/example_setup_teardown.py
[2025-11-19T02:50:58.682+0000] {processor.py:830} INFO - Processing file /home/airflow/.local/lib/python3.8/site-packages/airflow/example_dags/example_setup_teardown.py for tasks to queue
[2025-11-19T02:50:58.685+0000] {logging_mixin.py:188} INFO - [2025-11-19T02:50:58.684+0000] {dagbag.py:538} INFO - Filling up the DagBag from /home/airflow/.local/lib/python3.8/site-packages/airflow/example_dags/example_setup_teardown.py
[2025-11-19T02:50:58.693+0000] {processor.py:840} INFO - DAG(s) 'example_setup_teardown' retrieved from /home/airflow/.local/lib/python3.8/site-packages/airflow/example_dags/example_setup_teardown.py
[2025-11-19T02:50:58.714+0000] {logging_mixin.py:188} INFO - [2025-11-19T02:50:58.714+0000] {dag.py:3036} INFO - Sync 1 DAGs
[2025-11-19T02:50:58.734+0000] {logging_mixin.py:188} INFO - [2025-11-19T02:50:58.734+0000] {dag.py:3823} INFO - Setting next_dagrun for example_setup_teardown to 2025-11-18 00:00:00+00:00, run_after=2025-11-19 00:00:00+00:00
[2025-11-19T02:50:58.754+0000] {processor.py:183} INFO - Processing /home/airflow/.local/lib/python3.8/site-packages/airflow/example_dags/example_setup_teardown.py took 0.079 seconds
