[2025-11-19T02:29:06.451+0000] {processor.py:161} INFO - Started process (PID=62) to work on /home/airflow/.local/lib/python3.8/site-packages/airflow/example_dags/example_nested_branch_dag.py
[2025-11-19T02:29:06.453+0000] {processor.py:830} INFO - Processing file /home/airflow/.local/lib/python3.8/site-packages/airflow/example_dags/example_nested_branch_dag.py for tasks to queue
[2025-11-19T02:29:06.459+0000] {logging_mixin.py:188} INFO - [2025-11-19T02:29:06.458+0000] {dagbag.py:538} INFO - Filling up the DagBag from /home/airflow/.local/lib/python3.8/site-packages/airflow/example_dags/example_nested_branch_dag.py
[2025-11-19T02:29:06.475+0000] {processor.py:840} INFO - DAG(s) 'example_nested_branch_dag' retrieved from /home/airflow/.local/lib/python3.8/site-packages/airflow/example_dags/example_nested_branch_dag.py
[2025-11-19T02:29:06.670+0000] {logging_mixin.py:188} INFO - [2025-11-19T02:29:06.669+0000] {override.py:1769} INFO - Created Permission View: can read on DAG:example_nested_branch_dag
[2025-11-19T02:29:06.685+0000] {logging_mixin.py:188} INFO - [2025-11-19T02:29:06.685+0000] {override.py:1769} INFO - Created Permission View: can edit on DAG:example_nested_branch_dag
[2025-11-19T02:29:06.698+0000] {logging_mixin.py:188} INFO - [2025-11-19T02:29:06.697+0000] {override.py:1769} INFO - Created Permission View: can delete on DAG:example_nested_branch_dag
[2025-11-19T02:29:06.699+0000] {logging_mixin.py:188} INFO - [2025-11-19T02:29:06.698+0000] {dag.py:3036} INFO - Sync 1 DAGs
[2025-11-19T02:29:06.710+0000] {logging_mixin.py:188} INFO - [2025-11-19T02:29:06.710+0000] {dag.py:3058} INFO - Creating ORM DAG for example_nested_branch_dag
[2025-11-19T02:29:06.722+0000] {logging_mixin.py:188} INFO - [2025-11-19T02:29:06.722+0000] {dag.py:3823} INFO - Setting next_dagrun for example_nested_branch_dag to 2025-11-18 00:00:00+00:00, run_after=2025-11-19 00:00:00+00:00
[2025-11-19T02:29:06.748+0000] {processor.py:183} INFO - Processing /home/airflow/.local/lib/python3.8/site-packages/airflow/example_dags/example_nested_branch_dag.py took 0.303 seconds
[2025-11-19T02:29:37.152+0000] {processor.py:161} INFO - Started process (PID=120) to work on /home/airflow/.local/lib/python3.8/site-packages/airflow/example_dags/example_nested_branch_dag.py
[2025-11-19T02:29:37.154+0000] {processor.py:830} INFO - Processing file /home/airflow/.local/lib/python3.8/site-packages/airflow/example_dags/example_nested_branch_dag.py for tasks to queue
[2025-11-19T02:29:37.157+0000] {logging_mixin.py:188} INFO - [2025-11-19T02:29:37.156+0000] {dagbag.py:538} INFO - Filling up the DagBag from /home/airflow/.local/lib/python3.8/site-packages/airflow/example_dags/example_nested_branch_dag.py
[2025-11-19T02:29:37.171+0000] {processor.py:840} INFO - DAG(s) 'example_nested_branch_dag' retrieved from /home/airflow/.local/lib/python3.8/site-packages/airflow/example_dags/example_nested_branch_dag.py
[2025-11-19T02:29:37.196+0000] {logging_mixin.py:188} INFO - [2025-11-19T02:29:37.196+0000] {dag.py:3036} INFO - Sync 1 DAGs
[2025-11-19T02:29:37.228+0000] {logging_mixin.py:188} INFO - [2025-11-19T02:29:37.228+0000] {dag.py:3823} INFO - Setting next_dagrun for example_nested_branch_dag to 2025-11-18 00:00:00+00:00, run_after=2025-11-19 00:00:00+00:00
[2025-11-19T02:29:37.251+0000] {processor.py:183} INFO - Processing /home/airflow/.local/lib/python3.8/site-packages/airflow/example_dags/example_nested_branch_dag.py took 0.103 seconds
[2025-11-19T02:45:54.806+0000] {processor.py:161} INFO - Started process (PID=62) to work on /home/airflow/.local/lib/python3.8/site-packages/airflow/example_dags/example_nested_branch_dag.py
[2025-11-19T02:45:54.808+0000] {processor.py:830} INFO - Processing file /home/airflow/.local/lib/python3.8/site-packages/airflow/example_dags/example_nested_branch_dag.py for tasks to queue
[2025-11-19T02:45:54.811+0000] {logging_mixin.py:188} INFO - [2025-11-19T02:45:54.811+0000] {dagbag.py:538} INFO - Filling up the DagBag from /home/airflow/.local/lib/python3.8/site-packages/airflow/example_dags/example_nested_branch_dag.py
[2025-11-19T02:45:54.828+0000] {processor.py:840} INFO - DAG(s) 'example_nested_branch_dag' retrieved from /home/airflow/.local/lib/python3.8/site-packages/airflow/example_dags/example_nested_branch_dag.py
[2025-11-19T02:45:55.015+0000] {logging_mixin.py:188} INFO - [2025-11-19T02:45:55.014+0000] {override.py:1769} INFO - Created Permission View: can read on DAG:example_nested_branch_dag
[2025-11-19T02:45:55.035+0000] {logging_mixin.py:188} INFO - [2025-11-19T02:45:55.035+0000] {override.py:1769} INFO - Created Permission View: can edit on DAG:example_nested_branch_dag
[2025-11-19T02:45:55.045+0000] {logging_mixin.py:188} INFO - [2025-11-19T02:45:55.045+0000] {override.py:1769} INFO - Created Permission View: can delete on DAG:example_nested_branch_dag
[2025-11-19T02:45:55.046+0000] {logging_mixin.py:188} INFO - [2025-11-19T02:45:55.046+0000] {dag.py:3036} INFO - Sync 1 DAGs
[2025-11-19T02:45:55.066+0000] {logging_mixin.py:188} INFO - [2025-11-19T02:45:55.066+0000] {dag.py:3058} INFO - Creating ORM DAG for example_nested_branch_dag
[2025-11-19T02:45:55.087+0000] {logging_mixin.py:188} INFO - [2025-11-19T02:45:55.086+0000] {dag.py:3823} INFO - Setting next_dagrun for example_nested_branch_dag to 2025-11-18 00:00:00+00:00, run_after=2025-11-19 00:00:00+00:00
[2025-11-19T02:45:55.115+0000] {processor.py:183} INFO - Processing /home/airflow/.local/lib/python3.8/site-packages/airflow/example_dags/example_nested_branch_dag.py took 0.314 seconds
[2025-11-19T02:46:25.570+0000] {processor.py:161} INFO - Started process (PID=120) to work on /home/airflow/.local/lib/python3.8/site-packages/airflow/example_dags/example_nested_branch_dag.py
[2025-11-19T02:46:25.571+0000] {processor.py:830} INFO - Processing file /home/airflow/.local/lib/python3.8/site-packages/airflow/example_dags/example_nested_branch_dag.py for tasks to queue
[2025-11-19T02:46:25.574+0000] {logging_mixin.py:188} INFO - [2025-11-19T02:46:25.573+0000] {dagbag.py:538} INFO - Filling up the DagBag from /home/airflow/.local/lib/python3.8/site-packages/airflow/example_dags/example_nested_branch_dag.py
[2025-11-19T02:46:25.584+0000] {processor.py:840} INFO - DAG(s) 'example_nested_branch_dag' retrieved from /home/airflow/.local/lib/python3.8/site-packages/airflow/example_dags/example_nested_branch_dag.py
[2025-11-19T02:46:25.612+0000] {logging_mixin.py:188} INFO - [2025-11-19T02:46:25.612+0000] {dag.py:3036} INFO - Sync 1 DAGs
[2025-11-19T02:46:25.642+0000] {logging_mixin.py:188} INFO - [2025-11-19T02:46:25.642+0000] {dag.py:3823} INFO - Setting next_dagrun for example_nested_branch_dag to 2025-11-18 00:00:00+00:00, run_after=2025-11-19 00:00:00+00:00
[2025-11-19T02:46:25.661+0000] {processor.py:183} INFO - Processing /home/airflow/.local/lib/python3.8/site-packages/airflow/example_dags/example_nested_branch_dag.py took 0.094 seconds
[2025-11-19T02:46:55.895+0000] {processor.py:161} INFO - Started process (PID=179) to work on /home/airflow/.local/lib/python3.8/site-packages/airflow/example_dags/example_nested_branch_dag.py
[2025-11-19T02:46:55.896+0000] {processor.py:830} INFO - Processing file /home/airflow/.local/lib/python3.8/site-packages/airflow/example_dags/example_nested_branch_dag.py for tasks to queue
[2025-11-19T02:46:55.897+0000] {logging_mixin.py:188} INFO - [2025-11-19T02:46:55.897+0000] {dagbag.py:538} INFO - Filling up the DagBag from /home/airflow/.local/lib/python3.8/site-packages/airflow/example_dags/example_nested_branch_dag.py
[2025-11-19T02:46:55.906+0000] {processor.py:840} INFO - DAG(s) 'example_nested_branch_dag' retrieved from /home/airflow/.local/lib/python3.8/site-packages/airflow/example_dags/example_nested_branch_dag.py
[2025-11-19T02:46:55.918+0000] {logging_mixin.py:188} INFO - [2025-11-19T02:46:55.917+0000] {dag.py:3036} INFO - Sync 1 DAGs
[2025-11-19T02:46:55.936+0000] {logging_mixin.py:188} INFO - [2025-11-19T02:46:55.935+0000] {dag.py:3823} INFO - Setting next_dagrun for example_nested_branch_dag to 2025-11-18 00:00:00+00:00, run_after=2025-11-19 00:00:00+00:00
[2025-11-19T02:46:55.955+0000] {processor.py:183} INFO - Processing /home/airflow/.local/lib/python3.8/site-packages/airflow/example_dags/example_nested_branch_dag.py took 0.063 seconds
[2025-11-19T02:47:26.392+0000] {processor.py:161} INFO - Started process (PID=238) to work on /home/airflow/.local/lib/python3.8/site-packages/airflow/example_dags/example_nested_branch_dag.py
[2025-11-19T02:47:26.393+0000] {processor.py:830} INFO - Processing file /home/airflow/.local/lib/python3.8/site-packages/airflow/example_dags/example_nested_branch_dag.py for tasks to queue
[2025-11-19T02:47:26.395+0000] {logging_mixin.py:188} INFO - [2025-11-19T02:47:26.395+0000] {dagbag.py:538} INFO - Filling up the DagBag from /home/airflow/.local/lib/python3.8/site-packages/airflow/example_dags/example_nested_branch_dag.py
[2025-11-19T02:47:26.404+0000] {processor.py:840} INFO - DAG(s) 'example_nested_branch_dag' retrieved from /home/airflow/.local/lib/python3.8/site-packages/airflow/example_dags/example_nested_branch_dag.py
[2025-11-19T02:47:26.501+0000] {logging_mixin.py:188} INFO - [2025-11-19T02:47:26.501+0000] {dag.py:3036} INFO - Sync 1 DAGs
[2025-11-19T02:47:26.520+0000] {logging_mixin.py:188} INFO - [2025-11-19T02:47:26.520+0000] {dag.py:3823} INFO - Setting next_dagrun for example_nested_branch_dag to 2025-11-18 00:00:00+00:00, run_after=2025-11-19 00:00:00+00:00
[2025-11-19T02:47:26.543+0000] {processor.py:183} INFO - Processing /home/airflow/.local/lib/python3.8/site-packages/airflow/example_dags/example_nested_branch_dag.py took 0.154 seconds
[2025-11-19T02:47:57.012+0000] {processor.py:161} INFO - Started process (PID=297) to work on /home/airflow/.local/lib/python3.8/site-packages/airflow/example_dags/example_nested_branch_dag.py
[2025-11-19T02:47:57.014+0000] {processor.py:830} INFO - Processing file /home/airflow/.local/lib/python3.8/site-packages/airflow/example_dags/example_nested_branch_dag.py for tasks to queue
[2025-11-19T02:47:57.016+0000] {logging_mixin.py:188} INFO - [2025-11-19T02:47:57.016+0000] {dagbag.py:538} INFO - Filling up the DagBag from /home/airflow/.local/lib/python3.8/site-packages/airflow/example_dags/example_nested_branch_dag.py
[2025-11-19T02:47:57.026+0000] {processor.py:840} INFO - DAG(s) 'example_nested_branch_dag' retrieved from /home/airflow/.local/lib/python3.8/site-packages/airflow/example_dags/example_nested_branch_dag.py
[2025-11-19T02:47:57.049+0000] {logging_mixin.py:188} INFO - [2025-11-19T02:47:57.048+0000] {dag.py:3036} INFO - Sync 1 DAGs
[2025-11-19T02:47:57.073+0000] {logging_mixin.py:188} INFO - [2025-11-19T02:47:57.072+0000] {dag.py:3823} INFO - Setting next_dagrun for example_nested_branch_dag to 2025-11-18 00:00:00+00:00, run_after=2025-11-19 00:00:00+00:00
[2025-11-19T02:47:57.093+0000] {processor.py:183} INFO - Processing /home/airflow/.local/lib/python3.8/site-packages/airflow/example_dags/example_nested_branch_dag.py took 0.085 seconds
[2025-11-19T02:48:27.147+0000] {processor.py:161} INFO - Started process (PID=356) to work on /home/airflow/.local/lib/python3.8/site-packages/airflow/example_dags/example_nested_branch_dag.py
[2025-11-19T02:48:27.148+0000] {processor.py:830} INFO - Processing file /home/airflow/.local/lib/python3.8/site-packages/airflow/example_dags/example_nested_branch_dag.py for tasks to queue
[2025-11-19T02:48:27.150+0000] {logging_mixin.py:188} INFO - [2025-11-19T02:48:27.150+0000] {dagbag.py:538} INFO - Filling up the DagBag from /home/airflow/.local/lib/python3.8/site-packages/airflow/example_dags/example_nested_branch_dag.py
[2025-11-19T02:48:27.160+0000] {processor.py:840} INFO - DAG(s) 'example_nested_branch_dag' retrieved from /home/airflow/.local/lib/python3.8/site-packages/airflow/example_dags/example_nested_branch_dag.py
[2025-11-19T02:48:27.183+0000] {logging_mixin.py:188} INFO - [2025-11-19T02:48:27.183+0000] {dag.py:3036} INFO - Sync 1 DAGs
[2025-11-19T02:48:27.207+0000] {logging_mixin.py:188} INFO - [2025-11-19T02:48:27.207+0000] {dag.py:3823} INFO - Setting next_dagrun for example_nested_branch_dag to 2025-11-18 00:00:00+00:00, run_after=2025-11-19 00:00:00+00:00
[2025-11-19T02:48:27.230+0000] {processor.py:183} INFO - Processing /home/airflow/.local/lib/python3.8/site-packages/airflow/example_dags/example_nested_branch_dag.py took 0.087 seconds
[2025-11-19T02:48:57.284+0000] {processor.py:161} INFO - Started process (PID=415) to work on /home/airflow/.local/lib/python3.8/site-packages/airflow/example_dags/example_nested_branch_dag.py
[2025-11-19T02:48:57.285+0000] {processor.py:830} INFO - Processing file /home/airflow/.local/lib/python3.8/site-packages/airflow/example_dags/example_nested_branch_dag.py for tasks to queue
[2025-11-19T02:48:57.288+0000] {logging_mixin.py:188} INFO - [2025-11-19T02:48:57.287+0000] {dagbag.py:538} INFO - Filling up the DagBag from /home/airflow/.local/lib/python3.8/site-packages/airflow/example_dags/example_nested_branch_dag.py
[2025-11-19T02:48:57.298+0000] {processor.py:840} INFO - DAG(s) 'example_nested_branch_dag' retrieved from /home/airflow/.local/lib/python3.8/site-packages/airflow/example_dags/example_nested_branch_dag.py
[2025-11-19T02:48:57.322+0000] {logging_mixin.py:188} INFO - [2025-11-19T02:48:57.322+0000] {dag.py:3036} INFO - Sync 1 DAGs
[2025-11-19T02:48:57.347+0000] {logging_mixin.py:188} INFO - [2025-11-19T02:48:57.347+0000] {dag.py:3823} INFO - Setting next_dagrun for example_nested_branch_dag to 2025-11-18 00:00:00+00:00, run_after=2025-11-19 00:00:00+00:00
[2025-11-19T02:48:57.382+0000] {processor.py:183} INFO - Processing /home/airflow/.local/lib/python3.8/site-packages/airflow/example_dags/example_nested_branch_dag.py took 0.102 seconds
[2025-11-19T02:49:27.563+0000] {processor.py:161} INFO - Started process (PID=474) to work on /home/airflow/.local/lib/python3.8/site-packages/airflow/example_dags/example_nested_branch_dag.py
[2025-11-19T02:49:27.564+0000] {processor.py:830} INFO - Processing file /home/airflow/.local/lib/python3.8/site-packages/airflow/example_dags/example_nested_branch_dag.py for tasks to queue
[2025-11-19T02:49:27.566+0000] {logging_mixin.py:188} INFO - [2025-11-19T02:49:27.565+0000] {dagbag.py:538} INFO - Filling up the DagBag from /home/airflow/.local/lib/python3.8/site-packages/airflow/example_dags/example_nested_branch_dag.py
[2025-11-19T02:49:27.575+0000] {processor.py:840} INFO - DAG(s) 'example_nested_branch_dag' retrieved from /home/airflow/.local/lib/python3.8/site-packages/airflow/example_dags/example_nested_branch_dag.py
[2025-11-19T02:49:27.596+0000] {logging_mixin.py:188} INFO - [2025-11-19T02:49:27.596+0000] {dag.py:3036} INFO - Sync 1 DAGs
[2025-11-19T02:49:27.617+0000] {logging_mixin.py:188} INFO - [2025-11-19T02:49:27.616+0000] {dag.py:3823} INFO - Setting next_dagrun for example_nested_branch_dag to 2025-11-18 00:00:00+00:00, run_after=2025-11-19 00:00:00+00:00
[2025-11-19T02:49:27.637+0000] {processor.py:183} INFO - Processing /home/airflow/.local/lib/python3.8/site-packages/airflow/example_dags/example_nested_branch_dag.py took 0.077 seconds
[2025-11-19T02:49:57.806+0000] {processor.py:161} INFO - Started process (PID=533) to work on /home/airflow/.local/lib/python3.8/site-packages/airflow/example_dags/example_nested_branch_dag.py
[2025-11-19T02:49:57.808+0000] {processor.py:830} INFO - Processing file /home/airflow/.local/lib/python3.8/site-packages/airflow/example_dags/example_nested_branch_dag.py for tasks to queue
[2025-11-19T02:49:57.810+0000] {logging_mixin.py:188} INFO - [2025-11-19T02:49:57.810+0000] {dagbag.py:538} INFO - Filling up the DagBag from /home/airflow/.local/lib/python3.8/site-packages/airflow/example_dags/example_nested_branch_dag.py
[2025-11-19T02:49:57.818+0000] {processor.py:840} INFO - DAG(s) 'example_nested_branch_dag' retrieved from /home/airflow/.local/lib/python3.8/site-packages/airflow/example_dags/example_nested_branch_dag.py
[2025-11-19T02:49:57.838+0000] {logging_mixin.py:188} INFO - [2025-11-19T02:49:57.838+0000] {dag.py:3036} INFO - Sync 1 DAGs
[2025-11-19T02:49:57.858+0000] {logging_mixin.py:188} INFO - [2025-11-19T02:49:57.858+0000] {dag.py:3823} INFO - Setting next_dagrun for example_nested_branch_dag to 2025-11-18 00:00:00+00:00, run_after=2025-11-19 00:00:00+00:00
[2025-11-19T02:49:57.876+0000] {processor.py:183} INFO - Processing /home/airflow/.local/lib/python3.8/site-packages/airflow/example_dags/example_nested_branch_dag.py took 0.073 seconds
[2025-11-19T02:50:28.318+0000] {processor.py:161} INFO - Started process (PID=592) to work on /home/airflow/.local/lib/python3.8/site-packages/airflow/example_dags/example_nested_branch_dag.py
[2025-11-19T02:50:28.319+0000] {processor.py:830} INFO - Processing file /home/airflow/.local/lib/python3.8/site-packages/airflow/example_dags/example_nested_branch_dag.py for tasks to queue
[2025-11-19T02:50:28.321+0000] {logging_mixin.py:188} INFO - [2025-11-19T02:50:28.321+0000] {dagbag.py:538} INFO - Filling up the DagBag from /home/airflow/.local/lib/python3.8/site-packages/airflow/example_dags/example_nested_branch_dag.py
[2025-11-19T02:50:28.330+0000] {processor.py:840} INFO - DAG(s) 'example_nested_branch_dag' retrieved from /home/airflow/.local/lib/python3.8/site-packages/airflow/example_dags/example_nested_branch_dag.py
[2025-11-19T02:50:28.355+0000] {logging_mixin.py:188} INFO - [2025-11-19T02:50:28.354+0000] {dag.py:3036} INFO - Sync 1 DAGs
[2025-11-19T02:50:28.373+0000] {logging_mixin.py:188} INFO - [2025-11-19T02:50:28.373+0000] {dag.py:3823} INFO - Setting next_dagrun for example_nested_branch_dag to 2025-11-18 00:00:00+00:00, run_after=2025-11-19 00:00:00+00:00
[2025-11-19T02:50:28.392+0000] {processor.py:183} INFO - Processing /home/airflow/.local/lib/python3.8/site-packages/airflow/example_dags/example_nested_branch_dag.py took 0.077 seconds
[2025-11-19T02:50:58.453+0000] {processor.py:161} INFO - Started process (PID=651) to work on /home/airflow/.local/lib/python3.8/site-packages/airflow/example_dags/example_nested_branch_dag.py
[2025-11-19T02:50:58.455+0000] {processor.py:830} INFO - Processing file /home/airflow/.local/lib/python3.8/site-packages/airflow/example_dags/example_nested_branch_dag.py for tasks to queue
[2025-11-19T02:50:58.458+0000] {logging_mixin.py:188} INFO - [2025-11-19T02:50:58.458+0000] {dagbag.py:538} INFO - Filling up the DagBag from /home/airflow/.local/lib/python3.8/site-packages/airflow/example_dags/example_nested_branch_dag.py
[2025-11-19T02:50:58.467+0000] {processor.py:840} INFO - DAG(s) 'example_nested_branch_dag' retrieved from /home/airflow/.local/lib/python3.8/site-packages/airflow/example_dags/example_nested_branch_dag.py
[2025-11-19T02:50:58.488+0000] {logging_mixin.py:188} INFO - [2025-11-19T02:50:58.488+0000] {dag.py:3036} INFO - Sync 1 DAGs
[2025-11-19T02:50:58.507+0000] {logging_mixin.py:188} INFO - [2025-11-19T02:50:58.507+0000] {dag.py:3823} INFO - Setting next_dagrun for example_nested_branch_dag to 2025-11-18 00:00:00+00:00, run_after=2025-11-19 00:00:00+00:00
[2025-11-19T02:50:58.528+0000] {processor.py:183} INFO - Processing /home/airflow/.local/lib/python3.8/site-packages/airflow/example_dags/example_nested_branch_dag.py took 0.077 seconds
