[2025-11-19T02:29:08.820+0000] {processor.py:161} INFO - Started process (PID=76) to work on /home/airflow/.local/lib/python3.8/site-packages/airflow/example_dags/example_datasets.py
[2025-11-19T02:29:08.822+0000] {processor.py:830} INFO - Processing file /home/airflow/.local/lib/python3.8/site-packages/airflow/example_dags/example_datasets.py for tasks to queue
[2025-11-19T02:29:08.827+0000] {logging_mixin.py:188} INFO - [2025-11-19T02:29:08.826+0000] {dagbag.py:538} INFO - Filling up the DagBag from /home/airflow/.local/lib/python3.8/site-packages/airflow/example_dags/example_datasets.py
[2025-11-19T02:29:08.849+0000] {processor.py:840} INFO - DAG(s) 'dataset_produces_2', 'dataset_consumes_unknown_never_scheduled', 'dataset_produces_1', 'dataset_consumes_1_never_scheduled', 'dataset_consumes_1', 'dataset_consumes_1_and_2' retrieved from /home/airflow/.local/lib/python3.8/site-packages/airflow/example_dags/example_datasets.py
[2025-11-19T02:29:09.025+0000] {logging_mixin.py:188} INFO - [2025-11-19T02:29:09.024+0000] {override.py:1769} INFO - Created Permission View: can read on DAG:dataset_produces_2
[2025-11-19T02:29:09.041+0000] {logging_mixin.py:188} INFO - [2025-11-19T02:29:09.040+0000] {override.py:1769} INFO - Created Permission View: can edit on DAG:dataset_produces_2
[2025-11-19T02:29:09.051+0000] {logging_mixin.py:188} INFO - [2025-11-19T02:29:09.050+0000] {override.py:1769} INFO - Created Permission View: can delete on DAG:dataset_produces_2
[2025-11-19T02:29:09.074+0000] {logging_mixin.py:188} INFO - [2025-11-19T02:29:09.074+0000] {override.py:1769} INFO - Created Permission View: can read on DAG:dataset_consumes_unknown_never_scheduled
[2025-11-19T02:29:09.087+0000] {logging_mixin.py:188} INFO - [2025-11-19T02:29:09.086+0000] {override.py:1769} INFO - Created Permission View: can edit on DAG:dataset_consumes_unknown_never_scheduled
[2025-11-19T02:29:09.099+0000] {logging_mixin.py:188} INFO - [2025-11-19T02:29:09.099+0000] {override.py:1769} INFO - Created Permission View: can delete on DAG:dataset_consumes_unknown_never_scheduled
[2025-11-19T02:29:09.122+0000] {logging_mixin.py:188} INFO - [2025-11-19T02:29:09.122+0000] {override.py:1769} INFO - Created Permission View: can read on DAG:dataset_produces_1
[2025-11-19T02:29:09.134+0000] {logging_mixin.py:188} INFO - [2025-11-19T02:29:09.133+0000] {override.py:1769} INFO - Created Permission View: can edit on DAG:dataset_produces_1
[2025-11-19T02:29:09.146+0000] {logging_mixin.py:188} INFO - [2025-11-19T02:29:09.145+0000] {override.py:1769} INFO - Created Permission View: can delete on DAG:dataset_produces_1
[2025-11-19T02:29:09.165+0000] {logging_mixin.py:188} INFO - [2025-11-19T02:29:09.165+0000] {override.py:1769} INFO - Created Permission View: can read on DAG:dataset_consumes_1_never_scheduled
[2025-11-19T02:29:09.176+0000] {logging_mixin.py:188} INFO - [2025-11-19T02:29:09.176+0000] {override.py:1769} INFO - Created Permission View: can edit on DAG:dataset_consumes_1_never_scheduled
[2025-11-19T02:29:09.186+0000] {logging_mixin.py:188} INFO - [2025-11-19T02:29:09.185+0000] {override.py:1769} INFO - Created Permission View: can delete on DAG:dataset_consumes_1_never_scheduled
[2025-11-19T02:29:09.208+0000] {logging_mixin.py:188} INFO - [2025-11-19T02:29:09.208+0000] {override.py:1769} INFO - Created Permission View: can read on DAG:dataset_consumes_1
[2025-11-19T02:29:09.217+0000] {logging_mixin.py:188} INFO - [2025-11-19T02:29:09.217+0000] {override.py:1769} INFO - Created Permission View: can edit on DAG:dataset_consumes_1
[2025-11-19T02:29:09.227+0000] {logging_mixin.py:188} INFO - [2025-11-19T02:29:09.227+0000] {override.py:1769} INFO - Created Permission View: can delete on DAG:dataset_consumes_1
[2025-11-19T02:29:09.248+0000] {logging_mixin.py:188} INFO - [2025-11-19T02:29:09.248+0000] {override.py:1769} INFO - Created Permission View: can read on DAG:dataset_consumes_1_and_2
[2025-11-19T02:29:09.262+0000] {logging_mixin.py:188} INFO - [2025-11-19T02:29:09.261+0000] {override.py:1769} INFO - Created Permission View: can edit on DAG:dataset_consumes_1_and_2
[2025-11-19T02:29:09.275+0000] {logging_mixin.py:188} INFO - [2025-11-19T02:29:09.274+0000] {override.py:1769} INFO - Created Permission View: can delete on DAG:dataset_consumes_1_and_2
[2025-11-19T02:29:09.276+0000] {logging_mixin.py:188} INFO - [2025-11-19T02:29:09.275+0000] {dag.py:3036} INFO - Sync 6 DAGs
[2025-11-19T02:29:09.292+0000] {logging_mixin.py:188} INFO - [2025-11-19T02:29:09.292+0000] {dag.py:3058} INFO - Creating ORM DAG for dataset_consumes_unknown_never_scheduled
[2025-11-19T02:29:09.293+0000] {logging_mixin.py:188} INFO - [2025-11-19T02:29:09.293+0000] {dag.py:3058} INFO - Creating ORM DAG for dataset_produces_2
[2025-11-19T02:29:09.294+0000] {logging_mixin.py:188} INFO - [2025-11-19T02:29:09.294+0000] {dag.py:3058} INFO - Creating ORM DAG for dataset_consumes_1_never_scheduled
[2025-11-19T02:29:09.295+0000] {logging_mixin.py:188} INFO - [2025-11-19T02:29:09.295+0000] {dag.py:3058} INFO - Creating ORM DAG for dataset_produces_1
[2025-11-19T02:29:09.296+0000] {logging_mixin.py:188} INFO - [2025-11-19T02:29:09.296+0000] {dag.py:3058} INFO - Creating ORM DAG for dataset_consumes_1_and_2
[2025-11-19T02:29:09.297+0000] {logging_mixin.py:188} INFO - [2025-11-19T02:29:09.297+0000] {dag.py:3058} INFO - Creating ORM DAG for dataset_consumes_1
[2025-11-19T02:29:09.313+0000] {logging_mixin.py:188} INFO - [2025-11-19T02:29:09.312+0000] {dag.py:3823} INFO - Setting next_dagrun for dataset_consumes_1 to None, run_after=None
[2025-11-19T02:29:09.314+0000] {logging_mixin.py:188} INFO - [2025-11-19T02:29:09.314+0000] {dag.py:3823} INFO - Setting next_dagrun for dataset_consumes_1_and_2 to None, run_after=None
[2025-11-19T02:29:09.315+0000] {logging_mixin.py:188} INFO - [2025-11-19T02:29:09.315+0000] {dag.py:3823} INFO - Setting next_dagrun for dataset_consumes_1_never_scheduled to None, run_after=None
[2025-11-19T02:29:09.316+0000] {logging_mixin.py:188} INFO - [2025-11-19T02:29:09.316+0000] {dag.py:3823} INFO - Setting next_dagrun for dataset_consumes_unknown_never_scheduled to None, run_after=None
[2025-11-19T02:29:09.321+0000] {logging_mixin.py:188} INFO - [2025-11-19T02:29:09.320+0000] {dag.py:3823} INFO - Setting next_dagrun for dataset_produces_1 to 2025-11-18 00:00:00+00:00, run_after=2025-11-19 00:00:00+00:00
[2025-11-19T02:29:09.323+0000] {logging_mixin.py:188} INFO - [2025-11-19T02:29:09.322+0000] {dag.py:3823} INFO - Setting next_dagrun for dataset_produces_2 to None, run_after=None
[2025-11-19T02:29:09.389+0000] {processor.py:183} INFO - Processing /home/airflow/.local/lib/python3.8/site-packages/airflow/example_dags/example_datasets.py took 0.574 seconds
[2025-11-19T02:45:57.487+0000] {processor.py:161} INFO - Started process (PID=76) to work on /home/airflow/.local/lib/python3.8/site-packages/airflow/example_dags/example_datasets.py
[2025-11-19T02:45:57.488+0000] {processor.py:830} INFO - Processing file /home/airflow/.local/lib/python3.8/site-packages/airflow/example_dags/example_datasets.py for tasks to queue
[2025-11-19T02:45:57.491+0000] {logging_mixin.py:188} INFO - [2025-11-19T02:45:57.491+0000] {dagbag.py:538} INFO - Filling up the DagBag from /home/airflow/.local/lib/python3.8/site-packages/airflow/example_dags/example_datasets.py
[2025-11-19T02:45:57.509+0000] {processor.py:840} INFO - DAG(s) 'dataset_produces_1', 'dataset_produces_2', 'dataset_consumes_1_and_2', 'dataset_consumes_1_never_scheduled', 'dataset_consumes_1', 'dataset_consumes_unknown_never_scheduled' retrieved from /home/airflow/.local/lib/python3.8/site-packages/airflow/example_dags/example_datasets.py
[2025-11-19T02:45:57.668+0000] {logging_mixin.py:188} INFO - [2025-11-19T02:45:57.668+0000] {override.py:1769} INFO - Created Permission View: can read on DAG:dataset_produces_1
[2025-11-19T02:45:57.684+0000] {logging_mixin.py:188} INFO - [2025-11-19T02:45:57.683+0000] {override.py:1769} INFO - Created Permission View: can edit on DAG:dataset_produces_1
[2025-11-19T02:45:57.696+0000] {logging_mixin.py:188} INFO - [2025-11-19T02:45:57.695+0000] {override.py:1769} INFO - Created Permission View: can delete on DAG:dataset_produces_1
[2025-11-19T02:45:57.714+0000] {logging_mixin.py:188} INFO - [2025-11-19T02:45:57.713+0000] {override.py:1769} INFO - Created Permission View: can read on DAG:dataset_produces_2
[2025-11-19T02:45:57.724+0000] {logging_mixin.py:188} INFO - [2025-11-19T02:45:57.724+0000] {override.py:1769} INFO - Created Permission View: can edit on DAG:dataset_produces_2
[2025-11-19T02:45:57.738+0000] {logging_mixin.py:188} INFO - [2025-11-19T02:45:57.738+0000] {override.py:1769} INFO - Created Permission View: can delete on DAG:dataset_produces_2
[2025-11-19T02:45:57.759+0000] {logging_mixin.py:188} INFO - [2025-11-19T02:45:57.758+0000] {override.py:1769} INFO - Created Permission View: can read on DAG:dataset_consumes_1_and_2
[2025-11-19T02:45:57.771+0000] {logging_mixin.py:188} INFO - [2025-11-19T02:45:57.771+0000] {override.py:1769} INFO - Created Permission View: can edit on DAG:dataset_consumes_1_and_2
[2025-11-19T02:45:57.782+0000] {logging_mixin.py:188} INFO - [2025-11-19T02:45:57.781+0000] {override.py:1769} INFO - Created Permission View: can delete on DAG:dataset_consumes_1_and_2
[2025-11-19T02:45:57.800+0000] {logging_mixin.py:188} INFO - [2025-11-19T02:45:57.799+0000] {override.py:1769} INFO - Created Permission View: can read on DAG:dataset_consumes_1_never_scheduled
[2025-11-19T02:45:57.808+0000] {logging_mixin.py:188} INFO - [2025-11-19T02:45:57.807+0000] {override.py:1769} INFO - Created Permission View: can edit on DAG:dataset_consumes_1_never_scheduled
[2025-11-19T02:45:57.818+0000] {logging_mixin.py:188} INFO - [2025-11-19T02:45:57.818+0000] {override.py:1769} INFO - Created Permission View: can delete on DAG:dataset_consumes_1_never_scheduled
[2025-11-19T02:45:57.836+0000] {logging_mixin.py:188} INFO - [2025-11-19T02:45:57.835+0000] {override.py:1769} INFO - Created Permission View: can read on DAG:dataset_consumes_1
[2025-11-19T02:45:57.849+0000] {logging_mixin.py:188} INFO - [2025-11-19T02:45:57.848+0000] {override.py:1769} INFO - Created Permission View: can edit on DAG:dataset_consumes_1
[2025-11-19T02:45:57.861+0000] {logging_mixin.py:188} INFO - [2025-11-19T02:45:57.860+0000] {override.py:1769} INFO - Created Permission View: can delete on DAG:dataset_consumes_1
[2025-11-19T02:45:57.882+0000] {logging_mixin.py:188} INFO - [2025-11-19T02:45:57.881+0000] {override.py:1769} INFO - Created Permission View: can read on DAG:dataset_consumes_unknown_never_scheduled
[2025-11-19T02:45:57.896+0000] {logging_mixin.py:188} INFO - [2025-11-19T02:45:57.895+0000] {override.py:1769} INFO - Created Permission View: can edit on DAG:dataset_consumes_unknown_never_scheduled
[2025-11-19T02:45:57.907+0000] {logging_mixin.py:188} INFO - [2025-11-19T02:45:57.906+0000] {override.py:1769} INFO - Created Permission View: can delete on DAG:dataset_consumes_unknown_never_scheduled
[2025-11-19T02:45:57.907+0000] {logging_mixin.py:188} INFO - [2025-11-19T02:45:57.907+0000] {dag.py:3036} INFO - Sync 6 DAGs
[2025-11-19T02:45:57.925+0000] {logging_mixin.py:188} INFO - [2025-11-19T02:45:57.924+0000] {dag.py:3058} INFO - Creating ORM DAG for dataset_produces_2
[2025-11-19T02:45:57.926+0000] {logging_mixin.py:188} INFO - [2025-11-19T02:45:57.926+0000] {dag.py:3058} INFO - Creating ORM DAG for dataset_consumes_1_and_2
[2025-11-19T02:45:57.928+0000] {logging_mixin.py:188} INFO - [2025-11-19T02:45:57.927+0000] {dag.py:3058} INFO - Creating ORM DAG for dataset_produces_1
[2025-11-19T02:45:57.929+0000] {logging_mixin.py:188} INFO - [2025-11-19T02:45:57.928+0000] {dag.py:3058} INFO - Creating ORM DAG for dataset_consumes_1_never_scheduled
[2025-11-19T02:45:57.930+0000] {logging_mixin.py:188} INFO - [2025-11-19T02:45:57.930+0000] {dag.py:3058} INFO - Creating ORM DAG for dataset_consumes_1
[2025-11-19T02:45:57.931+0000] {logging_mixin.py:188} INFO - [2025-11-19T02:45:57.931+0000] {dag.py:3058} INFO - Creating ORM DAG for dataset_consumes_unknown_never_scheduled
[2025-11-19T02:45:57.944+0000] {logging_mixin.py:188} INFO - [2025-11-19T02:45:57.943+0000] {dag.py:3823} INFO - Setting next_dagrun for dataset_consumes_1 to None, run_after=None
[2025-11-19T02:45:57.945+0000] {logging_mixin.py:188} INFO - [2025-11-19T02:45:57.945+0000] {dag.py:3823} INFO - Setting next_dagrun for dataset_consumes_1_and_2 to None, run_after=None
[2025-11-19T02:45:57.947+0000] {logging_mixin.py:188} INFO - [2025-11-19T02:45:57.946+0000] {dag.py:3823} INFO - Setting next_dagrun for dataset_consumes_1_never_scheduled to None, run_after=None
[2025-11-19T02:45:57.948+0000] {logging_mixin.py:188} INFO - [2025-11-19T02:45:57.948+0000] {dag.py:3823} INFO - Setting next_dagrun for dataset_consumes_unknown_never_scheduled to None, run_after=None
[2025-11-19T02:45:57.952+0000] {logging_mixin.py:188} INFO - [2025-11-19T02:45:57.951+0000] {dag.py:3823} INFO - Setting next_dagrun for dataset_produces_1 to 2025-11-18 00:00:00+00:00, run_after=2025-11-19 00:00:00+00:00
[2025-11-19T02:45:57.953+0000] {logging_mixin.py:188} INFO - [2025-11-19T02:45:57.953+0000] {dag.py:3823} INFO - Setting next_dagrun for dataset_produces_2 to None, run_after=None
[2025-11-19T02:45:58.012+0000] {processor.py:183} INFO - Processing /home/airflow/.local/lib/python3.8/site-packages/airflow/example_dags/example_datasets.py took 0.531 seconds
[2025-11-19T02:46:28.361+0000] {processor.py:161} INFO - Started process (PID=134) to work on /home/airflow/.local/lib/python3.8/site-packages/airflow/example_dags/example_datasets.py
[2025-11-19T02:46:28.363+0000] {processor.py:830} INFO - Processing file /home/airflow/.local/lib/python3.8/site-packages/airflow/example_dags/example_datasets.py for tasks to queue
[2025-11-19T02:46:28.365+0000] {logging_mixin.py:188} INFO - [2025-11-19T02:46:28.364+0000] {dagbag.py:538} INFO - Filling up the DagBag from /home/airflow/.local/lib/python3.8/site-packages/airflow/example_dags/example_datasets.py
[2025-11-19T02:46:28.374+0000] {processor.py:840} INFO - DAG(s) 'dataset_produces_1', 'dataset_consumes_1_and_2', 'dataset_consumes_1', 'dataset_consumes_1_never_scheduled', 'dataset_produces_2', 'dataset_consumes_unknown_never_scheduled' retrieved from /home/airflow/.local/lib/python3.8/site-packages/airflow/example_dags/example_datasets.py
[2025-11-19T02:46:28.409+0000] {logging_mixin.py:188} INFO - [2025-11-19T02:46:28.409+0000] {dag.py:3036} INFO - Sync 6 DAGs
[2025-11-19T02:46:28.429+0000] {logging_mixin.py:188} INFO - [2025-11-19T02:46:28.429+0000] {dag.py:3823} INFO - Setting next_dagrun for dataset_consumes_1 to None, run_after=None
[2025-11-19T02:46:28.434+0000] {logging_mixin.py:188} INFO - [2025-11-19T02:46:28.434+0000] {dag.py:3823} INFO - Setting next_dagrun for dataset_consumes_1_and_2 to None, run_after=None
[2025-11-19T02:46:28.436+0000] {logging_mixin.py:188} INFO - [2025-11-19T02:46:28.436+0000] {dag.py:3823} INFO - Setting next_dagrun for dataset_consumes_1_never_scheduled to None, run_after=None
[2025-11-19T02:46:28.437+0000] {logging_mixin.py:188} INFO - [2025-11-19T02:46:28.437+0000] {dag.py:3823} INFO - Setting next_dagrun for dataset_consumes_unknown_never_scheduled to None, run_after=None
[2025-11-19T02:46:28.440+0000] {logging_mixin.py:188} INFO - [2025-11-19T02:46:28.440+0000] {dag.py:3823} INFO - Setting next_dagrun for dataset_produces_1 to 2025-11-18 00:00:00+00:00, run_after=2025-11-19 00:00:00+00:00
[2025-11-19T02:46:28.442+0000] {logging_mixin.py:188} INFO - [2025-11-19T02:46:28.441+0000] {dag.py:3823} INFO - Setting next_dagrun for dataset_produces_2 to None, run_after=None
[2025-11-19T02:46:28.474+0000] {processor.py:183} INFO - Processing /home/airflow/.local/lib/python3.8/site-packages/airflow/example_dags/example_datasets.py took 0.116 seconds
[2025-11-19T02:46:58.644+0000] {processor.py:161} INFO - Started process (PID=193) to work on /home/airflow/.local/lib/python3.8/site-packages/airflow/example_dags/example_datasets.py
[2025-11-19T02:46:58.645+0000] {processor.py:830} INFO - Processing file /home/airflow/.local/lib/python3.8/site-packages/airflow/example_dags/example_datasets.py for tasks to queue
[2025-11-19T02:46:58.647+0000] {logging_mixin.py:188} INFO - [2025-11-19T02:46:58.647+0000] {dagbag.py:538} INFO - Filling up the DagBag from /home/airflow/.local/lib/python3.8/site-packages/airflow/example_dags/example_datasets.py
[2025-11-19T02:46:58.655+0000] {processor.py:840} INFO - DAG(s) 'dataset_produces_1', 'dataset_consumes_unknown_never_scheduled', 'dataset_consumes_1_never_scheduled', 'dataset_produces_2', 'dataset_consumes_1_and_2', 'dataset_consumes_1' retrieved from /home/airflow/.local/lib/python3.8/site-packages/airflow/example_dags/example_datasets.py
[2025-11-19T02:46:58.670+0000] {logging_mixin.py:188} INFO - [2025-11-19T02:46:58.670+0000] {dag.py:3036} INFO - Sync 6 DAGs
[2025-11-19T02:46:58.689+0000] {logging_mixin.py:188} INFO - [2025-11-19T02:46:58.689+0000] {dag.py:3823} INFO - Setting next_dagrun for dataset_consumes_1 to None, run_after=None
[2025-11-19T02:46:58.692+0000] {logging_mixin.py:188} INFO - [2025-11-19T02:46:58.692+0000] {dag.py:3823} INFO - Setting next_dagrun for dataset_consumes_1_and_2 to None, run_after=None
[2025-11-19T02:46:58.694+0000] {logging_mixin.py:188} INFO - [2025-11-19T02:46:58.694+0000] {dag.py:3823} INFO - Setting next_dagrun for dataset_consumes_1_never_scheduled to None, run_after=None
[2025-11-19T02:46:58.695+0000] {logging_mixin.py:188} INFO - [2025-11-19T02:46:58.695+0000] {dag.py:3823} INFO - Setting next_dagrun for dataset_consumes_unknown_never_scheduled to None, run_after=None
[2025-11-19T02:46:58.698+0000] {logging_mixin.py:188} INFO - [2025-11-19T02:46:58.698+0000] {dag.py:3823} INFO - Setting next_dagrun for dataset_produces_1 to 2025-11-18 00:00:00+00:00, run_after=2025-11-19 00:00:00+00:00
[2025-11-19T02:46:58.700+0000] {logging_mixin.py:188} INFO - [2025-11-19T02:46:58.700+0000] {dag.py:3823} INFO - Setting next_dagrun for dataset_produces_2 to None, run_after=None
[2025-11-19T02:46:58.732+0000] {processor.py:183} INFO - Processing /home/airflow/.local/lib/python3.8/site-packages/airflow/example_dags/example_datasets.py took 0.091 seconds
[2025-11-19T02:47:29.665+0000] {processor.py:161} INFO - Started process (PID=252) to work on /home/airflow/.local/lib/python3.8/site-packages/airflow/example_dags/example_datasets.py
[2025-11-19T02:47:29.667+0000] {processor.py:830} INFO - Processing file /home/airflow/.local/lib/python3.8/site-packages/airflow/example_dags/example_datasets.py for tasks to queue
[2025-11-19T02:47:29.669+0000] {logging_mixin.py:188} INFO - [2025-11-19T02:47:29.668+0000] {dagbag.py:538} INFO - Filling up the DagBag from /home/airflow/.local/lib/python3.8/site-packages/airflow/example_dags/example_datasets.py
[2025-11-19T02:47:29.678+0000] {processor.py:840} INFO - DAG(s) 'dataset_consumes_unknown_never_scheduled', 'dataset_consumes_1_and_2', 'dataset_produces_1', 'dataset_consumes_1', 'dataset_consumes_1_never_scheduled', 'dataset_produces_2' retrieved from /home/airflow/.local/lib/python3.8/site-packages/airflow/example_dags/example_datasets.py
[2025-11-19T02:47:29.856+0000] {logging_mixin.py:188} INFO - [2025-11-19T02:47:29.855+0000] {dag.py:3036} INFO - Sync 6 DAGs
[2025-11-19T02:47:29.882+0000] {logging_mixin.py:188} INFO - [2025-11-19T02:47:29.882+0000] {dag.py:3823} INFO - Setting next_dagrun for dataset_consumes_1 to None, run_after=None
[2025-11-19T02:47:29.886+0000] {logging_mixin.py:188} INFO - [2025-11-19T02:47:29.886+0000] {dag.py:3823} INFO - Setting next_dagrun for dataset_consumes_1_and_2 to None, run_after=None
[2025-11-19T02:47:29.889+0000] {logging_mixin.py:188} INFO - [2025-11-19T02:47:29.889+0000] {dag.py:3823} INFO - Setting next_dagrun for dataset_consumes_1_never_scheduled to None, run_after=None
[2025-11-19T02:47:29.892+0000] {logging_mixin.py:188} INFO - [2025-11-19T02:47:29.891+0000] {dag.py:3823} INFO - Setting next_dagrun for dataset_consumes_unknown_never_scheduled to None, run_after=None
[2025-11-19T02:47:29.894+0000] {logging_mixin.py:188} INFO - [2025-11-19T02:47:29.894+0000] {dag.py:3823} INFO - Setting next_dagrun for dataset_produces_1 to 2025-11-18 00:00:00+00:00, run_after=2025-11-19 00:00:00+00:00
[2025-11-19T02:47:29.896+0000] {logging_mixin.py:188} INFO - [2025-11-19T02:47:29.896+0000] {dag.py:3823} INFO - Setting next_dagrun for dataset_produces_2 to None, run_after=None
[2025-11-19T02:47:29.933+0000] {processor.py:183} INFO - Processing /home/airflow/.local/lib/python3.8/site-packages/airflow/example_dags/example_datasets.py took 0.271 seconds
[2025-11-19T02:48:00.794+0000] {processor.py:161} INFO - Started process (PID=311) to work on /home/airflow/.local/lib/python3.8/site-packages/airflow/example_dags/example_datasets.py
[2025-11-19T02:48:00.795+0000] {processor.py:830} INFO - Processing file /home/airflow/.local/lib/python3.8/site-packages/airflow/example_dags/example_datasets.py for tasks to queue
[2025-11-19T02:48:00.797+0000] {logging_mixin.py:188} INFO - [2025-11-19T02:48:00.796+0000] {dagbag.py:538} INFO - Filling up the DagBag from /home/airflow/.local/lib/python3.8/site-packages/airflow/example_dags/example_datasets.py
[2025-11-19T02:48:00.809+0000] {processor.py:840} INFO - DAG(s) 'dataset_produces_2', 'dataset_produces_1', 'dataset_consumes_1', 'dataset_consumes_1_never_scheduled', 'dataset_consumes_1_and_2', 'dataset_consumes_unknown_never_scheduled' retrieved from /home/airflow/.local/lib/python3.8/site-packages/airflow/example_dags/example_datasets.py
[2025-11-19T02:48:00.845+0000] {logging_mixin.py:188} INFO - [2025-11-19T02:48:00.845+0000] {dag.py:3036} INFO - Sync 6 DAGs
[2025-11-19T02:48:00.865+0000] {logging_mixin.py:188} INFO - [2025-11-19T02:48:00.864+0000] {dag.py:3823} INFO - Setting next_dagrun for dataset_consumes_1 to None, run_after=None
[2025-11-19T02:48:00.868+0000] {logging_mixin.py:188} INFO - [2025-11-19T02:48:00.868+0000] {dag.py:3823} INFO - Setting next_dagrun for dataset_consumes_1_and_2 to None, run_after=None
[2025-11-19T02:48:00.870+0000] {logging_mixin.py:188} INFO - [2025-11-19T02:48:00.870+0000] {dag.py:3823} INFO - Setting next_dagrun for dataset_consumes_1_never_scheduled to None, run_after=None
[2025-11-19T02:48:00.871+0000] {logging_mixin.py:188} INFO - [2025-11-19T02:48:00.871+0000] {dag.py:3823} INFO - Setting next_dagrun for dataset_consumes_unknown_never_scheduled to None, run_after=None
[2025-11-19T02:48:00.874+0000] {logging_mixin.py:188} INFO - [2025-11-19T02:48:00.874+0000] {dag.py:3823} INFO - Setting next_dagrun for dataset_produces_1 to 2025-11-18 00:00:00+00:00, run_after=2025-11-19 00:00:00+00:00
[2025-11-19T02:48:00.876+0000] {logging_mixin.py:188} INFO - [2025-11-19T02:48:00.876+0000] {dag.py:3823} INFO - Setting next_dagrun for dataset_produces_2 to None, run_after=None
[2025-11-19T02:48:00.913+0000] {processor.py:183} INFO - Processing /home/airflow/.local/lib/python3.8/site-packages/airflow/example_dags/example_datasets.py took 0.122 seconds
[2025-11-19T02:48:31.024+0000] {processor.py:161} INFO - Started process (PID=370) to work on /home/airflow/.local/lib/python3.8/site-packages/airflow/example_dags/example_datasets.py
[2025-11-19T02:48:31.025+0000] {processor.py:830} INFO - Processing file /home/airflow/.local/lib/python3.8/site-packages/airflow/example_dags/example_datasets.py for tasks to queue
[2025-11-19T02:48:31.028+0000] {logging_mixin.py:188} INFO - [2025-11-19T02:48:31.027+0000] {dagbag.py:538} INFO - Filling up the DagBag from /home/airflow/.local/lib/python3.8/site-packages/airflow/example_dags/example_datasets.py
[2025-11-19T02:48:31.036+0000] {processor.py:840} INFO - DAG(s) 'dataset_consumes_1_and_2', 'dataset_produces_2', 'dataset_consumes_1', 'dataset_consumes_1_never_scheduled', 'dataset_produces_1', 'dataset_consumes_unknown_never_scheduled' retrieved from /home/airflow/.local/lib/python3.8/site-packages/airflow/example_dags/example_datasets.py
[2025-11-19T02:48:31.067+0000] {logging_mixin.py:188} INFO - [2025-11-19T02:48:31.067+0000] {dag.py:3036} INFO - Sync 6 DAGs
[2025-11-19T02:48:31.086+0000] {logging_mixin.py:188} INFO - [2025-11-19T02:48:31.086+0000] {dag.py:3823} INFO - Setting next_dagrun for dataset_consumes_1 to None, run_after=None
[2025-11-19T02:48:31.090+0000] {logging_mixin.py:188} INFO - [2025-11-19T02:48:31.089+0000] {dag.py:3823} INFO - Setting next_dagrun for dataset_consumes_1_and_2 to None, run_after=None
[2025-11-19T02:48:31.092+0000] {logging_mixin.py:188} INFO - [2025-11-19T02:48:31.092+0000] {dag.py:3823} INFO - Setting next_dagrun for dataset_consumes_1_never_scheduled to None, run_after=None
[2025-11-19T02:48:31.094+0000] {logging_mixin.py:188} INFO - [2025-11-19T02:48:31.094+0000] {dag.py:3823} INFO - Setting next_dagrun for dataset_consumes_unknown_never_scheduled to None, run_after=None
[2025-11-19T02:48:31.097+0000] {logging_mixin.py:188} INFO - [2025-11-19T02:48:31.096+0000] {dag.py:3823} INFO - Setting next_dagrun for dataset_produces_1 to 2025-11-18 00:00:00+00:00, run_after=2025-11-19 00:00:00+00:00
[2025-11-19T02:48:31.099+0000] {logging_mixin.py:188} INFO - [2025-11-19T02:48:31.099+0000] {dag.py:3823} INFO - Setting next_dagrun for dataset_produces_2 to None, run_after=None
[2025-11-19T02:48:31.127+0000] {processor.py:183} INFO - Processing /home/airflow/.local/lib/python3.8/site-packages/airflow/example_dags/example_datasets.py took 0.106 seconds
[2025-11-19T02:49:01.177+0000] {processor.py:161} INFO - Started process (PID=429) to work on /home/airflow/.local/lib/python3.8/site-packages/airflow/example_dags/example_datasets.py
[2025-11-19T02:49:01.178+0000] {processor.py:830} INFO - Processing file /home/airflow/.local/lib/python3.8/site-packages/airflow/example_dags/example_datasets.py for tasks to queue
[2025-11-19T02:49:01.180+0000] {logging_mixin.py:188} INFO - [2025-11-19T02:49:01.180+0000] {dagbag.py:538} INFO - Filling up the DagBag from /home/airflow/.local/lib/python3.8/site-packages/airflow/example_dags/example_datasets.py
[2025-11-19T02:49:01.191+0000] {processor.py:840} INFO - DAG(s) 'dataset_consumes_unknown_never_scheduled', 'dataset_produces_2', 'dataset_produces_1', 'dataset_consumes_1_and_2', 'dataset_consumes_1_never_scheduled', 'dataset_consumes_1' retrieved from /home/airflow/.local/lib/python3.8/site-packages/airflow/example_dags/example_datasets.py
[2025-11-19T02:49:01.233+0000] {logging_mixin.py:188} INFO - [2025-11-19T02:49:01.232+0000] {dag.py:3036} INFO - Sync 6 DAGs
[2025-11-19T02:49:01.254+0000] {logging_mixin.py:188} INFO - [2025-11-19T02:49:01.254+0000] {dag.py:3823} INFO - Setting next_dagrun for dataset_consumes_1 to None, run_after=None
[2025-11-19T02:49:01.258+0000] {logging_mixin.py:188} INFO - [2025-11-19T02:49:01.258+0000] {dag.py:3823} INFO - Setting next_dagrun for dataset_consumes_1_and_2 to None, run_after=None
[2025-11-19T02:49:01.260+0000] {logging_mixin.py:188} INFO - [2025-11-19T02:49:01.260+0000] {dag.py:3823} INFO - Setting next_dagrun for dataset_consumes_1_never_scheduled to None, run_after=None
[2025-11-19T02:49:01.262+0000] {logging_mixin.py:188} INFO - [2025-11-19T02:49:01.261+0000] {dag.py:3823} INFO - Setting next_dagrun for dataset_consumes_unknown_never_scheduled to None, run_after=None
[2025-11-19T02:49:01.265+0000] {logging_mixin.py:188} INFO - [2025-11-19T02:49:01.264+0000] {dag.py:3823} INFO - Setting next_dagrun for dataset_produces_1 to 2025-11-18 00:00:00+00:00, run_after=2025-11-19 00:00:00+00:00
[2025-11-19T02:49:01.267+0000] {logging_mixin.py:188} INFO - [2025-11-19T02:49:01.267+0000] {dag.py:3823} INFO - Setting next_dagrun for dataset_produces_2 to None, run_after=None
[2025-11-19T02:49:01.305+0000] {processor.py:183} INFO - Processing /home/airflow/.local/lib/python3.8/site-packages/airflow/example_dags/example_datasets.py took 0.131 seconds
[2025-11-19T02:49:31.387+0000] {processor.py:161} INFO - Started process (PID=488) to work on /home/airflow/.local/lib/python3.8/site-packages/airflow/example_dags/example_datasets.py
[2025-11-19T02:49:31.389+0000] {processor.py:830} INFO - Processing file /home/airflow/.local/lib/python3.8/site-packages/airflow/example_dags/example_datasets.py for tasks to queue
[2025-11-19T02:49:31.390+0000] {logging_mixin.py:188} INFO - [2025-11-19T02:49:31.390+0000] {dagbag.py:538} INFO - Filling up the DagBag from /home/airflow/.local/lib/python3.8/site-packages/airflow/example_dags/example_datasets.py
[2025-11-19T02:49:31.398+0000] {processor.py:840} INFO - DAG(s) 'dataset_consumes_1', 'dataset_consumes_1_never_scheduled', 'dataset_produces_2', 'dataset_consumes_1_and_2', 'dataset_consumes_unknown_never_scheduled', 'dataset_produces_1' retrieved from /home/airflow/.local/lib/python3.8/site-packages/airflow/example_dags/example_datasets.py
[2025-11-19T02:49:31.429+0000] {logging_mixin.py:188} INFO - [2025-11-19T02:49:31.429+0000] {dag.py:3036} INFO - Sync 6 DAGs
[2025-11-19T02:49:31.446+0000] {logging_mixin.py:188} INFO - [2025-11-19T02:49:31.446+0000] {dag.py:3823} INFO - Setting next_dagrun for dataset_consumes_1 to None, run_after=None
[2025-11-19T02:49:31.450+0000] {logging_mixin.py:188} INFO - [2025-11-19T02:49:31.450+0000] {dag.py:3823} INFO - Setting next_dagrun for dataset_consumes_1_and_2 to None, run_after=None
[2025-11-19T02:49:31.451+0000] {logging_mixin.py:188} INFO - [2025-11-19T02:49:31.451+0000] {dag.py:3823} INFO - Setting next_dagrun for dataset_consumes_1_never_scheduled to None, run_after=None
[2025-11-19T02:49:31.453+0000] {logging_mixin.py:188} INFO - [2025-11-19T02:49:31.453+0000] {dag.py:3823} INFO - Setting next_dagrun for dataset_consumes_unknown_never_scheduled to None, run_after=None
[2025-11-19T02:49:31.456+0000] {logging_mixin.py:188} INFO - [2025-11-19T02:49:31.456+0000] {dag.py:3823} INFO - Setting next_dagrun for dataset_produces_1 to 2025-11-18 00:00:00+00:00, run_after=2025-11-19 00:00:00+00:00
[2025-11-19T02:49:31.458+0000] {logging_mixin.py:188} INFO - [2025-11-19T02:49:31.458+0000] {dag.py:3823} INFO - Setting next_dagrun for dataset_produces_2 to None, run_after=None
[2025-11-19T02:49:31.488+0000] {processor.py:183} INFO - Processing /home/airflow/.local/lib/python3.8/site-packages/airflow/example_dags/example_datasets.py took 0.103 seconds
[2025-11-19T02:50:01.537+0000] {processor.py:161} INFO - Started process (PID=547) to work on /home/airflow/.local/lib/python3.8/site-packages/airflow/example_dags/example_datasets.py
[2025-11-19T02:50:01.538+0000] {processor.py:830} INFO - Processing file /home/airflow/.local/lib/python3.8/site-packages/airflow/example_dags/example_datasets.py for tasks to queue
[2025-11-19T02:50:01.540+0000] {logging_mixin.py:188} INFO - [2025-11-19T02:50:01.540+0000] {dagbag.py:538} INFO - Filling up the DagBag from /home/airflow/.local/lib/python3.8/site-packages/airflow/example_dags/example_datasets.py
[2025-11-19T02:50:01.549+0000] {processor.py:840} INFO - DAG(s) 'dataset_consumes_1_and_2', 'dataset_consumes_unknown_never_scheduled', 'dataset_produces_2', 'dataset_consumes_1', 'dataset_consumes_1_never_scheduled', 'dataset_produces_1' retrieved from /home/airflow/.local/lib/python3.8/site-packages/airflow/example_dags/example_datasets.py
[2025-11-19T02:50:01.584+0000] {logging_mixin.py:188} INFO - [2025-11-19T02:50:01.584+0000] {dag.py:3036} INFO - Sync 6 DAGs
[2025-11-19T02:50:01.604+0000] {logging_mixin.py:188} INFO - [2025-11-19T02:50:01.604+0000] {dag.py:3823} INFO - Setting next_dagrun for dataset_consumes_1 to None, run_after=None
[2025-11-19T02:50:01.608+0000] {logging_mixin.py:188} INFO - [2025-11-19T02:50:01.608+0000] {dag.py:3823} INFO - Setting next_dagrun for dataset_consumes_1_and_2 to None, run_after=None
[2025-11-19T02:50:01.610+0000] {logging_mixin.py:188} INFO - [2025-11-19T02:50:01.610+0000] {dag.py:3823} INFO - Setting next_dagrun for dataset_consumes_1_never_scheduled to None, run_after=None
[2025-11-19T02:50:01.611+0000] {logging_mixin.py:188} INFO - [2025-11-19T02:50:01.611+0000] {dag.py:3823} INFO - Setting next_dagrun for dataset_consumes_unknown_never_scheduled to None, run_after=None
[2025-11-19T02:50:01.615+0000] {logging_mixin.py:188} INFO - [2025-11-19T02:50:01.615+0000] {dag.py:3823} INFO - Setting next_dagrun for dataset_produces_1 to 2025-11-18 00:00:00+00:00, run_after=2025-11-19 00:00:00+00:00
[2025-11-19T02:50:01.617+0000] {logging_mixin.py:188} INFO - [2025-11-19T02:50:01.617+0000] {dag.py:3823} INFO - Setting next_dagrun for dataset_produces_2 to None, run_after=None
[2025-11-19T02:50:01.647+0000] {processor.py:183} INFO - Processing /home/airflow/.local/lib/python3.8/site-packages/airflow/example_dags/example_datasets.py took 0.113 seconds
[2025-11-19T02:50:32.040+0000] {processor.py:161} INFO - Started process (PID=606) to work on /home/airflow/.local/lib/python3.8/site-packages/airflow/example_dags/example_datasets.py
[2025-11-19T02:50:32.041+0000] {processor.py:830} INFO - Processing file /home/airflow/.local/lib/python3.8/site-packages/airflow/example_dags/example_datasets.py for tasks to queue
[2025-11-19T02:50:32.043+0000] {logging_mixin.py:188} INFO - [2025-11-19T02:50:32.042+0000] {dagbag.py:538} INFO - Filling up the DagBag from /home/airflow/.local/lib/python3.8/site-packages/airflow/example_dags/example_datasets.py
[2025-11-19T02:50:32.051+0000] {processor.py:840} INFO - DAG(s) 'dataset_consumes_1_never_scheduled', 'dataset_produces_2', 'dataset_consumes_1_and_2', 'dataset_consumes_unknown_never_scheduled', 'dataset_consumes_1', 'dataset_produces_1' retrieved from /home/airflow/.local/lib/python3.8/site-packages/airflow/example_dags/example_datasets.py
[2025-11-19T02:50:32.081+0000] {logging_mixin.py:188} INFO - [2025-11-19T02:50:32.080+0000] {dag.py:3036} INFO - Sync 6 DAGs
[2025-11-19T02:50:32.098+0000] {logging_mixin.py:188} INFO - [2025-11-19T02:50:32.097+0000] {dag.py:3823} INFO - Setting next_dagrun for dataset_consumes_1 to None, run_after=None
[2025-11-19T02:50:32.101+0000] {logging_mixin.py:188} INFO - [2025-11-19T02:50:32.101+0000] {dag.py:3823} INFO - Setting next_dagrun for dataset_consumes_1_and_2 to None, run_after=None
[2025-11-19T02:50:32.103+0000] {logging_mixin.py:188} INFO - [2025-11-19T02:50:32.103+0000] {dag.py:3823} INFO - Setting next_dagrun for dataset_consumes_1_never_scheduled to None, run_after=None
[2025-11-19T02:50:32.104+0000] {logging_mixin.py:188} INFO - [2025-11-19T02:50:32.104+0000] {dag.py:3823} INFO - Setting next_dagrun for dataset_consumes_unknown_never_scheduled to None, run_after=None
[2025-11-19T02:50:32.108+0000] {logging_mixin.py:188} INFO - [2025-11-19T02:50:32.108+0000] {dag.py:3823} INFO - Setting next_dagrun for dataset_produces_1 to 2025-11-18 00:00:00+00:00, run_after=2025-11-19 00:00:00+00:00
[2025-11-19T02:50:32.110+0000] {logging_mixin.py:188} INFO - [2025-11-19T02:50:32.110+0000] {dag.py:3823} INFO - Setting next_dagrun for dataset_produces_2 to None, run_after=None
[2025-11-19T02:50:32.141+0000] {processor.py:183} INFO - Processing /home/airflow/.local/lib/python3.8/site-packages/airflow/example_dags/example_datasets.py took 0.104 seconds
[2025-11-19T02:51:02.237+0000] {processor.py:161} INFO - Started process (PID=665) to work on /home/airflow/.local/lib/python3.8/site-packages/airflow/example_dags/example_datasets.py
[2025-11-19T02:51:02.238+0000] {processor.py:830} INFO - Processing file /home/airflow/.local/lib/python3.8/site-packages/airflow/example_dags/example_datasets.py for tasks to queue
[2025-11-19T02:51:02.240+0000] {logging_mixin.py:188} INFO - [2025-11-19T02:51:02.240+0000] {dagbag.py:538} INFO - Filling up the DagBag from /home/airflow/.local/lib/python3.8/site-packages/airflow/example_dags/example_datasets.py
[2025-11-19T02:51:02.248+0000] {processor.py:840} INFO - DAG(s) 'dataset_consumes_1_and_2', 'dataset_produces_2', 'dataset_produces_1', 'dataset_consumes_1', 'dataset_consumes_unknown_never_scheduled', 'dataset_consumes_1_never_scheduled' retrieved from /home/airflow/.local/lib/python3.8/site-packages/airflow/example_dags/example_datasets.py
[2025-11-19T02:51:02.280+0000] {logging_mixin.py:188} INFO - [2025-11-19T02:51:02.280+0000] {dag.py:3036} INFO - Sync 6 DAGs
[2025-11-19T02:51:02.298+0000] {logging_mixin.py:188} INFO - [2025-11-19T02:51:02.298+0000] {dag.py:3823} INFO - Setting next_dagrun for dataset_consumes_1 to None, run_after=None
[2025-11-19T02:51:02.303+0000] {logging_mixin.py:188} INFO - [2025-11-19T02:51:02.303+0000] {dag.py:3823} INFO - Setting next_dagrun for dataset_consumes_1_and_2 to None, run_after=None
[2025-11-19T02:51:02.304+0000] {logging_mixin.py:188} INFO - [2025-11-19T02:51:02.304+0000] {dag.py:3823} INFO - Setting next_dagrun for dataset_consumes_1_never_scheduled to None, run_after=None
[2025-11-19T02:51:02.306+0000] {logging_mixin.py:188} INFO - [2025-11-19T02:51:02.306+0000] {dag.py:3823} INFO - Setting next_dagrun for dataset_consumes_unknown_never_scheduled to None, run_after=None
[2025-11-19T02:51:02.310+0000] {logging_mixin.py:188} INFO - [2025-11-19T02:51:02.309+0000] {dag.py:3823} INFO - Setting next_dagrun for dataset_produces_1 to 2025-11-18 00:00:00+00:00, run_after=2025-11-19 00:00:00+00:00
[2025-11-19T02:51:02.312+0000] {logging_mixin.py:188} INFO - [2025-11-19T02:51:02.311+0000] {dag.py:3823} INFO - Setting next_dagrun for dataset_produces_2 to None, run_after=None
[2025-11-19T02:51:02.342+0000] {processor.py:183} INFO - Processing /home/airflow/.local/lib/python3.8/site-packages/airflow/example_dags/example_datasets.py took 0.110 seconds
