[2025-11-19T02:29:07.554+0000] {processor.py:161} INFO - Started process (PID=69) to work on /home/airflow/.local/lib/python3.8/site-packages/airflow/example_dags/example_sla_dag.py
[2025-11-19T02:29:07.556+0000] {processor.py:830} INFO - Processing file /home/airflow/.local/lib/python3.8/site-packages/airflow/example_dags/example_sla_dag.py for tasks to queue
[2025-11-19T02:29:07.559+0000] {logging_mixin.py:188} INFO - [2025-11-19T02:29:07.558+0000] {dagbag.py:538} INFO - Filling up the DagBag from /home/airflow/.local/lib/python3.8/site-packages/airflow/example_dags/example_sla_dag.py
[2025-11-19T02:29:07.576+0000] {processor.py:840} INFO - DAG(s) 'example_sla_dag' retrieved from /home/airflow/.local/lib/python3.8/site-packages/airflow/example_dags/example_sla_dag.py
[2025-11-19T02:29:07.743+0000] {logging_mixin.py:188} INFO - [2025-11-19T02:29:07.742+0000] {override.py:1769} INFO - Created Permission View: can read on DAG:example_sla_dag
[2025-11-19T02:29:07.760+0000] {logging_mixin.py:188} INFO - [2025-11-19T02:29:07.760+0000] {override.py:1769} INFO - Created Permission View: can edit on DAG:example_sla_dag
[2025-11-19T02:29:07.772+0000] {logging_mixin.py:188} INFO - [2025-11-19T02:29:07.771+0000] {override.py:1769} INFO - Created Permission View: can delete on DAG:example_sla_dag
[2025-11-19T02:29:07.773+0000] {logging_mixin.py:188} INFO - [2025-11-19T02:29:07.773+0000] {dag.py:3036} INFO - Sync 1 DAGs
[2025-11-19T02:29:07.788+0000] {logging_mixin.py:188} INFO - [2025-11-19T02:29:07.787+0000] {dag.py:3058} INFO - Creating ORM DAG for example_sla_dag
[2025-11-19T02:29:07.806+0000] {logging_mixin.py:188} INFO - [2025-11-19T02:29:07.806+0000] {dag.py:3823} INFO - Setting next_dagrun for example_sla_dag to 2025-11-19 02:26:00+00:00, run_after=2025-11-19 02:28:00+00:00
[2025-11-19T02:29:07.830+0000] {processor.py:183} INFO - Processing /home/airflow/.local/lib/python3.8/site-packages/airflow/example_dags/example_sla_dag.py took 0.281 seconds
[2025-11-19T02:45:56.192+0000] {processor.py:161} INFO - Started process (PID=69) to work on /home/airflow/.local/lib/python3.8/site-packages/airflow/example_dags/example_sla_dag.py
[2025-11-19T02:45:56.194+0000] {processor.py:830} INFO - Processing file /home/airflow/.local/lib/python3.8/site-packages/airflow/example_dags/example_sla_dag.py for tasks to queue
[2025-11-19T02:45:56.197+0000] {logging_mixin.py:188} INFO - [2025-11-19T02:45:56.196+0000] {dagbag.py:538} INFO - Filling up the DagBag from /home/airflow/.local/lib/python3.8/site-packages/airflow/example_dags/example_sla_dag.py
[2025-11-19T02:45:56.211+0000] {processor.py:840} INFO - DAG(s) 'example_sla_dag' retrieved from /home/airflow/.local/lib/python3.8/site-packages/airflow/example_dags/example_sla_dag.py
[2025-11-19T02:45:56.373+0000] {logging_mixin.py:188} INFO - [2025-11-19T02:45:56.372+0000] {override.py:1769} INFO - Created Permission View: can read on DAG:example_sla_dag
[2025-11-19T02:45:56.388+0000] {logging_mixin.py:188} INFO - [2025-11-19T02:45:56.388+0000] {override.py:1769} INFO - Created Permission View: can edit on DAG:example_sla_dag
[2025-11-19T02:45:56.399+0000] {logging_mixin.py:188} INFO - [2025-11-19T02:45:56.399+0000] {override.py:1769} INFO - Created Permission View: can delete on DAG:example_sla_dag
[2025-11-19T02:45:56.400+0000] {logging_mixin.py:188} INFO - [2025-11-19T02:45:56.399+0000] {dag.py:3036} INFO - Sync 1 DAGs
[2025-11-19T02:45:56.416+0000] {logging_mixin.py:188} INFO - [2025-11-19T02:45:56.416+0000] {dag.py:3058} INFO - Creating ORM DAG for example_sla_dag
[2025-11-19T02:45:56.434+0000] {logging_mixin.py:188} INFO - [2025-11-19T02:45:56.434+0000] {dag.py:3823} INFO - Setting next_dagrun for example_sla_dag to 2025-11-19 02:42:00+00:00, run_after=2025-11-19 02:44:00+00:00
[2025-11-19T02:45:56.458+0000] {processor.py:183} INFO - Processing /home/airflow/.local/lib/python3.8/site-packages/airflow/example_dags/example_sla_dag.py took 0.270 seconds
[2025-11-19T02:46:27.030+0000] {processor.py:161} INFO - Started process (PID=127) to work on /home/airflow/.local/lib/python3.8/site-packages/airflow/example_dags/example_sla_dag.py
[2025-11-19T02:46:27.031+0000] {processor.py:830} INFO - Processing file /home/airflow/.local/lib/python3.8/site-packages/airflow/example_dags/example_sla_dag.py for tasks to queue
[2025-11-19T02:46:27.032+0000] {logging_mixin.py:188} INFO - [2025-11-19T02:46:27.032+0000] {dagbag.py:538} INFO - Filling up the DagBag from /home/airflow/.local/lib/python3.8/site-packages/airflow/example_dags/example_sla_dag.py
[2025-11-19T02:46:27.039+0000] {processor.py:840} INFO - DAG(s) 'example_sla_dag' retrieved from /home/airflow/.local/lib/python3.8/site-packages/airflow/example_dags/example_sla_dag.py
[2025-11-19T02:46:27.058+0000] {logging_mixin.py:188} INFO - [2025-11-19T02:46:27.057+0000] {dag.py:3036} INFO - Sync 1 DAGs
[2025-11-19T02:46:27.075+0000] {logging_mixin.py:188} INFO - [2025-11-19T02:46:27.075+0000] {dag.py:3823} INFO - Setting next_dagrun for example_sla_dag to 2025-11-19 02:44:00+00:00, run_after=2025-11-19 02:46:00+00:00
[2025-11-19T02:46:27.093+0000] {processor.py:183} INFO - Processing /home/airflow/.local/lib/python3.8/site-packages/airflow/example_dags/example_sla_dag.py took 0.067 seconds
[2025-11-19T02:46:57.260+0000] {processor.py:161} INFO - Started process (PID=186) to work on /home/airflow/.local/lib/python3.8/site-packages/airflow/example_dags/example_sla_dag.py
[2025-11-19T02:46:57.261+0000] {processor.py:830} INFO - Processing file /home/airflow/.local/lib/python3.8/site-packages/airflow/example_dags/example_sla_dag.py for tasks to queue
[2025-11-19T02:46:57.263+0000] {logging_mixin.py:188} INFO - [2025-11-19T02:46:57.263+0000] {dagbag.py:538} INFO - Filling up the DagBag from /home/airflow/.local/lib/python3.8/site-packages/airflow/example_dags/example_sla_dag.py
[2025-11-19T02:46:57.271+0000] {processor.py:840} INFO - DAG(s) 'example_sla_dag' retrieved from /home/airflow/.local/lib/python3.8/site-packages/airflow/example_dags/example_sla_dag.py
[2025-11-19T02:46:57.282+0000] {logging_mixin.py:188} INFO - [2025-11-19T02:46:57.281+0000] {dag.py:3036} INFO - Sync 1 DAGs
[2025-11-19T02:46:57.301+0000] {logging_mixin.py:188} INFO - [2025-11-19T02:46:57.300+0000] {dag.py:3823} INFO - Setting next_dagrun for example_sla_dag to 2025-11-19 02:44:00+00:00, run_after=2025-11-19 02:46:00+00:00
[2025-11-19T02:46:57.318+0000] {processor.py:183} INFO - Processing /home/airflow/.local/lib/python3.8/site-packages/airflow/example_dags/example_sla_dag.py took 0.060 seconds
[2025-11-19T02:47:28.083+0000] {processor.py:161} INFO - Started process (PID=245) to work on /home/airflow/.local/lib/python3.8/site-packages/airflow/example_dags/example_sla_dag.py
[2025-11-19T02:47:28.084+0000] {processor.py:830} INFO - Processing file /home/airflow/.local/lib/python3.8/site-packages/airflow/example_dags/example_sla_dag.py for tasks to queue
[2025-11-19T02:47:28.086+0000] {logging_mixin.py:188} INFO - [2025-11-19T02:47:28.086+0000] {dagbag.py:538} INFO - Filling up the DagBag from /home/airflow/.local/lib/python3.8/site-packages/airflow/example_dags/example_sla_dag.py
[2025-11-19T02:47:28.096+0000] {processor.py:840} INFO - DAG(s) 'example_sla_dag' retrieved from /home/airflow/.local/lib/python3.8/site-packages/airflow/example_dags/example_sla_dag.py
[2025-11-19T02:47:28.191+0000] {logging_mixin.py:188} INFO - [2025-11-19T02:47:28.191+0000] {dag.py:3036} INFO - Sync 1 DAGs
[2025-11-19T02:47:28.210+0000] {logging_mixin.py:188} INFO - [2025-11-19T02:47:28.209+0000] {dag.py:3823} INFO - Setting next_dagrun for example_sla_dag to 2025-11-19 02:44:00+00:00, run_after=2025-11-19 02:46:00+00:00
[2025-11-19T02:47:28.231+0000] {processor.py:183} INFO - Processing /home/airflow/.local/lib/python3.8/site-packages/airflow/example_dags/example_sla_dag.py took 0.151 seconds
[2025-11-19T02:47:58.446+0000] {processor.py:161} INFO - Started process (PID=304) to work on /home/airflow/.local/lib/python3.8/site-packages/airflow/example_dags/example_sla_dag.py
[2025-11-19T02:47:58.447+0000] {processor.py:830} INFO - Processing file /home/airflow/.local/lib/python3.8/site-packages/airflow/example_dags/example_sla_dag.py for tasks to queue
[2025-11-19T02:47:58.448+0000] {logging_mixin.py:188} INFO - [2025-11-19T02:47:58.448+0000] {dagbag.py:538} INFO - Filling up the DagBag from /home/airflow/.local/lib/python3.8/site-packages/airflow/example_dags/example_sla_dag.py
[2025-11-19T02:47:58.456+0000] {processor.py:840} INFO - DAG(s) 'example_sla_dag' retrieved from /home/airflow/.local/lib/python3.8/site-packages/airflow/example_dags/example_sla_dag.py
[2025-11-19T02:47:58.473+0000] {logging_mixin.py:188} INFO - [2025-11-19T02:47:58.472+0000] {dag.py:3036} INFO - Sync 1 DAGs
[2025-11-19T02:47:58.491+0000] {logging_mixin.py:188} INFO - [2025-11-19T02:47:58.490+0000] {dag.py:3823} INFO - Setting next_dagrun for example_sla_dag to 2025-11-19 02:44:00+00:00, run_after=2025-11-19 02:46:00+00:00
[2025-11-19T02:47:58.508+0000] {processor.py:183} INFO - Processing /home/airflow/.local/lib/python3.8/site-packages/airflow/example_dags/example_sla_dag.py took 0.066 seconds
[2025-11-19T02:48:28.701+0000] {processor.py:161} INFO - Started process (PID=363) to work on /home/airflow/.local/lib/python3.8/site-packages/airflow/example_dags/example_sla_dag.py
[2025-11-19T02:48:28.702+0000] {processor.py:830} INFO - Processing file /home/airflow/.local/lib/python3.8/site-packages/airflow/example_dags/example_sla_dag.py for tasks to queue
[2025-11-19T02:48:28.704+0000] {logging_mixin.py:188} INFO - [2025-11-19T02:48:28.704+0000] {dagbag.py:538} INFO - Filling up the DagBag from /home/airflow/.local/lib/python3.8/site-packages/airflow/example_dags/example_sla_dag.py
[2025-11-19T02:48:28.712+0000] {processor.py:840} INFO - DAG(s) 'example_sla_dag' retrieved from /home/airflow/.local/lib/python3.8/site-packages/airflow/example_dags/example_sla_dag.py
[2025-11-19T02:48:28.732+0000] {logging_mixin.py:188} INFO - [2025-11-19T02:48:28.732+0000] {dag.py:3036} INFO - Sync 1 DAGs
[2025-11-19T02:48:28.751+0000] {logging_mixin.py:188} INFO - [2025-11-19T02:48:28.751+0000] {dag.py:3823} INFO - Setting next_dagrun for example_sla_dag to 2025-11-19 02:46:00+00:00, run_after=2025-11-19 02:48:00+00:00
[2025-11-19T02:48:28.770+0000] {processor.py:183} INFO - Processing /home/airflow/.local/lib/python3.8/site-packages/airflow/example_dags/example_sla_dag.py took 0.073 seconds
[2025-11-19T02:48:58.823+0000] {processor.py:161} INFO - Started process (PID=422) to work on /home/airflow/.local/lib/python3.8/site-packages/airflow/example_dags/example_sla_dag.py
[2025-11-19T02:48:58.824+0000] {processor.py:830} INFO - Processing file /home/airflow/.local/lib/python3.8/site-packages/airflow/example_dags/example_sla_dag.py for tasks to queue
[2025-11-19T02:48:58.825+0000] {logging_mixin.py:188} INFO - [2025-11-19T02:48:58.825+0000] {dagbag.py:538} INFO - Filling up the DagBag from /home/airflow/.local/lib/python3.8/site-packages/airflow/example_dags/example_sla_dag.py
[2025-11-19T02:48:58.832+0000] {processor.py:840} INFO - DAG(s) 'example_sla_dag' retrieved from /home/airflow/.local/lib/python3.8/site-packages/airflow/example_dags/example_sla_dag.py
[2025-11-19T02:48:58.851+0000] {logging_mixin.py:188} INFO - [2025-11-19T02:48:58.851+0000] {dag.py:3036} INFO - Sync 1 DAGs
[2025-11-19T02:48:58.870+0000] {logging_mixin.py:188} INFO - [2025-11-19T02:48:58.870+0000] {dag.py:3823} INFO - Setting next_dagrun for example_sla_dag to 2025-11-19 02:46:00+00:00, run_after=2025-11-19 02:48:00+00:00
[2025-11-19T02:48:58.889+0000] {processor.py:183} INFO - Processing /home/airflow/.local/lib/python3.8/site-packages/airflow/example_dags/example_sla_dag.py took 0.070 seconds
[2025-11-19T02:49:28.946+0000] {processor.py:161} INFO - Started process (PID=481) to work on /home/airflow/.local/lib/python3.8/site-packages/airflow/example_dags/example_sla_dag.py
[2025-11-19T02:49:28.947+0000] {processor.py:830} INFO - Processing file /home/airflow/.local/lib/python3.8/site-packages/airflow/example_dags/example_sla_dag.py for tasks to queue
[2025-11-19T02:49:28.949+0000] {logging_mixin.py:188} INFO - [2025-11-19T02:49:28.948+0000] {dagbag.py:538} INFO - Filling up the DagBag from /home/airflow/.local/lib/python3.8/site-packages/airflow/example_dags/example_sla_dag.py
[2025-11-19T02:49:28.956+0000] {processor.py:840} INFO - DAG(s) 'example_sla_dag' retrieved from /home/airflow/.local/lib/python3.8/site-packages/airflow/example_dags/example_sla_dag.py
[2025-11-19T02:49:28.975+0000] {logging_mixin.py:188} INFO - [2025-11-19T02:49:28.974+0000] {dag.py:3036} INFO - Sync 1 DAGs
[2025-11-19T02:49:28.994+0000] {logging_mixin.py:188} INFO - [2025-11-19T02:49:28.994+0000] {dag.py:3823} INFO - Setting next_dagrun for example_sla_dag to 2025-11-19 02:46:00+00:00, run_after=2025-11-19 02:48:00+00:00
[2025-11-19T02:49:29.011+0000] {processor.py:183} INFO - Processing /home/airflow/.local/lib/python3.8/site-packages/airflow/example_dags/example_sla_dag.py took 0.068 seconds
[2025-11-19T02:49:59.203+0000] {processor.py:161} INFO - Started process (PID=540) to work on /home/airflow/.local/lib/python3.8/site-packages/airflow/example_dags/example_sla_dag.py
[2025-11-19T02:49:59.204+0000] {processor.py:830} INFO - Processing file /home/airflow/.local/lib/python3.8/site-packages/airflow/example_dags/example_sla_dag.py for tasks to queue
[2025-11-19T02:49:59.206+0000] {logging_mixin.py:188} INFO - [2025-11-19T02:49:59.205+0000] {dagbag.py:538} INFO - Filling up the DagBag from /home/airflow/.local/lib/python3.8/site-packages/airflow/example_dags/example_sla_dag.py
[2025-11-19T02:49:59.213+0000] {processor.py:840} INFO - DAG(s) 'example_sla_dag' retrieved from /home/airflow/.local/lib/python3.8/site-packages/airflow/example_dags/example_sla_dag.py
[2025-11-19T02:49:59.232+0000] {logging_mixin.py:188} INFO - [2025-11-19T02:49:59.231+0000] {dag.py:3036} INFO - Sync 1 DAGs
[2025-11-19T02:49:59.250+0000] {logging_mixin.py:188} INFO - [2025-11-19T02:49:59.250+0000] {dag.py:3823} INFO - Setting next_dagrun for example_sla_dag to 2025-11-19 02:46:00+00:00, run_after=2025-11-19 02:48:00+00:00
[2025-11-19T02:49:59.270+0000] {processor.py:183} INFO - Processing /home/airflow/.local/lib/python3.8/site-packages/airflow/example_dags/example_sla_dag.py took 0.070 seconds
[2025-11-19T02:50:29.691+0000] {processor.py:161} INFO - Started process (PID=599) to work on /home/airflow/.local/lib/python3.8/site-packages/airflow/example_dags/example_sla_dag.py
[2025-11-19T02:50:29.692+0000] {processor.py:830} INFO - Processing file /home/airflow/.local/lib/python3.8/site-packages/airflow/example_dags/example_sla_dag.py for tasks to queue
[2025-11-19T02:50:29.694+0000] {logging_mixin.py:188} INFO - [2025-11-19T02:50:29.694+0000] {dagbag.py:538} INFO - Filling up the DagBag from /home/airflow/.local/lib/python3.8/site-packages/airflow/example_dags/example_sla_dag.py
[2025-11-19T02:50:29.702+0000] {processor.py:840} INFO - DAG(s) 'example_sla_dag' retrieved from /home/airflow/.local/lib/python3.8/site-packages/airflow/example_dags/example_sla_dag.py
[2025-11-19T02:50:29.721+0000] {logging_mixin.py:188} INFO - [2025-11-19T02:50:29.721+0000] {dag.py:3036} INFO - Sync 1 DAGs
[2025-11-19T02:50:29.739+0000] {logging_mixin.py:188} INFO - [2025-11-19T02:50:29.739+0000] {dag.py:3823} INFO - Setting next_dagrun for example_sla_dag to 2025-11-19 02:48:00+00:00, run_after=2025-11-19 02:50:00+00:00
[2025-11-19T02:50:29.758+0000] {processor.py:183} INFO - Processing /home/airflow/.local/lib/python3.8/site-packages/airflow/example_dags/example_sla_dag.py took 0.070 seconds
[2025-11-19T02:50:59.803+0000] {processor.py:161} INFO - Started process (PID=658) to work on /home/airflow/.local/lib/python3.8/site-packages/airflow/example_dags/example_sla_dag.py
[2025-11-19T02:50:59.804+0000] {processor.py:830} INFO - Processing file /home/airflow/.local/lib/python3.8/site-packages/airflow/example_dags/example_sla_dag.py for tasks to queue
[2025-11-19T02:50:59.806+0000] {logging_mixin.py:188} INFO - [2025-11-19T02:50:59.806+0000] {dagbag.py:538} INFO - Filling up the DagBag from /home/airflow/.local/lib/python3.8/site-packages/airflow/example_dags/example_sla_dag.py
[2025-11-19T02:50:59.814+0000] {processor.py:840} INFO - DAG(s) 'example_sla_dag' retrieved from /home/airflow/.local/lib/python3.8/site-packages/airflow/example_dags/example_sla_dag.py
[2025-11-19T02:50:59.832+0000] {logging_mixin.py:188} INFO - [2025-11-19T02:50:59.832+0000] {dag.py:3036} INFO - Sync 1 DAGs
[2025-11-19T02:50:59.851+0000] {logging_mixin.py:188} INFO - [2025-11-19T02:50:59.851+0000] {dag.py:3823} INFO - Setting next_dagrun for example_sla_dag to 2025-11-19 02:48:00+00:00, run_after=2025-11-19 02:50:00+00:00
[2025-11-19T02:50:59.870+0000] {processor.py:183} INFO - Processing /home/airflow/.local/lib/python3.8/site-packages/airflow/example_dags/example_sla_dag.py took 0.070 seconds
