[2025-11-19T02:29:07.872+0000] {processor.py:161} INFO - Started process (PID=71) to work on /home/airflow/.local/lib/python3.8/site-packages/airflow/example_dags/example_xcom.py
[2025-11-19T02:29:07.874+0000] {processor.py:830} INFO - Processing file /home/airflow/.local/lib/python3.8/site-packages/airflow/example_dags/example_xcom.py for tasks to queue
[2025-11-19T02:29:07.878+0000] {logging_mixin.py:188} INFO - [2025-11-19T02:29:07.877+0000] {dagbag.py:538} INFO - Filling up the DagBag from /home/airflow/.local/lib/python3.8/site-packages/airflow/example_dags/example_xcom.py
[2025-11-19T02:29:07.896+0000] {processor.py:840} INFO - DAG(s) 'example_xcom' retrieved from /home/airflow/.local/lib/python3.8/site-packages/airflow/example_dags/example_xcom.py
[2025-11-19T02:29:08.076+0000] {logging_mixin.py:188} INFO - [2025-11-19T02:29:08.075+0000] {override.py:1769} INFO - Created Permission View: can read on DAG:example_xcom
[2025-11-19T02:29:08.093+0000] {logging_mixin.py:188} INFO - [2025-11-19T02:29:08.092+0000] {override.py:1769} INFO - Created Permission View: can edit on DAG:example_xcom
[2025-11-19T02:29:08.108+0000] {logging_mixin.py:188} INFO - [2025-11-19T02:29:08.107+0000] {override.py:1769} INFO - Created Permission View: can delete on DAG:example_xcom
[2025-11-19T02:29:08.109+0000] {logging_mixin.py:188} INFO - [2025-11-19T02:29:08.109+0000] {dag.py:3036} INFO - Sync 1 DAGs
[2025-11-19T02:29:08.133+0000] {logging_mixin.py:188} INFO - [2025-11-19T02:29:08.133+0000] {dag.py:3058} INFO - Creating ORM DAG for example_xcom
[2025-11-19T02:29:08.152+0000] {logging_mixin.py:188} INFO - [2025-11-19T02:29:08.151+0000] {dag.py:3823} INFO - Setting next_dagrun for example_xcom to 2021-01-01 00:00:00+00:00, run_after=2021-01-01 00:00:00+00:00
[2025-11-19T02:29:08.190+0000] {processor.py:183} INFO - Processing /home/airflow/.local/lib/python3.8/site-packages/airflow/example_dags/example_xcom.py took 0.324 seconds
[2025-11-19T02:45:56.503+0000] {processor.py:161} INFO - Started process (PID=71) to work on /home/airflow/.local/lib/python3.8/site-packages/airflow/example_dags/example_xcom.py
[2025-11-19T02:45:56.505+0000] {processor.py:830} INFO - Processing file /home/airflow/.local/lib/python3.8/site-packages/airflow/example_dags/example_xcom.py for tasks to queue
[2025-11-19T02:45:56.508+0000] {logging_mixin.py:188} INFO - [2025-11-19T02:45:56.507+0000] {dagbag.py:538} INFO - Filling up the DagBag from /home/airflow/.local/lib/python3.8/site-packages/airflow/example_dags/example_xcom.py
[2025-11-19T02:45:56.526+0000] {processor.py:840} INFO - DAG(s) 'example_xcom' retrieved from /home/airflow/.local/lib/python3.8/site-packages/airflow/example_dags/example_xcom.py
[2025-11-19T02:45:56.681+0000] {logging_mixin.py:188} INFO - [2025-11-19T02:45:56.680+0000] {override.py:1769} INFO - Created Permission View: can read on DAG:example_xcom
[2025-11-19T02:45:56.698+0000] {logging_mixin.py:188} INFO - [2025-11-19T02:45:56.697+0000] {override.py:1769} INFO - Created Permission View: can edit on DAG:example_xcom
[2025-11-19T02:45:56.707+0000] {logging_mixin.py:188} INFO - [2025-11-19T02:45:56.707+0000] {override.py:1769} INFO - Created Permission View: can delete on DAG:example_xcom
[2025-11-19T02:45:56.708+0000] {logging_mixin.py:188} INFO - [2025-11-19T02:45:56.708+0000] {dag.py:3036} INFO - Sync 1 DAGs
[2025-11-19T02:45:56.725+0000] {logging_mixin.py:188} INFO - [2025-11-19T02:45:56.725+0000] {dag.py:3058} INFO - Creating ORM DAG for example_xcom
[2025-11-19T02:45:56.737+0000] {logging_mixin.py:188} INFO - [2025-11-19T02:45:56.736+0000] {dag.py:3823} INFO - Setting next_dagrun for example_xcom to 2021-01-01 00:00:00+00:00, run_after=2021-01-01 00:00:00+00:00
[2025-11-19T02:45:56.761+0000] {processor.py:183} INFO - Processing /home/airflow/.local/lib/python3.8/site-packages/airflow/example_dags/example_xcom.py took 0.262 seconds
[2025-11-19T02:46:27.126+0000] {processor.py:161} INFO - Started process (PID=129) to work on /home/airflow/.local/lib/python3.8/site-packages/airflow/example_dags/example_xcom.py
[2025-11-19T02:46:27.127+0000] {processor.py:830} INFO - Processing file /home/airflow/.local/lib/python3.8/site-packages/airflow/example_dags/example_xcom.py for tasks to queue
[2025-11-19T02:46:27.129+0000] {logging_mixin.py:188} INFO - [2025-11-19T02:46:27.128+0000] {dagbag.py:538} INFO - Filling up the DagBag from /home/airflow/.local/lib/python3.8/site-packages/airflow/example_dags/example_xcom.py
[2025-11-19T02:46:27.135+0000] {processor.py:840} INFO - DAG(s) 'example_xcom' retrieved from /home/airflow/.local/lib/python3.8/site-packages/airflow/example_dags/example_xcom.py
[2025-11-19T02:46:27.155+0000] {logging_mixin.py:188} INFO - [2025-11-19T02:46:27.155+0000] {dag.py:3036} INFO - Sync 1 DAGs
[2025-11-19T02:46:27.171+0000] {logging_mixin.py:188} INFO - [2025-11-19T02:46:27.171+0000] {dag.py:3823} INFO - Setting next_dagrun for example_xcom to 2021-01-01 00:00:00+00:00, run_after=2021-01-01 00:00:00+00:00
[2025-11-19T02:46:27.192+0000] {processor.py:183} INFO - Processing /home/airflow/.local/lib/python3.8/site-packages/airflow/example_dags/example_xcom.py took 0.070 seconds
[2025-11-19T02:46:57.350+0000] {processor.py:161} INFO - Started process (PID=188) to work on /home/airflow/.local/lib/python3.8/site-packages/airflow/example_dags/example_xcom.py
[2025-11-19T02:46:57.351+0000] {processor.py:830} INFO - Processing file /home/airflow/.local/lib/python3.8/site-packages/airflow/example_dags/example_xcom.py for tasks to queue
[2025-11-19T02:46:57.352+0000] {logging_mixin.py:188} INFO - [2025-11-19T02:46:57.352+0000] {dagbag.py:538} INFO - Filling up the DagBag from /home/airflow/.local/lib/python3.8/site-packages/airflow/example_dags/example_xcom.py
[2025-11-19T02:46:57.359+0000] {processor.py:840} INFO - DAG(s) 'example_xcom' retrieved from /home/airflow/.local/lib/python3.8/site-packages/airflow/example_dags/example_xcom.py
[2025-11-19T02:46:57.372+0000] {logging_mixin.py:188} INFO - [2025-11-19T02:46:57.371+0000] {dag.py:3036} INFO - Sync 1 DAGs
[2025-11-19T02:46:57.390+0000] {logging_mixin.py:188} INFO - [2025-11-19T02:46:57.390+0000] {dag.py:3823} INFO - Setting next_dagrun for example_xcom to 2021-01-01 00:00:00+00:00, run_after=2021-01-01 00:00:00+00:00
[2025-11-19T02:46:57.410+0000] {processor.py:183} INFO - Processing /home/airflow/.local/lib/python3.8/site-packages/airflow/example_dags/example_xcom.py took 0.063 seconds
[2025-11-19T02:47:28.261+0000] {processor.py:161} INFO - Started process (PID=247) to work on /home/airflow/.local/lib/python3.8/site-packages/airflow/example_dags/example_xcom.py
[2025-11-19T02:47:28.262+0000] {processor.py:830} INFO - Processing file /home/airflow/.local/lib/python3.8/site-packages/airflow/example_dags/example_xcom.py for tasks to queue
[2025-11-19T02:47:28.264+0000] {logging_mixin.py:188} INFO - [2025-11-19T02:47:28.264+0000] {dagbag.py:538} INFO - Filling up the DagBag from /home/airflow/.local/lib/python3.8/site-packages/airflow/example_dags/example_xcom.py
[2025-11-19T02:47:28.271+0000] {processor.py:840} INFO - DAG(s) 'example_xcom' retrieved from /home/airflow/.local/lib/python3.8/site-packages/airflow/example_dags/example_xcom.py
[2025-11-19T02:47:28.375+0000] {logging_mixin.py:188} INFO - [2025-11-19T02:47:28.375+0000] {dag.py:3036} INFO - Sync 1 DAGs
[2025-11-19T02:47:28.393+0000] {logging_mixin.py:188} INFO - [2025-11-19T02:47:28.393+0000] {dag.py:3823} INFO - Setting next_dagrun for example_xcom to 2021-01-01 00:00:00+00:00, run_after=2021-01-01 00:00:00+00:00
[2025-11-19T02:47:28.413+0000] {processor.py:183} INFO - Processing /home/airflow/.local/lib/python3.8/site-packages/airflow/example_dags/example_xcom.py took 0.156 seconds
[2025-11-19T02:47:58.650+0000] {processor.py:161} INFO - Started process (PID=306) to work on /home/airflow/.local/lib/python3.8/site-packages/airflow/example_dags/example_xcom.py
[2025-11-19T02:47:58.651+0000] {processor.py:830} INFO - Processing file /home/airflow/.local/lib/python3.8/site-packages/airflow/example_dags/example_xcom.py for tasks to queue
[2025-11-19T02:47:58.653+0000] {logging_mixin.py:188} INFO - [2025-11-19T02:47:58.652+0000] {dagbag.py:538} INFO - Filling up the DagBag from /home/airflow/.local/lib/python3.8/site-packages/airflow/example_dags/example_xcom.py
[2025-11-19T02:47:58.660+0000] {processor.py:840} INFO - DAG(s) 'example_xcom' retrieved from /home/airflow/.local/lib/python3.8/site-packages/airflow/example_dags/example_xcom.py
[2025-11-19T02:47:58.679+0000] {logging_mixin.py:188} INFO - [2025-11-19T02:47:58.679+0000] {dag.py:3036} INFO - Sync 1 DAGs
[2025-11-19T02:47:58.704+0000] {logging_mixin.py:188} INFO - [2025-11-19T02:47:58.703+0000] {dag.py:3823} INFO - Setting next_dagrun for example_xcom to 2021-01-01 00:00:00+00:00, run_after=2021-01-01 00:00:00+00:00
[2025-11-19T02:47:58.726+0000] {processor.py:183} INFO - Processing /home/airflow/.local/lib/python3.8/site-packages/airflow/example_dags/example_xcom.py took 0.081 seconds
[2025-11-19T02:48:28.804+0000] {processor.py:161} INFO - Started process (PID=365) to work on /home/airflow/.local/lib/python3.8/site-packages/airflow/example_dags/example_xcom.py
[2025-11-19T02:48:28.805+0000] {processor.py:830} INFO - Processing file /home/airflow/.local/lib/python3.8/site-packages/airflow/example_dags/example_xcom.py for tasks to queue
[2025-11-19T02:48:28.807+0000] {logging_mixin.py:188} INFO - [2025-11-19T02:48:28.806+0000] {dagbag.py:538} INFO - Filling up the DagBag from /home/airflow/.local/lib/python3.8/site-packages/airflow/example_dags/example_xcom.py
[2025-11-19T02:48:28.813+0000] {processor.py:840} INFO - DAG(s) 'example_xcom' retrieved from /home/airflow/.local/lib/python3.8/site-packages/airflow/example_dags/example_xcom.py
[2025-11-19T02:48:28.833+0000] {logging_mixin.py:188} INFO - [2025-11-19T02:48:28.833+0000] {dag.py:3036} INFO - Sync 1 DAGs
[2025-11-19T02:48:28.853+0000] {logging_mixin.py:188} INFO - [2025-11-19T02:48:28.852+0000] {dag.py:3823} INFO - Setting next_dagrun for example_xcom to 2021-01-01 00:00:00+00:00, run_after=2021-01-01 00:00:00+00:00
[2025-11-19T02:48:28.874+0000] {processor.py:183} INFO - Processing /home/airflow/.local/lib/python3.8/site-packages/airflow/example_dags/example_xcom.py took 0.073 seconds
[2025-11-19T02:48:58.930+0000] {processor.py:161} INFO - Started process (PID=424) to work on /home/airflow/.local/lib/python3.8/site-packages/airflow/example_dags/example_xcom.py
[2025-11-19T02:48:58.931+0000] {processor.py:830} INFO - Processing file /home/airflow/.local/lib/python3.8/site-packages/airflow/example_dags/example_xcom.py for tasks to queue
[2025-11-19T02:48:58.932+0000] {logging_mixin.py:188} INFO - [2025-11-19T02:48:58.932+0000] {dagbag.py:538} INFO - Filling up the DagBag from /home/airflow/.local/lib/python3.8/site-packages/airflow/example_dags/example_xcom.py
[2025-11-19T02:48:58.942+0000] {processor.py:840} INFO - DAG(s) 'example_xcom' retrieved from /home/airflow/.local/lib/python3.8/site-packages/airflow/example_dags/example_xcom.py
[2025-11-19T02:48:58.964+0000] {logging_mixin.py:188} INFO - [2025-11-19T02:48:58.963+0000] {dag.py:3036} INFO - Sync 1 DAGs
[2025-11-19T02:48:58.982+0000] {logging_mixin.py:188} INFO - [2025-11-19T02:48:58.982+0000] {dag.py:3823} INFO - Setting next_dagrun for example_xcom to 2021-01-01 00:00:00+00:00, run_after=2021-01-01 00:00:00+00:00
[2025-11-19T02:48:59.001+0000] {processor.py:183} INFO - Processing /home/airflow/.local/lib/python3.8/site-packages/airflow/example_dags/example_xcom.py took 0.074 seconds
[2025-11-19T02:49:29.048+0000] {processor.py:161} INFO - Started process (PID=483) to work on /home/airflow/.local/lib/python3.8/site-packages/airflow/example_dags/example_xcom.py
[2025-11-19T02:49:29.049+0000] {processor.py:830} INFO - Processing file /home/airflow/.local/lib/python3.8/site-packages/airflow/example_dags/example_xcom.py for tasks to queue
[2025-11-19T02:49:29.051+0000] {logging_mixin.py:188} INFO - [2025-11-19T02:49:29.051+0000] {dagbag.py:538} INFO - Filling up the DagBag from /home/airflow/.local/lib/python3.8/site-packages/airflow/example_dags/example_xcom.py
[2025-11-19T02:49:29.057+0000] {processor.py:840} INFO - DAG(s) 'example_xcom' retrieved from /home/airflow/.local/lib/python3.8/site-packages/airflow/example_dags/example_xcom.py
[2025-11-19T02:49:29.077+0000] {logging_mixin.py:188} INFO - [2025-11-19T02:49:29.076+0000] {dag.py:3036} INFO - Sync 1 DAGs
[2025-11-19T02:49:29.094+0000] {logging_mixin.py:188} INFO - [2025-11-19T02:49:29.094+0000] {dag.py:3823} INFO - Setting next_dagrun for example_xcom to 2021-01-01 00:00:00+00:00, run_after=2021-01-01 00:00:00+00:00
[2025-11-19T02:49:29.114+0000] {processor.py:183} INFO - Processing /home/airflow/.local/lib/python3.8/site-packages/airflow/example_dags/example_xcom.py took 0.068 seconds
[2025-11-19T02:49:59.309+0000] {processor.py:161} INFO - Started process (PID=542) to work on /home/airflow/.local/lib/python3.8/site-packages/airflow/example_dags/example_xcom.py
[2025-11-19T02:49:59.310+0000] {processor.py:830} INFO - Processing file /home/airflow/.local/lib/python3.8/site-packages/airflow/example_dags/example_xcom.py for tasks to queue
[2025-11-19T02:49:59.312+0000] {logging_mixin.py:188} INFO - [2025-11-19T02:49:59.312+0000] {dagbag.py:538} INFO - Filling up the DagBag from /home/airflow/.local/lib/python3.8/site-packages/airflow/example_dags/example_xcom.py
[2025-11-19T02:49:59.318+0000] {processor.py:840} INFO - DAG(s) 'example_xcom' retrieved from /home/airflow/.local/lib/python3.8/site-packages/airflow/example_dags/example_xcom.py
[2025-11-19T02:49:59.339+0000] {logging_mixin.py:188} INFO - [2025-11-19T02:49:59.339+0000] {dag.py:3036} INFO - Sync 1 DAGs
[2025-11-19T02:49:59.359+0000] {logging_mixin.py:188} INFO - [2025-11-19T02:49:59.359+0000] {dag.py:3823} INFO - Setting next_dagrun for example_xcom to 2021-01-01 00:00:00+00:00, run_after=2021-01-01 00:00:00+00:00
[2025-11-19T02:49:59.379+0000] {processor.py:183} INFO - Processing /home/airflow/.local/lib/python3.8/site-packages/airflow/example_dags/example_xcom.py took 0.074 seconds
[2025-11-19T02:50:29.791+0000] {processor.py:161} INFO - Started process (PID=601) to work on /home/airflow/.local/lib/python3.8/site-packages/airflow/example_dags/example_xcom.py
[2025-11-19T02:50:29.792+0000] {processor.py:830} INFO - Processing file /home/airflow/.local/lib/python3.8/site-packages/airflow/example_dags/example_xcom.py for tasks to queue
[2025-11-19T02:50:29.794+0000] {logging_mixin.py:188} INFO - [2025-11-19T02:50:29.794+0000] {dagbag.py:538} INFO - Filling up the DagBag from /home/airflow/.local/lib/python3.8/site-packages/airflow/example_dags/example_xcom.py
[2025-11-19T02:50:29.801+0000] {processor.py:840} INFO - DAG(s) 'example_xcom' retrieved from /home/airflow/.local/lib/python3.8/site-packages/airflow/example_dags/example_xcom.py
[2025-11-19T02:50:29.821+0000] {logging_mixin.py:188} INFO - [2025-11-19T02:50:29.820+0000] {dag.py:3036} INFO - Sync 1 DAGs
[2025-11-19T02:50:29.842+0000] {logging_mixin.py:188} INFO - [2025-11-19T02:50:29.842+0000] {dag.py:3823} INFO - Setting next_dagrun for example_xcom to 2021-01-01 00:00:00+00:00, run_after=2021-01-01 00:00:00+00:00
[2025-11-19T02:50:29.864+0000] {processor.py:183} INFO - Processing /home/airflow/.local/lib/python3.8/site-packages/airflow/example_dags/example_xcom.py took 0.076 seconds
[2025-11-19T02:50:59.907+0000] {processor.py:161} INFO - Started process (PID=660) to work on /home/airflow/.local/lib/python3.8/site-packages/airflow/example_dags/example_xcom.py
[2025-11-19T02:50:59.909+0000] {processor.py:830} INFO - Processing file /home/airflow/.local/lib/python3.8/site-packages/airflow/example_dags/example_xcom.py for tasks to queue
[2025-11-19T02:50:59.911+0000] {logging_mixin.py:188} INFO - [2025-11-19T02:50:59.911+0000] {dagbag.py:538} INFO - Filling up the DagBag from /home/airflow/.local/lib/python3.8/site-packages/airflow/example_dags/example_xcom.py
[2025-11-19T02:50:59.917+0000] {processor.py:840} INFO - DAG(s) 'example_xcom' retrieved from /home/airflow/.local/lib/python3.8/site-packages/airflow/example_dags/example_xcom.py
[2025-11-19T02:50:59.938+0000] {logging_mixin.py:188} INFO - [2025-11-19T02:50:59.937+0000] {dag.py:3036} INFO - Sync 1 DAGs
[2025-11-19T02:50:59.955+0000] {logging_mixin.py:188} INFO - [2025-11-19T02:50:59.955+0000] {dag.py:3823} INFO - Setting next_dagrun for example_xcom to 2021-01-01 00:00:00+00:00, run_after=2021-01-01 00:00:00+00:00
[2025-11-19T02:50:59.975+0000] {processor.py:183} INFO - Processing /home/airflow/.local/lib/python3.8/site-packages/airflow/example_dags/example_xcom.py took 0.070 seconds
