[2025-11-19T02:29:09.580+0000] {processor.py:161} INFO - Started process (PID=80) to work on /home/airflow/.local/lib/python3.8/site-packages/airflow/example_dags/example_branch_labels.py
[2025-11-19T02:29:09.582+0000] {processor.py:830} INFO - Processing file /home/airflow/.local/lib/python3.8/site-packages/airflow/example_dags/example_branch_labels.py for tasks to queue
[2025-11-19T02:29:09.585+0000] {logging_mixin.py:188} INFO - [2025-11-19T02:29:09.584+0000] {dagbag.py:538} INFO - Filling up the DagBag from /home/airflow/.local/lib/python3.8/site-packages/airflow/example_dags/example_branch_labels.py
[2025-11-19T02:29:09.602+0000] {processor.py:840} INFO - DAG(s) 'example_branch_labels' retrieved from /home/airflow/.local/lib/python3.8/site-packages/airflow/example_dags/example_branch_labels.py
[2025-11-19T02:29:09.758+0000] {logging_mixin.py:188} INFO - [2025-11-19T02:29:09.757+0000] {override.py:1769} INFO - Created Permission View: can read on DAG:example_branch_labels
[2025-11-19T02:29:09.776+0000] {logging_mixin.py:188} INFO - [2025-11-19T02:29:09.776+0000] {override.py:1769} INFO - Created Permission View: can edit on DAG:example_branch_labels
[2025-11-19T02:29:09.787+0000] {logging_mixin.py:188} INFO - [2025-11-19T02:29:09.786+0000] {override.py:1769} INFO - Created Permission View: can delete on DAG:example_branch_labels
[2025-11-19T02:29:09.789+0000] {logging_mixin.py:188} INFO - [2025-11-19T02:29:09.788+0000] {dag.py:3036} INFO - Sync 1 DAGs
[2025-11-19T02:29:09.806+0000] {logging_mixin.py:188} INFO - [2025-11-19T02:29:09.806+0000] {dag.py:3058} INFO - Creating ORM DAG for example_branch_labels
[2025-11-19T02:29:09.825+0000] {logging_mixin.py:188} INFO - [2025-11-19T02:29:09.824+0000] {dag.py:3823} INFO - Setting next_dagrun for example_branch_labels to 2025-11-18 00:00:00+00:00, run_after=2025-11-19 00:00:00+00:00
[2025-11-19T02:29:09.855+0000] {processor.py:183} INFO - Processing /home/airflow/.local/lib/python3.8/site-packages/airflow/example_dags/example_branch_labels.py took 0.279 seconds
[2025-11-19T02:45:58.320+0000] {processor.py:161} INFO - Started process (PID=80) to work on /home/airflow/.local/lib/python3.8/site-packages/airflow/example_dags/example_branch_labels.py
[2025-11-19T02:45:58.321+0000] {processor.py:830} INFO - Processing file /home/airflow/.local/lib/python3.8/site-packages/airflow/example_dags/example_branch_labels.py for tasks to queue
[2025-11-19T02:45:58.324+0000] {logging_mixin.py:188} INFO - [2025-11-19T02:45:58.324+0000] {dagbag.py:538} INFO - Filling up the DagBag from /home/airflow/.local/lib/python3.8/site-packages/airflow/example_dags/example_branch_labels.py
[2025-11-19T02:45:58.338+0000] {processor.py:840} INFO - DAG(s) 'example_branch_labels' retrieved from /home/airflow/.local/lib/python3.8/site-packages/airflow/example_dags/example_branch_labels.py
[2025-11-19T02:45:58.515+0000] {logging_mixin.py:188} INFO - [2025-11-19T02:45:58.514+0000] {override.py:1769} INFO - Created Permission View: can read on DAG:example_branch_labels
[2025-11-19T02:45:58.533+0000] {logging_mixin.py:188} INFO - [2025-11-19T02:45:58.532+0000] {override.py:1769} INFO - Created Permission View: can edit on DAG:example_branch_labels
[2025-11-19T02:45:58.545+0000] {logging_mixin.py:188} INFO - [2025-11-19T02:45:58.545+0000] {override.py:1769} INFO - Created Permission View: can delete on DAG:example_branch_labels
[2025-11-19T02:45:58.546+0000] {logging_mixin.py:188} INFO - [2025-11-19T02:45:58.546+0000] {dag.py:3036} INFO - Sync 1 DAGs
[2025-11-19T02:45:58.559+0000] {logging_mixin.py:188} INFO - [2025-11-19T02:45:58.559+0000] {dag.py:3058} INFO - Creating ORM DAG for example_branch_labels
[2025-11-19T02:45:58.576+0000] {logging_mixin.py:188} INFO - [2025-11-19T02:45:58.576+0000] {dag.py:3823} INFO - Setting next_dagrun for example_branch_labels to 2025-11-18 00:00:00+00:00, run_after=2025-11-19 00:00:00+00:00
[2025-11-19T02:45:58.603+0000] {processor.py:183} INFO - Processing /home/airflow/.local/lib/python3.8/site-packages/airflow/example_dags/example_branch_labels.py took 0.289 seconds
[2025-11-19T02:46:28.649+0000] {processor.py:161} INFO - Started process (PID=139) to work on /home/airflow/.local/lib/python3.8/site-packages/airflow/example_dags/example_branch_labels.py
[2025-11-19T02:46:28.650+0000] {processor.py:830} INFO - Processing file /home/airflow/.local/lib/python3.8/site-packages/airflow/example_dags/example_branch_labels.py for tasks to queue
[2025-11-19T02:46:28.651+0000] {logging_mixin.py:188} INFO - [2025-11-19T02:46:28.651+0000] {dagbag.py:538} INFO - Filling up the DagBag from /home/airflow/.local/lib/python3.8/site-packages/airflow/example_dags/example_branch_labels.py
[2025-11-19T02:46:28.658+0000] {processor.py:840} INFO - DAG(s) 'example_branch_labels' retrieved from /home/airflow/.local/lib/python3.8/site-packages/airflow/example_dags/example_branch_labels.py
[2025-11-19T02:46:28.677+0000] {logging_mixin.py:188} INFO - [2025-11-19T02:46:28.677+0000] {dag.py:3036} INFO - Sync 1 DAGs
[2025-11-19T02:46:28.693+0000] {logging_mixin.py:188} INFO - [2025-11-19T02:46:28.693+0000] {dag.py:3823} INFO - Setting next_dagrun for example_branch_labels to 2025-11-18 00:00:00+00:00, run_after=2025-11-19 00:00:00+00:00
[2025-11-19T02:46:28.711+0000] {processor.py:183} INFO - Processing /home/airflow/.local/lib/python3.8/site-packages/airflow/example_dags/example_branch_labels.py took 0.065 seconds
[2025-11-19T02:46:58.818+0000] {processor.py:161} INFO - Started process (PID=197) to work on /home/airflow/.local/lib/python3.8/site-packages/airflow/example_dags/example_branch_labels.py
[2025-11-19T02:46:58.820+0000] {processor.py:830} INFO - Processing file /home/airflow/.local/lib/python3.8/site-packages/airflow/example_dags/example_branch_labels.py for tasks to queue
[2025-11-19T02:46:58.822+0000] {logging_mixin.py:188} INFO - [2025-11-19T02:46:58.821+0000] {dagbag.py:538} INFO - Filling up the DagBag from /home/airflow/.local/lib/python3.8/site-packages/airflow/example_dags/example_branch_labels.py
[2025-11-19T02:46:58.830+0000] {processor.py:840} INFO - DAG(s) 'example_branch_labels' retrieved from /home/airflow/.local/lib/python3.8/site-packages/airflow/example_dags/example_branch_labels.py
[2025-11-19T02:46:58.846+0000] {logging_mixin.py:188} INFO - [2025-11-19T02:46:58.846+0000] {dag.py:3036} INFO - Sync 1 DAGs
[2025-11-19T02:46:58.870+0000] {logging_mixin.py:188} INFO - [2025-11-19T02:46:58.869+0000] {dag.py:3823} INFO - Setting next_dagrun for example_branch_labels to 2025-11-18 00:00:00+00:00, run_after=2025-11-19 00:00:00+00:00
[2025-11-19T02:46:58.888+0000] {processor.py:183} INFO - Processing /home/airflow/.local/lib/python3.8/site-packages/airflow/example_dags/example_branch_labels.py took 0.074 seconds
[2025-11-19T02:47:30.132+0000] {processor.py:161} INFO - Started process (PID=256) to work on /home/airflow/.local/lib/python3.8/site-packages/airflow/example_dags/example_branch_labels.py
[2025-11-19T02:47:30.133+0000] {processor.py:830} INFO - Processing file /home/airflow/.local/lib/python3.8/site-packages/airflow/example_dags/example_branch_labels.py for tasks to queue
[2025-11-19T02:47:30.136+0000] {logging_mixin.py:188} INFO - [2025-11-19T02:47:30.135+0000] {dagbag.py:538} INFO - Filling up the DagBag from /home/airflow/.local/lib/python3.8/site-packages/airflow/example_dags/example_branch_labels.py
[2025-11-19T02:47:30.145+0000] {processor.py:840} INFO - DAG(s) 'example_branch_labels' retrieved from /home/airflow/.local/lib/python3.8/site-packages/airflow/example_dags/example_branch_labels.py
[2025-11-19T02:47:30.239+0000] {logging_mixin.py:188} INFO - [2025-11-19T02:47:30.239+0000] {dag.py:3036} INFO - Sync 1 DAGs
[2025-11-19T02:47:30.260+0000] {logging_mixin.py:188} INFO - [2025-11-19T02:47:30.259+0000] {dag.py:3823} INFO - Setting next_dagrun for example_branch_labels to 2025-11-18 00:00:00+00:00, run_after=2025-11-19 00:00:00+00:00
[2025-11-19T02:47:30.281+0000] {processor.py:183} INFO - Processing /home/airflow/.local/lib/python3.8/site-packages/airflow/example_dags/example_branch_labels.py took 0.153 seconds
[2025-11-19T02:48:01.034+0000] {processor.py:161} INFO - Started process (PID=315) to work on /home/airflow/.local/lib/python3.8/site-packages/airflow/example_dags/example_branch_labels.py
[2025-11-19T02:48:01.036+0000] {processor.py:830} INFO - Processing file /home/airflow/.local/lib/python3.8/site-packages/airflow/example_dags/example_branch_labels.py for tasks to queue
[2025-11-19T02:48:01.038+0000] {logging_mixin.py:188} INFO - [2025-11-19T02:48:01.038+0000] {dagbag.py:538} INFO - Filling up the DagBag from /home/airflow/.local/lib/python3.8/site-packages/airflow/example_dags/example_branch_labels.py
[2025-11-19T02:48:01.045+0000] {processor.py:840} INFO - DAG(s) 'example_branch_labels' retrieved from /home/airflow/.local/lib/python3.8/site-packages/airflow/example_dags/example_branch_labels.py
[2025-11-19T02:48:01.067+0000] {logging_mixin.py:188} INFO - [2025-11-19T02:48:01.066+0000] {dag.py:3036} INFO - Sync 1 DAGs
[2025-11-19T02:48:01.087+0000] {logging_mixin.py:188} INFO - [2025-11-19T02:48:01.087+0000] {dag.py:3823} INFO - Setting next_dagrun for example_branch_labels to 2025-11-18 00:00:00+00:00, run_after=2025-11-19 00:00:00+00:00
[2025-11-19T02:48:01.109+0000] {processor.py:183} INFO - Processing /home/airflow/.local/lib/python3.8/site-packages/airflow/example_dags/example_branch_labels.py took 0.078 seconds
[2025-11-19T02:48:31.247+0000] {processor.py:161} INFO - Started process (PID=374) to work on /home/airflow/.local/lib/python3.8/site-packages/airflow/example_dags/example_branch_labels.py
[2025-11-19T02:48:31.248+0000] {processor.py:830} INFO - Processing file /home/airflow/.local/lib/python3.8/site-packages/airflow/example_dags/example_branch_labels.py for tasks to queue
[2025-11-19T02:48:31.251+0000] {logging_mixin.py:188} INFO - [2025-11-19T02:48:31.250+0000] {dagbag.py:538} INFO - Filling up the DagBag from /home/airflow/.local/lib/python3.8/site-packages/airflow/example_dags/example_branch_labels.py
[2025-11-19T02:48:31.258+0000] {processor.py:840} INFO - DAG(s) 'example_branch_labels' retrieved from /home/airflow/.local/lib/python3.8/site-packages/airflow/example_dags/example_branch_labels.py
[2025-11-19T02:48:31.280+0000] {logging_mixin.py:188} INFO - [2025-11-19T02:48:31.280+0000] {dag.py:3036} INFO - Sync 1 DAGs
[2025-11-19T02:48:31.298+0000] {logging_mixin.py:188} INFO - [2025-11-19T02:48:31.297+0000] {dag.py:3823} INFO - Setting next_dagrun for example_branch_labels to 2025-11-18 00:00:00+00:00, run_after=2025-11-19 00:00:00+00:00
[2025-11-19T02:48:31.317+0000] {processor.py:183} INFO - Processing /home/airflow/.local/lib/python3.8/site-packages/airflow/example_dags/example_branch_labels.py took 0.074 seconds
[2025-11-19T02:49:01.477+0000] {processor.py:161} INFO - Started process (PID=433) to work on /home/airflow/.local/lib/python3.8/site-packages/airflow/example_dags/example_branch_labels.py
[2025-11-19T02:49:01.478+0000] {processor.py:830} INFO - Processing file /home/airflow/.local/lib/python3.8/site-packages/airflow/example_dags/example_branch_labels.py for tasks to queue
[2025-11-19T02:49:01.480+0000] {logging_mixin.py:188} INFO - [2025-11-19T02:49:01.480+0000] {dagbag.py:538} INFO - Filling up the DagBag from /home/airflow/.local/lib/python3.8/site-packages/airflow/example_dags/example_branch_labels.py
[2025-11-19T02:49:01.490+0000] {processor.py:840} INFO - DAG(s) 'example_branch_labels' retrieved from /home/airflow/.local/lib/python3.8/site-packages/airflow/example_dags/example_branch_labels.py
[2025-11-19T02:49:01.524+0000] {logging_mixin.py:188} INFO - [2025-11-19T02:49:01.524+0000] {dag.py:3036} INFO - Sync 1 DAGs
[2025-11-19T02:49:01.553+0000] {logging_mixin.py:188} INFO - [2025-11-19T02:49:01.553+0000] {dag.py:3823} INFO - Setting next_dagrun for example_branch_labels to 2025-11-18 00:00:00+00:00, run_after=2025-11-19 00:00:00+00:00
[2025-11-19T02:49:01.590+0000] {processor.py:183} INFO - Processing /home/airflow/.local/lib/python3.8/site-packages/airflow/example_dags/example_branch_labels.py took 0.117 seconds
[2025-11-19T02:49:31.688+0000] {processor.py:161} INFO - Started process (PID=492) to work on /home/airflow/.local/lib/python3.8/site-packages/airflow/example_dags/example_branch_labels.py
[2025-11-19T02:49:31.689+0000] {processor.py:830} INFO - Processing file /home/airflow/.local/lib/python3.8/site-packages/airflow/example_dags/example_branch_labels.py for tasks to queue
[2025-11-19T02:49:31.691+0000] {logging_mixin.py:188} INFO - [2025-11-19T02:49:31.690+0000] {dagbag.py:538} INFO - Filling up the DagBag from /home/airflow/.local/lib/python3.8/site-packages/airflow/example_dags/example_branch_labels.py
[2025-11-19T02:49:31.697+0000] {processor.py:840} INFO - DAG(s) 'example_branch_labels' retrieved from /home/airflow/.local/lib/python3.8/site-packages/airflow/example_dags/example_branch_labels.py
[2025-11-19T02:49:31.716+0000] {logging_mixin.py:188} INFO - [2025-11-19T02:49:31.715+0000] {dag.py:3036} INFO - Sync 1 DAGs
[2025-11-19T02:49:31.737+0000] {logging_mixin.py:188} INFO - [2025-11-19T02:49:31.737+0000] {dag.py:3823} INFO - Setting next_dagrun for example_branch_labels to 2025-11-18 00:00:00+00:00, run_after=2025-11-19 00:00:00+00:00
[2025-11-19T02:49:31.780+0000] {processor.py:183} INFO - Processing /home/airflow/.local/lib/python3.8/site-packages/airflow/example_dags/example_branch_labels.py took 0.096 seconds
[2025-11-19T02:50:01.822+0000] {processor.py:161} INFO - Started process (PID=552) to work on /home/airflow/.local/lib/python3.8/site-packages/airflow/example_dags/example_branch_labels.py
[2025-11-19T02:50:01.823+0000] {processor.py:830} INFO - Processing file /home/airflow/.local/lib/python3.8/site-packages/airflow/example_dags/example_branch_labels.py for tasks to queue
[2025-11-19T02:50:01.825+0000] {logging_mixin.py:188} INFO - [2025-11-19T02:50:01.824+0000] {dagbag.py:538} INFO - Filling up the DagBag from /home/airflow/.local/lib/python3.8/site-packages/airflow/example_dags/example_branch_labels.py
[2025-11-19T02:50:01.833+0000] {processor.py:840} INFO - DAG(s) 'example_branch_labels' retrieved from /home/airflow/.local/lib/python3.8/site-packages/airflow/example_dags/example_branch_labels.py
[2025-11-19T02:50:01.855+0000] {logging_mixin.py:188} INFO - [2025-11-19T02:50:01.855+0000] {dag.py:3036} INFO - Sync 1 DAGs
[2025-11-19T02:50:01.875+0000] {logging_mixin.py:188} INFO - [2025-11-19T02:50:01.875+0000] {dag.py:3823} INFO - Setting next_dagrun for example_branch_labels to 2025-11-18 00:00:00+00:00, run_after=2025-11-19 00:00:00+00:00
[2025-11-19T02:50:01.896+0000] {processor.py:183} INFO - Processing /home/airflow/.local/lib/python3.8/site-packages/airflow/example_dags/example_branch_labels.py took 0.077 seconds
[2025-11-19T02:50:32.277+0000] {processor.py:161} INFO - Started process (PID=610) to work on /home/airflow/.local/lib/python3.8/site-packages/airflow/example_dags/example_branch_labels.py
[2025-11-19T02:50:32.280+0000] {processor.py:830} INFO - Processing file /home/airflow/.local/lib/python3.8/site-packages/airflow/example_dags/example_branch_labels.py for tasks to queue
[2025-11-19T02:50:32.283+0000] {logging_mixin.py:188} INFO - [2025-11-19T02:50:32.283+0000] {dagbag.py:538} INFO - Filling up the DagBag from /home/airflow/.local/lib/python3.8/site-packages/airflow/example_dags/example_branch_labels.py
[2025-11-19T02:50:32.298+0000] {processor.py:840} INFO - DAG(s) 'example_branch_labels' retrieved from /home/airflow/.local/lib/python3.8/site-packages/airflow/example_dags/example_branch_labels.py
[2025-11-19T02:50:32.321+0000] {logging_mixin.py:188} INFO - [2025-11-19T02:50:32.321+0000] {dag.py:3036} INFO - Sync 1 DAGs
[2025-11-19T02:50:32.342+0000] {logging_mixin.py:188} INFO - [2025-11-19T02:50:32.341+0000] {dag.py:3823} INFO - Setting next_dagrun for example_branch_labels to 2025-11-18 00:00:00+00:00, run_after=2025-11-19 00:00:00+00:00
[2025-11-19T02:50:32.364+0000] {processor.py:183} INFO - Processing /home/airflow/.local/lib/python3.8/site-packages/airflow/example_dags/example_branch_labels.py took 0.090 seconds
[2025-11-19T02:51:02.476+0000] {processor.py:161} INFO - Started process (PID=669) to work on /home/airflow/.local/lib/python3.8/site-packages/airflow/example_dags/example_branch_labels.py
[2025-11-19T02:51:02.477+0000] {processor.py:830} INFO - Processing file /home/airflow/.local/lib/python3.8/site-packages/airflow/example_dags/example_branch_labels.py for tasks to queue
[2025-11-19T02:51:02.480+0000] {logging_mixin.py:188} INFO - [2025-11-19T02:51:02.479+0000] {dagbag.py:538} INFO - Filling up the DagBag from /home/airflow/.local/lib/python3.8/site-packages/airflow/example_dags/example_branch_labels.py
[2025-11-19T02:51:02.488+0000] {processor.py:840} INFO - DAG(s) 'example_branch_labels' retrieved from /home/airflow/.local/lib/python3.8/site-packages/airflow/example_dags/example_branch_labels.py
[2025-11-19T02:51:02.511+0000] {logging_mixin.py:188} INFO - [2025-11-19T02:51:02.511+0000] {dag.py:3036} INFO - Sync 1 DAGs
[2025-11-19T02:51:02.535+0000] {logging_mixin.py:188} INFO - [2025-11-19T02:51:02.534+0000] {dag.py:3823} INFO - Setting next_dagrun for example_branch_labels to 2025-11-18 00:00:00+00:00, run_after=2025-11-19 00:00:00+00:00
[2025-11-19T02:51:02.556+0000] {processor.py:183} INFO - Processing /home/airflow/.local/lib/python3.8/site-packages/airflow/example_dags/example_branch_labels.py took 0.085 seconds
