[2025-11-19T02:29:06.932+0000] {processor.py:161} INFO - Started process (PID=65) to work on /home/airflow/.local/lib/python3.8/site-packages/airflow/example_dags/example_kubernetes_executor.py
[2025-11-19T02:29:06.933+0000] {processor.py:830} INFO - Processing file /home/airflow/.local/lib/python3.8/site-packages/airflow/example_dags/example_kubernetes_executor.py for tasks to queue
[2025-11-19T02:29:06.935+0000] {logging_mixin.py:188} INFO - [2025-11-19T02:29:06.935+0000] {dagbag.py:538} INFO - Filling up the DagBag from /home/airflow/.local/lib/python3.8/site-packages/airflow/example_dags/example_kubernetes_executor.py
[2025-11-19T02:29:06.952+0000] {processor.py:840} INFO - DAG(s) 'example_kubernetes_executor' retrieved from /home/airflow/.local/lib/python3.8/site-packages/airflow/example_dags/example_kubernetes_executor.py
[2025-11-19T02:29:07.101+0000] {logging_mixin.py:188} INFO - [2025-11-19T02:29:07.100+0000] {override.py:1769} INFO - Created Permission View: can read on DAG:example_kubernetes_executor
[2025-11-19T02:29:07.114+0000] {logging_mixin.py:188} INFO - [2025-11-19T02:29:07.113+0000] {override.py:1769} INFO - Created Permission View: can edit on DAG:example_kubernetes_executor
[2025-11-19T02:29:07.124+0000] {logging_mixin.py:188} INFO - [2025-11-19T02:29:07.123+0000] {override.py:1769} INFO - Created Permission View: can delete on DAG:example_kubernetes_executor
[2025-11-19T02:29:07.124+0000] {logging_mixin.py:188} INFO - [2025-11-19T02:29:07.124+0000] {dag.py:3036} INFO - Sync 1 DAGs
[2025-11-19T02:29:07.135+0000] {logging_mixin.py:188} INFO - [2025-11-19T02:29:07.135+0000] {dag.py:3058} INFO - Creating ORM DAG for example_kubernetes_executor
[2025-11-19T02:29:07.137+0000] {logging_mixin.py:188} INFO - [2025-11-19T02:29:07.136+0000] {dag.py:3823} INFO - Setting next_dagrun for example_kubernetes_executor to None, run_after=None
[2025-11-19T02:29:07.157+0000] {processor.py:183} INFO - Processing /home/airflow/.local/lib/python3.8/site-packages/airflow/example_dags/example_kubernetes_executor.py took 0.228 seconds
[2025-11-19T02:29:37.306+0000] {processor.py:161} INFO - Started process (PID=123) to work on /home/airflow/.local/lib/python3.8/site-packages/airflow/example_dags/example_kubernetes_executor.py
[2025-11-19T02:29:37.308+0000] {processor.py:830} INFO - Processing file /home/airflow/.local/lib/python3.8/site-packages/airflow/example_dags/example_kubernetes_executor.py for tasks to queue
[2025-11-19T02:29:37.311+0000] {logging_mixin.py:188} INFO - [2025-11-19T02:29:37.311+0000] {dagbag.py:538} INFO - Filling up the DagBag from /home/airflow/.local/lib/python3.8/site-packages/airflow/example_dags/example_kubernetes_executor.py
[2025-11-19T02:29:37.336+0000] {processor.py:840} INFO - DAG(s) 'example_kubernetes_executor' retrieved from /home/airflow/.local/lib/python3.8/site-packages/airflow/example_dags/example_kubernetes_executor.py
[2025-11-19T02:29:37.405+0000] {logging_mixin.py:188} INFO - [2025-11-19T02:29:37.404+0000] {dag.py:3036} INFO - Sync 1 DAGs
[2025-11-19T02:29:37.421+0000] {logging_mixin.py:188} INFO - [2025-11-19T02:29:37.420+0000] {dag.py:3823} INFO - Setting next_dagrun for example_kubernetes_executor to None, run_after=None
[2025-11-19T02:29:37.447+0000] {processor.py:183} INFO - Processing /home/airflow/.local/lib/python3.8/site-packages/airflow/example_dags/example_kubernetes_executor.py took 0.145 seconds
[2025-11-19T02:45:55.410+0000] {processor.py:161} INFO - Started process (PID=65) to work on /home/airflow/.local/lib/python3.8/site-packages/airflow/example_dags/example_kubernetes_executor.py
[2025-11-19T02:45:55.412+0000] {processor.py:830} INFO - Processing file /home/airflow/.local/lib/python3.8/site-packages/airflow/example_dags/example_kubernetes_executor.py for tasks to queue
[2025-11-19T02:45:55.415+0000] {logging_mixin.py:188} INFO - [2025-11-19T02:45:55.414+0000] {dagbag.py:538} INFO - Filling up the DagBag from /home/airflow/.local/lib/python3.8/site-packages/airflow/example_dags/example_kubernetes_executor.py
[2025-11-19T02:45:55.442+0000] {processor.py:840} INFO - DAG(s) 'example_kubernetes_executor' retrieved from /home/airflow/.local/lib/python3.8/site-packages/airflow/example_dags/example_kubernetes_executor.py
[2025-11-19T02:45:55.652+0000] {logging_mixin.py:188} INFO - [2025-11-19T02:45:55.652+0000] {override.py:1769} INFO - Created Permission View: can read on DAG:example_kubernetes_executor
[2025-11-19T02:45:55.671+0000] {logging_mixin.py:188} INFO - [2025-11-19T02:45:55.670+0000] {override.py:1769} INFO - Created Permission View: can edit on DAG:example_kubernetes_executor
[2025-11-19T02:45:55.683+0000] {logging_mixin.py:188} INFO - [2025-11-19T02:45:55.682+0000] {override.py:1769} INFO - Created Permission View: can delete on DAG:example_kubernetes_executor
[2025-11-19T02:45:55.684+0000] {logging_mixin.py:188} INFO - [2025-11-19T02:45:55.684+0000] {dag.py:3036} INFO - Sync 1 DAGs
[2025-11-19T02:45:55.700+0000] {logging_mixin.py:188} INFO - [2025-11-19T02:45:55.700+0000] {dag.py:3058} INFO - Creating ORM DAG for example_kubernetes_executor
[2025-11-19T02:45:55.702+0000] {logging_mixin.py:188} INFO - [2025-11-19T02:45:55.702+0000] {dag.py:3823} INFO - Setting next_dagrun for example_kubernetes_executor to None, run_after=None
[2025-11-19T02:45:55.733+0000] {processor.py:183} INFO - Processing /home/airflow/.local/lib/python3.8/site-packages/airflow/example_dags/example_kubernetes_executor.py took 0.328 seconds
[2025-11-19T02:46:25.804+0000] {processor.py:161} INFO - Started process (PID=123) to work on /home/airflow/.local/lib/python3.8/site-packages/airflow/example_dags/example_kubernetes_executor.py
[2025-11-19T02:46:25.805+0000] {processor.py:830} INFO - Processing file /home/airflow/.local/lib/python3.8/site-packages/airflow/example_dags/example_kubernetes_executor.py for tasks to queue
[2025-11-19T02:46:25.807+0000] {logging_mixin.py:188} INFO - [2025-11-19T02:46:25.807+0000] {dagbag.py:538} INFO - Filling up the DagBag from /home/airflow/.local/lib/python3.8/site-packages/airflow/example_dags/example_kubernetes_executor.py
[2025-11-19T02:46:25.818+0000] {processor.py:840} INFO - DAG(s) 'example_kubernetes_executor' retrieved from /home/airflow/.local/lib/python3.8/site-packages/airflow/example_dags/example_kubernetes_executor.py
[2025-11-19T02:46:25.854+0000] {logging_mixin.py:188} INFO - [2025-11-19T02:46:25.853+0000] {dag.py:3036} INFO - Sync 1 DAGs
[2025-11-19T02:46:25.864+0000] {logging_mixin.py:188} INFO - [2025-11-19T02:46:25.864+0000] {dag.py:3823} INFO - Setting next_dagrun for example_kubernetes_executor to None, run_after=None
[2025-11-19T02:46:25.884+0000] {processor.py:183} INFO - Processing /home/airflow/.local/lib/python3.8/site-packages/airflow/example_dags/example_kubernetes_executor.py took 0.083 seconds
[2025-11-19T02:46:56.162+0000] {processor.py:161} INFO - Started process (PID=182) to work on /home/airflow/.local/lib/python3.8/site-packages/airflow/example_dags/example_kubernetes_executor.py
[2025-11-19T02:46:56.163+0000] {processor.py:830} INFO - Processing file /home/airflow/.local/lib/python3.8/site-packages/airflow/example_dags/example_kubernetes_executor.py for tasks to queue
[2025-11-19T02:46:56.164+0000] {logging_mixin.py:188} INFO - [2025-11-19T02:46:56.164+0000] {dagbag.py:538} INFO - Filling up the DagBag from /home/airflow/.local/lib/python3.8/site-packages/airflow/example_dags/example_kubernetes_executor.py
[2025-11-19T02:46:56.175+0000] {processor.py:840} INFO - DAG(s) 'example_kubernetes_executor' retrieved from /home/airflow/.local/lib/python3.8/site-packages/airflow/example_dags/example_kubernetes_executor.py
[2025-11-19T02:46:56.189+0000] {logging_mixin.py:188} INFO - [2025-11-19T02:46:56.189+0000] {dag.py:3036} INFO - Sync 1 DAGs
[2025-11-19T02:46:56.200+0000] {logging_mixin.py:188} INFO - [2025-11-19T02:46:56.200+0000] {dag.py:3823} INFO - Setting next_dagrun for example_kubernetes_executor to None, run_after=None
[2025-11-19T02:46:56.219+0000] {processor.py:183} INFO - Processing /home/airflow/.local/lib/python3.8/site-packages/airflow/example_dags/example_kubernetes_executor.py took 0.061 seconds
[2025-11-19T02:47:26.714+0000] {processor.py:161} INFO - Started process (PID=241) to work on /home/airflow/.local/lib/python3.8/site-packages/airflow/example_dags/example_kubernetes_executor.py
[2025-11-19T02:47:26.715+0000] {processor.py:830} INFO - Processing file /home/airflow/.local/lib/python3.8/site-packages/airflow/example_dags/example_kubernetes_executor.py for tasks to queue
[2025-11-19T02:47:26.718+0000] {logging_mixin.py:188} INFO - [2025-11-19T02:47:26.717+0000] {dagbag.py:538} INFO - Filling up the DagBag from /home/airflow/.local/lib/python3.8/site-packages/airflow/example_dags/example_kubernetes_executor.py
[2025-11-19T02:47:26.732+0000] {processor.py:840} INFO - DAG(s) 'example_kubernetes_executor' retrieved from /home/airflow/.local/lib/python3.8/site-packages/airflow/example_dags/example_kubernetes_executor.py
[2025-11-19T02:47:26.848+0000] {logging_mixin.py:188} INFO - [2025-11-19T02:47:26.848+0000] {dag.py:3036} INFO - Sync 1 DAGs
[2025-11-19T02:47:26.857+0000] {logging_mixin.py:188} INFO - [2025-11-19T02:47:26.857+0000] {dag.py:3823} INFO - Setting next_dagrun for example_kubernetes_executor to None, run_after=None
[2025-11-19T02:47:26.878+0000] {processor.py:183} INFO - Processing /home/airflow/.local/lib/python3.8/site-packages/airflow/example_dags/example_kubernetes_executor.py took 0.168 seconds
[2025-11-19T02:47:57.217+0000] {processor.py:161} INFO - Started process (PID=300) to work on /home/airflow/.local/lib/python3.8/site-packages/airflow/example_dags/example_kubernetes_executor.py
[2025-11-19T02:47:57.218+0000] {processor.py:830} INFO - Processing file /home/airflow/.local/lib/python3.8/site-packages/airflow/example_dags/example_kubernetes_executor.py for tasks to queue
[2025-11-19T02:47:57.220+0000] {logging_mixin.py:188} INFO - [2025-11-19T02:47:57.219+0000] {dagbag.py:538} INFO - Filling up the DagBag from /home/airflow/.local/lib/python3.8/site-packages/airflow/example_dags/example_kubernetes_executor.py
[2025-11-19T02:47:57.231+0000] {processor.py:840} INFO - DAG(s) 'example_kubernetes_executor' retrieved from /home/airflow/.local/lib/python3.8/site-packages/airflow/example_dags/example_kubernetes_executor.py
[2025-11-19T02:47:57.268+0000] {logging_mixin.py:188} INFO - [2025-11-19T02:47:57.268+0000] {dag.py:3036} INFO - Sync 1 DAGs
[2025-11-19T02:47:57.278+0000] {logging_mixin.py:188} INFO - [2025-11-19T02:47:57.278+0000] {dag.py:3823} INFO - Setting next_dagrun for example_kubernetes_executor to None, run_after=None
[2025-11-19T02:47:57.298+0000] {processor.py:183} INFO - Processing /home/airflow/.local/lib/python3.8/site-packages/airflow/example_dags/example_kubernetes_executor.py took 0.084 seconds
[2025-11-19T02:48:27.342+0000] {processor.py:161} INFO - Started process (PID=358) to work on /home/airflow/.local/lib/python3.8/site-packages/airflow/example_dags/example_kubernetes_executor.py
[2025-11-19T02:48:27.343+0000] {processor.py:830} INFO - Processing file /home/airflow/.local/lib/python3.8/site-packages/airflow/example_dags/example_kubernetes_executor.py for tasks to queue
[2025-11-19T02:48:27.345+0000] {logging_mixin.py:188} INFO - [2025-11-19T02:48:27.345+0000] {dagbag.py:538} INFO - Filling up the DagBag from /home/airflow/.local/lib/python3.8/site-packages/airflow/example_dags/example_kubernetes_executor.py
[2025-11-19T02:48:27.362+0000] {processor.py:840} INFO - DAG(s) 'example_kubernetes_executor' retrieved from /home/airflow/.local/lib/python3.8/site-packages/airflow/example_dags/example_kubernetes_executor.py
[2025-11-19T02:48:27.400+0000] {logging_mixin.py:188} INFO - [2025-11-19T02:48:27.400+0000] {dag.py:3036} INFO - Sync 1 DAGs
[2025-11-19T02:48:27.412+0000] {logging_mixin.py:188} INFO - [2025-11-19T02:48:27.411+0000] {dag.py:3823} INFO - Setting next_dagrun for example_kubernetes_executor to None, run_after=None
[2025-11-19T02:48:27.431+0000] {processor.py:183} INFO - Processing /home/airflow/.local/lib/python3.8/site-packages/airflow/example_dags/example_kubernetes_executor.py took 0.092 seconds
[2025-11-19T02:48:57.492+0000] {processor.py:161} INFO - Started process (PID=417) to work on /home/airflow/.local/lib/python3.8/site-packages/airflow/example_dags/example_kubernetes_executor.py
[2025-11-19T02:48:57.493+0000] {processor.py:830} INFO - Processing file /home/airflow/.local/lib/python3.8/site-packages/airflow/example_dags/example_kubernetes_executor.py for tasks to queue
[2025-11-19T02:48:57.495+0000] {logging_mixin.py:188} INFO - [2025-11-19T02:48:57.495+0000] {dagbag.py:538} INFO - Filling up the DagBag from /home/airflow/.local/lib/python3.8/site-packages/airflow/example_dags/example_kubernetes_executor.py
[2025-11-19T02:48:57.507+0000] {processor.py:840} INFO - DAG(s) 'example_kubernetes_executor' retrieved from /home/airflow/.local/lib/python3.8/site-packages/airflow/example_dags/example_kubernetes_executor.py
[2025-11-19T02:48:57.545+0000] {logging_mixin.py:188} INFO - [2025-11-19T02:48:57.544+0000] {dag.py:3036} INFO - Sync 1 DAGs
[2025-11-19T02:48:57.556+0000] {logging_mixin.py:188} INFO - [2025-11-19T02:48:57.555+0000] {dag.py:3823} INFO - Setting next_dagrun for example_kubernetes_executor to None, run_after=None
[2025-11-19T02:48:57.577+0000] {processor.py:183} INFO - Processing /home/airflow/.local/lib/python3.8/site-packages/airflow/example_dags/example_kubernetes_executor.py took 0.088 seconds
[2025-11-19T02:49:27.669+0000] {processor.py:161} INFO - Started process (PID=476) to work on /home/airflow/.local/lib/python3.8/site-packages/airflow/example_dags/example_kubernetes_executor.py
[2025-11-19T02:49:27.670+0000] {processor.py:830} INFO - Processing file /home/airflow/.local/lib/python3.8/site-packages/airflow/example_dags/example_kubernetes_executor.py for tasks to queue
[2025-11-19T02:49:27.672+0000] {logging_mixin.py:188} INFO - [2025-11-19T02:49:27.672+0000] {dagbag.py:538} INFO - Filling up the DagBag from /home/airflow/.local/lib/python3.8/site-packages/airflow/example_dags/example_kubernetes_executor.py
[2025-11-19T02:49:27.685+0000] {processor.py:840} INFO - DAG(s) 'example_kubernetes_executor' retrieved from /home/airflow/.local/lib/python3.8/site-packages/airflow/example_dags/example_kubernetes_executor.py
[2025-11-19T02:49:27.723+0000] {logging_mixin.py:188} INFO - [2025-11-19T02:49:27.723+0000] {dag.py:3036} INFO - Sync 1 DAGs
[2025-11-19T02:49:27.733+0000] {logging_mixin.py:188} INFO - [2025-11-19T02:49:27.733+0000] {dag.py:3823} INFO - Setting next_dagrun for example_kubernetes_executor to None, run_after=None
[2025-11-19T02:49:27.752+0000] {processor.py:183} INFO - Processing /home/airflow/.local/lib/python3.8/site-packages/airflow/example_dags/example_kubernetes_executor.py took 0.087 seconds
[2025-11-19T02:49:57.973+0000] {processor.py:161} INFO - Started process (PID=536) to work on /home/airflow/.local/lib/python3.8/site-packages/airflow/example_dags/example_kubernetes_executor.py
[2025-11-19T02:49:57.974+0000] {processor.py:830} INFO - Processing file /home/airflow/.local/lib/python3.8/site-packages/airflow/example_dags/example_kubernetes_executor.py for tasks to queue
[2025-11-19T02:49:57.977+0000] {logging_mixin.py:188} INFO - [2025-11-19T02:49:57.977+0000] {dagbag.py:538} INFO - Filling up the DagBag from /home/airflow/.local/lib/python3.8/site-packages/airflow/example_dags/example_kubernetes_executor.py
[2025-11-19T02:49:57.989+0000] {processor.py:840} INFO - DAG(s) 'example_kubernetes_executor' retrieved from /home/airflow/.local/lib/python3.8/site-packages/airflow/example_dags/example_kubernetes_executor.py
[2025-11-19T02:49:58.028+0000] {logging_mixin.py:188} INFO - [2025-11-19T02:49:58.027+0000] {dag.py:3036} INFO - Sync 1 DAGs
[2025-11-19T02:49:58.038+0000] {logging_mixin.py:188} INFO - [2025-11-19T02:49:58.038+0000] {dag.py:3823} INFO - Setting next_dagrun for example_kubernetes_executor to None, run_after=None
[2025-11-19T02:49:58.065+0000] {processor.py:183} INFO - Processing /home/airflow/.local/lib/python3.8/site-packages/airflow/example_dags/example_kubernetes_executor.py took 0.095 seconds
[2025-11-19T02:50:28.456+0000] {processor.py:161} INFO - Started process (PID=595) to work on /home/airflow/.local/lib/python3.8/site-packages/airflow/example_dags/example_kubernetes_executor.py
[2025-11-19T02:50:28.458+0000] {processor.py:830} INFO - Processing file /home/airflow/.local/lib/python3.8/site-packages/airflow/example_dags/example_kubernetes_executor.py for tasks to queue
[2025-11-19T02:50:28.460+0000] {logging_mixin.py:188} INFO - [2025-11-19T02:50:28.459+0000] {dagbag.py:538} INFO - Filling up the DagBag from /home/airflow/.local/lib/python3.8/site-packages/airflow/example_dags/example_kubernetes_executor.py
[2025-11-19T02:50:28.476+0000] {processor.py:840} INFO - DAG(s) 'example_kubernetes_executor' retrieved from /home/airflow/.local/lib/python3.8/site-packages/airflow/example_dags/example_kubernetes_executor.py
[2025-11-19T02:50:28.515+0000] {logging_mixin.py:188} INFO - [2025-11-19T02:50:28.515+0000] {dag.py:3036} INFO - Sync 1 DAGs
[2025-11-19T02:50:28.530+0000] {logging_mixin.py:188} INFO - [2025-11-19T02:50:28.530+0000] {dag.py:3823} INFO - Setting next_dagrun for example_kubernetes_executor to None, run_after=None
[2025-11-19T02:50:28.551+0000] {processor.py:183} INFO - Processing /home/airflow/.local/lib/python3.8/site-packages/airflow/example_dags/example_kubernetes_executor.py took 0.098 seconds
[2025-11-19T02:50:58.577+0000] {processor.py:161} INFO - Started process (PID=654) to work on /home/airflow/.local/lib/python3.8/site-packages/airflow/example_dags/example_kubernetes_executor.py
[2025-11-19T02:50:58.578+0000] {processor.py:830} INFO - Processing file /home/airflow/.local/lib/python3.8/site-packages/airflow/example_dags/example_kubernetes_executor.py for tasks to queue
[2025-11-19T02:50:58.580+0000] {logging_mixin.py:188} INFO - [2025-11-19T02:50:58.580+0000] {dagbag.py:538} INFO - Filling up the DagBag from /home/airflow/.local/lib/python3.8/site-packages/airflow/example_dags/example_kubernetes_executor.py
[2025-11-19T02:50:58.594+0000] {processor.py:840} INFO - DAG(s) 'example_kubernetes_executor' retrieved from /home/airflow/.local/lib/python3.8/site-packages/airflow/example_dags/example_kubernetes_executor.py
[2025-11-19T02:50:58.632+0000] {logging_mixin.py:188} INFO - [2025-11-19T02:50:58.632+0000] {dag.py:3036} INFO - Sync 1 DAGs
[2025-11-19T02:50:58.642+0000] {logging_mixin.py:188} INFO - [2025-11-19T02:50:58.642+0000] {dag.py:3823} INFO - Setting next_dagrun for example_kubernetes_executor to None, run_after=None
[2025-11-19T02:50:58.664+0000] {processor.py:183} INFO - Processing /home/airflow/.local/lib/python3.8/site-packages/airflow/example_dags/example_kubernetes_executor.py took 0.090 seconds
