[2025-11-19T02:29:05.133+0000] {processor.py:161} INFO - Started process (PID=52) to work on /home/airflow/.local/lib/python3.8/site-packages/airflow/example_dags/example_branch_python_dop_operator_3.py
[2025-11-19T02:29:05.134+0000] {processor.py:830} INFO - Processing file /home/airflow/.local/lib/python3.8/site-packages/airflow/example_dags/example_branch_python_dop_operator_3.py for tasks to queue
[2025-11-19T02:29:05.138+0000] {logging_mixin.py:188} INFO - [2025-11-19T02:29:05.138+0000] {dagbag.py:538} INFO - Filling up the DagBag from /home/airflow/.local/lib/python3.8/site-packages/airflow/example_dags/example_branch_python_dop_operator_3.py
[2025-11-19T02:29:05.156+0000] {processor.py:840} INFO - DAG(s) 'example_branch_dop_operator_v3' retrieved from /home/airflow/.local/lib/python3.8/site-packages/airflow/example_dags/example_branch_python_dop_operator_3.py
[2025-11-19T02:29:05.329+0000] {logging_mixin.py:188} INFO - [2025-11-19T02:29:05.328+0000] {override.py:1769} INFO - Created Permission View: can read on DAG:example_branch_dop_operator_v3
[2025-11-19T02:29:05.342+0000] {logging_mixin.py:188} INFO - [2025-11-19T02:29:05.341+0000] {override.py:1769} INFO - Created Permission View: can edit on DAG:example_branch_dop_operator_v3
[2025-11-19T02:29:05.350+0000] {logging_mixin.py:188} INFO - [2025-11-19T02:29:05.350+0000] {override.py:1769} INFO - Created Permission View: can delete on DAG:example_branch_dop_operator_v3
[2025-11-19T02:29:05.351+0000] {logging_mixin.py:188} INFO - [2025-11-19T02:29:05.351+0000] {dag.py:3036} INFO - Sync 1 DAGs
[2025-11-19T02:29:05.365+0000] {logging_mixin.py:188} INFO - [2025-11-19T02:29:05.365+0000] {dag.py:3058} INFO - Creating ORM DAG for example_branch_dop_operator_v3
[2025-11-19T02:29:05.382+0000] {logging_mixin.py:188} INFO - [2025-11-19T02:29:05.382+0000] {dag.py:3823} INFO - Setting next_dagrun for example_branch_dop_operator_v3 to 2025-11-19 02:28:00+00:00, run_after=2025-11-19 02:29:00+00:00
[2025-11-19T02:29:05.405+0000] {processor.py:183} INFO - Processing /home/airflow/.local/lib/python3.8/site-packages/airflow/example_dags/example_branch_python_dop_operator_3.py took 0.276 seconds
[2025-11-19T02:29:35.514+0000] {processor.py:161} INFO - Started process (PID=110) to work on /home/airflow/.local/lib/python3.8/site-packages/airflow/example_dags/example_branch_python_dop_operator_3.py
[2025-11-19T02:29:35.515+0000] {processor.py:830} INFO - Processing file /home/airflow/.local/lib/python3.8/site-packages/airflow/example_dags/example_branch_python_dop_operator_3.py for tasks to queue
[2025-11-19T02:29:35.517+0000] {logging_mixin.py:188} INFO - [2025-11-19T02:29:35.517+0000] {dagbag.py:538} INFO - Filling up the DagBag from /home/airflow/.local/lib/python3.8/site-packages/airflow/example_dags/example_branch_python_dop_operator_3.py
[2025-11-19T02:29:35.525+0000] {processor.py:840} INFO - DAG(s) 'example_branch_dop_operator_v3' retrieved from /home/airflow/.local/lib/python3.8/site-packages/airflow/example_dags/example_branch_python_dop_operator_3.py
[2025-11-19T02:29:35.545+0000] {logging_mixin.py:188} INFO - [2025-11-19T02:29:35.545+0000] {dag.py:3036} INFO - Sync 1 DAGs
[2025-11-19T02:29:35.566+0000] {logging_mixin.py:188} INFO - [2025-11-19T02:29:35.565+0000] {dag.py:3823} INFO - Setting next_dagrun for example_branch_dop_operator_v3 to 2025-11-19 02:28:00+00:00, run_after=2025-11-19 02:29:00+00:00
[2025-11-19T02:29:35.594+0000] {processor.py:183} INFO - Processing /home/airflow/.local/lib/python3.8/site-packages/airflow/example_dags/example_branch_python_dop_operator_3.py took 0.083 seconds
[2025-11-19T02:45:53.072+0000] {processor.py:161} INFO - Started process (PID=52) to work on /home/airflow/.local/lib/python3.8/site-packages/airflow/example_dags/example_branch_python_dop_operator_3.py
[2025-11-19T02:45:53.074+0000] {processor.py:830} INFO - Processing file /home/airflow/.local/lib/python3.8/site-packages/airflow/example_dags/example_branch_python_dop_operator_3.py for tasks to queue
[2025-11-19T02:45:53.077+0000] {logging_mixin.py:188} INFO - [2025-11-19T02:45:53.077+0000] {dagbag.py:538} INFO - Filling up the DagBag from /home/airflow/.local/lib/python3.8/site-packages/airflow/example_dags/example_branch_python_dop_operator_3.py
[2025-11-19T02:45:53.098+0000] {processor.py:840} INFO - DAG(s) 'example_branch_dop_operator_v3' retrieved from /home/airflow/.local/lib/python3.8/site-packages/airflow/example_dags/example_branch_python_dop_operator_3.py
[2025-11-19T02:45:53.280+0000] {logging_mixin.py:188} INFO - [2025-11-19T02:45:53.279+0000] {override.py:1769} INFO - Created Permission View: can read on DAG:example_branch_dop_operator_v3
[2025-11-19T02:45:53.291+0000] {logging_mixin.py:188} INFO - [2025-11-19T02:45:53.290+0000] {override.py:1769} INFO - Created Permission View: can edit on DAG:example_branch_dop_operator_v3
[2025-11-19T02:45:53.299+0000] {logging_mixin.py:188} INFO - [2025-11-19T02:45:53.299+0000] {override.py:1769} INFO - Created Permission View: can delete on DAG:example_branch_dop_operator_v3
[2025-11-19T02:45:53.300+0000] {logging_mixin.py:188} INFO - [2025-11-19T02:45:53.300+0000] {dag.py:3036} INFO - Sync 1 DAGs
[2025-11-19T02:45:53.314+0000] {logging_mixin.py:188} INFO - [2025-11-19T02:45:53.313+0000] {dag.py:3058} INFO - Creating ORM DAG for example_branch_dop_operator_v3
[2025-11-19T02:45:53.330+0000] {logging_mixin.py:188} INFO - [2025-11-19T02:45:53.330+0000] {dag.py:3823} INFO - Setting next_dagrun for example_branch_dop_operator_v3 to 2025-11-19 02:44:00+00:00, run_after=2025-11-19 02:45:00+00:00
[2025-11-19T02:45:53.350+0000] {processor.py:183} INFO - Processing /home/airflow/.local/lib/python3.8/site-packages/airflow/example_dags/example_branch_python_dop_operator_3.py took 0.284 seconds
[2025-11-19T02:46:24.005+0000] {processor.py:161} INFO - Started process (PID=110) to work on /home/airflow/.local/lib/python3.8/site-packages/airflow/example_dags/example_branch_python_dop_operator_3.py
[2025-11-19T02:46:24.006+0000] {processor.py:830} INFO - Processing file /home/airflow/.local/lib/python3.8/site-packages/airflow/example_dags/example_branch_python_dop_operator_3.py for tasks to queue
[2025-11-19T02:46:24.008+0000] {logging_mixin.py:188} INFO - [2025-11-19T02:46:24.008+0000] {dagbag.py:538} INFO - Filling up the DagBag from /home/airflow/.local/lib/python3.8/site-packages/airflow/example_dags/example_branch_python_dop_operator_3.py
[2025-11-19T02:46:24.017+0000] {processor.py:840} INFO - DAG(s) 'example_branch_dop_operator_v3' retrieved from /home/airflow/.local/lib/python3.8/site-packages/airflow/example_dags/example_branch_python_dop_operator_3.py
[2025-11-19T02:46:24.035+0000] {logging_mixin.py:188} INFO - [2025-11-19T02:46:24.035+0000] {dag.py:3036} INFO - Sync 1 DAGs
[2025-11-19T02:46:24.056+0000] {logging_mixin.py:188} INFO - [2025-11-19T02:46:24.056+0000] {dag.py:3823} INFO - Setting next_dagrun for example_branch_dop_operator_v3 to 2025-11-19 02:45:00+00:00, run_after=2025-11-19 02:46:00+00:00
[2025-11-19T02:46:24.074+0000] {processor.py:183} INFO - Processing /home/airflow/.local/lib/python3.8/site-packages/airflow/example_dags/example_branch_python_dop_operator_3.py took 0.072 seconds
[2025-11-19T02:46:54.400+0000] {processor.py:161} INFO - Started process (PID=169) to work on /home/airflow/.local/lib/python3.8/site-packages/airflow/example_dags/example_branch_python_dop_operator_3.py
[2025-11-19T02:46:54.402+0000] {processor.py:830} INFO - Processing file /home/airflow/.local/lib/python3.8/site-packages/airflow/example_dags/example_branch_python_dop_operator_3.py for tasks to queue
[2025-11-19T02:46:54.403+0000] {logging_mixin.py:188} INFO - [2025-11-19T02:46:54.403+0000] {dagbag.py:538} INFO - Filling up the DagBag from /home/airflow/.local/lib/python3.8/site-packages/airflow/example_dags/example_branch_python_dop_operator_3.py
[2025-11-19T02:46:54.411+0000] {processor.py:840} INFO - DAG(s) 'example_branch_dop_operator_v3' retrieved from /home/airflow/.local/lib/python3.8/site-packages/airflow/example_dags/example_branch_python_dop_operator_3.py
[2025-11-19T02:46:54.423+0000] {logging_mixin.py:188} INFO - [2025-11-19T02:46:54.423+0000] {dag.py:3036} INFO - Sync 1 DAGs
[2025-11-19T02:46:54.444+0000] {logging_mixin.py:188} INFO - [2025-11-19T02:46:54.444+0000] {dag.py:3823} INFO - Setting next_dagrun for example_branch_dop_operator_v3 to 2025-11-19 02:45:00+00:00, run_after=2025-11-19 02:46:00+00:00
[2025-11-19T02:46:54.463+0000] {processor.py:183} INFO - Processing /home/airflow/.local/lib/python3.8/site-packages/airflow/example_dags/example_branch_python_dop_operator_3.py took 0.065 seconds
[2025-11-19T02:47:25.243+0000] {processor.py:161} INFO - Started process (PID=228) to work on /home/airflow/.local/lib/python3.8/site-packages/airflow/example_dags/example_branch_python_dop_operator_3.py
[2025-11-19T02:47:25.244+0000] {processor.py:830} INFO - Processing file /home/airflow/.local/lib/python3.8/site-packages/airflow/example_dags/example_branch_python_dop_operator_3.py for tasks to queue
[2025-11-19T02:47:25.246+0000] {logging_mixin.py:188} INFO - [2025-11-19T02:47:25.245+0000] {dagbag.py:538} INFO - Filling up the DagBag from /home/airflow/.local/lib/python3.8/site-packages/airflow/example_dags/example_branch_python_dop_operator_3.py
[2025-11-19T02:47:25.254+0000] {processor.py:840} INFO - DAG(s) 'example_branch_dop_operator_v3' retrieved from /home/airflow/.local/lib/python3.8/site-packages/airflow/example_dags/example_branch_python_dop_operator_3.py
[2025-11-19T02:47:25.348+0000] {logging_mixin.py:188} INFO - [2025-11-19T02:47:25.348+0000] {dag.py:3036} INFO - Sync 1 DAGs
[2025-11-19T02:47:25.367+0000] {logging_mixin.py:188} INFO - [2025-11-19T02:47:25.367+0000] {dag.py:3823} INFO - Setting next_dagrun for example_branch_dop_operator_v3 to 2025-11-19 02:46:00+00:00, run_after=2025-11-19 02:47:00+00:00
[2025-11-19T02:47:25.385+0000] {processor.py:183} INFO - Processing /home/airflow/.local/lib/python3.8/site-packages/airflow/example_dags/example_branch_python_dop_operator_3.py took 0.146 seconds
[2025-11-19T02:47:55.418+0000] {processor.py:161} INFO - Started process (PID=287) to work on /home/airflow/.local/lib/python3.8/site-packages/airflow/example_dags/example_branch_python_dop_operator_3.py
[2025-11-19T02:47:55.420+0000] {processor.py:830} INFO - Processing file /home/airflow/.local/lib/python3.8/site-packages/airflow/example_dags/example_branch_python_dop_operator_3.py for tasks to queue
[2025-11-19T02:47:55.421+0000] {logging_mixin.py:188} INFO - [2025-11-19T02:47:55.421+0000] {dagbag.py:538} INFO - Filling up the DagBag from /home/airflow/.local/lib/python3.8/site-packages/airflow/example_dags/example_branch_python_dop_operator_3.py
[2025-11-19T02:47:55.430+0000] {processor.py:840} INFO - DAG(s) 'example_branch_dop_operator_v3' retrieved from /home/airflow/.local/lib/python3.8/site-packages/airflow/example_dags/example_branch_python_dop_operator_3.py
[2025-11-19T02:47:55.449+0000] {logging_mixin.py:188} INFO - [2025-11-19T02:47:55.449+0000] {dag.py:3036} INFO - Sync 1 DAGs
[2025-11-19T02:47:55.470+0000] {logging_mixin.py:188} INFO - [2025-11-19T02:47:55.470+0000] {dag.py:3823} INFO - Setting next_dagrun for example_branch_dop_operator_v3 to 2025-11-19 02:46:00+00:00, run_after=2025-11-19 02:47:00+00:00
[2025-11-19T02:47:55.491+0000] {processor.py:183} INFO - Processing /home/airflow/.local/lib/python3.8/site-packages/airflow/example_dags/example_branch_python_dop_operator_3.py took 0.076 seconds
[2025-11-19T02:48:25.573+0000] {processor.py:161} INFO - Started process (PID=346) to work on /home/airflow/.local/lib/python3.8/site-packages/airflow/example_dags/example_branch_python_dop_operator_3.py
[2025-11-19T02:48:25.574+0000] {processor.py:830} INFO - Processing file /home/airflow/.local/lib/python3.8/site-packages/airflow/example_dags/example_branch_python_dop_operator_3.py for tasks to queue
[2025-11-19T02:48:25.576+0000] {logging_mixin.py:188} INFO - [2025-11-19T02:48:25.576+0000] {dagbag.py:538} INFO - Filling up the DagBag from /home/airflow/.local/lib/python3.8/site-packages/airflow/example_dags/example_branch_python_dop_operator_3.py
[2025-11-19T02:48:25.587+0000] {processor.py:840} INFO - DAG(s) 'example_branch_dop_operator_v3' retrieved from /home/airflow/.local/lib/python3.8/site-packages/airflow/example_dags/example_branch_python_dop_operator_3.py
[2025-11-19T02:48:25.614+0000] {logging_mixin.py:188} INFO - [2025-11-19T02:48:25.614+0000] {dag.py:3036} INFO - Sync 1 DAGs
[2025-11-19T02:48:25.641+0000] {logging_mixin.py:188} INFO - [2025-11-19T02:48:25.640+0000] {dag.py:3823} INFO - Setting next_dagrun for example_branch_dop_operator_v3 to 2025-11-19 02:47:00+00:00, run_after=2025-11-19 02:48:00+00:00
[2025-11-19T02:48:25.658+0000] {processor.py:183} INFO - Processing /home/airflow/.local/lib/python3.8/site-packages/airflow/example_dags/example_branch_python_dop_operator_3.py took 0.088 seconds
[2025-11-19T02:48:55.717+0000] {processor.py:161} INFO - Started process (PID=405) to work on /home/airflow/.local/lib/python3.8/site-packages/airflow/example_dags/example_branch_python_dop_operator_3.py
[2025-11-19T02:48:55.719+0000] {processor.py:830} INFO - Processing file /home/airflow/.local/lib/python3.8/site-packages/airflow/example_dags/example_branch_python_dop_operator_3.py for tasks to queue
[2025-11-19T02:48:55.720+0000] {logging_mixin.py:188} INFO - [2025-11-19T02:48:55.720+0000] {dagbag.py:538} INFO - Filling up the DagBag from /home/airflow/.local/lib/python3.8/site-packages/airflow/example_dags/example_branch_python_dop_operator_3.py
[2025-11-19T02:48:55.728+0000] {processor.py:840} INFO - DAG(s) 'example_branch_dop_operator_v3' retrieved from /home/airflow/.local/lib/python3.8/site-packages/airflow/example_dags/example_branch_python_dop_operator_3.py
[2025-11-19T02:48:55.745+0000] {logging_mixin.py:188} INFO - [2025-11-19T02:48:55.745+0000] {dag.py:3036} INFO - Sync 1 DAGs
[2025-11-19T02:48:55.765+0000] {logging_mixin.py:188} INFO - [2025-11-19T02:48:55.765+0000] {dag.py:3823} INFO - Setting next_dagrun for example_branch_dop_operator_v3 to 2025-11-19 02:47:00+00:00, run_after=2025-11-19 02:48:00+00:00
[2025-11-19T02:48:55.784+0000] {processor.py:183} INFO - Processing /home/airflow/.local/lib/python3.8/site-packages/airflow/example_dags/example_branch_python_dop_operator_3.py took 0.069 seconds
[2025-11-19T02:49:25.961+0000] {processor.py:161} INFO - Started process (PID=464) to work on /home/airflow/.local/lib/python3.8/site-packages/airflow/example_dags/example_branch_python_dop_operator_3.py
[2025-11-19T02:49:25.962+0000] {processor.py:830} INFO - Processing file /home/airflow/.local/lib/python3.8/site-packages/airflow/example_dags/example_branch_python_dop_operator_3.py for tasks to queue
[2025-11-19T02:49:25.964+0000] {logging_mixin.py:188} INFO - [2025-11-19T02:49:25.964+0000] {dagbag.py:538} INFO - Filling up the DagBag from /home/airflow/.local/lib/python3.8/site-packages/airflow/example_dags/example_branch_python_dop_operator_3.py
[2025-11-19T02:49:25.971+0000] {processor.py:840} INFO - DAG(s) 'example_branch_dop_operator_v3' retrieved from /home/airflow/.local/lib/python3.8/site-packages/airflow/example_dags/example_branch_python_dop_operator_3.py
[2025-11-19T02:49:25.991+0000] {logging_mixin.py:188} INFO - [2025-11-19T02:49:25.990+0000] {dag.py:3036} INFO - Sync 1 DAGs
[2025-11-19T02:49:26.009+0000] {logging_mixin.py:188} INFO - [2025-11-19T02:49:26.009+0000] {dag.py:3823} INFO - Setting next_dagrun for example_branch_dop_operator_v3 to 2025-11-19 02:48:00+00:00, run_after=2025-11-19 02:49:00+00:00
[2025-11-19T02:49:26.029+0000] {processor.py:183} INFO - Processing /home/airflow/.local/lib/python3.8/site-packages/airflow/example_dags/example_branch_python_dop_operator_3.py took 0.071 seconds
[2025-11-19T02:49:56.230+0000] {processor.py:161} INFO - Started process (PID=523) to work on /home/airflow/.local/lib/python3.8/site-packages/airflow/example_dags/example_branch_python_dop_operator_3.py
[2025-11-19T02:49:56.231+0000] {processor.py:830} INFO - Processing file /home/airflow/.local/lib/python3.8/site-packages/airflow/example_dags/example_branch_python_dop_operator_3.py for tasks to queue
[2025-11-19T02:49:56.232+0000] {logging_mixin.py:188} INFO - [2025-11-19T02:49:56.232+0000] {dagbag.py:538} INFO - Filling up the DagBag from /home/airflow/.local/lib/python3.8/site-packages/airflow/example_dags/example_branch_python_dop_operator_3.py
[2025-11-19T02:49:56.240+0000] {processor.py:840} INFO - DAG(s) 'example_branch_dop_operator_v3' retrieved from /home/airflow/.local/lib/python3.8/site-packages/airflow/example_dags/example_branch_python_dop_operator_3.py
[2025-11-19T02:49:56.259+0000] {logging_mixin.py:188} INFO - [2025-11-19T02:49:56.259+0000] {dag.py:3036} INFO - Sync 1 DAGs
[2025-11-19T02:49:56.278+0000] {logging_mixin.py:188} INFO - [2025-11-19T02:49:56.278+0000] {dag.py:3823} INFO - Setting next_dagrun for example_branch_dop_operator_v3 to 2025-11-19 02:48:00+00:00, run_after=2025-11-19 02:49:00+00:00
[2025-11-19T02:49:56.297+0000] {processor.py:183} INFO - Processing /home/airflow/.local/lib/python3.8/site-packages/airflow/example_dags/example_branch_python_dop_operator_3.py took 0.070 seconds
[2025-11-19T02:50:26.739+0000] {processor.py:161} INFO - Started process (PID=582) to work on /home/airflow/.local/lib/python3.8/site-packages/airflow/example_dags/example_branch_python_dop_operator_3.py
[2025-11-19T02:50:26.740+0000] {processor.py:830} INFO - Processing file /home/airflow/.local/lib/python3.8/site-packages/airflow/example_dags/example_branch_python_dop_operator_3.py for tasks to queue
[2025-11-19T02:50:26.742+0000] {logging_mixin.py:188} INFO - [2025-11-19T02:50:26.741+0000] {dagbag.py:538} INFO - Filling up the DagBag from /home/airflow/.local/lib/python3.8/site-packages/airflow/example_dags/example_branch_python_dop_operator_3.py
[2025-11-19T02:50:26.750+0000] {processor.py:840} INFO - DAG(s) 'example_branch_dop_operator_v3' retrieved from /home/airflow/.local/lib/python3.8/site-packages/airflow/example_dags/example_branch_python_dop_operator_3.py
[2025-11-19T02:50:26.770+0000] {logging_mixin.py:188} INFO - [2025-11-19T02:50:26.770+0000] {dag.py:3036} INFO - Sync 1 DAGs
[2025-11-19T02:50:26.791+0000] {logging_mixin.py:188} INFO - [2025-11-19T02:50:26.791+0000] {dag.py:3823} INFO - Setting next_dagrun for example_branch_dop_operator_v3 to 2025-11-19 02:49:00+00:00, run_after=2025-11-19 02:50:00+00:00
[2025-11-19T02:50:26.810+0000] {processor.py:183} INFO - Processing /home/airflow/.local/lib/python3.8/site-packages/airflow/example_dags/example_branch_python_dop_operator_3.py took 0.074 seconds
[2025-11-19T02:50:56.870+0000] {processor.py:161} INFO - Started process (PID=641) to work on /home/airflow/.local/lib/python3.8/site-packages/airflow/example_dags/example_branch_python_dop_operator_3.py
[2025-11-19T02:50:56.872+0000] {processor.py:830} INFO - Processing file /home/airflow/.local/lib/python3.8/site-packages/airflow/example_dags/example_branch_python_dop_operator_3.py for tasks to queue
[2025-11-19T02:50:56.874+0000] {logging_mixin.py:188} INFO - [2025-11-19T02:50:56.873+0000] {dagbag.py:538} INFO - Filling up the DagBag from /home/airflow/.local/lib/python3.8/site-packages/airflow/example_dags/example_branch_python_dop_operator_3.py
[2025-11-19T02:50:56.882+0000] {processor.py:840} INFO - DAG(s) 'example_branch_dop_operator_v3' retrieved from /home/airflow/.local/lib/python3.8/site-packages/airflow/example_dags/example_branch_python_dop_operator_3.py
[2025-11-19T02:50:56.903+0000] {logging_mixin.py:188} INFO - [2025-11-19T02:50:56.903+0000] {dag.py:3036} INFO - Sync 1 DAGs
[2025-11-19T02:50:56.924+0000] {logging_mixin.py:188} INFO - [2025-11-19T02:50:56.924+0000] {dag.py:3823} INFO - Setting next_dagrun for example_branch_dop_operator_v3 to 2025-11-19 02:49:00+00:00, run_after=2025-11-19 02:50:00+00:00
[2025-11-19T02:50:56.943+0000] {processor.py:183} INFO - Processing /home/airflow/.local/lib/python3.8/site-packages/airflow/example_dags/example_branch_python_dop_operator_3.py took 0.076 seconds
[2025-11-19T02:51:27.146+0000] {processor.py:161} INFO - Started process (PID=700) to work on /home/airflow/.local/lib/python3.8/site-packages/airflow/example_dags/example_branch_python_dop_operator_3.py
[2025-11-19T02:51:27.147+0000] {processor.py:830} INFO - Processing file /home/airflow/.local/lib/python3.8/site-packages/airflow/example_dags/example_branch_python_dop_operator_3.py for tasks to queue
[2025-11-19T02:51:27.150+0000] {logging_mixin.py:188} INFO - [2025-11-19T02:51:27.149+0000] {dagbag.py:538} INFO - Filling up the DagBag from /home/airflow/.local/lib/python3.8/site-packages/airflow/example_dags/example_branch_python_dop_operator_3.py
[2025-11-19T02:51:27.158+0000] {processor.py:840} INFO - DAG(s) 'example_branch_dop_operator_v3' retrieved from /home/airflow/.local/lib/python3.8/site-packages/airflow/example_dags/example_branch_python_dop_operator_3.py
[2025-11-19T02:51:27.179+0000] {logging_mixin.py:188} INFO - [2025-11-19T02:51:27.179+0000] {dag.py:3036} INFO - Sync 1 DAGs
[2025-11-19T02:51:27.198+0000] {logging_mixin.py:188} INFO - [2025-11-19T02:51:27.197+0000] {dag.py:3823} INFO - Setting next_dagrun for example_branch_dop_operator_v3 to 2025-11-19 02:50:00+00:00, run_after=2025-11-19 02:51:00+00:00
[2025-11-19T02:51:27.216+0000] {processor.py:183} INFO - Processing /home/airflow/.local/lib/python3.8/site-packages/airflow/example_dags/example_branch_python_dop_operator_3.py took 0.074 seconds
