[2025-11-19T02:29:06.081+0000] {processor.py:161} INFO - Started process (PID=59) to work on /home/airflow/.local/lib/python3.8/site-packages/airflow/example_dags/example_dynamic_task_mapping.py
[2025-11-19T02:29:06.082+0000] {processor.py:830} INFO - Processing file /home/airflow/.local/lib/python3.8/site-packages/airflow/example_dags/example_dynamic_task_mapping.py for tasks to queue
[2025-11-19T02:29:06.084+0000] {logging_mixin.py:188} INFO - [2025-11-19T02:29:06.084+0000] {dagbag.py:538} INFO - Filling up the DagBag from /home/airflow/.local/lib/python3.8/site-packages/airflow/example_dags/example_dynamic_task_mapping.py
[2025-11-19T02:29:06.095+0000] {processor.py:840} INFO - DAG(s) 'example_dynamic_task_mapping' retrieved from /home/airflow/.local/lib/python3.8/site-packages/airflow/example_dags/example_dynamic_task_mapping.py
[2025-11-19T02:29:06.205+0000] {logging_mixin.py:188} INFO - [2025-11-19T02:29:06.204+0000] {override.py:1769} INFO - Created Permission View: can read on DAG:example_dynamic_task_mapping
[2025-11-19T02:29:06.215+0000] {logging_mixin.py:188} INFO - [2025-11-19T02:29:06.215+0000] {override.py:1769} INFO - Created Permission View: can edit on DAG:example_dynamic_task_mapping
[2025-11-19T02:29:06.224+0000] {logging_mixin.py:188} INFO - [2025-11-19T02:29:06.224+0000] {override.py:1769} INFO - Created Permission View: can delete on DAG:example_dynamic_task_mapping
[2025-11-19T02:29:06.225+0000] {logging_mixin.py:188} INFO - [2025-11-19T02:29:06.225+0000] {dag.py:3036} INFO - Sync 1 DAGs
[2025-11-19T02:29:06.235+0000] {logging_mixin.py:188} INFO - [2025-11-19T02:29:06.235+0000] {dag.py:3058} INFO - Creating ORM DAG for example_dynamic_task_mapping
[2025-11-19T02:29:06.246+0000] {logging_mixin.py:188} INFO - [2025-11-19T02:29:06.246+0000] {dag.py:3823} INFO - Setting next_dagrun for example_dynamic_task_mapping to 2022-03-04 00:00:00+00:00, run_after=2022-03-05 00:00:00+00:00
[2025-11-19T02:29:06.263+0000] {processor.py:183} INFO - Processing /home/airflow/.local/lib/python3.8/site-packages/airflow/example_dags/example_dynamic_task_mapping.py took 0.186 seconds
[2025-11-19T02:29:36.954+0000] {processor.py:161} INFO - Started process (PID=117) to work on /home/airflow/.local/lib/python3.8/site-packages/airflow/example_dags/example_dynamic_task_mapping.py
[2025-11-19T02:29:36.955+0000] {processor.py:830} INFO - Processing file /home/airflow/.local/lib/python3.8/site-packages/airflow/example_dags/example_dynamic_task_mapping.py for tasks to queue
[2025-11-19T02:29:36.957+0000] {logging_mixin.py:188} INFO - [2025-11-19T02:29:36.956+0000] {dagbag.py:538} INFO - Filling up the DagBag from /home/airflow/.local/lib/python3.8/site-packages/airflow/example_dags/example_dynamic_task_mapping.py
[2025-11-19T02:29:36.962+0000] {processor.py:840} INFO - DAG(s) 'example_dynamic_task_mapping' retrieved from /home/airflow/.local/lib/python3.8/site-packages/airflow/example_dags/example_dynamic_task_mapping.py
[2025-11-19T02:29:36.981+0000] {logging_mixin.py:188} INFO - [2025-11-19T02:29:36.980+0000] {dag.py:3036} INFO - Sync 1 DAGs
[2025-11-19T02:29:36.998+0000] {logging_mixin.py:188} INFO - [2025-11-19T02:29:36.998+0000] {dag.py:3823} INFO - Setting next_dagrun for example_dynamic_task_mapping to 2022-03-04 00:00:00+00:00, run_after=2022-03-05 00:00:00+00:00
[2025-11-19T02:29:37.019+0000] {processor.py:183} INFO - Processing /home/airflow/.local/lib/python3.8/site-packages/airflow/example_dags/example_dynamic_task_mapping.py took 0.068 seconds
[2025-11-19T02:45:54.387+0000] {processor.py:161} INFO - Started process (PID=59) to work on /home/airflow/.local/lib/python3.8/site-packages/airflow/example_dags/example_dynamic_task_mapping.py
[2025-11-19T02:45:54.390+0000] {processor.py:830} INFO - Processing file /home/airflow/.local/lib/python3.8/site-packages/airflow/example_dags/example_dynamic_task_mapping.py for tasks to queue
[2025-11-19T02:45:54.393+0000] {logging_mixin.py:188} INFO - [2025-11-19T02:45:54.393+0000] {dagbag.py:538} INFO - Filling up the DagBag from /home/airflow/.local/lib/python3.8/site-packages/airflow/example_dags/example_dynamic_task_mapping.py
[2025-11-19T02:45:54.406+0000] {processor.py:840} INFO - DAG(s) 'example_dynamic_task_mapping' retrieved from /home/airflow/.local/lib/python3.8/site-packages/airflow/example_dags/example_dynamic_task_mapping.py
[2025-11-19T02:45:54.583+0000] {logging_mixin.py:188} INFO - [2025-11-19T02:45:54.582+0000] {override.py:1769} INFO - Created Permission View: can read on DAG:example_dynamic_task_mapping
[2025-11-19T02:45:54.599+0000] {logging_mixin.py:188} INFO - [2025-11-19T02:45:54.598+0000] {override.py:1769} INFO - Created Permission View: can edit on DAG:example_dynamic_task_mapping
[2025-11-19T02:45:54.612+0000] {logging_mixin.py:188} INFO - [2025-11-19T02:45:54.612+0000] {override.py:1769} INFO - Created Permission View: can delete on DAG:example_dynamic_task_mapping
[2025-11-19T02:45:54.613+0000] {logging_mixin.py:188} INFO - [2025-11-19T02:45:54.613+0000] {dag.py:3036} INFO - Sync 1 DAGs
[2025-11-19T02:45:54.630+0000] {logging_mixin.py:188} INFO - [2025-11-19T02:45:54.630+0000] {dag.py:3058} INFO - Creating ORM DAG for example_dynamic_task_mapping
[2025-11-19T02:45:54.646+0000] {logging_mixin.py:188} INFO - [2025-11-19T02:45:54.646+0000] {dag.py:3823} INFO - Setting next_dagrun for example_dynamic_task_mapping to 2022-03-04 00:00:00+00:00, run_after=2022-03-05 00:00:00+00:00
[2025-11-19T02:45:54.670+0000] {processor.py:183} INFO - Processing /home/airflow/.local/lib/python3.8/site-packages/airflow/example_dags/example_dynamic_task_mapping.py took 0.288 seconds
[2025-11-19T02:46:25.427+0000] {processor.py:161} INFO - Started process (PID=117) to work on /home/airflow/.local/lib/python3.8/site-packages/airflow/example_dags/example_dynamic_task_mapping.py
[2025-11-19T02:46:25.429+0000] {processor.py:830} INFO - Processing file /home/airflow/.local/lib/python3.8/site-packages/airflow/example_dags/example_dynamic_task_mapping.py for tasks to queue
[2025-11-19T02:46:25.434+0000] {logging_mixin.py:188} INFO - [2025-11-19T02:46:25.434+0000] {dagbag.py:538} INFO - Filling up the DagBag from /home/airflow/.local/lib/python3.8/site-packages/airflow/example_dags/example_dynamic_task_mapping.py
[2025-11-19T02:46:25.441+0000] {processor.py:840} INFO - DAG(s) 'example_dynamic_task_mapping' retrieved from /home/airflow/.local/lib/python3.8/site-packages/airflow/example_dags/example_dynamic_task_mapping.py
[2025-11-19T02:46:25.459+0000] {logging_mixin.py:188} INFO - [2025-11-19T02:46:25.459+0000] {dag.py:3036} INFO - Sync 1 DAGs
[2025-11-19T02:46:25.476+0000] {logging_mixin.py:188} INFO - [2025-11-19T02:46:25.476+0000] {dag.py:3823} INFO - Setting next_dagrun for example_dynamic_task_mapping to 2022-03-04 00:00:00+00:00, run_after=2022-03-05 00:00:00+00:00
[2025-11-19T02:46:25.495+0000] {processor.py:183} INFO - Processing /home/airflow/.local/lib/python3.8/site-packages/airflow/example_dags/example_dynamic_task_mapping.py took 0.071 seconds
[2025-11-19T02:46:55.692+0000] {processor.py:161} INFO - Started process (PID=176) to work on /home/airflow/.local/lib/python3.8/site-packages/airflow/example_dags/example_dynamic_task_mapping.py
[2025-11-19T02:46:55.693+0000] {processor.py:830} INFO - Processing file /home/airflow/.local/lib/python3.8/site-packages/airflow/example_dags/example_dynamic_task_mapping.py for tasks to queue
[2025-11-19T02:46:55.695+0000] {logging_mixin.py:188} INFO - [2025-11-19T02:46:55.695+0000] {dagbag.py:538} INFO - Filling up the DagBag from /home/airflow/.local/lib/python3.8/site-packages/airflow/example_dags/example_dynamic_task_mapping.py
[2025-11-19T02:46:55.702+0000] {processor.py:840} INFO - DAG(s) 'example_dynamic_task_mapping' retrieved from /home/airflow/.local/lib/python3.8/site-packages/airflow/example_dags/example_dynamic_task_mapping.py
[2025-11-19T02:46:55.715+0000] {logging_mixin.py:188} INFO - [2025-11-19T02:46:55.715+0000] {dag.py:3036} INFO - Sync 1 DAGs
[2025-11-19T02:46:55.734+0000] {logging_mixin.py:188} INFO - [2025-11-19T02:46:55.734+0000] {dag.py:3823} INFO - Setting next_dagrun for example_dynamic_task_mapping to 2022-03-04 00:00:00+00:00, run_after=2022-03-05 00:00:00+00:00
[2025-11-19T02:46:55.752+0000] {processor.py:183} INFO - Processing /home/airflow/.local/lib/python3.8/site-packages/airflow/example_dags/example_dynamic_task_mapping.py took 0.064 seconds
[2025-11-19T02:47:26.186+0000] {processor.py:161} INFO - Started process (PID=235) to work on /home/airflow/.local/lib/python3.8/site-packages/airflow/example_dags/example_dynamic_task_mapping.py
[2025-11-19T02:47:26.187+0000] {processor.py:830} INFO - Processing file /home/airflow/.local/lib/python3.8/site-packages/airflow/example_dags/example_dynamic_task_mapping.py for tasks to queue
[2025-11-19T02:47:26.189+0000] {logging_mixin.py:188} INFO - [2025-11-19T02:47:26.189+0000] {dagbag.py:538} INFO - Filling up the DagBag from /home/airflow/.local/lib/python3.8/site-packages/airflow/example_dags/example_dynamic_task_mapping.py
[2025-11-19T02:47:26.198+0000] {processor.py:840} INFO - DAG(s) 'example_dynamic_task_mapping' retrieved from /home/airflow/.local/lib/python3.8/site-packages/airflow/example_dags/example_dynamic_task_mapping.py
[2025-11-19T02:47:26.291+0000] {logging_mixin.py:188} INFO - [2025-11-19T02:47:26.291+0000] {dag.py:3036} INFO - Sync 1 DAGs
[2025-11-19T02:47:26.314+0000] {logging_mixin.py:188} INFO - [2025-11-19T02:47:26.314+0000] {dag.py:3823} INFO - Setting next_dagrun for example_dynamic_task_mapping to 2022-03-04 00:00:00+00:00, run_after=2022-03-05 00:00:00+00:00
[2025-11-19T02:47:26.334+0000] {processor.py:183} INFO - Processing /home/airflow/.local/lib/python3.8/site-packages/airflow/example_dags/example_dynamic_task_mapping.py took 0.150 seconds
[2025-11-19T02:47:56.753+0000] {processor.py:161} INFO - Started process (PID=294) to work on /home/airflow/.local/lib/python3.8/site-packages/airflow/example_dags/example_dynamic_task_mapping.py
[2025-11-19T02:47:56.784+0000] {processor.py:830} INFO - Processing file /home/airflow/.local/lib/python3.8/site-packages/airflow/example_dags/example_dynamic_task_mapping.py for tasks to queue
[2025-11-19T02:47:56.787+0000] {logging_mixin.py:188} INFO - [2025-11-19T02:47:56.786+0000] {dagbag.py:538} INFO - Filling up the DagBag from /home/airflow/.local/lib/python3.8/site-packages/airflow/example_dags/example_dynamic_task_mapping.py
[2025-11-19T02:47:56.796+0000] {processor.py:840} INFO - DAG(s) 'example_dynamic_task_mapping' retrieved from /home/airflow/.local/lib/python3.8/site-packages/airflow/example_dags/example_dynamic_task_mapping.py
[2025-11-19T02:47:56.819+0000] {logging_mixin.py:188} INFO - [2025-11-19T02:47:56.819+0000] {dag.py:3036} INFO - Sync 1 DAGs
[2025-11-19T02:47:56.840+0000] {logging_mixin.py:188} INFO - [2025-11-19T02:47:56.840+0000] {dag.py:3823} INFO - Setting next_dagrun for example_dynamic_task_mapping to 2022-03-04 00:00:00+00:00, run_after=2022-03-05 00:00:00+00:00
[2025-11-19T02:47:56.859+0000] {processor.py:183} INFO - Processing /home/airflow/.local/lib/python3.8/site-packages/airflow/example_dags/example_dynamic_task_mapping.py took 0.110 seconds
[2025-11-19T02:48:27.029+0000] {processor.py:161} INFO - Started process (PID=353) to work on /home/airflow/.local/lib/python3.8/site-packages/airflow/example_dags/example_dynamic_task_mapping.py
[2025-11-19T02:48:27.030+0000] {processor.py:830} INFO - Processing file /home/airflow/.local/lib/python3.8/site-packages/airflow/example_dags/example_dynamic_task_mapping.py for tasks to queue
[2025-11-19T02:48:27.033+0000] {logging_mixin.py:188} INFO - [2025-11-19T02:48:27.032+0000] {dagbag.py:538} INFO - Filling up the DagBag from /home/airflow/.local/lib/python3.8/site-packages/airflow/example_dags/example_dynamic_task_mapping.py
[2025-11-19T02:48:27.039+0000] {processor.py:840} INFO - DAG(s) 'example_dynamic_task_mapping' retrieved from /home/airflow/.local/lib/python3.8/site-packages/airflow/example_dags/example_dynamic_task_mapping.py
[2025-11-19T02:48:27.058+0000] {logging_mixin.py:188} INFO - [2025-11-19T02:48:27.058+0000] {dag.py:3036} INFO - Sync 1 DAGs
[2025-11-19T02:48:27.076+0000] {logging_mixin.py:188} INFO - [2025-11-19T02:48:27.076+0000] {dag.py:3823} INFO - Setting next_dagrun for example_dynamic_task_mapping to 2022-03-04 00:00:00+00:00, run_after=2022-03-05 00:00:00+00:00
[2025-11-19T02:48:27.095+0000] {processor.py:183} INFO - Processing /home/airflow/.local/lib/python3.8/site-packages/airflow/example_dags/example_dynamic_task_mapping.py took 0.069 seconds
[2025-11-19T02:48:57.160+0000] {processor.py:161} INFO - Started process (PID=412) to work on /home/airflow/.local/lib/python3.8/site-packages/airflow/example_dags/example_dynamic_task_mapping.py
[2025-11-19T02:48:57.161+0000] {processor.py:830} INFO - Processing file /home/airflow/.local/lib/python3.8/site-packages/airflow/example_dags/example_dynamic_task_mapping.py for tasks to queue
[2025-11-19T02:48:57.163+0000] {logging_mixin.py:188} INFO - [2025-11-19T02:48:57.162+0000] {dagbag.py:538} INFO - Filling up the DagBag from /home/airflow/.local/lib/python3.8/site-packages/airflow/example_dags/example_dynamic_task_mapping.py
[2025-11-19T02:48:57.169+0000] {processor.py:840} INFO - DAG(s) 'example_dynamic_task_mapping' retrieved from /home/airflow/.local/lib/python3.8/site-packages/airflow/example_dags/example_dynamic_task_mapping.py
[2025-11-19T02:48:57.188+0000] {logging_mixin.py:188} INFO - [2025-11-19T02:48:57.188+0000] {dag.py:3036} INFO - Sync 1 DAGs
[2025-11-19T02:48:57.206+0000] {logging_mixin.py:188} INFO - [2025-11-19T02:48:57.206+0000] {dag.py:3823} INFO - Setting next_dagrun for example_dynamic_task_mapping to 2022-03-04 00:00:00+00:00, run_after=2022-03-05 00:00:00+00:00
[2025-11-19T02:48:57.228+0000] {processor.py:183} INFO - Processing /home/airflow/.local/lib/python3.8/site-packages/airflow/example_dags/example_dynamic_task_mapping.py took 0.071 seconds
[2025-11-19T02:49:27.434+0000] {processor.py:161} INFO - Started process (PID=471) to work on /home/airflow/.local/lib/python3.8/site-packages/airflow/example_dags/example_dynamic_task_mapping.py
[2025-11-19T02:49:27.436+0000] {processor.py:830} INFO - Processing file /home/airflow/.local/lib/python3.8/site-packages/airflow/example_dags/example_dynamic_task_mapping.py for tasks to queue
[2025-11-19T02:49:27.438+0000] {logging_mixin.py:188} INFO - [2025-11-19T02:49:27.438+0000] {dagbag.py:538} INFO - Filling up the DagBag from /home/airflow/.local/lib/python3.8/site-packages/airflow/example_dags/example_dynamic_task_mapping.py
[2025-11-19T02:49:27.444+0000] {processor.py:840} INFO - DAG(s) 'example_dynamic_task_mapping' retrieved from /home/airflow/.local/lib/python3.8/site-packages/airflow/example_dags/example_dynamic_task_mapping.py
[2025-11-19T02:49:27.464+0000] {logging_mixin.py:188} INFO - [2025-11-19T02:49:27.464+0000] {dag.py:3036} INFO - Sync 1 DAGs
[2025-11-19T02:49:27.484+0000] {logging_mixin.py:188} INFO - [2025-11-19T02:49:27.484+0000] {dag.py:3823} INFO - Setting next_dagrun for example_dynamic_task_mapping to 2022-03-04 00:00:00+00:00, run_after=2022-03-05 00:00:00+00:00
[2025-11-19T02:49:27.505+0000] {processor.py:183} INFO - Processing /home/airflow/.local/lib/python3.8/site-packages/airflow/example_dags/example_dynamic_task_mapping.py took 0.076 seconds
[2025-11-19T02:49:57.690+0000] {processor.py:161} INFO - Started process (PID=530) to work on /home/airflow/.local/lib/python3.8/site-packages/airflow/example_dags/example_dynamic_task_mapping.py
[2025-11-19T02:49:57.691+0000] {processor.py:830} INFO - Processing file /home/airflow/.local/lib/python3.8/site-packages/airflow/example_dags/example_dynamic_task_mapping.py for tasks to queue
[2025-11-19T02:49:57.692+0000] {logging_mixin.py:188} INFO - [2025-11-19T02:49:57.692+0000] {dagbag.py:538} INFO - Filling up the DagBag from /home/airflow/.local/lib/python3.8/site-packages/airflow/example_dags/example_dynamic_task_mapping.py
[2025-11-19T02:49:57.698+0000] {processor.py:840} INFO - DAG(s) 'example_dynamic_task_mapping' retrieved from /home/airflow/.local/lib/python3.8/site-packages/airflow/example_dags/example_dynamic_task_mapping.py
[2025-11-19T02:49:57.718+0000] {logging_mixin.py:188} INFO - [2025-11-19T02:49:57.718+0000] {dag.py:3036} INFO - Sync 1 DAGs
[2025-11-19T02:49:57.735+0000] {logging_mixin.py:188} INFO - [2025-11-19T02:49:57.735+0000] {dag.py:3823} INFO - Setting next_dagrun for example_dynamic_task_mapping to 2022-03-04 00:00:00+00:00, run_after=2022-03-05 00:00:00+00:00
[2025-11-19T02:49:57.755+0000] {processor.py:183} INFO - Processing /home/airflow/.local/lib/python3.8/site-packages/airflow/example_dags/example_dynamic_task_mapping.py took 0.068 seconds
[2025-11-19T02:50:28.122+0000] {processor.py:161} INFO - Started process (PID=589) to work on /home/airflow/.local/lib/python3.8/site-packages/airflow/example_dags/example_dynamic_task_mapping.py
[2025-11-19T02:50:28.123+0000] {processor.py:830} INFO - Processing file /home/airflow/.local/lib/python3.8/site-packages/airflow/example_dags/example_dynamic_task_mapping.py for tasks to queue
[2025-11-19T02:50:28.125+0000] {logging_mixin.py:188} INFO - [2025-11-19T02:50:28.124+0000] {dagbag.py:538} INFO - Filling up the DagBag from /home/airflow/.local/lib/python3.8/site-packages/airflow/example_dags/example_dynamic_task_mapping.py
[2025-11-19T02:50:28.131+0000] {processor.py:840} INFO - DAG(s) 'example_dynamic_task_mapping' retrieved from /home/airflow/.local/lib/python3.8/site-packages/airflow/example_dags/example_dynamic_task_mapping.py
[2025-11-19T02:50:28.152+0000] {logging_mixin.py:188} INFO - [2025-11-19T02:50:28.151+0000] {dag.py:3036} INFO - Sync 1 DAGs
[2025-11-19T02:50:28.169+0000] {logging_mixin.py:188} INFO - [2025-11-19T02:50:28.169+0000] {dag.py:3823} INFO - Setting next_dagrun for example_dynamic_task_mapping to 2022-03-04 00:00:00+00:00, run_after=2022-03-05 00:00:00+00:00
[2025-11-19T02:50:28.187+0000] {processor.py:183} INFO - Processing /home/airflow/.local/lib/python3.8/site-packages/airflow/example_dags/example_dynamic_task_mapping.py took 0.068 seconds
[2025-11-19T02:50:58.259+0000] {processor.py:161} INFO - Started process (PID=648) to work on /home/airflow/.local/lib/python3.8/site-packages/airflow/example_dags/example_dynamic_task_mapping.py
[2025-11-19T02:50:58.260+0000] {processor.py:830} INFO - Processing file /home/airflow/.local/lib/python3.8/site-packages/airflow/example_dags/example_dynamic_task_mapping.py for tasks to queue
[2025-11-19T02:50:58.262+0000] {logging_mixin.py:188} INFO - [2025-11-19T02:50:58.262+0000] {dagbag.py:538} INFO - Filling up the DagBag from /home/airflow/.local/lib/python3.8/site-packages/airflow/example_dags/example_dynamic_task_mapping.py
[2025-11-19T02:50:58.269+0000] {processor.py:840} INFO - DAG(s) 'example_dynamic_task_mapping' retrieved from /home/airflow/.local/lib/python3.8/site-packages/airflow/example_dags/example_dynamic_task_mapping.py
[2025-11-19T02:50:58.287+0000] {logging_mixin.py:188} INFO - [2025-11-19T02:50:58.287+0000] {dag.py:3036} INFO - Sync 1 DAGs
[2025-11-19T02:50:58.304+0000] {logging_mixin.py:188} INFO - [2025-11-19T02:50:58.304+0000] {dag.py:3823} INFO - Setting next_dagrun for example_dynamic_task_mapping to 2022-03-04 00:00:00+00:00, run_after=2022-03-05 00:00:00+00:00
[2025-11-19T02:50:58.323+0000] {processor.py:183} INFO - Processing /home/airflow/.local/lib/python3.8/site-packages/airflow/example_dags/example_dynamic_task_mapping.py took 0.067 seconds
[2025-11-19T02:51:28.586+0000] {processor.py:161} INFO - Started process (PID=707) to work on /home/airflow/.local/lib/python3.8/site-packages/airflow/example_dags/example_dynamic_task_mapping.py
[2025-11-19T02:51:28.589+0000] {processor.py:830} INFO - Processing file /home/airflow/.local/lib/python3.8/site-packages/airflow/example_dags/example_dynamic_task_mapping.py for tasks to queue
[2025-11-19T02:51:28.592+0000] {logging_mixin.py:188} INFO - [2025-11-19T02:51:28.592+0000] {dagbag.py:538} INFO - Filling up the DagBag from /home/airflow/.local/lib/python3.8/site-packages/airflow/example_dags/example_dynamic_task_mapping.py
[2025-11-19T02:51:28.812+0000] {logging_mixin.py:188} INFO - [2025-11-19T02:51:28.812+0000] {process_utils.py:262} INFO - Waiting up to 5 seconds for processes to exit...
