[2025-11-19T02:29:07.195+0000] {processor.py:161} INFO - Started process (PID=67) to work on /home/airflow/.local/lib/python3.8/site-packages/airflow/example_dags/example_xcomargs.py
[2025-11-19T02:29:07.197+0000] {processor.py:830} INFO - Processing file /home/airflow/.local/lib/python3.8/site-packages/airflow/example_dags/example_xcomargs.py for tasks to queue
[2025-11-19T02:29:07.199+0000] {logging_mixin.py:188} INFO - [2025-11-19T02:29:07.199+0000] {dagbag.py:538} INFO - Filling up the DagBag from /home/airflow/.local/lib/python3.8/site-packages/airflow/example_dags/example_xcomargs.py
[2025-11-19T02:29:07.213+0000] {processor.py:840} INFO - DAG(s) 'example_xcom_args_with_operators', 'example_xcom_args' retrieved from /home/airflow/.local/lib/python3.8/site-packages/airflow/example_dags/example_xcomargs.py
[2025-11-19T02:29:07.391+0000] {logging_mixin.py:188} INFO - [2025-11-19T02:29:07.390+0000] {override.py:1769} INFO - Created Permission View: can read on DAG:example_xcom_args_with_operators
[2025-11-19T02:29:07.406+0000] {logging_mixin.py:188} INFO - [2025-11-19T02:29:07.406+0000] {override.py:1769} INFO - Created Permission View: can edit on DAG:example_xcom_args_with_operators
[2025-11-19T02:29:07.417+0000] {logging_mixin.py:188} INFO - [2025-11-19T02:29:07.416+0000] {override.py:1769} INFO - Created Permission View: can delete on DAG:example_xcom_args_with_operators
[2025-11-19T02:29:07.438+0000] {logging_mixin.py:188} INFO - [2025-11-19T02:29:07.437+0000] {override.py:1769} INFO - Created Permission View: can read on DAG:example_xcom_args
[2025-11-19T02:29:07.451+0000] {logging_mixin.py:188} INFO - [2025-11-19T02:29:07.450+0000] {override.py:1769} INFO - Created Permission View: can edit on DAG:example_xcom_args
[2025-11-19T02:29:07.462+0000] {logging_mixin.py:188} INFO - [2025-11-19T02:29:07.462+0000] {override.py:1769} INFO - Created Permission View: can delete on DAG:example_xcom_args
[2025-11-19T02:29:07.463+0000] {logging_mixin.py:188} INFO - [2025-11-19T02:29:07.463+0000] {dag.py:3036} INFO - Sync 2 DAGs
[2025-11-19T02:29:07.481+0000] {logging_mixin.py:188} INFO - [2025-11-19T02:29:07.481+0000] {dag.py:3058} INFO - Creating ORM DAG for example_xcom_args
[2025-11-19T02:29:07.482+0000] {logging_mixin.py:188} INFO - [2025-11-19T02:29:07.482+0000] {dag.py:3058} INFO - Creating ORM DAG for example_xcom_args_with_operators
[2025-11-19T02:29:07.484+0000] {logging_mixin.py:188} INFO - [2025-11-19T02:29:07.483+0000] {dag.py:3823} INFO - Setting next_dagrun for example_xcom_args to None, run_after=None
[2025-11-19T02:29:07.485+0000] {logging_mixin.py:188} INFO - [2025-11-19T02:29:07.485+0000] {dag.py:3823} INFO - Setting next_dagrun for example_xcom_args_with_operators to None, run_after=None
[2025-11-19T02:29:07.513+0000] {processor.py:183} INFO - Processing /home/airflow/.local/lib/python3.8/site-packages/airflow/example_dags/example_xcomargs.py took 0.322 seconds
[2025-11-19T02:29:37.567+0000] {processor.py:161} INFO - Started process (PID=125) to work on /home/airflow/.local/lib/python3.8/site-packages/airflow/example_dags/example_xcomargs.py
[2025-11-19T02:29:37.569+0000] {processor.py:830} INFO - Processing file /home/airflow/.local/lib/python3.8/site-packages/airflow/example_dags/example_xcomargs.py for tasks to queue
[2025-11-19T02:29:37.572+0000] {logging_mixin.py:188} INFO - [2025-11-19T02:29:37.571+0000] {dagbag.py:538} INFO - Filling up the DagBag from /home/airflow/.local/lib/python3.8/site-packages/airflow/example_dags/example_xcomargs.py
[2025-11-19T02:29:37.584+0000] {processor.py:840} INFO - DAG(s) 'example_xcom_args_with_operators', 'example_xcom_args' retrieved from /home/airflow/.local/lib/python3.8/site-packages/airflow/example_dags/example_xcomargs.py
[2025-11-19T02:29:37.618+0000] {logging_mixin.py:188} INFO - [2025-11-19T02:29:37.618+0000] {dag.py:3036} INFO - Sync 2 DAGs
[2025-11-19T02:29:37.630+0000] {logging_mixin.py:188} INFO - [2025-11-19T02:29:37.630+0000] {dag.py:3823} INFO - Setting next_dagrun for example_xcom_args to None, run_after=None
[2025-11-19T02:29:37.634+0000] {logging_mixin.py:188} INFO - [2025-11-19T02:29:37.634+0000] {dag.py:3823} INFO - Setting next_dagrun for example_xcom_args_with_operators to None, run_after=None
[2025-11-19T02:29:37.651+0000] {processor.py:183} INFO - Processing /home/airflow/.local/lib/python3.8/site-packages/airflow/example_dags/example_xcomargs.py took 0.088 seconds
[2025-11-19T02:45:55.802+0000] {processor.py:161} INFO - Started process (PID=67) to work on /home/airflow/.local/lib/python3.8/site-packages/airflow/example_dags/example_xcomargs.py
[2025-11-19T02:45:55.805+0000] {processor.py:830} INFO - Processing file /home/airflow/.local/lib/python3.8/site-packages/airflow/example_dags/example_xcomargs.py for tasks to queue
[2025-11-19T02:45:55.808+0000] {logging_mixin.py:188} INFO - [2025-11-19T02:45:55.808+0000] {dagbag.py:538} INFO - Filling up the DagBag from /home/airflow/.local/lib/python3.8/site-packages/airflow/example_dags/example_xcomargs.py
[2025-11-19T02:45:55.829+0000] {processor.py:840} INFO - DAG(s) 'example_xcom_args_with_operators', 'example_xcom_args' retrieved from /home/airflow/.local/lib/python3.8/site-packages/airflow/example_dags/example_xcomargs.py
[2025-11-19T02:45:56.015+0000] {logging_mixin.py:188} INFO - [2025-11-19T02:45:56.014+0000] {override.py:1769} INFO - Created Permission View: can read on DAG:example_xcom_args_with_operators
[2025-11-19T02:45:56.031+0000] {logging_mixin.py:188} INFO - [2025-11-19T02:45:56.031+0000] {override.py:1769} INFO - Created Permission View: can edit on DAG:example_xcom_args_with_operators
[2025-11-19T02:45:56.043+0000] {logging_mixin.py:188} INFO - [2025-11-19T02:45:56.043+0000] {override.py:1769} INFO - Created Permission View: can delete on DAG:example_xcom_args_with_operators
[2025-11-19T02:45:56.064+0000] {logging_mixin.py:188} INFO - [2025-11-19T02:45:56.063+0000] {override.py:1769} INFO - Created Permission View: can read on DAG:example_xcom_args
[2025-11-19T02:45:56.073+0000] {logging_mixin.py:188} INFO - [2025-11-19T02:45:56.073+0000] {override.py:1769} INFO - Created Permission View: can edit on DAG:example_xcom_args
[2025-11-19T02:45:56.084+0000] {logging_mixin.py:188} INFO - [2025-11-19T02:45:56.083+0000] {override.py:1769} INFO - Created Permission View: can delete on DAG:example_xcom_args
[2025-11-19T02:45:56.085+0000] {logging_mixin.py:188} INFO - [2025-11-19T02:45:56.085+0000] {dag.py:3036} INFO - Sync 2 DAGs
[2025-11-19T02:45:56.103+0000] {logging_mixin.py:188} INFO - [2025-11-19T02:45:56.102+0000] {dag.py:3058} INFO - Creating ORM DAG for example_xcom_args_with_operators
[2025-11-19T02:45:56.104+0000] {logging_mixin.py:188} INFO - [2025-11-19T02:45:56.104+0000] {dag.py:3058} INFO - Creating ORM DAG for example_xcom_args
[2025-11-19T02:45:56.105+0000] {logging_mixin.py:188} INFO - [2025-11-19T02:45:56.105+0000] {dag.py:3823} INFO - Setting next_dagrun for example_xcom_args to None, run_after=None
[2025-11-19T02:45:56.106+0000] {logging_mixin.py:188} INFO - [2025-11-19T02:45:56.106+0000] {dag.py:3823} INFO - Setting next_dagrun for example_xcom_args_with_operators to None, run_after=None
[2025-11-19T02:45:56.133+0000] {processor.py:183} INFO - Processing /home/airflow/.local/lib/python3.8/site-packages/airflow/example_dags/example_xcomargs.py took 0.342 seconds
[2025-11-19T02:46:26.941+0000] {processor.py:161} INFO - Started process (PID=125) to work on /home/airflow/.local/lib/python3.8/site-packages/airflow/example_dags/example_xcomargs.py
[2025-11-19T02:46:26.942+0000] {processor.py:830} INFO - Processing file /home/airflow/.local/lib/python3.8/site-packages/airflow/example_dags/example_xcomargs.py for tasks to queue
[2025-11-19T02:46:26.944+0000] {logging_mixin.py:188} INFO - [2025-11-19T02:46:26.943+0000] {dagbag.py:538} INFO - Filling up the DagBag from /home/airflow/.local/lib/python3.8/site-packages/airflow/example_dags/example_xcomargs.py
[2025-11-19T02:46:26.951+0000] {processor.py:840} INFO - DAG(s) 'example_xcom_args_with_operators', 'example_xcom_args' retrieved from /home/airflow/.local/lib/python3.8/site-packages/airflow/example_dags/example_xcomargs.py
[2025-11-19T02:46:26.973+0000] {logging_mixin.py:188} INFO - [2025-11-19T02:46:26.973+0000] {dag.py:3036} INFO - Sync 2 DAGs
[2025-11-19T02:46:26.983+0000] {logging_mixin.py:188} INFO - [2025-11-19T02:46:26.982+0000] {dag.py:3823} INFO - Setting next_dagrun for example_xcom_args to None, run_after=None
[2025-11-19T02:46:26.986+0000] {logging_mixin.py:188} INFO - [2025-11-19T02:46:26.986+0000] {dag.py:3823} INFO - Setting next_dagrun for example_xcom_args_with_operators to None, run_after=None
[2025-11-19T02:46:27.002+0000] {processor.py:183} INFO - Processing /home/airflow/.local/lib/python3.8/site-packages/airflow/example_dags/example_xcomargs.py took 0.064 seconds
[2025-11-19T02:46:57.176+0000] {processor.py:161} INFO - Started process (PID=184) to work on /home/airflow/.local/lib/python3.8/site-packages/airflow/example_dags/example_xcomargs.py
[2025-11-19T02:46:57.177+0000] {processor.py:830} INFO - Processing file /home/airflow/.local/lib/python3.8/site-packages/airflow/example_dags/example_xcomargs.py for tasks to queue
[2025-11-19T02:46:57.179+0000] {logging_mixin.py:188} INFO - [2025-11-19T02:46:57.178+0000] {dagbag.py:538} INFO - Filling up the DagBag from /home/airflow/.local/lib/python3.8/site-packages/airflow/example_dags/example_xcomargs.py
[2025-11-19T02:46:57.186+0000] {processor.py:840} INFO - DAG(s) 'example_xcom_args_with_operators', 'example_xcom_args' retrieved from /home/airflow/.local/lib/python3.8/site-packages/airflow/example_dags/example_xcomargs.py
[2025-11-19T02:46:57.198+0000] {logging_mixin.py:188} INFO - [2025-11-19T02:46:57.198+0000] {dag.py:3036} INFO - Sync 2 DAGs
[2025-11-19T02:46:57.209+0000] {logging_mixin.py:188} INFO - [2025-11-19T02:46:57.208+0000] {dag.py:3823} INFO - Setting next_dagrun for example_xcom_args to None, run_after=None
[2025-11-19T02:46:57.212+0000] {logging_mixin.py:188} INFO - [2025-11-19T02:46:57.212+0000] {dag.py:3823} INFO - Setting next_dagrun for example_xcom_args_with_operators to None, run_after=None
[2025-11-19T02:46:57.229+0000] {processor.py:183} INFO - Processing /home/airflow/.local/lib/python3.8/site-packages/airflow/example_dags/example_xcomargs.py took 0.056 seconds
[2025-11-19T02:47:27.918+0000] {processor.py:161} INFO - Started process (PID=243) to work on /home/airflow/.local/lib/python3.8/site-packages/airflow/example_dags/example_xcomargs.py
[2025-11-19T02:47:27.919+0000] {processor.py:830} INFO - Processing file /home/airflow/.local/lib/python3.8/site-packages/airflow/example_dags/example_xcomargs.py for tasks to queue
[2025-11-19T02:47:27.921+0000] {logging_mixin.py:188} INFO - [2025-11-19T02:47:27.920+0000] {dagbag.py:538} INFO - Filling up the DagBag from /home/airflow/.local/lib/python3.8/site-packages/airflow/example_dags/example_xcomargs.py
[2025-11-19T02:47:27.929+0000] {processor.py:840} INFO - DAG(s) 'example_xcom_args_with_operators', 'example_xcom_args' retrieved from /home/airflow/.local/lib/python3.8/site-packages/airflow/example_dags/example_xcomargs.py
[2025-11-19T02:47:28.037+0000] {logging_mixin.py:188} INFO - [2025-11-19T02:47:28.037+0000] {dag.py:3036} INFO - Sync 2 DAGs
[2025-11-19T02:47:28.046+0000] {logging_mixin.py:188} INFO - [2025-11-19T02:47:28.046+0000] {dag.py:3823} INFO - Setting next_dagrun for example_xcom_args to None, run_after=None
[2025-11-19T02:47:28.049+0000] {logging_mixin.py:188} INFO - [2025-11-19T02:47:28.049+0000] {dag.py:3823} INFO - Setting next_dagrun for example_xcom_args_with_operators to None, run_after=None
[2025-11-19T02:47:28.070+0000] {processor.py:183} INFO - Processing /home/airflow/.local/lib/python3.8/site-packages/airflow/example_dags/example_xcomargs.py took 0.155 seconds
[2025-11-19T02:47:58.353+0000] {processor.py:161} INFO - Started process (PID=302) to work on /home/airflow/.local/lib/python3.8/site-packages/airflow/example_dags/example_xcomargs.py
[2025-11-19T02:47:58.354+0000] {processor.py:830} INFO - Processing file /home/airflow/.local/lib/python3.8/site-packages/airflow/example_dags/example_xcomargs.py for tasks to queue
[2025-11-19T02:47:58.356+0000] {logging_mixin.py:188} INFO - [2025-11-19T02:47:58.355+0000] {dagbag.py:538} INFO - Filling up the DagBag from /home/airflow/.local/lib/python3.8/site-packages/airflow/example_dags/example_xcomargs.py
[2025-11-19T02:47:58.363+0000] {processor.py:840} INFO - DAG(s) 'example_xcom_args', 'example_xcom_args_with_operators' retrieved from /home/airflow/.local/lib/python3.8/site-packages/airflow/example_dags/example_xcomargs.py
[2025-11-19T02:47:58.385+0000] {logging_mixin.py:188} INFO - [2025-11-19T02:47:58.385+0000] {dag.py:3036} INFO - Sync 2 DAGs
[2025-11-19T02:47:58.395+0000] {logging_mixin.py:188} INFO - [2025-11-19T02:47:58.394+0000] {dag.py:3823} INFO - Setting next_dagrun for example_xcom_args to None, run_after=None
[2025-11-19T02:47:58.398+0000] {logging_mixin.py:188} INFO - [2025-11-19T02:47:58.398+0000] {dag.py:3823} INFO - Setting next_dagrun for example_xcom_args_with_operators to None, run_after=None
[2025-11-19T02:47:58.416+0000] {processor.py:183} INFO - Processing /home/airflow/.local/lib/python3.8/site-packages/airflow/example_dags/example_xcomargs.py took 0.066 seconds
[2025-11-19T02:48:28.604+0000] {processor.py:161} INFO - Started process (PID=361) to work on /home/airflow/.local/lib/python3.8/site-packages/airflow/example_dags/example_xcomargs.py
[2025-11-19T02:48:28.605+0000] {processor.py:830} INFO - Processing file /home/airflow/.local/lib/python3.8/site-packages/airflow/example_dags/example_xcomargs.py for tasks to queue
[2025-11-19T02:48:28.607+0000] {logging_mixin.py:188} INFO - [2025-11-19T02:48:28.607+0000] {dagbag.py:538} INFO - Filling up the DagBag from /home/airflow/.local/lib/python3.8/site-packages/airflow/example_dags/example_xcomargs.py
[2025-11-19T02:48:28.614+0000] {processor.py:840} INFO - DAG(s) 'example_xcom_args_with_operators', 'example_xcom_args' retrieved from /home/airflow/.local/lib/python3.8/site-packages/airflow/example_dags/example_xcomargs.py
[2025-11-19T02:48:28.638+0000] {logging_mixin.py:188} INFO - [2025-11-19T02:48:28.638+0000] {dag.py:3036} INFO - Sync 2 DAGs
[2025-11-19T02:48:28.649+0000] {logging_mixin.py:188} INFO - [2025-11-19T02:48:28.648+0000] {dag.py:3823} INFO - Setting next_dagrun for example_xcom_args to None, run_after=None
[2025-11-19T02:48:28.652+0000] {logging_mixin.py:188} INFO - [2025-11-19T02:48:28.652+0000] {dag.py:3823} INFO - Setting next_dagrun for example_xcom_args_with_operators to None, run_after=None
[2025-11-19T02:48:28.670+0000] {processor.py:183} INFO - Processing /home/airflow/.local/lib/python3.8/site-packages/airflow/example_dags/example_xcomargs.py took 0.069 seconds
[2025-11-19T02:48:58.730+0000] {processor.py:161} INFO - Started process (PID=420) to work on /home/airflow/.local/lib/python3.8/site-packages/airflow/example_dags/example_xcomargs.py
[2025-11-19T02:48:58.731+0000] {processor.py:830} INFO - Processing file /home/airflow/.local/lib/python3.8/site-packages/airflow/example_dags/example_xcomargs.py for tasks to queue
[2025-11-19T02:48:58.733+0000] {logging_mixin.py:188} INFO - [2025-11-19T02:48:58.733+0000] {dagbag.py:538} INFO - Filling up the DagBag from /home/airflow/.local/lib/python3.8/site-packages/airflow/example_dags/example_xcomargs.py
[2025-11-19T02:48:58.740+0000] {processor.py:840} INFO - DAG(s) 'example_xcom_args_with_operators', 'example_xcom_args' retrieved from /home/airflow/.local/lib/python3.8/site-packages/airflow/example_dags/example_xcomargs.py
[2025-11-19T02:48:58.762+0000] {logging_mixin.py:188} INFO - [2025-11-19T02:48:58.762+0000] {dag.py:3036} INFO - Sync 2 DAGs
[2025-11-19T02:48:58.772+0000] {logging_mixin.py:188} INFO - [2025-11-19T02:48:58.772+0000] {dag.py:3823} INFO - Setting next_dagrun for example_xcom_args to None, run_after=None
[2025-11-19T02:48:58.775+0000] {logging_mixin.py:188} INFO - [2025-11-19T02:48:58.775+0000] {dag.py:3823} INFO - Setting next_dagrun for example_xcom_args_with_operators to None, run_after=None
[2025-11-19T02:48:58.792+0000] {processor.py:183} INFO - Processing /home/airflow/.local/lib/python3.8/site-packages/airflow/example_dags/example_xcomargs.py took 0.065 seconds
[2025-11-19T02:49:28.853+0000] {processor.py:161} INFO - Started process (PID=479) to work on /home/airflow/.local/lib/python3.8/site-packages/airflow/example_dags/example_xcomargs.py
[2025-11-19T02:49:28.855+0000] {processor.py:830} INFO - Processing file /home/airflow/.local/lib/python3.8/site-packages/airflow/example_dags/example_xcomargs.py for tasks to queue
[2025-11-19T02:49:28.856+0000] {logging_mixin.py:188} INFO - [2025-11-19T02:49:28.856+0000] {dagbag.py:538} INFO - Filling up the DagBag from /home/airflow/.local/lib/python3.8/site-packages/airflow/example_dags/example_xcomargs.py
[2025-11-19T02:49:28.863+0000] {processor.py:840} INFO - DAG(s) 'example_xcom_args_with_operators', 'example_xcom_args' retrieved from /home/airflow/.local/lib/python3.8/site-packages/airflow/example_dags/example_xcomargs.py
[2025-11-19T02:49:28.884+0000] {logging_mixin.py:188} INFO - [2025-11-19T02:49:28.884+0000] {dag.py:3036} INFO - Sync 2 DAGs
[2025-11-19T02:49:28.894+0000] {logging_mixin.py:188} INFO - [2025-11-19T02:49:28.894+0000] {dag.py:3823} INFO - Setting next_dagrun for example_xcom_args to None, run_after=None
[2025-11-19T02:49:28.898+0000] {logging_mixin.py:188} INFO - [2025-11-19T02:49:28.898+0000] {dag.py:3823} INFO - Setting next_dagrun for example_xcom_args_with_operators to None, run_after=None
[2025-11-19T02:49:28.915+0000] {processor.py:183} INFO - Processing /home/airflow/.local/lib/python3.8/site-packages/airflow/example_dags/example_xcomargs.py took 0.064 seconds
[2025-11-19T02:49:59.113+0000] {processor.py:161} INFO - Started process (PID=538) to work on /home/airflow/.local/lib/python3.8/site-packages/airflow/example_dags/example_xcomargs.py
[2025-11-19T02:49:59.114+0000] {processor.py:830} INFO - Processing file /home/airflow/.local/lib/python3.8/site-packages/airflow/example_dags/example_xcomargs.py for tasks to queue
[2025-11-19T02:49:59.116+0000] {logging_mixin.py:188} INFO - [2025-11-19T02:49:59.116+0000] {dagbag.py:538} INFO - Filling up the DagBag from /home/airflow/.local/lib/python3.8/site-packages/airflow/example_dags/example_xcomargs.py
[2025-11-19T02:49:59.123+0000] {processor.py:840} INFO - DAG(s) 'example_xcom_args', 'example_xcom_args_with_operators' retrieved from /home/airflow/.local/lib/python3.8/site-packages/airflow/example_dags/example_xcomargs.py
[2025-11-19T02:49:59.146+0000] {logging_mixin.py:188} INFO - [2025-11-19T02:49:59.146+0000] {dag.py:3036} INFO - Sync 2 DAGs
[2025-11-19T02:49:59.155+0000] {logging_mixin.py:188} INFO - [2025-11-19T02:49:59.155+0000] {dag.py:3823} INFO - Setting next_dagrun for example_xcom_args to None, run_after=None
[2025-11-19T02:49:59.159+0000] {logging_mixin.py:188} INFO - [2025-11-19T02:49:59.159+0000] {dag.py:3823} INFO - Setting next_dagrun for example_xcom_args_with_operators to None, run_after=None
[2025-11-19T02:49:59.176+0000] {processor.py:183} INFO - Processing /home/airflow/.local/lib/python3.8/site-packages/airflow/example_dags/example_xcomargs.py took 0.065 seconds
[2025-11-19T02:50:29.597+0000] {processor.py:161} INFO - Started process (PID=597) to work on /home/airflow/.local/lib/python3.8/site-packages/airflow/example_dags/example_xcomargs.py
[2025-11-19T02:50:29.599+0000] {processor.py:830} INFO - Processing file /home/airflow/.local/lib/python3.8/site-packages/airflow/example_dags/example_xcomargs.py for tasks to queue
[2025-11-19T02:50:29.600+0000] {logging_mixin.py:188} INFO - [2025-11-19T02:50:29.600+0000] {dagbag.py:538} INFO - Filling up the DagBag from /home/airflow/.local/lib/python3.8/site-packages/airflow/example_dags/example_xcomargs.py
[2025-11-19T02:50:29.607+0000] {processor.py:840} INFO - DAG(s) 'example_xcom_args_with_operators', 'example_xcom_args' retrieved from /home/airflow/.local/lib/python3.8/site-packages/airflow/example_dags/example_xcomargs.py
[2025-11-19T02:50:29.631+0000] {logging_mixin.py:188} INFO - [2025-11-19T02:50:29.631+0000] {dag.py:3036} INFO - Sync 2 DAGs
[2025-11-19T02:50:29.642+0000] {logging_mixin.py:188} INFO - [2025-11-19T02:50:29.642+0000] {dag.py:3823} INFO - Setting next_dagrun for example_xcom_args to None, run_after=None
[2025-11-19T02:50:29.645+0000] {logging_mixin.py:188} INFO - [2025-11-19T02:50:29.645+0000] {dag.py:3823} INFO - Setting next_dagrun for example_xcom_args_with_operators to None, run_after=None
[2025-11-19T02:50:29.665+0000] {processor.py:183} INFO - Processing /home/airflow/.local/lib/python3.8/site-packages/airflow/example_dags/example_xcomargs.py took 0.071 seconds
[2025-11-19T02:50:59.708+0000] {processor.py:161} INFO - Started process (PID=656) to work on /home/airflow/.local/lib/python3.8/site-packages/airflow/example_dags/example_xcomargs.py
[2025-11-19T02:50:59.709+0000] {processor.py:830} INFO - Processing file /home/airflow/.local/lib/python3.8/site-packages/airflow/example_dags/example_xcomargs.py for tasks to queue
[2025-11-19T02:50:59.711+0000] {logging_mixin.py:188} INFO - [2025-11-19T02:50:59.710+0000] {dagbag.py:538} INFO - Filling up the DagBag from /home/airflow/.local/lib/python3.8/site-packages/airflow/example_dags/example_xcomargs.py
[2025-11-19T02:50:59.718+0000] {processor.py:840} INFO - DAG(s) 'example_xcom_args', 'example_xcom_args_with_operators' retrieved from /home/airflow/.local/lib/python3.8/site-packages/airflow/example_dags/example_xcomargs.py
[2025-11-19T02:50:59.741+0000] {logging_mixin.py:188} INFO - [2025-11-19T02:50:59.741+0000] {dag.py:3036} INFO - Sync 2 DAGs
[2025-11-19T02:50:59.751+0000] {logging_mixin.py:188} INFO - [2025-11-19T02:50:59.751+0000] {dag.py:3823} INFO - Setting next_dagrun for example_xcom_args to None, run_after=None
[2025-11-19T02:50:59.755+0000] {logging_mixin.py:188} INFO - [2025-11-19T02:50:59.754+0000] {dag.py:3823} INFO - Setting next_dagrun for example_xcom_args_with_operators to None, run_after=None
[2025-11-19T02:50:59.772+0000] {processor.py:183} INFO - Processing /home/airflow/.local/lib/python3.8/site-packages/airflow/example_dags/example_xcomargs.py took 0.067 seconds
