[2025-11-19T02:29:05.446+0000] {processor.py:161} INFO - Started process (PID=54) to work on /home/airflow/.local/lib/python3.8/site-packages/airflow/example_dags/example_time_delta_sensor_async.py
[2025-11-19T02:29:05.448+0000] {processor.py:830} INFO - Processing file /home/airflow/.local/lib/python3.8/site-packages/airflow/example_dags/example_time_delta_sensor_async.py for tasks to queue
[2025-11-19T02:29:05.451+0000] {logging_mixin.py:188} INFO - [2025-11-19T02:29:05.450+0000] {dagbag.py:538} INFO - Filling up the DagBag from /home/airflow/.local/lib/python3.8/site-packages/airflow/example_dags/example_time_delta_sensor_async.py
[2025-11-19T02:29:05.466+0000] {processor.py:840} INFO - DAG(s) 'example_time_delta_sensor_async' retrieved from /home/airflow/.local/lib/python3.8/site-packages/airflow/example_dags/example_time_delta_sensor_async.py
[2025-11-19T02:29:05.602+0000] {logging_mixin.py:188} INFO - [2025-11-19T02:29:05.601+0000] {override.py:1769} INFO - Created Permission View: can read on DAG:example_time_delta_sensor_async
[2025-11-19T02:29:05.612+0000] {logging_mixin.py:188} INFO - [2025-11-19T02:29:05.612+0000] {override.py:1769} INFO - Created Permission View: can edit on DAG:example_time_delta_sensor_async
[2025-11-19T02:29:05.621+0000] {logging_mixin.py:188} INFO - [2025-11-19T02:29:05.621+0000] {override.py:1769} INFO - Created Permission View: can delete on DAG:example_time_delta_sensor_async
[2025-11-19T02:29:05.622+0000] {logging_mixin.py:188} INFO - [2025-11-19T02:29:05.622+0000] {dag.py:3036} INFO - Sync 1 DAGs
[2025-11-19T02:29:05.638+0000] {logging_mixin.py:188} INFO - [2025-11-19T02:29:05.637+0000] {dag.py:3058} INFO - Creating ORM DAG for example_time_delta_sensor_async
[2025-11-19T02:29:05.639+0000] {logging_mixin.py:188} INFO - [2025-11-19T02:29:05.639+0000] {dag.py:3823} INFO - Setting next_dagrun for example_time_delta_sensor_async to None, run_after=None
[2025-11-19T02:29:05.660+0000] {processor.py:183} INFO - Processing /home/airflow/.local/lib/python3.8/site-packages/airflow/example_dags/example_time_delta_sensor_async.py took 0.219 seconds
[2025-11-19T02:29:35.719+0000] {processor.py:161} INFO - Started process (PID=112) to work on /home/airflow/.local/lib/python3.8/site-packages/airflow/example_dags/example_time_delta_sensor_async.py
[2025-11-19T02:29:35.720+0000] {processor.py:830} INFO - Processing file /home/airflow/.local/lib/python3.8/site-packages/airflow/example_dags/example_time_delta_sensor_async.py for tasks to queue
[2025-11-19T02:29:35.722+0000] {logging_mixin.py:188} INFO - [2025-11-19T02:29:35.721+0000] {dagbag.py:538} INFO - Filling up the DagBag from /home/airflow/.local/lib/python3.8/site-packages/airflow/example_dags/example_time_delta_sensor_async.py
[2025-11-19T02:29:35.726+0000] {processor.py:840} INFO - DAG(s) 'example_time_delta_sensor_async' retrieved from /home/airflow/.local/lib/python3.8/site-packages/airflow/example_dags/example_time_delta_sensor_async.py
[2025-11-19T02:29:35.744+0000] {logging_mixin.py:188} INFO - [2025-11-19T02:29:35.744+0000] {dag.py:3036} INFO - Sync 1 DAGs
[2025-11-19T02:29:35.754+0000] {logging_mixin.py:188} INFO - [2025-11-19T02:29:35.754+0000] {dag.py:3823} INFO - Setting next_dagrun for example_time_delta_sensor_async to None, run_after=None
[2025-11-19T02:29:35.776+0000] {processor.py:183} INFO - Processing /home/airflow/.local/lib/python3.8/site-packages/airflow/example_dags/example_time_delta_sensor_async.py took 0.060 seconds
[2025-11-19T02:45:53.380+0000] {processor.py:161} INFO - Started process (PID=54) to work on /home/airflow/.local/lib/python3.8/site-packages/airflow/example_dags/example_time_delta_sensor_async.py
[2025-11-19T02:45:53.382+0000] {processor.py:830} INFO - Processing file /home/airflow/.local/lib/python3.8/site-packages/airflow/example_dags/example_time_delta_sensor_async.py for tasks to queue
[2025-11-19T02:45:53.384+0000] {logging_mixin.py:188} INFO - [2025-11-19T02:45:53.384+0000] {dagbag.py:538} INFO - Filling up the DagBag from /home/airflow/.local/lib/python3.8/site-packages/airflow/example_dags/example_time_delta_sensor_async.py
[2025-11-19T02:45:53.396+0000] {processor.py:840} INFO - DAG(s) 'example_time_delta_sensor_async' retrieved from /home/airflow/.local/lib/python3.8/site-packages/airflow/example_dags/example_time_delta_sensor_async.py
[2025-11-19T02:45:53.553+0000] {logging_mixin.py:188} INFO - [2025-11-19T02:45:53.552+0000] {override.py:1769} INFO - Created Permission View: can read on DAG:example_time_delta_sensor_async
[2025-11-19T02:45:53.568+0000] {logging_mixin.py:188} INFO - [2025-11-19T02:45:53.567+0000] {override.py:1769} INFO - Created Permission View: can edit on DAG:example_time_delta_sensor_async
[2025-11-19T02:45:53.577+0000] {logging_mixin.py:188} INFO - [2025-11-19T02:45:53.577+0000] {override.py:1769} INFO - Created Permission View: can delete on DAG:example_time_delta_sensor_async
[2025-11-19T02:45:53.578+0000] {logging_mixin.py:188} INFO - [2025-11-19T02:45:53.578+0000] {dag.py:3036} INFO - Sync 1 DAGs
[2025-11-19T02:45:53.590+0000] {logging_mixin.py:188} INFO - [2025-11-19T02:45:53.590+0000] {dag.py:3058} INFO - Creating ORM DAG for example_time_delta_sensor_async
[2025-11-19T02:45:53.591+0000] {logging_mixin.py:188} INFO - [2025-11-19T02:45:53.591+0000] {dag.py:3823} INFO - Setting next_dagrun for example_time_delta_sensor_async to None, run_after=None
[2025-11-19T02:45:53.615+0000] {processor.py:183} INFO - Processing /home/airflow/.local/lib/python3.8/site-packages/airflow/example_dags/example_time_delta_sensor_async.py took 0.239 seconds
[2025-11-19T02:46:24.105+0000] {processor.py:161} INFO - Started process (PID=112) to work on /home/airflow/.local/lib/python3.8/site-packages/airflow/example_dags/example_time_delta_sensor_async.py
[2025-11-19T02:46:24.106+0000] {processor.py:830} INFO - Processing file /home/airflow/.local/lib/python3.8/site-packages/airflow/example_dags/example_time_delta_sensor_async.py for tasks to queue
[2025-11-19T02:46:24.108+0000] {logging_mixin.py:188} INFO - [2025-11-19T02:46:24.108+0000] {dagbag.py:538} INFO - Filling up the DagBag from /home/airflow/.local/lib/python3.8/site-packages/airflow/example_dags/example_time_delta_sensor_async.py
[2025-11-19T02:46:24.113+0000] {processor.py:840} INFO - DAG(s) 'example_time_delta_sensor_async' retrieved from /home/airflow/.local/lib/python3.8/site-packages/airflow/example_dags/example_time_delta_sensor_async.py
[2025-11-19T02:46:24.135+0000] {logging_mixin.py:188} INFO - [2025-11-19T02:46:24.135+0000] {dag.py:3036} INFO - Sync 1 DAGs
[2025-11-19T02:46:24.146+0000] {logging_mixin.py:188} INFO - [2025-11-19T02:46:24.146+0000] {dag.py:3823} INFO - Setting next_dagrun for example_time_delta_sensor_async to None, run_after=None
[2025-11-19T02:46:24.166+0000] {processor.py:183} INFO - Processing /home/airflow/.local/lib/python3.8/site-packages/airflow/example_dags/example_time_delta_sensor_async.py took 0.065 seconds
[2025-11-19T02:46:54.495+0000] {processor.py:161} INFO - Started process (PID=171) to work on /home/airflow/.local/lib/python3.8/site-packages/airflow/example_dags/example_time_delta_sensor_async.py
[2025-11-19T02:46:54.496+0000] {processor.py:830} INFO - Processing file /home/airflow/.local/lib/python3.8/site-packages/airflow/example_dags/example_time_delta_sensor_async.py for tasks to queue
[2025-11-19T02:46:54.498+0000] {logging_mixin.py:188} INFO - [2025-11-19T02:46:54.497+0000] {dagbag.py:538} INFO - Filling up the DagBag from /home/airflow/.local/lib/python3.8/site-packages/airflow/example_dags/example_time_delta_sensor_async.py
[2025-11-19T02:46:54.502+0000] {processor.py:840} INFO - DAG(s) 'example_time_delta_sensor_async' retrieved from /home/airflow/.local/lib/python3.8/site-packages/airflow/example_dags/example_time_delta_sensor_async.py
[2025-11-19T02:46:54.514+0000] {logging_mixin.py:188} INFO - [2025-11-19T02:46:54.514+0000] {dag.py:3036} INFO - Sync 1 DAGs
[2025-11-19T02:46:54.524+0000] {logging_mixin.py:188} INFO - [2025-11-19T02:46:54.524+0000] {dag.py:3823} INFO - Setting next_dagrun for example_time_delta_sensor_async to None, run_after=None
[2025-11-19T02:46:54.543+0000] {processor.py:183} INFO - Processing /home/airflow/.local/lib/python3.8/site-packages/airflow/example_dags/example_time_delta_sensor_async.py took 0.052 seconds
[2025-11-19T02:47:25.417+0000] {processor.py:161} INFO - Started process (PID=230) to work on /home/airflow/.local/lib/python3.8/site-packages/airflow/example_dags/example_time_delta_sensor_async.py
[2025-11-19T02:47:25.418+0000] {processor.py:830} INFO - Processing file /home/airflow/.local/lib/python3.8/site-packages/airflow/example_dags/example_time_delta_sensor_async.py for tasks to queue
[2025-11-19T02:47:25.420+0000] {logging_mixin.py:188} INFO - [2025-11-19T02:47:25.419+0000] {dagbag.py:538} INFO - Filling up the DagBag from /home/airflow/.local/lib/python3.8/site-packages/airflow/example_dags/example_time_delta_sensor_async.py
[2025-11-19T02:47:25.424+0000] {processor.py:840} INFO - DAG(s) 'example_time_delta_sensor_async' retrieved from /home/airflow/.local/lib/python3.8/site-packages/airflow/example_dags/example_time_delta_sensor_async.py
[2025-11-19T02:47:25.515+0000] {logging_mixin.py:188} INFO - [2025-11-19T02:47:25.515+0000] {dag.py:3036} INFO - Sync 1 DAGs
[2025-11-19T02:47:25.525+0000] {logging_mixin.py:188} INFO - [2025-11-19T02:47:25.525+0000] {dag.py:3823} INFO - Setting next_dagrun for example_time_delta_sensor_async to None, run_after=None
[2025-11-19T02:47:25.547+0000] {processor.py:183} INFO - Processing /home/airflow/.local/lib/python3.8/site-packages/airflow/example_dags/example_time_delta_sensor_async.py took 0.133 seconds
[2025-11-19T02:47:56.434+0000] {processor.py:161} INFO - Started process (PID=289) to work on /home/airflow/.local/lib/python3.8/site-packages/airflow/example_dags/example_time_delta_sensor_async.py
[2025-11-19T02:47:56.435+0000] {processor.py:830} INFO - Processing file /home/airflow/.local/lib/python3.8/site-packages/airflow/example_dags/example_time_delta_sensor_async.py for tasks to queue
[2025-11-19T02:47:56.437+0000] {logging_mixin.py:188} INFO - [2025-11-19T02:47:56.437+0000] {dagbag.py:538} INFO - Filling up the DagBag from /home/airflow/.local/lib/python3.8/site-packages/airflow/example_dags/example_time_delta_sensor_async.py
[2025-11-19T02:47:56.442+0000] {processor.py:840} INFO - DAG(s) 'example_time_delta_sensor_async' retrieved from /home/airflow/.local/lib/python3.8/site-packages/airflow/example_dags/example_time_delta_sensor_async.py
[2025-11-19T02:47:56.463+0000] {logging_mixin.py:188} INFO - [2025-11-19T02:47:56.463+0000] {dag.py:3036} INFO - Sync 1 DAGs
[2025-11-19T02:47:56.474+0000] {logging_mixin.py:188} INFO - [2025-11-19T02:47:56.474+0000] {dag.py:3823} INFO - Setting next_dagrun for example_time_delta_sensor_async to None, run_after=None
[2025-11-19T02:47:56.496+0000] {processor.py:183} INFO - Processing /home/airflow/.local/lib/python3.8/site-packages/airflow/example_dags/example_time_delta_sensor_async.py took 0.065 seconds
[2025-11-19T02:48:26.586+0000] {processor.py:161} INFO - Started process (PID=348) to work on /home/airflow/.local/lib/python3.8/site-packages/airflow/example_dags/example_time_delta_sensor_async.py
[2025-11-19T02:48:26.587+0000] {processor.py:830} INFO - Processing file /home/airflow/.local/lib/python3.8/site-packages/airflow/example_dags/example_time_delta_sensor_async.py for tasks to queue
[2025-11-19T02:48:26.589+0000] {logging_mixin.py:188} INFO - [2025-11-19T02:48:26.589+0000] {dagbag.py:538} INFO - Filling up the DagBag from /home/airflow/.local/lib/python3.8/site-packages/airflow/example_dags/example_time_delta_sensor_async.py
[2025-11-19T02:48:26.593+0000] {processor.py:840} INFO - DAG(s) 'example_time_delta_sensor_async' retrieved from /home/airflow/.local/lib/python3.8/site-packages/airflow/example_dags/example_time_delta_sensor_async.py
[2025-11-19T02:48:26.614+0000] {logging_mixin.py:188} INFO - [2025-11-19T02:48:26.614+0000] {dag.py:3036} INFO - Sync 1 DAGs
[2025-11-19T02:48:26.625+0000] {logging_mixin.py:188} INFO - [2025-11-19T02:48:26.625+0000] {dag.py:3823} INFO - Setting next_dagrun for example_time_delta_sensor_async to None, run_after=None
[2025-11-19T02:48:26.646+0000] {processor.py:183} INFO - Processing /home/airflow/.local/lib/python3.8/site-packages/airflow/example_dags/example_time_delta_sensor_async.py took 0.063 seconds
[2025-11-19T02:48:56.737+0000] {processor.py:161} INFO - Started process (PID=407) to work on /home/airflow/.local/lib/python3.8/site-packages/airflow/example_dags/example_time_delta_sensor_async.py
[2025-11-19T02:48:56.738+0000] {processor.py:830} INFO - Processing file /home/airflow/.local/lib/python3.8/site-packages/airflow/example_dags/example_time_delta_sensor_async.py for tasks to queue
[2025-11-19T02:48:56.739+0000] {logging_mixin.py:188} INFO - [2025-11-19T02:48:56.739+0000] {dagbag.py:538} INFO - Filling up the DagBag from /home/airflow/.local/lib/python3.8/site-packages/airflow/example_dags/example_time_delta_sensor_async.py
[2025-11-19T02:48:56.744+0000] {processor.py:840} INFO - DAG(s) 'example_time_delta_sensor_async' retrieved from /home/airflow/.local/lib/python3.8/site-packages/airflow/example_dags/example_time_delta_sensor_async.py
[2025-11-19T02:48:56.764+0000] {logging_mixin.py:188} INFO - [2025-11-19T02:48:56.764+0000] {dag.py:3036} INFO - Sync 1 DAGs
[2025-11-19T02:48:56.774+0000] {logging_mixin.py:188} INFO - [2025-11-19T02:48:56.774+0000] {dag.py:3823} INFO - Setting next_dagrun for example_time_delta_sensor_async to None, run_after=None
[2025-11-19T02:48:56.794+0000] {processor.py:183} INFO - Processing /home/airflow/.local/lib/python3.8/site-packages/airflow/example_dags/example_time_delta_sensor_async.py took 0.060 seconds
[2025-11-19T02:49:26.976+0000] {processor.py:161} INFO - Started process (PID=466) to work on /home/airflow/.local/lib/python3.8/site-packages/airflow/example_dags/example_time_delta_sensor_async.py
[2025-11-19T02:49:26.977+0000] {processor.py:830} INFO - Processing file /home/airflow/.local/lib/python3.8/site-packages/airflow/example_dags/example_time_delta_sensor_async.py for tasks to queue
[2025-11-19T02:49:26.979+0000] {logging_mixin.py:188} INFO - [2025-11-19T02:49:26.978+0000] {dagbag.py:538} INFO - Filling up the DagBag from /home/airflow/.local/lib/python3.8/site-packages/airflow/example_dags/example_time_delta_sensor_async.py
[2025-11-19T02:49:26.983+0000] {processor.py:840} INFO - DAG(s) 'example_time_delta_sensor_async' retrieved from /home/airflow/.local/lib/python3.8/site-packages/airflow/example_dags/example_time_delta_sensor_async.py
[2025-11-19T02:49:27.010+0000] {logging_mixin.py:188} INFO - [2025-11-19T02:49:27.010+0000] {dag.py:3036} INFO - Sync 1 DAGs
[2025-11-19T02:49:27.047+0000] {logging_mixin.py:188} INFO - [2025-11-19T02:49:27.046+0000] {dag.py:3823} INFO - Setting next_dagrun for example_time_delta_sensor_async to None, run_after=None
[2025-11-19T02:49:27.071+0000] {processor.py:183} INFO - Processing /home/airflow/.local/lib/python3.8/site-packages/airflow/example_dags/example_time_delta_sensor_async.py took 0.098 seconds
[2025-11-19T02:49:57.249+0000] {processor.py:161} INFO - Started process (PID=525) to work on /home/airflow/.local/lib/python3.8/site-packages/airflow/example_dags/example_time_delta_sensor_async.py
[2025-11-19T02:49:57.250+0000] {processor.py:830} INFO - Processing file /home/airflow/.local/lib/python3.8/site-packages/airflow/example_dags/example_time_delta_sensor_async.py for tasks to queue
[2025-11-19T02:49:57.252+0000] {logging_mixin.py:188} INFO - [2025-11-19T02:49:57.252+0000] {dagbag.py:538} INFO - Filling up the DagBag from /home/airflow/.local/lib/python3.8/site-packages/airflow/example_dags/example_time_delta_sensor_async.py
[2025-11-19T02:49:57.257+0000] {processor.py:840} INFO - DAG(s) 'example_time_delta_sensor_async' retrieved from /home/airflow/.local/lib/python3.8/site-packages/airflow/example_dags/example_time_delta_sensor_async.py
[2025-11-19T02:49:57.276+0000] {logging_mixin.py:188} INFO - [2025-11-19T02:49:57.276+0000] {dag.py:3036} INFO - Sync 1 DAGs
[2025-11-19T02:49:57.293+0000] {logging_mixin.py:188} INFO - [2025-11-19T02:49:57.293+0000] {dag.py:3823} INFO - Setting next_dagrun for example_time_delta_sensor_async to None, run_after=None
[2025-11-19T02:49:57.310+0000] {processor.py:183} INFO - Processing /home/airflow/.local/lib/python3.8/site-packages/airflow/example_dags/example_time_delta_sensor_async.py took 0.064 seconds
[2025-11-19T02:50:27.759+0000] {processor.py:161} INFO - Started process (PID=584) to work on /home/airflow/.local/lib/python3.8/site-packages/airflow/example_dags/example_time_delta_sensor_async.py
[2025-11-19T02:50:27.760+0000] {processor.py:830} INFO - Processing file /home/airflow/.local/lib/python3.8/site-packages/airflow/example_dags/example_time_delta_sensor_async.py for tasks to queue
[2025-11-19T02:50:27.762+0000] {logging_mixin.py:188} INFO - [2025-11-19T02:50:27.762+0000] {dagbag.py:538} INFO - Filling up the DagBag from /home/airflow/.local/lib/python3.8/site-packages/airflow/example_dags/example_time_delta_sensor_async.py
[2025-11-19T02:50:27.767+0000] {processor.py:840} INFO - DAG(s) 'example_time_delta_sensor_async' retrieved from /home/airflow/.local/lib/python3.8/site-packages/airflow/example_dags/example_time_delta_sensor_async.py
[2025-11-19T02:50:27.791+0000] {logging_mixin.py:188} INFO - [2025-11-19T02:50:27.791+0000] {dag.py:3036} INFO - Sync 1 DAGs
[2025-11-19T02:50:27.803+0000] {logging_mixin.py:188} INFO - [2025-11-19T02:50:27.802+0000] {dag.py:3823} INFO - Setting next_dagrun for example_time_delta_sensor_async to None, run_after=None
[2025-11-19T02:50:27.822+0000] {processor.py:183} INFO - Processing /home/airflow/.local/lib/python3.8/site-packages/airflow/example_dags/example_time_delta_sensor_async.py took 0.066 seconds
[2025-11-19T02:50:57.919+0000] {processor.py:161} INFO - Started process (PID=643) to work on /home/airflow/.local/lib/python3.8/site-packages/airflow/example_dags/example_time_delta_sensor_async.py
[2025-11-19T02:50:57.920+0000] {processor.py:830} INFO - Processing file /home/airflow/.local/lib/python3.8/site-packages/airflow/example_dags/example_time_delta_sensor_async.py for tasks to queue
[2025-11-19T02:50:57.923+0000] {logging_mixin.py:188} INFO - [2025-11-19T02:50:57.922+0000] {dagbag.py:538} INFO - Filling up the DagBag from /home/airflow/.local/lib/python3.8/site-packages/airflow/example_dags/example_time_delta_sensor_async.py
[2025-11-19T02:50:57.927+0000] {processor.py:840} INFO - DAG(s) 'example_time_delta_sensor_async' retrieved from /home/airflow/.local/lib/python3.8/site-packages/airflow/example_dags/example_time_delta_sensor_async.py
[2025-11-19T02:50:57.947+0000] {logging_mixin.py:188} INFO - [2025-11-19T02:50:57.946+0000] {dag.py:3036} INFO - Sync 1 DAGs
[2025-11-19T02:50:57.957+0000] {logging_mixin.py:188} INFO - [2025-11-19T02:50:57.957+0000] {dag.py:3823} INFO - Setting next_dagrun for example_time_delta_sensor_async to None, run_after=None
[2025-11-19T02:50:57.981+0000] {processor.py:183} INFO - Processing /home/airflow/.local/lib/python3.8/site-packages/airflow/example_dags/example_time_delta_sensor_async.py took 0.064 seconds
[2025-11-19T02:51:28.207+0000] {processor.py:161} INFO - Started process (PID=702) to work on /home/airflow/.local/lib/python3.8/site-packages/airflow/example_dags/example_time_delta_sensor_async.py
[2025-11-19T02:51:28.209+0000] {processor.py:830} INFO - Processing file /home/airflow/.local/lib/python3.8/site-packages/airflow/example_dags/example_time_delta_sensor_async.py for tasks to queue
[2025-11-19T02:51:28.211+0000] {logging_mixin.py:188} INFO - [2025-11-19T02:51:28.210+0000] {dagbag.py:538} INFO - Filling up the DagBag from /home/airflow/.local/lib/python3.8/site-packages/airflow/example_dags/example_time_delta_sensor_async.py
[2025-11-19T02:51:28.215+0000] {processor.py:840} INFO - DAG(s) 'example_time_delta_sensor_async' retrieved from /home/airflow/.local/lib/python3.8/site-packages/airflow/example_dags/example_time_delta_sensor_async.py
[2025-11-19T02:51:28.239+0000] {logging_mixin.py:188} INFO - [2025-11-19T02:51:28.239+0000] {dag.py:3036} INFO - Sync 1 DAGs
[2025-11-19T02:51:28.250+0000] {logging_mixin.py:188} INFO - [2025-11-19T02:51:28.250+0000] {dag.py:3823} INFO - Setting next_dagrun for example_time_delta_sensor_async to None, run_after=None
[2025-11-19T02:51:28.270+0000] {processor.py:183} INFO - Processing /home/airflow/.local/lib/python3.8/site-packages/airflow/example_dags/example_time_delta_sensor_async.py took 0.067 seconds
