[2025-11-19T02:29:08.334+0000] {processor.py:161} INFO - Started process (PID=74) to work on /home/airflow/.local/lib/python3.8/site-packages/airflow/example_dags/example_branch_datetime_operator.py
[2025-11-19T02:29:08.335+0000] {processor.py:830} INFO - Processing file /home/airflow/.local/lib/python3.8/site-packages/airflow/example_dags/example_branch_datetime_operator.py for tasks to queue
[2025-11-19T02:29:08.339+0000] {logging_mixin.py:188} INFO - [2025-11-19T02:29:08.338+0000] {dagbag.py:538} INFO - Filling up the DagBag from /home/airflow/.local/lib/python3.8/site-packages/airflow/example_dags/example_branch_datetime_operator.py
[2025-11-19T02:29:08.355+0000] {processor.py:840} INFO - DAG(s) 'example_branch_datetime_operator_3', 'example_branch_datetime_operator', 'example_branch_datetime_operator_2' retrieved from /home/airflow/.local/lib/python3.8/site-packages/airflow/example_dags/example_branch_datetime_operator.py
[2025-11-19T02:29:08.563+0000] {logging_mixin.py:188} INFO - [2025-11-19T02:29:08.562+0000] {override.py:1769} INFO - Created Permission View: can read on DAG:example_branch_datetime_operator_3
[2025-11-19T02:29:08.579+0000] {logging_mixin.py:188} INFO - [2025-11-19T02:29:08.578+0000] {override.py:1769} INFO - Created Permission View: can edit on DAG:example_branch_datetime_operator_3
[2025-11-19T02:29:08.594+0000] {logging_mixin.py:188} INFO - [2025-11-19T02:29:08.594+0000] {override.py:1769} INFO - Created Permission View: can delete on DAG:example_branch_datetime_operator_3
[2025-11-19T02:29:08.616+0000] {logging_mixin.py:188} INFO - [2025-11-19T02:29:08.615+0000] {override.py:1769} INFO - Created Permission View: can read on DAG:example_branch_datetime_operator
[2025-11-19T02:29:08.627+0000] {logging_mixin.py:188} INFO - [2025-11-19T02:29:08.627+0000] {override.py:1769} INFO - Created Permission View: can edit on DAG:example_branch_datetime_operator
[2025-11-19T02:29:08.637+0000] {logging_mixin.py:188} INFO - [2025-11-19T02:29:08.637+0000] {override.py:1769} INFO - Created Permission View: can delete on DAG:example_branch_datetime_operator
[2025-11-19T02:29:08.659+0000] {logging_mixin.py:188} INFO - [2025-11-19T02:29:08.658+0000] {override.py:1769} INFO - Created Permission View: can read on DAG:example_branch_datetime_operator_2
[2025-11-19T02:29:08.670+0000] {logging_mixin.py:188} INFO - [2025-11-19T02:29:08.669+0000] {override.py:1769} INFO - Created Permission View: can edit on DAG:example_branch_datetime_operator_2
[2025-11-19T02:29:08.684+0000] {logging_mixin.py:188} INFO - [2025-11-19T02:29:08.683+0000] {override.py:1769} INFO - Created Permission View: can delete on DAG:example_branch_datetime_operator_2
[2025-11-19T02:29:08.685+0000] {logging_mixin.py:188} INFO - [2025-11-19T02:29:08.684+0000] {dag.py:3036} INFO - Sync 3 DAGs
[2025-11-19T02:29:08.704+0000] {logging_mixin.py:188} INFO - [2025-11-19T02:29:08.704+0000] {dag.py:3058} INFO - Creating ORM DAG for example_branch_datetime_operator_2
[2025-11-19T02:29:08.708+0000] {logging_mixin.py:188} INFO - [2025-11-19T02:29:08.707+0000] {dag.py:3058} INFO - Creating ORM DAG for example_branch_datetime_operator
[2025-11-19T02:29:08.709+0000] {logging_mixin.py:188} INFO - [2025-11-19T02:29:08.709+0000] {dag.py:3058} INFO - Creating ORM DAG for example_branch_datetime_operator_3
[2025-11-19T02:29:08.728+0000] {logging_mixin.py:188} INFO - [2025-11-19T02:29:08.727+0000] {dag.py:3823} INFO - Setting next_dagrun for example_branch_datetime_operator to 2025-11-18 00:00:00+00:00, run_after=2025-11-19 00:00:00+00:00
[2025-11-19T02:29:08.731+0000] {logging_mixin.py:188} INFO - [2025-11-19T02:29:08.731+0000] {dag.py:3823} INFO - Setting next_dagrun for example_branch_datetime_operator_2 to 2025-11-18 00:00:00+00:00, run_after=2025-11-19 00:00:00+00:00
[2025-11-19T02:29:08.734+0000] {logging_mixin.py:188} INFO - [2025-11-19T02:29:08.734+0000] {dag.py:3823} INFO - Setting next_dagrun for example_branch_datetime_operator_3 to 2025-11-18 00:00:00+00:00, run_after=2025-11-19 00:00:00+00:00
[2025-11-19T02:29:08.768+0000] {processor.py:183} INFO - Processing /home/airflow/.local/lib/python3.8/site-packages/airflow/example_dags/example_branch_datetime_operator.py took 0.439 seconds
[2025-11-19T02:45:57.078+0000] {processor.py:161} INFO - Started process (PID=74) to work on /home/airflow/.local/lib/python3.8/site-packages/airflow/example_dags/example_branch_datetime_operator.py
[2025-11-19T02:45:57.080+0000] {processor.py:830} INFO - Processing file /home/airflow/.local/lib/python3.8/site-packages/airflow/example_dags/example_branch_datetime_operator.py for tasks to queue
[2025-11-19T02:45:57.084+0000] {logging_mixin.py:188} INFO - [2025-11-19T02:45:57.083+0000] {dagbag.py:538} INFO - Filling up the DagBag from /home/airflow/.local/lib/python3.8/site-packages/airflow/example_dags/example_branch_datetime_operator.py
[2025-11-19T02:45:57.101+0000] {processor.py:840} INFO - DAG(s) 'example_branch_datetime_operator', 'example_branch_datetime_operator_2', 'example_branch_datetime_operator_3' retrieved from /home/airflow/.local/lib/python3.8/site-packages/airflow/example_dags/example_branch_datetime_operator.py
[2025-11-19T02:45:57.265+0000] {logging_mixin.py:188} INFO - [2025-11-19T02:45:57.263+0000] {override.py:1769} INFO - Created Permission View: can read on DAG:example_branch_datetime_operator
[2025-11-19T02:45:57.280+0000] {logging_mixin.py:188} INFO - [2025-11-19T02:45:57.279+0000] {override.py:1769} INFO - Created Permission View: can edit on DAG:example_branch_datetime_operator
[2025-11-19T02:45:57.289+0000] {logging_mixin.py:188} INFO - [2025-11-19T02:45:57.289+0000] {override.py:1769} INFO - Created Permission View: can delete on DAG:example_branch_datetime_operator
[2025-11-19T02:45:57.311+0000] {logging_mixin.py:188} INFO - [2025-11-19T02:45:57.310+0000] {override.py:1769} INFO - Created Permission View: can read on DAG:example_branch_datetime_operator_2
[2025-11-19T02:45:57.321+0000] {logging_mixin.py:188} INFO - [2025-11-19T02:45:57.321+0000] {override.py:1769} INFO - Created Permission View: can edit on DAG:example_branch_datetime_operator_2
[2025-11-19T02:45:57.332+0000] {logging_mixin.py:188} INFO - [2025-11-19T02:45:57.332+0000] {override.py:1769} INFO - Created Permission View: can delete on DAG:example_branch_datetime_operator_2
[2025-11-19T02:45:57.352+0000] {logging_mixin.py:188} INFO - [2025-11-19T02:45:57.352+0000] {override.py:1769} INFO - Created Permission View: can read on DAG:example_branch_datetime_operator_3
[2025-11-19T02:45:57.363+0000] {logging_mixin.py:188} INFO - [2025-11-19T02:45:57.363+0000] {override.py:1769} INFO - Created Permission View: can edit on DAG:example_branch_datetime_operator_3
[2025-11-19T02:45:57.375+0000] {logging_mixin.py:188} INFO - [2025-11-19T02:45:57.374+0000] {override.py:1769} INFO - Created Permission View: can delete on DAG:example_branch_datetime_operator_3
[2025-11-19T02:45:57.375+0000] {logging_mixin.py:188} INFO - [2025-11-19T02:45:57.375+0000] {dag.py:3036} INFO - Sync 3 DAGs
[2025-11-19T02:45:57.394+0000] {logging_mixin.py:188} INFO - [2025-11-19T02:45:57.394+0000] {dag.py:3058} INFO - Creating ORM DAG for example_branch_datetime_operator
[2025-11-19T02:45:57.395+0000] {logging_mixin.py:188} INFO - [2025-11-19T02:45:57.395+0000] {dag.py:3058} INFO - Creating ORM DAG for example_branch_datetime_operator_3
[2025-11-19T02:45:57.397+0000] {logging_mixin.py:188} INFO - [2025-11-19T02:45:57.396+0000] {dag.py:3058} INFO - Creating ORM DAG for example_branch_datetime_operator_2
[2025-11-19T02:45:57.413+0000] {logging_mixin.py:188} INFO - [2025-11-19T02:45:57.412+0000] {dag.py:3823} INFO - Setting next_dagrun for example_branch_datetime_operator to 2025-11-18 00:00:00+00:00, run_after=2025-11-19 00:00:00+00:00
[2025-11-19T02:45:57.416+0000] {logging_mixin.py:188} INFO - [2025-11-19T02:45:57.416+0000] {dag.py:3823} INFO - Setting next_dagrun for example_branch_datetime_operator_2 to 2025-11-18 00:00:00+00:00, run_after=2025-11-19 00:00:00+00:00
[2025-11-19T02:45:57.418+0000] {logging_mixin.py:188} INFO - [2025-11-19T02:45:57.418+0000] {dag.py:3823} INFO - Setting next_dagrun for example_branch_datetime_operator_3 to 2025-11-18 00:00:00+00:00, run_after=2025-11-19 00:00:00+00:00
[2025-11-19T02:45:57.444+0000] {processor.py:183} INFO - Processing /home/airflow/.local/lib/python3.8/site-packages/airflow/example_dags/example_branch_datetime_operator.py took 0.372 seconds
[2025-11-19T02:46:28.240+0000] {processor.py:161} INFO - Started process (PID=132) to work on /home/airflow/.local/lib/python3.8/site-packages/airflow/example_dags/example_branch_datetime_operator.py
[2025-11-19T02:46:28.241+0000] {processor.py:830} INFO - Processing file /home/airflow/.local/lib/python3.8/site-packages/airflow/example_dags/example_branch_datetime_operator.py for tasks to queue
[2025-11-19T02:46:28.243+0000] {logging_mixin.py:188} INFO - [2025-11-19T02:46:28.243+0000] {dagbag.py:538} INFO - Filling up the DagBag from /home/airflow/.local/lib/python3.8/site-packages/airflow/example_dags/example_branch_datetime_operator.py
[2025-11-19T02:46:28.253+0000] {processor.py:840} INFO - DAG(s) 'example_branch_datetime_operator_3', 'example_branch_datetime_operator_2', 'example_branch_datetime_operator' retrieved from /home/airflow/.local/lib/python3.8/site-packages/airflow/example_dags/example_branch_datetime_operator.py
[2025-11-19T02:46:28.283+0000] {logging_mixin.py:188} INFO - [2025-11-19T02:46:28.283+0000] {dag.py:3036} INFO - Sync 3 DAGs
[2025-11-19T02:46:28.304+0000] {logging_mixin.py:188} INFO - [2025-11-19T02:46:28.304+0000] {dag.py:3823} INFO - Setting next_dagrun for example_branch_datetime_operator to 2025-11-18 00:00:00+00:00, run_after=2025-11-19 00:00:00+00:00
[2025-11-19T02:46:28.309+0000] {logging_mixin.py:188} INFO - [2025-11-19T02:46:28.309+0000] {dag.py:3823} INFO - Setting next_dagrun for example_branch_datetime_operator_2 to 2025-11-18 00:00:00+00:00, run_after=2025-11-19 00:00:00+00:00
[2025-11-19T02:46:28.312+0000] {logging_mixin.py:188} INFO - [2025-11-19T02:46:28.311+0000] {dag.py:3823} INFO - Setting next_dagrun for example_branch_datetime_operator_3 to 2025-11-18 00:00:00+00:00, run_after=2025-11-19 00:00:00+00:00
[2025-11-19T02:46:28.331+0000] {processor.py:183} INFO - Processing /home/airflow/.local/lib/python3.8/site-packages/airflow/example_dags/example_branch_datetime_operator.py took 0.094 seconds
[2025-11-19T02:46:58.455+0000] {processor.py:161} INFO - Started process (PID=191) to work on /home/airflow/.local/lib/python3.8/site-packages/airflow/example_dags/example_branch_datetime_operator.py
[2025-11-19T02:46:58.456+0000] {processor.py:830} INFO - Processing file /home/airflow/.local/lib/python3.8/site-packages/airflow/example_dags/example_branch_datetime_operator.py for tasks to queue
[2025-11-19T02:46:58.458+0000] {logging_mixin.py:188} INFO - [2025-11-19T02:46:58.458+0000] {dagbag.py:538} INFO - Filling up the DagBag from /home/airflow/.local/lib/python3.8/site-packages/airflow/example_dags/example_branch_datetime_operator.py
[2025-11-19T02:46:58.466+0000] {processor.py:840} INFO - DAG(s) 'example_branch_datetime_operator_3', 'example_branch_datetime_operator', 'example_branch_datetime_operator_2' retrieved from /home/airflow/.local/lib/python3.8/site-packages/airflow/example_dags/example_branch_datetime_operator.py
[2025-11-19T02:46:58.479+0000] {logging_mixin.py:188} INFO - [2025-11-19T02:46:58.479+0000] {dag.py:3036} INFO - Sync 3 DAGs
[2025-11-19T02:46:58.496+0000] {logging_mixin.py:188} INFO - [2025-11-19T02:46:58.496+0000] {dag.py:3823} INFO - Setting next_dagrun for example_branch_datetime_operator to 2025-11-18 00:00:00+00:00, run_after=2025-11-19 00:00:00+00:00
[2025-11-19T02:46:58.501+0000] {logging_mixin.py:188} INFO - [2025-11-19T02:46:58.501+0000] {dag.py:3823} INFO - Setting next_dagrun for example_branch_datetime_operator_2 to 2025-11-18 00:00:00+00:00, run_after=2025-11-19 00:00:00+00:00
[2025-11-19T02:46:58.503+0000] {logging_mixin.py:188} INFO - [2025-11-19T02:46:58.503+0000] {dag.py:3823} INFO - Setting next_dagrun for example_branch_datetime_operator_3 to 2025-11-18 00:00:00+00:00, run_after=2025-11-19 00:00:00+00:00
[2025-11-19T02:46:58.520+0000] {processor.py:183} INFO - Processing /home/airflow/.local/lib/python3.8/site-packages/airflow/example_dags/example_branch_datetime_operator.py took 0.068 seconds
[2025-11-19T02:47:29.454+0000] {processor.py:161} INFO - Started process (PID=250) to work on /home/airflow/.local/lib/python3.8/site-packages/airflow/example_dags/example_branch_datetime_operator.py
[2025-11-19T02:47:29.456+0000] {processor.py:830} INFO - Processing file /home/airflow/.local/lib/python3.8/site-packages/airflow/example_dags/example_branch_datetime_operator.py for tasks to queue
[2025-11-19T02:47:29.458+0000] {logging_mixin.py:188} INFO - [2025-11-19T02:47:29.458+0000] {dagbag.py:538} INFO - Filling up the DagBag from /home/airflow/.local/lib/python3.8/site-packages/airflow/example_dags/example_branch_datetime_operator.py
[2025-11-19T02:47:29.466+0000] {processor.py:840} INFO - DAG(s) 'example_branch_datetime_operator', 'example_branch_datetime_operator_2', 'example_branch_datetime_operator_3' retrieved from /home/airflow/.local/lib/python3.8/site-packages/airflow/example_dags/example_branch_datetime_operator.py
[2025-11-19T02:47:29.587+0000] {logging_mixin.py:188} INFO - [2025-11-19T02:47:29.587+0000] {dag.py:3036} INFO - Sync 3 DAGs
[2025-11-19T02:47:29.605+0000] {logging_mixin.py:188} INFO - [2025-11-19T02:47:29.605+0000] {dag.py:3823} INFO - Setting next_dagrun for example_branch_datetime_operator to 2025-11-18 00:00:00+00:00, run_after=2025-11-19 00:00:00+00:00
[2025-11-19T02:47:29.610+0000] {logging_mixin.py:188} INFO - [2025-11-19T02:47:29.610+0000] {dag.py:3823} INFO - Setting next_dagrun for example_branch_datetime_operator_2 to 2025-11-18 00:00:00+00:00, run_after=2025-11-19 00:00:00+00:00
[2025-11-19T02:47:29.613+0000] {logging_mixin.py:188} INFO - [2025-11-19T02:47:29.613+0000] {dag.py:3823} INFO - Setting next_dagrun for example_branch_datetime_operator_3 to 2025-11-18 00:00:00+00:00, run_after=2025-11-19 00:00:00+00:00
[2025-11-19T02:47:29.634+0000] {processor.py:183} INFO - Processing /home/airflow/.local/lib/python3.8/site-packages/airflow/example_dags/example_branch_datetime_operator.py took 0.183 seconds
[2025-11-19T02:47:59.678+0000] {processor.py:161} INFO - Started process (PID=309) to work on /home/airflow/.local/lib/python3.8/site-packages/airflow/example_dags/example_branch_datetime_operator.py
[2025-11-19T02:47:59.679+0000] {processor.py:830} INFO - Processing file /home/airflow/.local/lib/python3.8/site-packages/airflow/example_dags/example_branch_datetime_operator.py for tasks to queue
[2025-11-19T02:47:59.681+0000] {logging_mixin.py:188} INFO - [2025-11-19T02:47:59.680+0000] {dagbag.py:538} INFO - Filling up the DagBag from /home/airflow/.local/lib/python3.8/site-packages/airflow/example_dags/example_branch_datetime_operator.py
[2025-11-19T02:47:59.689+0000] {processor.py:840} INFO - DAG(s) 'example_branch_datetime_operator_2', 'example_branch_datetime_operator', 'example_branch_datetime_operator_3' retrieved from /home/airflow/.local/lib/python3.8/site-packages/airflow/example_dags/example_branch_datetime_operator.py
[2025-11-19T02:47:59.713+0000] {logging_mixin.py:188} INFO - [2025-11-19T02:47:59.712+0000] {dag.py:3036} INFO - Sync 3 DAGs
[2025-11-19T02:47:59.731+0000] {logging_mixin.py:188} INFO - [2025-11-19T02:47:59.730+0000] {dag.py:3823} INFO - Setting next_dagrun for example_branch_datetime_operator to 2025-11-18 00:00:00+00:00, run_after=2025-11-19 00:00:00+00:00
[2025-11-19T02:47:59.735+0000] {logging_mixin.py:188} INFO - [2025-11-19T02:47:59.735+0000] {dag.py:3823} INFO - Setting next_dagrun for example_branch_datetime_operator_2 to 2025-11-18 00:00:00+00:00, run_after=2025-11-19 00:00:00+00:00
[2025-11-19T02:47:59.737+0000] {logging_mixin.py:188} INFO - [2025-11-19T02:47:59.737+0000] {dag.py:3823} INFO - Setting next_dagrun for example_branch_datetime_operator_3 to 2025-11-18 00:00:00+00:00, run_after=2025-11-19 00:00:00+00:00
[2025-11-19T02:47:59.756+0000] {processor.py:183} INFO - Processing /home/airflow/.local/lib/python3.8/site-packages/airflow/example_dags/example_branch_datetime_operator.py took 0.081 seconds
[2025-11-19T02:48:29.919+0000] {processor.py:161} INFO - Started process (PID=368) to work on /home/airflow/.local/lib/python3.8/site-packages/airflow/example_dags/example_branch_datetime_operator.py
[2025-11-19T02:48:29.920+0000] {processor.py:830} INFO - Processing file /home/airflow/.local/lib/python3.8/site-packages/airflow/example_dags/example_branch_datetime_operator.py for tasks to queue
[2025-11-19T02:48:29.922+0000] {logging_mixin.py:188} INFO - [2025-11-19T02:48:29.921+0000] {dagbag.py:538} INFO - Filling up the DagBag from /home/airflow/.local/lib/python3.8/site-packages/airflow/example_dags/example_branch_datetime_operator.py
[2025-11-19T02:48:29.931+0000] {processor.py:840} INFO - DAG(s) 'example_branch_datetime_operator', 'example_branch_datetime_operator_3', 'example_branch_datetime_operator_2' retrieved from /home/airflow/.local/lib/python3.8/site-packages/airflow/example_dags/example_branch_datetime_operator.py
[2025-11-19T02:48:29.958+0000] {logging_mixin.py:188} INFO - [2025-11-19T02:48:29.958+0000] {dag.py:3036} INFO - Sync 3 DAGs
[2025-11-19T02:48:29.979+0000] {logging_mixin.py:188} INFO - [2025-11-19T02:48:29.979+0000] {dag.py:3823} INFO - Setting next_dagrun for example_branch_datetime_operator to 2025-11-18 00:00:00+00:00, run_after=2025-11-19 00:00:00+00:00
[2025-11-19T02:48:29.984+0000] {logging_mixin.py:188} INFO - [2025-11-19T02:48:29.984+0000] {dag.py:3823} INFO - Setting next_dagrun for example_branch_datetime_operator_2 to 2025-11-18 00:00:00+00:00, run_after=2025-11-19 00:00:00+00:00
[2025-11-19T02:48:29.987+0000] {logging_mixin.py:188} INFO - [2025-11-19T02:48:29.987+0000] {dag.py:3823} INFO - Setting next_dagrun for example_branch_datetime_operator_3 to 2025-11-18 00:00:00+00:00, run_after=2025-11-19 00:00:00+00:00
[2025-11-19T02:48:30.007+0000] {processor.py:183} INFO - Processing /home/airflow/.local/lib/python3.8/site-packages/airflow/example_dags/example_branch_datetime_operator.py took 0.091 seconds
[2025-11-19T02:49:00.054+0000] {processor.py:161} INFO - Started process (PID=427) to work on /home/airflow/.local/lib/python3.8/site-packages/airflow/example_dags/example_branch_datetime_operator.py
[2025-11-19T02:49:00.056+0000] {processor.py:830} INFO - Processing file /home/airflow/.local/lib/python3.8/site-packages/airflow/example_dags/example_branch_datetime_operator.py for tasks to queue
[2025-11-19T02:49:00.058+0000] {logging_mixin.py:188} INFO - [2025-11-19T02:49:00.057+0000] {dagbag.py:538} INFO - Filling up the DagBag from /home/airflow/.local/lib/python3.8/site-packages/airflow/example_dags/example_branch_datetime_operator.py
[2025-11-19T02:49:00.066+0000] {processor.py:840} INFO - DAG(s) 'example_branch_datetime_operator_3', 'example_branch_datetime_operator', 'example_branch_datetime_operator_2' retrieved from /home/airflow/.local/lib/python3.8/site-packages/airflow/example_dags/example_branch_datetime_operator.py
[2025-11-19T02:49:00.092+0000] {logging_mixin.py:188} INFO - [2025-11-19T02:49:00.092+0000] {dag.py:3036} INFO - Sync 3 DAGs
[2025-11-19T02:49:00.113+0000] {logging_mixin.py:188} INFO - [2025-11-19T02:49:00.112+0000] {dag.py:3823} INFO - Setting next_dagrun for example_branch_datetime_operator to 2025-11-18 00:00:00+00:00, run_after=2025-11-19 00:00:00+00:00
[2025-11-19T02:49:00.118+0000] {logging_mixin.py:188} INFO - [2025-11-19T02:49:00.117+0000] {dag.py:3823} INFO - Setting next_dagrun for example_branch_datetime_operator_2 to 2025-11-18 00:00:00+00:00, run_after=2025-11-19 00:00:00+00:00
[2025-11-19T02:49:00.120+0000] {logging_mixin.py:188} INFO - [2025-11-19T02:49:00.120+0000] {dag.py:3823} INFO - Setting next_dagrun for example_branch_datetime_operator_3 to 2025-11-18 00:00:00+00:00, run_after=2025-11-19 00:00:00+00:00
[2025-11-19T02:49:00.138+0000] {processor.py:183} INFO - Processing /home/airflow/.local/lib/python3.8/site-packages/airflow/example_dags/example_branch_datetime_operator.py took 0.087 seconds
[2025-11-19T02:49:30.255+0000] {processor.py:161} INFO - Started process (PID=486) to work on /home/airflow/.local/lib/python3.8/site-packages/airflow/example_dags/example_branch_datetime_operator.py
[2025-11-19T02:49:30.257+0000] {processor.py:830} INFO - Processing file /home/airflow/.local/lib/python3.8/site-packages/airflow/example_dags/example_branch_datetime_operator.py for tasks to queue
[2025-11-19T02:49:30.259+0000] {logging_mixin.py:188} INFO - [2025-11-19T02:49:30.258+0000] {dagbag.py:538} INFO - Filling up the DagBag from /home/airflow/.local/lib/python3.8/site-packages/airflow/example_dags/example_branch_datetime_operator.py
[2025-11-19T02:49:30.266+0000] {processor.py:840} INFO - DAG(s) 'example_branch_datetime_operator', 'example_branch_datetime_operator_3', 'example_branch_datetime_operator_2' retrieved from /home/airflow/.local/lib/python3.8/site-packages/airflow/example_dags/example_branch_datetime_operator.py
[2025-11-19T02:49:30.292+0000] {logging_mixin.py:188} INFO - [2025-11-19T02:49:30.292+0000] {dag.py:3036} INFO - Sync 3 DAGs
[2025-11-19T02:49:30.312+0000] {logging_mixin.py:188} INFO - [2025-11-19T02:49:30.312+0000] {dag.py:3823} INFO - Setting next_dagrun for example_branch_datetime_operator to 2025-11-18 00:00:00+00:00, run_after=2025-11-19 00:00:00+00:00
[2025-11-19T02:49:30.317+0000] {logging_mixin.py:188} INFO - [2025-11-19T02:49:30.317+0000] {dag.py:3823} INFO - Setting next_dagrun for example_branch_datetime_operator_2 to 2025-11-18 00:00:00+00:00, run_after=2025-11-19 00:00:00+00:00
[2025-11-19T02:49:30.319+0000] {logging_mixin.py:188} INFO - [2025-11-19T02:49:30.319+0000] {dag.py:3823} INFO - Setting next_dagrun for example_branch_datetime_operator_3 to 2025-11-18 00:00:00+00:00, run_after=2025-11-19 00:00:00+00:00
[2025-11-19T02:49:30.336+0000] {processor.py:183} INFO - Processing /home/airflow/.local/lib/python3.8/site-packages/airflow/example_dags/example_branch_datetime_operator.py took 0.083 seconds
[2025-11-19T02:50:00.432+0000] {processor.py:161} INFO - Started process (PID=545) to work on /home/airflow/.local/lib/python3.8/site-packages/airflow/example_dags/example_branch_datetime_operator.py
[2025-11-19T02:50:00.433+0000] {processor.py:830} INFO - Processing file /home/airflow/.local/lib/python3.8/site-packages/airflow/example_dags/example_branch_datetime_operator.py for tasks to queue
[2025-11-19T02:50:00.435+0000] {logging_mixin.py:188} INFO - [2025-11-19T02:50:00.435+0000] {dagbag.py:538} INFO - Filling up the DagBag from /home/airflow/.local/lib/python3.8/site-packages/airflow/example_dags/example_branch_datetime_operator.py
[2025-11-19T02:50:00.443+0000] {processor.py:840} INFO - DAG(s) 'example_branch_datetime_operator_3', 'example_branch_datetime_operator', 'example_branch_datetime_operator_2' retrieved from /home/airflow/.local/lib/python3.8/site-packages/airflow/example_dags/example_branch_datetime_operator.py
[2025-11-19T02:50:00.467+0000] {logging_mixin.py:188} INFO - [2025-11-19T02:50:00.467+0000] {dag.py:3036} INFO - Sync 3 DAGs
[2025-11-19T02:50:00.484+0000] {logging_mixin.py:188} INFO - [2025-11-19T02:50:00.484+0000] {dag.py:3823} INFO - Setting next_dagrun for example_branch_datetime_operator to 2025-11-18 00:00:00+00:00, run_after=2025-11-19 00:00:00+00:00
[2025-11-19T02:50:00.490+0000] {logging_mixin.py:188} INFO - [2025-11-19T02:50:00.490+0000] {dag.py:3823} INFO - Setting next_dagrun for example_branch_datetime_operator_2 to 2025-11-18 00:00:00+00:00, run_after=2025-11-19 00:00:00+00:00
[2025-11-19T02:50:00.493+0000] {logging_mixin.py:188} INFO - [2025-11-19T02:50:00.493+0000] {dag.py:3823} INFO - Setting next_dagrun for example_branch_datetime_operator_3 to 2025-11-18 00:00:00+00:00, run_after=2025-11-19 00:00:00+00:00
[2025-11-19T02:50:00.513+0000] {processor.py:183} INFO - Processing /home/airflow/.local/lib/python3.8/site-packages/airflow/example_dags/example_branch_datetime_operator.py took 0.083 seconds
[2025-11-19T02:50:30.916+0000] {processor.py:161} INFO - Started process (PID=604) to work on /home/airflow/.local/lib/python3.8/site-packages/airflow/example_dags/example_branch_datetime_operator.py
[2025-11-19T02:50:30.918+0000] {processor.py:830} INFO - Processing file /home/airflow/.local/lib/python3.8/site-packages/airflow/example_dags/example_branch_datetime_operator.py for tasks to queue
[2025-11-19T02:50:30.919+0000] {logging_mixin.py:188} INFO - [2025-11-19T02:50:30.919+0000] {dagbag.py:538} INFO - Filling up the DagBag from /home/airflow/.local/lib/python3.8/site-packages/airflow/example_dags/example_branch_datetime_operator.py
[2025-11-19T02:50:30.929+0000] {processor.py:840} INFO - DAG(s) 'example_branch_datetime_operator', 'example_branch_datetime_operator_2', 'example_branch_datetime_operator_3' retrieved from /home/airflow/.local/lib/python3.8/site-packages/airflow/example_dags/example_branch_datetime_operator.py
[2025-11-19T02:50:30.956+0000] {logging_mixin.py:188} INFO - [2025-11-19T02:50:30.956+0000] {dag.py:3036} INFO - Sync 3 DAGs
[2025-11-19T02:50:30.978+0000] {logging_mixin.py:188} INFO - [2025-11-19T02:50:30.978+0000] {dag.py:3823} INFO - Setting next_dagrun for example_branch_datetime_operator to 2025-11-18 00:00:00+00:00, run_after=2025-11-19 00:00:00+00:00
[2025-11-19T02:50:30.984+0000] {logging_mixin.py:188} INFO - [2025-11-19T02:50:30.983+0000] {dag.py:3823} INFO - Setting next_dagrun for example_branch_datetime_operator_2 to 2025-11-18 00:00:00+00:00, run_after=2025-11-19 00:00:00+00:00
[2025-11-19T02:50:30.987+0000] {logging_mixin.py:188} INFO - [2025-11-19T02:50:30.986+0000] {dag.py:3823} INFO - Setting next_dagrun for example_branch_datetime_operator_3 to 2025-11-18 00:00:00+00:00, run_after=2025-11-19 00:00:00+00:00
[2025-11-19T02:50:31.004+0000] {processor.py:183} INFO - Processing /home/airflow/.local/lib/python3.8/site-packages/airflow/example_dags/example_branch_datetime_operator.py took 0.091 seconds
[2025-11-19T02:51:01.124+0000] {processor.py:161} INFO - Started process (PID=663) to work on /home/airflow/.local/lib/python3.8/site-packages/airflow/example_dags/example_branch_datetime_operator.py
[2025-11-19T02:51:01.125+0000] {processor.py:830} INFO - Processing file /home/airflow/.local/lib/python3.8/site-packages/airflow/example_dags/example_branch_datetime_operator.py for tasks to queue
[2025-11-19T02:51:01.127+0000] {logging_mixin.py:188} INFO - [2025-11-19T02:51:01.127+0000] {dagbag.py:538} INFO - Filling up the DagBag from /home/airflow/.local/lib/python3.8/site-packages/airflow/example_dags/example_branch_datetime_operator.py
[2025-11-19T02:51:01.135+0000] {processor.py:840} INFO - DAG(s) 'example_branch_datetime_operator_3', 'example_branch_datetime_operator_2', 'example_branch_datetime_operator' retrieved from /home/airflow/.local/lib/python3.8/site-packages/airflow/example_dags/example_branch_datetime_operator.py
[2025-11-19T02:51:01.162+0000] {logging_mixin.py:188} INFO - [2025-11-19T02:51:01.161+0000] {dag.py:3036} INFO - Sync 3 DAGs
[2025-11-19T02:51:01.183+0000] {logging_mixin.py:188} INFO - [2025-11-19T02:51:01.182+0000] {dag.py:3823} INFO - Setting next_dagrun for example_branch_datetime_operator to 2025-11-18 00:00:00+00:00, run_after=2025-11-19 00:00:00+00:00
[2025-11-19T02:51:01.187+0000] {logging_mixin.py:188} INFO - [2025-11-19T02:51:01.187+0000] {dag.py:3823} INFO - Setting next_dagrun for example_branch_datetime_operator_2 to 2025-11-18 00:00:00+00:00, run_after=2025-11-19 00:00:00+00:00
[2025-11-19T02:51:01.190+0000] {logging_mixin.py:188} INFO - [2025-11-19T02:51:01.190+0000] {dag.py:3823} INFO - Setting next_dagrun for example_branch_datetime_operator_3 to 2025-11-18 00:00:00+00:00, run_after=2025-11-19 00:00:00+00:00
[2025-11-19T02:51:01.210+0000] {processor.py:183} INFO - Processing /home/airflow/.local/lib/python3.8/site-packages/airflow/example_dags/example_branch_datetime_operator.py took 0.090 seconds
