[2025-11-19T02:29:03.884+0000] {processor.py:161} INFO - Started process (PID=45) to work on /home/airflow/.local/lib/python3.8/site-packages/airflow/example_dags/example_params_ui_tutorial.py
[2025-11-19T02:29:03.886+0000] {processor.py:830} INFO - Processing file /home/airflow/.local/lib/python3.8/site-packages/airflow/example_dags/example_params_ui_tutorial.py for tasks to queue
[2025-11-19T02:29:03.890+0000] {logging_mixin.py:188} INFO - [2025-11-19T02:29:03.889+0000] {dagbag.py:538} INFO - Filling up the DagBag from /home/airflow/.local/lib/python3.8/site-packages/airflow/example_dags/example_params_ui_tutorial.py
[2025-11-19T02:29:03.916+0000] {processor.py:840} INFO - DAG(s) 'example_params_ui_tutorial' retrieved from /home/airflow/.local/lib/python3.8/site-packages/airflow/example_dags/example_params_ui_tutorial.py
[2025-11-19T02:29:04.184+0000] {logging_mixin.py:188} INFO - [2025-11-19T02:29:04.183+0000] {override.py:1769} INFO - Created Permission View: can read on DAG:example_params_ui_tutorial
[2025-11-19T02:29:04.200+0000] {logging_mixin.py:188} INFO - [2025-11-19T02:29:04.199+0000] {override.py:1769} INFO - Created Permission View: can edit on DAG:example_params_ui_tutorial
[2025-11-19T02:29:04.210+0000] {logging_mixin.py:188} INFO - [2025-11-19T02:29:04.209+0000] {override.py:1769} INFO - Created Permission View: can delete on DAG:example_params_ui_tutorial
[2025-11-19T02:29:04.211+0000] {logging_mixin.py:188} INFO - [2025-11-19T02:29:04.211+0000] {dag.py:3036} INFO - Sync 1 DAGs
[2025-11-19T02:29:04.229+0000] {logging_mixin.py:188} INFO - [2025-11-19T02:29:04.229+0000] {dag.py:3058} INFO - Creating ORM DAG for example_params_ui_tutorial
[2025-11-19T02:29:04.231+0000] {logging_mixin.py:188} INFO - [2025-11-19T02:29:04.230+0000] {dag.py:3823} INFO - Setting next_dagrun for example_params_ui_tutorial to None, run_after=None
[2025-11-19T02:29:04.258+0000] {processor.py:183} INFO - Processing /home/airflow/.local/lib/python3.8/site-packages/airflow/example_dags/example_params_ui_tutorial.py took 0.378 seconds
[2025-11-19T02:29:35.194+0000] {processor.py:161} INFO - Started process (PID=103) to work on /home/airflow/.local/lib/python3.8/site-packages/airflow/example_dags/example_params_ui_tutorial.py
[2025-11-19T02:29:35.195+0000] {processor.py:830} INFO - Processing file /home/airflow/.local/lib/python3.8/site-packages/airflow/example_dags/example_params_ui_tutorial.py for tasks to queue
[2025-11-19T02:29:35.196+0000] {logging_mixin.py:188} INFO - [2025-11-19T02:29:35.196+0000] {dagbag.py:538} INFO - Filling up the DagBag from /home/airflow/.local/lib/python3.8/site-packages/airflow/example_dags/example_params_ui_tutorial.py
[2025-11-19T02:29:35.208+0000] {processor.py:840} INFO - DAG(s) 'example_params_ui_tutorial' retrieved from /home/airflow/.local/lib/python3.8/site-packages/airflow/example_dags/example_params_ui_tutorial.py
[2025-11-19T02:29:35.255+0000] {logging_mixin.py:188} INFO - [2025-11-19T02:29:35.255+0000] {dag.py:3036} INFO - Sync 1 DAGs
[2025-11-19T02:29:35.267+0000] {logging_mixin.py:188} INFO - [2025-11-19T02:29:35.266+0000] {dag.py:3823} INFO - Setting next_dagrun for example_params_ui_tutorial to None, run_after=None
[2025-11-19T02:29:35.289+0000] {processor.py:183} INFO - Processing /home/airflow/.local/lib/python3.8/site-packages/airflow/example_dags/example_params_ui_tutorial.py took 0.098 seconds
[2025-11-19T02:45:51.903+0000] {processor.py:161} INFO - Started process (PID=45) to work on /home/airflow/.local/lib/python3.8/site-packages/airflow/example_dags/example_params_ui_tutorial.py
[2025-11-19T02:45:51.905+0000] {processor.py:830} INFO - Processing file /home/airflow/.local/lib/python3.8/site-packages/airflow/example_dags/example_params_ui_tutorial.py for tasks to queue
[2025-11-19T02:45:51.907+0000] {logging_mixin.py:188} INFO - [2025-11-19T02:45:51.907+0000] {dagbag.py:538} INFO - Filling up the DagBag from /home/airflow/.local/lib/python3.8/site-packages/airflow/example_dags/example_params_ui_tutorial.py
[2025-11-19T02:45:51.923+0000] {processor.py:840} INFO - DAG(s) 'example_params_ui_tutorial' retrieved from /home/airflow/.local/lib/python3.8/site-packages/airflow/example_dags/example_params_ui_tutorial.py
[2025-11-19T02:45:52.134+0000] {logging_mixin.py:188} INFO - [2025-11-19T02:45:52.134+0000] {override.py:1769} INFO - Created Permission View: can read on DAG:example_params_ui_tutorial
[2025-11-19T02:45:52.145+0000] {logging_mixin.py:188} INFO - [2025-11-19T02:45:52.144+0000] {override.py:1769} INFO - Created Permission View: can edit on DAG:example_params_ui_tutorial
[2025-11-19T02:45:52.154+0000] {logging_mixin.py:188} INFO - [2025-11-19T02:45:52.153+0000] {override.py:1769} INFO - Created Permission View: can delete on DAG:example_params_ui_tutorial
[2025-11-19T02:45:52.155+0000] {logging_mixin.py:188} INFO - [2025-11-19T02:45:52.154+0000] {dag.py:3036} INFO - Sync 1 DAGs
[2025-11-19T02:45:52.174+0000] {logging_mixin.py:188} INFO - [2025-11-19T02:45:52.173+0000] {dag.py:3058} INFO - Creating ORM DAG for example_params_ui_tutorial
[2025-11-19T02:45:52.175+0000] {logging_mixin.py:188} INFO - [2025-11-19T02:45:52.174+0000] {dag.py:3823} INFO - Setting next_dagrun for example_params_ui_tutorial to None, run_after=None
[2025-11-19T02:45:52.198+0000] {processor.py:183} INFO - Processing /home/airflow/.local/lib/python3.8/site-packages/airflow/example_dags/example_params_ui_tutorial.py took 0.300 seconds
[2025-11-19T02:46:22.651+0000] {processor.py:161} INFO - Started process (PID=103) to work on /home/airflow/.local/lib/python3.8/site-packages/airflow/example_dags/example_params_ui_tutorial.py
[2025-11-19T02:46:22.653+0000] {processor.py:830} INFO - Processing file /home/airflow/.local/lib/python3.8/site-packages/airflow/example_dags/example_params_ui_tutorial.py for tasks to queue
[2025-11-19T02:46:22.655+0000] {logging_mixin.py:188} INFO - [2025-11-19T02:46:22.654+0000] {dagbag.py:538} INFO - Filling up the DagBag from /home/airflow/.local/lib/python3.8/site-packages/airflow/example_dags/example_params_ui_tutorial.py
[2025-11-19T02:46:22.665+0000] {processor.py:840} INFO - DAG(s) 'example_params_ui_tutorial' retrieved from /home/airflow/.local/lib/python3.8/site-packages/airflow/example_dags/example_params_ui_tutorial.py
[2025-11-19T02:46:22.716+0000] {logging_mixin.py:188} INFO - [2025-11-19T02:46:22.716+0000] {dag.py:3036} INFO - Sync 1 DAGs
[2025-11-19T02:46:22.727+0000] {logging_mixin.py:188} INFO - [2025-11-19T02:46:22.727+0000] {dag.py:3823} INFO - Setting next_dagrun for example_params_ui_tutorial to None, run_after=None
[2025-11-19T02:46:22.747+0000] {processor.py:183} INFO - Processing /home/airflow/.local/lib/python3.8/site-packages/airflow/example_dags/example_params_ui_tutorial.py took 0.099 seconds
[2025-11-19T02:46:53.102+0000] {processor.py:161} INFO - Started process (PID=162) to work on /home/airflow/.local/lib/python3.8/site-packages/airflow/example_dags/example_params_ui_tutorial.py
[2025-11-19T02:46:53.103+0000] {processor.py:830} INFO - Processing file /home/airflow/.local/lib/python3.8/site-packages/airflow/example_dags/example_params_ui_tutorial.py for tasks to queue
[2025-11-19T02:46:53.105+0000] {logging_mixin.py:188} INFO - [2025-11-19T02:46:53.105+0000] {dagbag.py:538} INFO - Filling up the DagBag from /home/airflow/.local/lib/python3.8/site-packages/airflow/example_dags/example_params_ui_tutorial.py
[2025-11-19T02:46:53.114+0000] {processor.py:840} INFO - DAG(s) 'example_params_ui_tutorial' retrieved from /home/airflow/.local/lib/python3.8/site-packages/airflow/example_dags/example_params_ui_tutorial.py
[2025-11-19T02:46:53.126+0000] {logging_mixin.py:188} INFO - [2025-11-19T02:46:53.126+0000] {dag.py:3036} INFO - Sync 1 DAGs
[2025-11-19T02:46:53.137+0000] {logging_mixin.py:188} INFO - [2025-11-19T02:46:53.137+0000] {dag.py:3823} INFO - Setting next_dagrun for example_params_ui_tutorial to None, run_after=None
[2025-11-19T02:46:53.157+0000] {processor.py:183} INFO - Processing /home/airflow/.local/lib/python3.8/site-packages/airflow/example_dags/example_params_ui_tutorial.py took 0.058 seconds
[2025-11-19T02:47:23.594+0000] {processor.py:161} INFO - Started process (PID=221) to work on /home/airflow/.local/lib/python3.8/site-packages/airflow/example_dags/example_params_ui_tutorial.py
[2025-11-19T02:47:23.595+0000] {processor.py:830} INFO - Processing file /home/airflow/.local/lib/python3.8/site-packages/airflow/example_dags/example_params_ui_tutorial.py for tasks to queue
[2025-11-19T02:47:23.597+0000] {logging_mixin.py:188} INFO - [2025-11-19T02:47:23.597+0000] {dagbag.py:538} INFO - Filling up the DagBag from /home/airflow/.local/lib/python3.8/site-packages/airflow/example_dags/example_params_ui_tutorial.py
[2025-11-19T02:47:23.607+0000] {processor.py:840} INFO - DAG(s) 'example_params_ui_tutorial' retrieved from /home/airflow/.local/lib/python3.8/site-packages/airflow/example_dags/example_params_ui_tutorial.py
[2025-11-19T02:47:23.743+0000] {logging_mixin.py:188} INFO - [2025-11-19T02:47:23.743+0000] {dag.py:3036} INFO - Sync 1 DAGs
[2025-11-19T02:47:23.753+0000] {logging_mixin.py:188} INFO - [2025-11-19T02:47:23.752+0000] {dag.py:3823} INFO - Setting next_dagrun for example_params_ui_tutorial to None, run_after=None
[2025-11-19T02:47:23.773+0000] {processor.py:183} INFO - Processing /home/airflow/.local/lib/python3.8/site-packages/airflow/example_dags/example_params_ui_tutorial.py took 0.182 seconds
[2025-11-19T02:47:53.907+0000] {processor.py:161} INFO - Started process (PID=280) to work on /home/airflow/.local/lib/python3.8/site-packages/airflow/example_dags/example_params_ui_tutorial.py
[2025-11-19T02:47:53.908+0000] {processor.py:830} INFO - Processing file /home/airflow/.local/lib/python3.8/site-packages/airflow/example_dags/example_params_ui_tutorial.py for tasks to queue
[2025-11-19T02:47:53.910+0000] {logging_mixin.py:188} INFO - [2025-11-19T02:47:53.910+0000] {dagbag.py:538} INFO - Filling up the DagBag from /home/airflow/.local/lib/python3.8/site-packages/airflow/example_dags/example_params_ui_tutorial.py
[2025-11-19T02:47:53.920+0000] {processor.py:840} INFO - DAG(s) 'example_params_ui_tutorial' retrieved from /home/airflow/.local/lib/python3.8/site-packages/airflow/example_dags/example_params_ui_tutorial.py
[2025-11-19T02:47:53.968+0000] {logging_mixin.py:188} INFO - [2025-11-19T02:47:53.968+0000] {dag.py:3036} INFO - Sync 1 DAGs
[2025-11-19T02:47:53.980+0000] {logging_mixin.py:188} INFO - [2025-11-19T02:47:53.979+0000] {dag.py:3823} INFO - Setting next_dagrun for example_params_ui_tutorial to None, run_after=None
[2025-11-19T02:47:53.999+0000] {processor.py:183} INFO - Processing /home/airflow/.local/lib/python3.8/site-packages/airflow/example_dags/example_params_ui_tutorial.py took 0.095 seconds
[2025-11-19T02:48:24.106+0000] {processor.py:161} INFO - Started process (PID=339) to work on /home/airflow/.local/lib/python3.8/site-packages/airflow/example_dags/example_params_ui_tutorial.py
[2025-11-19T02:48:24.107+0000] {processor.py:830} INFO - Processing file /home/airflow/.local/lib/python3.8/site-packages/airflow/example_dags/example_params_ui_tutorial.py for tasks to queue
[2025-11-19T02:48:24.109+0000] {logging_mixin.py:188} INFO - [2025-11-19T02:48:24.108+0000] {dagbag.py:538} INFO - Filling up the DagBag from /home/airflow/.local/lib/python3.8/site-packages/airflow/example_dags/example_params_ui_tutorial.py
[2025-11-19T02:48:24.121+0000] {processor.py:840} INFO - DAG(s) 'example_params_ui_tutorial' retrieved from /home/airflow/.local/lib/python3.8/site-packages/airflow/example_dags/example_params_ui_tutorial.py
[2025-11-19T02:48:24.170+0000] {logging_mixin.py:188} INFO - [2025-11-19T02:48:24.170+0000] {dag.py:3036} INFO - Sync 1 DAGs
[2025-11-19T02:48:24.180+0000] {logging_mixin.py:188} INFO - [2025-11-19T02:48:24.180+0000] {dag.py:3823} INFO - Setting next_dagrun for example_params_ui_tutorial to None, run_after=None
[2025-11-19T02:48:24.199+0000] {processor.py:183} INFO - Processing /home/airflow/.local/lib/python3.8/site-packages/airflow/example_dags/example_params_ui_tutorial.py took 0.096 seconds
[2025-11-19T02:48:54.378+0000] {processor.py:161} INFO - Started process (PID=399) to work on /home/airflow/.local/lib/python3.8/site-packages/airflow/example_dags/example_params_ui_tutorial.py
[2025-11-19T02:48:54.380+0000] {processor.py:830} INFO - Processing file /home/airflow/.local/lib/python3.8/site-packages/airflow/example_dags/example_params_ui_tutorial.py for tasks to queue
[2025-11-19T02:48:54.382+0000] {logging_mixin.py:188} INFO - [2025-11-19T02:48:54.382+0000] {dagbag.py:538} INFO - Filling up the DagBag from /home/airflow/.local/lib/python3.8/site-packages/airflow/example_dags/example_params_ui_tutorial.py
[2025-11-19T02:48:54.394+0000] {processor.py:840} INFO - DAG(s) 'example_params_ui_tutorial' retrieved from /home/airflow/.local/lib/python3.8/site-packages/airflow/example_dags/example_params_ui_tutorial.py
[2025-11-19T02:48:54.451+0000] {logging_mixin.py:188} INFO - [2025-11-19T02:48:54.450+0000] {dag.py:3036} INFO - Sync 1 DAGs
[2025-11-19T02:48:54.461+0000] {logging_mixin.py:188} INFO - [2025-11-19T02:48:54.461+0000] {dag.py:3823} INFO - Setting next_dagrun for example_params_ui_tutorial to None, run_after=None
[2025-11-19T02:48:54.480+0000] {processor.py:183} INFO - Processing /home/airflow/.local/lib/python3.8/site-packages/airflow/example_dags/example_params_ui_tutorial.py took 0.105 seconds
[2025-11-19T02:49:24.511+0000] {processor.py:161} INFO - Started process (PID=457) to work on /home/airflow/.local/lib/python3.8/site-packages/airflow/example_dags/example_params_ui_tutorial.py
[2025-11-19T02:49:24.512+0000] {processor.py:830} INFO - Processing file /home/airflow/.local/lib/python3.8/site-packages/airflow/example_dags/example_params_ui_tutorial.py for tasks to queue
[2025-11-19T02:49:24.513+0000] {logging_mixin.py:188} INFO - [2025-11-19T02:49:24.513+0000] {dagbag.py:538} INFO - Filling up the DagBag from /home/airflow/.local/lib/python3.8/site-packages/airflow/example_dags/example_params_ui_tutorial.py
[2025-11-19T02:49:24.523+0000] {processor.py:840} INFO - DAG(s) 'example_params_ui_tutorial' retrieved from /home/airflow/.local/lib/python3.8/site-packages/airflow/example_dags/example_params_ui_tutorial.py
[2025-11-19T02:49:24.579+0000] {logging_mixin.py:188} INFO - [2025-11-19T02:49:24.579+0000] {dag.py:3036} INFO - Sync 1 DAGs
[2025-11-19T02:49:24.589+0000] {logging_mixin.py:188} INFO - [2025-11-19T02:49:24.589+0000] {dag.py:3823} INFO - Setting next_dagrun for example_params_ui_tutorial to None, run_after=None
[2025-11-19T02:49:24.610+0000] {processor.py:183} INFO - Processing /home/airflow/.local/lib/python3.8/site-packages/airflow/example_dags/example_params_ui_tutorial.py took 0.103 seconds
[2025-11-19T02:49:54.737+0000] {processor.py:161} INFO - Started process (PID=516) to work on /home/airflow/.local/lib/python3.8/site-packages/airflow/example_dags/example_params_ui_tutorial.py
[2025-11-19T02:49:54.738+0000] {processor.py:830} INFO - Processing file /home/airflow/.local/lib/python3.8/site-packages/airflow/example_dags/example_params_ui_tutorial.py for tasks to queue
[2025-11-19T02:49:54.741+0000] {logging_mixin.py:188} INFO - [2025-11-19T02:49:54.741+0000] {dagbag.py:538} INFO - Filling up the DagBag from /home/airflow/.local/lib/python3.8/site-packages/airflow/example_dags/example_params_ui_tutorial.py
[2025-11-19T02:49:54.756+0000] {processor.py:840} INFO - DAG(s) 'example_params_ui_tutorial' retrieved from /home/airflow/.local/lib/python3.8/site-packages/airflow/example_dags/example_params_ui_tutorial.py
[2025-11-19T02:49:54.852+0000] {logging_mixin.py:188} INFO - [2025-11-19T02:49:54.852+0000] {dag.py:3036} INFO - Sync 1 DAGs
[2025-11-19T02:49:54.863+0000] {logging_mixin.py:188} INFO - [2025-11-19T02:49:54.863+0000] {dag.py:3823} INFO - Setting next_dagrun for example_params_ui_tutorial to None, run_after=None
[2025-11-19T02:49:54.881+0000] {processor.py:183} INFO - Processing /home/airflow/.local/lib/python3.8/site-packages/airflow/example_dags/example_params_ui_tutorial.py took 0.150 seconds
[2025-11-19T02:50:25.287+0000] {processor.py:161} INFO - Started process (PID=575) to work on /home/airflow/.local/lib/python3.8/site-packages/airflow/example_dags/example_params_ui_tutorial.py
[2025-11-19T02:50:25.289+0000] {processor.py:830} INFO - Processing file /home/airflow/.local/lib/python3.8/site-packages/airflow/example_dags/example_params_ui_tutorial.py for tasks to queue
[2025-11-19T02:50:25.291+0000] {logging_mixin.py:188} INFO - [2025-11-19T02:50:25.291+0000] {dagbag.py:538} INFO - Filling up the DagBag from /home/airflow/.local/lib/python3.8/site-packages/airflow/example_dags/example_params_ui_tutorial.py
[2025-11-19T02:50:25.305+0000] {processor.py:840} INFO - DAG(s) 'example_params_ui_tutorial' retrieved from /home/airflow/.local/lib/python3.8/site-packages/airflow/example_dags/example_params_ui_tutorial.py
[2025-11-19T02:50:25.362+0000] {logging_mixin.py:188} INFO - [2025-11-19T02:50:25.362+0000] {dag.py:3036} INFO - Sync 1 DAGs
[2025-11-19T02:50:25.379+0000] {logging_mixin.py:188} INFO - [2025-11-19T02:50:25.379+0000] {dag.py:3823} INFO - Setting next_dagrun for example_params_ui_tutorial to None, run_after=None
[2025-11-19T02:50:25.403+0000] {processor.py:183} INFO - Processing /home/airflow/.local/lib/python3.8/site-packages/airflow/example_dags/example_params_ui_tutorial.py took 0.120 seconds
[2025-11-19T02:50:56.332+0000] {processor.py:161} INFO - Started process (PID=634) to work on /home/airflow/.local/lib/python3.8/site-packages/airflow/example_dags/example_params_ui_tutorial.py
[2025-11-19T02:50:56.333+0000] {processor.py:830} INFO - Processing file /home/airflow/.local/lib/python3.8/site-packages/airflow/example_dags/example_params_ui_tutorial.py for tasks to queue
[2025-11-19T02:50:56.335+0000] {logging_mixin.py:188} INFO - [2025-11-19T02:50:56.335+0000] {dagbag.py:538} INFO - Filling up the DagBag from /home/airflow/.local/lib/python3.8/site-packages/airflow/example_dags/example_params_ui_tutorial.py
[2025-11-19T02:50:56.345+0000] {processor.py:840} INFO - DAG(s) 'example_params_ui_tutorial' retrieved from /home/airflow/.local/lib/python3.8/site-packages/airflow/example_dags/example_params_ui_tutorial.py
[2025-11-19T02:50:56.393+0000] {logging_mixin.py:188} INFO - [2025-11-19T02:50:56.392+0000] {dag.py:3036} INFO - Sync 1 DAGs
[2025-11-19T02:50:56.403+0000] {logging_mixin.py:188} INFO - [2025-11-19T02:50:56.403+0000] {dag.py:3823} INFO - Setting next_dagrun for example_params_ui_tutorial to None, run_after=None
[2025-11-19T02:50:56.426+0000] {processor.py:183} INFO - Processing /home/airflow/.local/lib/python3.8/site-packages/airflow/example_dags/example_params_ui_tutorial.py took 0.097 seconds
[2025-11-19T02:51:26.511+0000] {processor.py:161} INFO - Started process (PID=692) to work on /home/airflow/.local/lib/python3.8/site-packages/airflow/example_dags/example_params_ui_tutorial.py
[2025-11-19T02:51:26.512+0000] {processor.py:830} INFO - Processing file /home/airflow/.local/lib/python3.8/site-packages/airflow/example_dags/example_params_ui_tutorial.py for tasks to queue
[2025-11-19T02:51:26.514+0000] {logging_mixin.py:188} INFO - [2025-11-19T02:51:26.513+0000] {dagbag.py:538} INFO - Filling up the DagBag from /home/airflow/.local/lib/python3.8/site-packages/airflow/example_dags/example_params_ui_tutorial.py
[2025-11-19T02:51:26.524+0000] {processor.py:840} INFO - DAG(s) 'example_params_ui_tutorial' retrieved from /home/airflow/.local/lib/python3.8/site-packages/airflow/example_dags/example_params_ui_tutorial.py
[2025-11-19T02:51:26.570+0000] {logging_mixin.py:188} INFO - [2025-11-19T02:51:26.570+0000] {dag.py:3036} INFO - Sync 1 DAGs
[2025-11-19T02:51:26.580+0000] {logging_mixin.py:188} INFO - [2025-11-19T02:51:26.580+0000] {dag.py:3823} INFO - Setting next_dagrun for example_params_ui_tutorial to None, run_after=None
[2025-11-19T02:51:26.598+0000] {processor.py:183} INFO - Processing /home/airflow/.local/lib/python3.8/site-packages/airflow/example_dags/example_params_ui_tutorial.py took 0.090 seconds
