[2025-11-19T02:29:02.967+0000] {processor.py:161} INFO - Started process (PID=40) to work on /home/airflow/.local/lib/python3.8/site-packages/airflow/example_dags/example_local_kubernetes_executor.py
[2025-11-19T02:29:02.969+0000] {processor.py:830} INFO - Processing file /home/airflow/.local/lib/python3.8/site-packages/airflow/example_dags/example_local_kubernetes_executor.py for tasks to queue
[2025-11-19T02:29:02.973+0000] {logging_mixin.py:188} INFO - [2025-11-19T02:29:02.972+0000] {dagbag.py:538} INFO - Filling up the DagBag from /home/airflow/.local/lib/python3.8/site-packages/airflow/example_dags/example_local_kubernetes_executor.py
[2025-11-19T02:29:02.988+0000] {processor.py:840} INFO - DAG(s) 'example_local_kubernetes_executor' retrieved from /home/airflow/.local/lib/python3.8/site-packages/airflow/example_dags/example_local_kubernetes_executor.py
[2025-11-19T02:29:03.174+0000] {logging_mixin.py:188} INFO - [2025-11-19T02:29:03.173+0000] {override.py:1769} INFO - Created Permission View: can read on DAG:example_local_kubernetes_executor
[2025-11-19T02:29:03.184+0000] {logging_mixin.py:188} INFO - [2025-11-19T02:29:03.184+0000] {override.py:1769} INFO - Created Permission View: can edit on DAG:example_local_kubernetes_executor
[2025-11-19T02:29:03.194+0000] {logging_mixin.py:188} INFO - [2025-11-19T02:29:03.194+0000] {override.py:1769} INFO - Created Permission View: can delete on DAG:example_local_kubernetes_executor
[2025-11-19T02:29:03.195+0000] {logging_mixin.py:188} INFO - [2025-11-19T02:29:03.195+0000] {dag.py:3036} INFO - Sync 1 DAGs
[2025-11-19T02:29:03.216+0000] {logging_mixin.py:188} INFO - [2025-11-19T02:29:03.216+0000] {dag.py:3058} INFO - Creating ORM DAG for example_local_kubernetes_executor
[2025-11-19T02:29:03.222+0000] {logging_mixin.py:188} INFO - [2025-11-19T02:29:03.222+0000] {dag.py:3823} INFO - Setting next_dagrun for example_local_kubernetes_executor to None, run_after=None
[2025-11-19T02:29:03.247+0000] {processor.py:183} INFO - Processing /home/airflow/.local/lib/python3.8/site-packages/airflow/example_dags/example_local_kubernetes_executor.py took 0.285 seconds
[2025-11-19T02:29:33.698+0000] {processor.py:161} INFO - Started process (PID=98) to work on /home/airflow/.local/lib/python3.8/site-packages/airflow/example_dags/example_local_kubernetes_executor.py
[2025-11-19T02:29:33.699+0000] {processor.py:830} INFO - Processing file /home/airflow/.local/lib/python3.8/site-packages/airflow/example_dags/example_local_kubernetes_executor.py for tasks to queue
[2025-11-19T02:29:33.701+0000] {logging_mixin.py:188} INFO - [2025-11-19T02:29:33.701+0000] {dagbag.py:538} INFO - Filling up the DagBag from /home/airflow/.local/lib/python3.8/site-packages/airflow/example_dags/example_local_kubernetes_executor.py
[2025-11-19T02:29:33.708+0000] {processor.py:840} INFO - DAG(s) 'example_local_kubernetes_executor' retrieved from /home/airflow/.local/lib/python3.8/site-packages/airflow/example_dags/example_local_kubernetes_executor.py
[2025-11-19T02:29:33.740+0000] {logging_mixin.py:188} INFO - [2025-11-19T02:29:33.740+0000] {dag.py:3036} INFO - Sync 1 DAGs
[2025-11-19T02:29:33.751+0000] {logging_mixin.py:188} INFO - [2025-11-19T02:29:33.751+0000] {dag.py:3823} INFO - Setting next_dagrun for example_local_kubernetes_executor to None, run_after=None
[2025-11-19T02:29:33.770+0000] {processor.py:183} INFO - Processing /home/airflow/.local/lib/python3.8/site-packages/airflow/example_dags/example_local_kubernetes_executor.py took 0.074 seconds
[2025-11-19T02:45:51.046+0000] {processor.py:161} INFO - Started process (PID=40) to work on /home/airflow/.local/lib/python3.8/site-packages/airflow/example_dags/example_local_kubernetes_executor.py
[2025-11-19T02:45:51.048+0000] {processor.py:830} INFO - Processing file /home/airflow/.local/lib/python3.8/site-packages/airflow/example_dags/example_local_kubernetes_executor.py for tasks to queue
[2025-11-19T02:45:51.051+0000] {logging_mixin.py:188} INFO - [2025-11-19T02:45:51.050+0000] {dagbag.py:538} INFO - Filling up the DagBag from /home/airflow/.local/lib/python3.8/site-packages/airflow/example_dags/example_local_kubernetes_executor.py
[2025-11-19T02:45:51.071+0000] {processor.py:840} INFO - DAG(s) 'example_local_kubernetes_executor' retrieved from /home/airflow/.local/lib/python3.8/site-packages/airflow/example_dags/example_local_kubernetes_executor.py
[2025-11-19T02:45:51.259+0000] {logging_mixin.py:188} INFO - [2025-11-19T02:45:51.258+0000] {override.py:1769} INFO - Created Permission View: can read on DAG:example_local_kubernetes_executor
[2025-11-19T02:45:51.272+0000] {logging_mixin.py:188} INFO - [2025-11-19T02:45:51.272+0000] {override.py:1769} INFO - Created Permission View: can edit on DAG:example_local_kubernetes_executor
[2025-11-19T02:45:51.286+0000] {logging_mixin.py:188} INFO - [2025-11-19T02:45:51.286+0000] {override.py:1769} INFO - Created Permission View: can delete on DAG:example_local_kubernetes_executor
[2025-11-19T02:45:51.287+0000] {logging_mixin.py:188} INFO - [2025-11-19T02:45:51.287+0000] {dag.py:3036} INFO - Sync 1 DAGs
[2025-11-19T02:45:51.302+0000] {logging_mixin.py:188} INFO - [2025-11-19T02:45:51.302+0000] {dag.py:3058} INFO - Creating ORM DAG for example_local_kubernetes_executor
[2025-11-19T02:45:51.303+0000] {logging_mixin.py:188} INFO - [2025-11-19T02:45:51.303+0000] {dag.py:3823} INFO - Setting next_dagrun for example_local_kubernetes_executor to None, run_after=None
[2025-11-19T02:45:51.325+0000] {processor.py:183} INFO - Processing /home/airflow/.local/lib/python3.8/site-packages/airflow/example_dags/example_local_kubernetes_executor.py took 0.284 seconds
[2025-11-19T02:46:21.364+0000] {processor.py:161} INFO - Started process (PID=98) to work on /home/airflow/.local/lib/python3.8/site-packages/airflow/example_dags/example_local_kubernetes_executor.py
[2025-11-19T02:46:21.365+0000] {processor.py:830} INFO - Processing file /home/airflow/.local/lib/python3.8/site-packages/airflow/example_dags/example_local_kubernetes_executor.py for tasks to queue
[2025-11-19T02:46:21.367+0000] {logging_mixin.py:188} INFO - [2025-11-19T02:46:21.366+0000] {dagbag.py:538} INFO - Filling up the DagBag from /home/airflow/.local/lib/python3.8/site-packages/airflow/example_dags/example_local_kubernetes_executor.py
[2025-11-19T02:46:21.374+0000] {processor.py:840} INFO - DAG(s) 'example_local_kubernetes_executor' retrieved from /home/airflow/.local/lib/python3.8/site-packages/airflow/example_dags/example_local_kubernetes_executor.py
[2025-11-19T02:46:21.407+0000] {logging_mixin.py:188} INFO - [2025-11-19T02:46:21.407+0000] {dag.py:3036} INFO - Sync 1 DAGs
[2025-11-19T02:46:21.417+0000] {logging_mixin.py:188} INFO - [2025-11-19T02:46:21.417+0000] {dag.py:3823} INFO - Setting next_dagrun for example_local_kubernetes_executor to None, run_after=None
[2025-11-19T02:46:21.438+0000] {processor.py:183} INFO - Processing /home/airflow/.local/lib/python3.8/site-packages/airflow/example_dags/example_local_kubernetes_executor.py took 0.078 seconds
[2025-11-19T02:46:51.761+0000] {processor.py:161} INFO - Started process (PID=157) to work on /home/airflow/.local/lib/python3.8/site-packages/airflow/example_dags/example_local_kubernetes_executor.py
[2025-11-19T02:46:51.762+0000] {processor.py:830} INFO - Processing file /home/airflow/.local/lib/python3.8/site-packages/airflow/example_dags/example_local_kubernetes_executor.py for tasks to queue
[2025-11-19T02:46:51.764+0000] {logging_mixin.py:188} INFO - [2025-11-19T02:46:51.764+0000] {dagbag.py:538} INFO - Filling up the DagBag from /home/airflow/.local/lib/python3.8/site-packages/airflow/example_dags/example_local_kubernetes_executor.py
[2025-11-19T02:46:51.772+0000] {processor.py:840} INFO - DAG(s) 'example_local_kubernetes_executor' retrieved from /home/airflow/.local/lib/python3.8/site-packages/airflow/example_dags/example_local_kubernetes_executor.py
[2025-11-19T02:46:51.785+0000] {logging_mixin.py:188} INFO - [2025-11-19T02:46:51.785+0000] {dag.py:3036} INFO - Sync 1 DAGs
[2025-11-19T02:46:51.796+0000] {logging_mixin.py:188} INFO - [2025-11-19T02:46:51.796+0000] {dag.py:3823} INFO - Setting next_dagrun for example_local_kubernetes_executor to None, run_after=None
[2025-11-19T02:46:51.815+0000] {processor.py:183} INFO - Processing /home/airflow/.local/lib/python3.8/site-packages/airflow/example_dags/example_local_kubernetes_executor.py took 0.057 seconds
[2025-11-19T02:47:22.161+0000] {processor.py:161} INFO - Started process (PID=216) to work on /home/airflow/.local/lib/python3.8/site-packages/airflow/example_dags/example_local_kubernetes_executor.py
[2025-11-19T02:47:22.162+0000] {processor.py:830} INFO - Processing file /home/airflow/.local/lib/python3.8/site-packages/airflow/example_dags/example_local_kubernetes_executor.py for tasks to queue
[2025-11-19T02:47:22.164+0000] {logging_mixin.py:188} INFO - [2025-11-19T02:47:22.164+0000] {dagbag.py:538} INFO - Filling up the DagBag from /home/airflow/.local/lib/python3.8/site-packages/airflow/example_dags/example_local_kubernetes_executor.py
[2025-11-19T02:47:22.172+0000] {processor.py:840} INFO - DAG(s) 'example_local_kubernetes_executor' retrieved from /home/airflow/.local/lib/python3.8/site-packages/airflow/example_dags/example_local_kubernetes_executor.py
[2025-11-19T02:47:22.284+0000] {logging_mixin.py:188} INFO - [2025-11-19T02:47:22.284+0000] {dag.py:3036} INFO - Sync 1 DAGs
[2025-11-19T02:47:22.293+0000] {logging_mixin.py:188} INFO - [2025-11-19T02:47:22.293+0000] {dag.py:3823} INFO - Setting next_dagrun for example_local_kubernetes_executor to None, run_after=None
[2025-11-19T02:47:22.315+0000] {processor.py:183} INFO - Processing /home/airflow/.local/lib/python3.8/site-packages/airflow/example_dags/example_local_kubernetes_executor.py took 0.158 seconds
[2025-11-19T02:47:52.375+0000] {processor.py:161} INFO - Started process (PID=275) to work on /home/airflow/.local/lib/python3.8/site-packages/airflow/example_dags/example_local_kubernetes_executor.py
[2025-11-19T02:47:52.376+0000] {processor.py:830} INFO - Processing file /home/airflow/.local/lib/python3.8/site-packages/airflow/example_dags/example_local_kubernetes_executor.py for tasks to queue
[2025-11-19T02:47:52.377+0000] {logging_mixin.py:188} INFO - [2025-11-19T02:47:52.377+0000] {dagbag.py:538} INFO - Filling up the DagBag from /home/airflow/.local/lib/python3.8/site-packages/airflow/example_dags/example_local_kubernetes_executor.py
[2025-11-19T02:47:52.384+0000] {processor.py:840} INFO - DAG(s) 'example_local_kubernetes_executor' retrieved from /home/airflow/.local/lib/python3.8/site-packages/airflow/example_dags/example_local_kubernetes_executor.py
[2025-11-19T02:47:52.417+0000] {logging_mixin.py:188} INFO - [2025-11-19T02:47:52.416+0000] {dag.py:3036} INFO - Sync 1 DAGs
[2025-11-19T02:47:52.426+0000] {logging_mixin.py:188} INFO - [2025-11-19T02:47:52.426+0000] {dag.py:3823} INFO - Setting next_dagrun for example_local_kubernetes_executor to None, run_after=None
[2025-11-19T02:47:52.443+0000] {processor.py:183} INFO - Processing /home/airflow/.local/lib/python3.8/site-packages/airflow/example_dags/example_local_kubernetes_executor.py took 0.072 seconds
[2025-11-19T02:48:22.826+0000] {processor.py:161} INFO - Started process (PID=334) to work on /home/airflow/.local/lib/python3.8/site-packages/airflow/example_dags/example_local_kubernetes_executor.py
[2025-11-19T02:48:22.827+0000] {processor.py:830} INFO - Processing file /home/airflow/.local/lib/python3.8/site-packages/airflow/example_dags/example_local_kubernetes_executor.py for tasks to queue
[2025-11-19T02:48:22.830+0000] {logging_mixin.py:188} INFO - [2025-11-19T02:48:22.829+0000] {dagbag.py:538} INFO - Filling up the DagBag from /home/airflow/.local/lib/python3.8/site-packages/airflow/example_dags/example_local_kubernetes_executor.py
[2025-11-19T02:48:22.838+0000] {processor.py:840} INFO - DAG(s) 'example_local_kubernetes_executor' retrieved from /home/airflow/.local/lib/python3.8/site-packages/airflow/example_dags/example_local_kubernetes_executor.py
[2025-11-19T02:48:22.873+0000] {logging_mixin.py:188} INFO - [2025-11-19T02:48:22.873+0000] {dag.py:3036} INFO - Sync 1 DAGs
[2025-11-19T02:48:22.882+0000] {logging_mixin.py:188} INFO - [2025-11-19T02:48:22.882+0000] {dag.py:3823} INFO - Setting next_dagrun for example_local_kubernetes_executor to None, run_after=None
[2025-11-19T02:48:22.902+0000] {processor.py:183} INFO - Processing /home/airflow/.local/lib/python3.8/site-packages/airflow/example_dags/example_local_kubernetes_executor.py took 0.079 seconds
[2025-11-19T02:48:53.030+0000] {processor.py:161} INFO - Started process (PID=393) to work on /home/airflow/.local/lib/python3.8/site-packages/airflow/example_dags/example_local_kubernetes_executor.py
[2025-11-19T02:48:53.031+0000] {processor.py:830} INFO - Processing file /home/airflow/.local/lib/python3.8/site-packages/airflow/example_dags/example_local_kubernetes_executor.py for tasks to queue
[2025-11-19T02:48:53.033+0000] {logging_mixin.py:188} INFO - [2025-11-19T02:48:53.032+0000] {dagbag.py:538} INFO - Filling up the DagBag from /home/airflow/.local/lib/python3.8/site-packages/airflow/example_dags/example_local_kubernetes_executor.py
[2025-11-19T02:48:53.040+0000] {processor.py:840} INFO - DAG(s) 'example_local_kubernetes_executor' retrieved from /home/airflow/.local/lib/python3.8/site-packages/airflow/example_dags/example_local_kubernetes_executor.py
[2025-11-19T02:48:53.073+0000] {logging_mixin.py:188} INFO - [2025-11-19T02:48:53.073+0000] {dag.py:3036} INFO - Sync 1 DAGs
[2025-11-19T02:48:53.084+0000] {logging_mixin.py:188} INFO - [2025-11-19T02:48:53.083+0000] {dag.py:3823} INFO - Setting next_dagrun for example_local_kubernetes_executor to None, run_after=None
[2025-11-19T02:48:53.102+0000] {processor.py:183} INFO - Processing /home/airflow/.local/lib/python3.8/site-packages/airflow/example_dags/example_local_kubernetes_executor.py took 0.076 seconds
[2025-11-19T02:49:23.317+0000] {processor.py:161} INFO - Started process (PID=452) to work on /home/airflow/.local/lib/python3.8/site-packages/airflow/example_dags/example_local_kubernetes_executor.py
[2025-11-19T02:49:23.318+0000] {processor.py:830} INFO - Processing file /home/airflow/.local/lib/python3.8/site-packages/airflow/example_dags/example_local_kubernetes_executor.py for tasks to queue
[2025-11-19T02:49:23.320+0000] {logging_mixin.py:188} INFO - [2025-11-19T02:49:23.319+0000] {dagbag.py:538} INFO - Filling up the DagBag from /home/airflow/.local/lib/python3.8/site-packages/airflow/example_dags/example_local_kubernetes_executor.py
[2025-11-19T02:49:23.327+0000] {processor.py:840} INFO - DAG(s) 'example_local_kubernetes_executor' retrieved from /home/airflow/.local/lib/python3.8/site-packages/airflow/example_dags/example_local_kubernetes_executor.py
[2025-11-19T02:49:23.360+0000] {logging_mixin.py:188} INFO - [2025-11-19T02:49:23.360+0000] {dag.py:3036} INFO - Sync 1 DAGs
[2025-11-19T02:49:23.369+0000] {logging_mixin.py:188} INFO - [2025-11-19T02:49:23.369+0000] {dag.py:3823} INFO - Setting next_dagrun for example_local_kubernetes_executor to None, run_after=None
[2025-11-19T02:49:23.386+0000] {processor.py:183} INFO - Processing /home/airflow/.local/lib/python3.8/site-packages/airflow/example_dags/example_local_kubernetes_executor.py took 0.073 seconds
[2025-11-19T02:49:53.529+0000] {processor.py:161} INFO - Started process (PID=511) to work on /home/airflow/.local/lib/python3.8/site-packages/airflow/example_dags/example_local_kubernetes_executor.py
[2025-11-19T02:49:53.530+0000] {processor.py:830} INFO - Processing file /home/airflow/.local/lib/python3.8/site-packages/airflow/example_dags/example_local_kubernetes_executor.py for tasks to queue
[2025-11-19T02:49:53.532+0000] {logging_mixin.py:188} INFO - [2025-11-19T02:49:53.531+0000] {dagbag.py:538} INFO - Filling up the DagBag from /home/airflow/.local/lib/python3.8/site-packages/airflow/example_dags/example_local_kubernetes_executor.py
[2025-11-19T02:49:53.539+0000] {processor.py:840} INFO - DAG(s) 'example_local_kubernetes_executor' retrieved from /home/airflow/.local/lib/python3.8/site-packages/airflow/example_dags/example_local_kubernetes_executor.py
[2025-11-19T02:49:53.569+0000] {logging_mixin.py:188} INFO - [2025-11-19T02:49:53.569+0000] {dag.py:3036} INFO - Sync 1 DAGs
[2025-11-19T02:49:53.579+0000] {logging_mixin.py:188} INFO - [2025-11-19T02:49:53.579+0000] {dag.py:3823} INFO - Setting next_dagrun for example_local_kubernetes_executor to None, run_after=None
[2025-11-19T02:49:53.600+0000] {processor.py:183} INFO - Processing /home/airflow/.local/lib/python3.8/site-packages/airflow/example_dags/example_local_kubernetes_executor.py took 0.074 seconds
[2025-11-19T02:50:23.909+0000] {processor.py:161} INFO - Started process (PID=570) to work on /home/airflow/.local/lib/python3.8/site-packages/airflow/example_dags/example_local_kubernetes_executor.py
[2025-11-19T02:50:23.910+0000] {processor.py:830} INFO - Processing file /home/airflow/.local/lib/python3.8/site-packages/airflow/example_dags/example_local_kubernetes_executor.py for tasks to queue
[2025-11-19T02:50:23.911+0000] {logging_mixin.py:188} INFO - [2025-11-19T02:50:23.911+0000] {dagbag.py:538} INFO - Filling up the DagBag from /home/airflow/.local/lib/python3.8/site-packages/airflow/example_dags/example_local_kubernetes_executor.py
[2025-11-19T02:50:23.919+0000] {processor.py:840} INFO - DAG(s) 'example_local_kubernetes_executor' retrieved from /home/airflow/.local/lib/python3.8/site-packages/airflow/example_dags/example_local_kubernetes_executor.py
[2025-11-19T02:50:23.949+0000] {logging_mixin.py:188} INFO - [2025-11-19T02:50:23.949+0000] {dag.py:3036} INFO - Sync 1 DAGs
[2025-11-19T02:50:23.960+0000] {logging_mixin.py:188} INFO - [2025-11-19T02:50:23.960+0000] {dag.py:3823} INFO - Setting next_dagrun for example_local_kubernetes_executor to None, run_after=None
[2025-11-19T02:50:23.977+0000] {processor.py:183} INFO - Processing /home/airflow/.local/lib/python3.8/site-packages/airflow/example_dags/example_local_kubernetes_executor.py took 0.071 seconds
[2025-11-19T02:50:54.192+0000] {processor.py:161} INFO - Started process (PID=629) to work on /home/airflow/.local/lib/python3.8/site-packages/airflow/example_dags/example_local_kubernetes_executor.py
[2025-11-19T02:50:54.194+0000] {processor.py:830} INFO - Processing file /home/airflow/.local/lib/python3.8/site-packages/airflow/example_dags/example_local_kubernetes_executor.py for tasks to queue
[2025-11-19T02:50:54.196+0000] {logging_mixin.py:188} INFO - [2025-11-19T02:50:54.196+0000] {dagbag.py:538} INFO - Filling up the DagBag from /home/airflow/.local/lib/python3.8/site-packages/airflow/example_dags/example_local_kubernetes_executor.py
[2025-11-19T02:50:54.205+0000] {processor.py:840} INFO - DAG(s) 'example_local_kubernetes_executor' retrieved from /home/airflow/.local/lib/python3.8/site-packages/airflow/example_dags/example_local_kubernetes_executor.py
[2025-11-19T02:50:54.244+0000] {logging_mixin.py:188} INFO - [2025-11-19T02:50:54.244+0000] {dag.py:3036} INFO - Sync 1 DAGs
[2025-11-19T02:50:54.255+0000] {logging_mixin.py:188} INFO - [2025-11-19T02:50:54.255+0000] {dag.py:3823} INFO - Setting next_dagrun for example_local_kubernetes_executor to None, run_after=None
[2025-11-19T02:50:54.274+0000] {processor.py:183} INFO - Processing /home/airflow/.local/lib/python3.8/site-packages/airflow/example_dags/example_local_kubernetes_executor.py took 0.085 seconds
[2025-11-19T02:51:24.375+0000] {processor.py:161} INFO - Started process (PID=687) to work on /home/airflow/.local/lib/python3.8/site-packages/airflow/example_dags/example_local_kubernetes_executor.py
[2025-11-19T02:51:24.376+0000] {processor.py:830} INFO - Processing file /home/airflow/.local/lib/python3.8/site-packages/airflow/example_dags/example_local_kubernetes_executor.py for tasks to queue
[2025-11-19T02:51:24.378+0000] {logging_mixin.py:188} INFO - [2025-11-19T02:51:24.378+0000] {dagbag.py:538} INFO - Filling up the DagBag from /home/airflow/.local/lib/python3.8/site-packages/airflow/example_dags/example_local_kubernetes_executor.py
[2025-11-19T02:51:24.386+0000] {processor.py:840} INFO - DAG(s) 'example_local_kubernetes_executor' retrieved from /home/airflow/.local/lib/python3.8/site-packages/airflow/example_dags/example_local_kubernetes_executor.py
[2025-11-19T02:51:24.422+0000] {logging_mixin.py:188} INFO - [2025-11-19T02:51:24.422+0000] {dag.py:3036} INFO - Sync 1 DAGs
[2025-11-19T02:51:24.433+0000] {logging_mixin.py:188} INFO - [2025-11-19T02:51:24.433+0000] {dag.py:3823} INFO - Setting next_dagrun for example_local_kubernetes_executor to None, run_after=None
[2025-11-19T02:51:24.454+0000] {processor.py:183} INFO - Processing /home/airflow/.local/lib/python3.8/site-packages/airflow/example_dags/example_local_kubernetes_executor.py took 0.084 seconds
