[2025-11-19T02:29:02.668+0000] {processor.py:161} INFO - Started process (PID=38) to work on /home/airflow/.local/lib/python3.8/site-packages/airflow/example_dags/example_sensor_decorator.py
[2025-11-19T02:29:02.669+0000] {processor.py:830} INFO - Processing file /home/airflow/.local/lib/python3.8/site-packages/airflow/example_dags/example_sensor_decorator.py for tasks to queue
[2025-11-19T02:29:02.671+0000] {logging_mixin.py:188} INFO - [2025-11-19T02:29:02.671+0000] {dagbag.py:538} INFO - Filling up the DagBag from /home/airflow/.local/lib/python3.8/site-packages/airflow/example_dags/example_sensor_decorator.py
[2025-11-19T02:29:02.684+0000] {processor.py:840} INFO - DAG(s) 'example_sensor_decorator' retrieved from /home/airflow/.local/lib/python3.8/site-packages/airflow/example_dags/example_sensor_decorator.py
[2025-11-19T02:29:02.858+0000] {logging_mixin.py:188} INFO - [2025-11-19T02:29:02.857+0000] {override.py:1769} INFO - Created Permission View: can read on DAG:example_sensor_decorator
[2025-11-19T02:29:02.871+0000] {logging_mixin.py:188} INFO - [2025-11-19T02:29:02.871+0000] {override.py:1769} INFO - Created Permission View: can edit on DAG:example_sensor_decorator
[2025-11-19T02:29:02.881+0000] {logging_mixin.py:188} INFO - [2025-11-19T02:29:02.881+0000] {override.py:1769} INFO - Created Permission View: can delete on DAG:example_sensor_decorator
[2025-11-19T02:29:02.886+0000] {logging_mixin.py:188} INFO - [2025-11-19T02:29:02.886+0000] {dag.py:3036} INFO - Sync 1 DAGs
[2025-11-19T02:29:02.901+0000] {logging_mixin.py:188} INFO - [2025-11-19T02:29:02.900+0000] {dag.py:3058} INFO - Creating ORM DAG for example_sensor_decorator
[2025-11-19T02:29:02.902+0000] {logging_mixin.py:188} INFO - [2025-11-19T02:29:02.901+0000] {dag.py:3823} INFO - Setting next_dagrun for example_sensor_decorator to None, run_after=None
[2025-11-19T02:29:02.926+0000] {processor.py:183} INFO - Processing /home/airflow/.local/lib/python3.8/site-packages/airflow/example_dags/example_sensor_decorator.py took 0.262 seconds
[2025-11-19T02:29:33.603+0000] {processor.py:161} INFO - Started process (PID=96) to work on /home/airflow/.local/lib/python3.8/site-packages/airflow/example_dags/example_sensor_decorator.py
[2025-11-19T02:29:33.604+0000] {processor.py:830} INFO - Processing file /home/airflow/.local/lib/python3.8/site-packages/airflow/example_dags/example_sensor_decorator.py for tasks to queue
[2025-11-19T02:29:33.606+0000] {logging_mixin.py:188} INFO - [2025-11-19T02:29:33.606+0000] {dagbag.py:538} INFO - Filling up the DagBag from /home/airflow/.local/lib/python3.8/site-packages/airflow/example_dags/example_sensor_decorator.py
[2025-11-19T02:29:33.612+0000] {processor.py:840} INFO - DAG(s) 'example_sensor_decorator' retrieved from /home/airflow/.local/lib/python3.8/site-packages/airflow/example_dags/example_sensor_decorator.py
[2025-11-19T02:29:33.631+0000] {logging_mixin.py:188} INFO - [2025-11-19T02:29:33.631+0000] {dag.py:3036} INFO - Sync 1 DAGs
[2025-11-19T02:29:33.641+0000] {logging_mixin.py:188} INFO - [2025-11-19T02:29:33.641+0000] {dag.py:3823} INFO - Setting next_dagrun for example_sensor_decorator to None, run_after=None
[2025-11-19T02:29:33.667+0000] {processor.py:183} INFO - Processing /home/airflow/.local/lib/python3.8/site-packages/airflow/example_dags/example_sensor_decorator.py took 0.068 seconds
[2025-11-19T02:45:50.403+0000] {processor.py:161} INFO - Started process (PID=38) to work on /home/airflow/.local/lib/python3.8/site-packages/airflow/example_dags/example_sensor_decorator.py
[2025-11-19T02:45:50.404+0000] {processor.py:830} INFO - Processing file /home/airflow/.local/lib/python3.8/site-packages/airflow/example_dags/example_sensor_decorator.py for tasks to queue
[2025-11-19T02:45:50.408+0000] {logging_mixin.py:188} INFO - [2025-11-19T02:45:50.407+0000] {dagbag.py:538} INFO - Filling up the DagBag from /home/airflow/.local/lib/python3.8/site-packages/airflow/example_dags/example_sensor_decorator.py
[2025-11-19T02:45:50.423+0000] {processor.py:840} INFO - DAG(s) 'example_sensor_decorator' retrieved from /home/airflow/.local/lib/python3.8/site-packages/airflow/example_dags/example_sensor_decorator.py
[2025-11-19T02:45:50.602+0000] {logging_mixin.py:188} INFO - [2025-11-19T02:45:50.601+0000] {override.py:1769} INFO - Created Permission View: can read on DAG:example_sensor_decorator
[2025-11-19T02:45:50.614+0000] {logging_mixin.py:188} INFO - [2025-11-19T02:45:50.614+0000] {override.py:1769} INFO - Created Permission View: can edit on DAG:example_sensor_decorator
[2025-11-19T02:45:50.624+0000] {logging_mixin.py:188} INFO - [2025-11-19T02:45:50.623+0000] {override.py:1769} INFO - Created Permission View: can delete on DAG:example_sensor_decorator
[2025-11-19T02:45:50.624+0000] {logging_mixin.py:188} INFO - [2025-11-19T02:45:50.624+0000] {dag.py:3036} INFO - Sync 1 DAGs
[2025-11-19T02:45:50.643+0000] {logging_mixin.py:188} INFO - [2025-11-19T02:45:50.643+0000] {dag.py:3058} INFO - Creating ORM DAG for example_sensor_decorator
[2025-11-19T02:45:50.644+0000] {logging_mixin.py:188} INFO - [2025-11-19T02:45:50.644+0000] {dag.py:3823} INFO - Setting next_dagrun for example_sensor_decorator to None, run_after=None
[2025-11-19T02:45:50.673+0000] {processor.py:183} INFO - Processing /home/airflow/.local/lib/python3.8/site-packages/airflow/example_dags/example_sensor_decorator.py took 0.276 seconds
[2025-11-19T02:46:21.177+0000] {processor.py:161} INFO - Started process (PID=96) to work on /home/airflow/.local/lib/python3.8/site-packages/airflow/example_dags/example_sensor_decorator.py
[2025-11-19T02:46:21.178+0000] {processor.py:830} INFO - Processing file /home/airflow/.local/lib/python3.8/site-packages/airflow/example_dags/example_sensor_decorator.py for tasks to queue
[2025-11-19T02:46:21.180+0000] {logging_mixin.py:188} INFO - [2025-11-19T02:46:21.180+0000] {dagbag.py:538} INFO - Filling up the DagBag from /home/airflow/.local/lib/python3.8/site-packages/airflow/example_dags/example_sensor_decorator.py
[2025-11-19T02:46:21.186+0000] {processor.py:840} INFO - DAG(s) 'example_sensor_decorator' retrieved from /home/airflow/.local/lib/python3.8/site-packages/airflow/example_dags/example_sensor_decorator.py
[2025-11-19T02:46:21.206+0000] {logging_mixin.py:188} INFO - [2025-11-19T02:46:21.206+0000] {dag.py:3036} INFO - Sync 1 DAGs
[2025-11-19T02:46:21.218+0000] {logging_mixin.py:188} INFO - [2025-11-19T02:46:21.218+0000] {dag.py:3823} INFO - Setting next_dagrun for example_sensor_decorator to None, run_after=None
[2025-11-19T02:46:21.240+0000] {processor.py:183} INFO - Processing /home/airflow/.local/lib/python3.8/site-packages/airflow/example_dags/example_sensor_decorator.py took 0.066 seconds
[2025-11-19T02:46:51.679+0000] {processor.py:161} INFO - Started process (PID=155) to work on /home/airflow/.local/lib/python3.8/site-packages/airflow/example_dags/example_sensor_decorator.py
[2025-11-19T02:46:51.681+0000] {processor.py:830} INFO - Processing file /home/airflow/.local/lib/python3.8/site-packages/airflow/example_dags/example_sensor_decorator.py for tasks to queue
[2025-11-19T02:46:51.682+0000] {logging_mixin.py:188} INFO - [2025-11-19T02:46:51.682+0000] {dagbag.py:538} INFO - Filling up the DagBag from /home/airflow/.local/lib/python3.8/site-packages/airflow/example_dags/example_sensor_decorator.py
[2025-11-19T02:46:51.688+0000] {processor.py:840} INFO - DAG(s) 'example_sensor_decorator' retrieved from /home/airflow/.local/lib/python3.8/site-packages/airflow/example_dags/example_sensor_decorator.py
[2025-11-19T02:46:51.700+0000] {logging_mixin.py:188} INFO - [2025-11-19T02:46:51.700+0000] {dag.py:3036} INFO - Sync 1 DAGs
[2025-11-19T02:46:51.711+0000] {logging_mixin.py:188} INFO - [2025-11-19T02:46:51.711+0000] {dag.py:3823} INFO - Setting next_dagrun for example_sensor_decorator to None, run_after=None
[2025-11-19T02:46:51.730+0000] {processor.py:183} INFO - Processing /home/airflow/.local/lib/python3.8/site-packages/airflow/example_dags/example_sensor_decorator.py took 0.054 seconds
[2025-11-19T02:47:21.982+0000] {processor.py:161} INFO - Started process (PID=214) to work on /home/airflow/.local/lib/python3.8/site-packages/airflow/example_dags/example_sensor_decorator.py
[2025-11-19T02:47:21.983+0000] {processor.py:830} INFO - Processing file /home/airflow/.local/lib/python3.8/site-packages/airflow/example_dags/example_sensor_decorator.py for tasks to queue
[2025-11-19T02:47:21.985+0000] {logging_mixin.py:188} INFO - [2025-11-19T02:47:21.985+0000] {dagbag.py:538} INFO - Filling up the DagBag from /home/airflow/.local/lib/python3.8/site-packages/airflow/example_dags/example_sensor_decorator.py
[2025-11-19T02:47:21.991+0000] {processor.py:840} INFO - DAG(s) 'example_sensor_decorator' retrieved from /home/airflow/.local/lib/python3.8/site-packages/airflow/example_dags/example_sensor_decorator.py
[2025-11-19T02:47:22.096+0000] {logging_mixin.py:188} INFO - [2025-11-19T02:47:22.096+0000] {dag.py:3036} INFO - Sync 1 DAGs
[2025-11-19T02:47:22.105+0000] {logging_mixin.py:188} INFO - [2025-11-19T02:47:22.105+0000] {dag.py:3823} INFO - Setting next_dagrun for example_sensor_decorator to None, run_after=None
[2025-11-19T02:47:22.128+0000] {processor.py:183} INFO - Processing /home/airflow/.local/lib/python3.8/site-packages/airflow/example_dags/example_sensor_decorator.py took 0.148 seconds
[2025-11-19T02:47:52.202+0000] {processor.py:161} INFO - Started process (PID=273) to work on /home/airflow/.local/lib/python3.8/site-packages/airflow/example_dags/example_sensor_decorator.py
[2025-11-19T02:47:52.203+0000] {processor.py:830} INFO - Processing file /home/airflow/.local/lib/python3.8/site-packages/airflow/example_dags/example_sensor_decorator.py for tasks to queue
[2025-11-19T02:47:52.205+0000] {logging_mixin.py:188} INFO - [2025-11-19T02:47:52.205+0000] {dagbag.py:538} INFO - Filling up the DagBag from /home/airflow/.local/lib/python3.8/site-packages/airflow/example_dags/example_sensor_decorator.py
[2025-11-19T02:47:52.211+0000] {processor.py:840} INFO - DAG(s) 'example_sensor_decorator' retrieved from /home/airflow/.local/lib/python3.8/site-packages/airflow/example_dags/example_sensor_decorator.py
[2025-11-19T02:47:52.230+0000] {logging_mixin.py:188} INFO - [2025-11-19T02:47:52.229+0000] {dag.py:3036} INFO - Sync 1 DAGs
[2025-11-19T02:47:52.241+0000] {logging_mixin.py:188} INFO - [2025-11-19T02:47:52.241+0000] {dag.py:3823} INFO - Setting next_dagrun for example_sensor_decorator to None, run_after=None
[2025-11-19T02:47:52.264+0000] {processor.py:183} INFO - Processing /home/airflow/.local/lib/python3.8/site-packages/airflow/example_dags/example_sensor_decorator.py took 0.065 seconds
[2025-11-19T02:48:22.629+0000] {processor.py:161} INFO - Started process (PID=332) to work on /home/airflow/.local/lib/python3.8/site-packages/airflow/example_dags/example_sensor_decorator.py
[2025-11-19T02:48:22.631+0000] {processor.py:830} INFO - Processing file /home/airflow/.local/lib/python3.8/site-packages/airflow/example_dags/example_sensor_decorator.py for tasks to queue
[2025-11-19T02:48:22.634+0000] {logging_mixin.py:188} INFO - [2025-11-19T02:48:22.633+0000] {dagbag.py:538} INFO - Filling up the DagBag from /home/airflow/.local/lib/python3.8/site-packages/airflow/example_dags/example_sensor_decorator.py
[2025-11-19T02:48:22.643+0000] {processor.py:840} INFO - DAG(s) 'example_sensor_decorator' retrieved from /home/airflow/.local/lib/python3.8/site-packages/airflow/example_dags/example_sensor_decorator.py
[2025-11-19T02:48:22.669+0000] {logging_mixin.py:188} INFO - [2025-11-19T02:48:22.669+0000] {dag.py:3036} INFO - Sync 1 DAGs
[2025-11-19T02:48:22.681+0000] {logging_mixin.py:188} INFO - [2025-11-19T02:48:22.680+0000] {dag.py:3823} INFO - Setting next_dagrun for example_sensor_decorator to None, run_after=None
[2025-11-19T02:48:22.704+0000] {processor.py:183} INFO - Processing /home/airflow/.local/lib/python3.8/site-packages/airflow/example_dags/example_sensor_decorator.py took 0.078 seconds
[2025-11-19T02:48:52.831+0000] {processor.py:161} INFO - Started process (PID=391) to work on /home/airflow/.local/lib/python3.8/site-packages/airflow/example_dags/example_sensor_decorator.py
[2025-11-19T02:48:52.832+0000] {processor.py:830} INFO - Processing file /home/airflow/.local/lib/python3.8/site-packages/airflow/example_dags/example_sensor_decorator.py for tasks to queue
[2025-11-19T02:48:52.834+0000] {logging_mixin.py:188} INFO - [2025-11-19T02:48:52.834+0000] {dagbag.py:538} INFO - Filling up the DagBag from /home/airflow/.local/lib/python3.8/site-packages/airflow/example_dags/example_sensor_decorator.py
[2025-11-19T02:48:52.841+0000] {processor.py:840} INFO - DAG(s) 'example_sensor_decorator' retrieved from /home/airflow/.local/lib/python3.8/site-packages/airflow/example_dags/example_sensor_decorator.py
[2025-11-19T02:48:52.862+0000] {logging_mixin.py:188} INFO - [2025-11-19T02:48:52.862+0000] {dag.py:3036} INFO - Sync 1 DAGs
[2025-11-19T02:48:52.875+0000] {logging_mixin.py:188} INFO - [2025-11-19T02:48:52.874+0000] {dag.py:3823} INFO - Setting next_dagrun for example_sensor_decorator to None, run_after=None
[2025-11-19T02:48:52.895+0000] {processor.py:183} INFO - Processing /home/airflow/.local/lib/python3.8/site-packages/airflow/example_dags/example_sensor_decorator.py took 0.069 seconds
[2025-11-19T02:49:23.130+0000] {processor.py:161} INFO - Started process (PID=450) to work on /home/airflow/.local/lib/python3.8/site-packages/airflow/example_dags/example_sensor_decorator.py
[2025-11-19T02:49:23.131+0000] {processor.py:830} INFO - Processing file /home/airflow/.local/lib/python3.8/site-packages/airflow/example_dags/example_sensor_decorator.py for tasks to queue
[2025-11-19T02:49:23.133+0000] {logging_mixin.py:188} INFO - [2025-11-19T02:49:23.132+0000] {dagbag.py:538} INFO - Filling up the DagBag from /home/airflow/.local/lib/python3.8/site-packages/airflow/example_dags/example_sensor_decorator.py
[2025-11-19T02:49:23.138+0000] {processor.py:840} INFO - DAG(s) 'example_sensor_decorator' retrieved from /home/airflow/.local/lib/python3.8/site-packages/airflow/example_dags/example_sensor_decorator.py
[2025-11-19T02:49:23.155+0000] {logging_mixin.py:188} INFO - [2025-11-19T02:49:23.155+0000] {dag.py:3036} INFO - Sync 1 DAGs
[2025-11-19T02:49:23.167+0000] {logging_mixin.py:188} INFO - [2025-11-19T02:49:23.167+0000] {dag.py:3823} INFO - Setting next_dagrun for example_sensor_decorator to None, run_after=None
[2025-11-19T02:49:23.190+0000] {processor.py:183} INFO - Processing /home/airflow/.local/lib/python3.8/site-packages/airflow/example_dags/example_sensor_decorator.py took 0.063 seconds
[2025-11-19T02:49:53.334+0000] {processor.py:161} INFO - Started process (PID=509) to work on /home/airflow/.local/lib/python3.8/site-packages/airflow/example_dags/example_sensor_decorator.py
[2025-11-19T02:49:53.336+0000] {processor.py:830} INFO - Processing file /home/airflow/.local/lib/python3.8/site-packages/airflow/example_dags/example_sensor_decorator.py for tasks to queue
[2025-11-19T02:49:53.338+0000] {logging_mixin.py:188} INFO - [2025-11-19T02:49:53.338+0000] {dagbag.py:538} INFO - Filling up the DagBag from /home/airflow/.local/lib/python3.8/site-packages/airflow/example_dags/example_sensor_decorator.py
[2025-11-19T02:49:53.345+0000] {processor.py:840} INFO - DAG(s) 'example_sensor_decorator' retrieved from /home/airflow/.local/lib/python3.8/site-packages/airflow/example_dags/example_sensor_decorator.py
[2025-11-19T02:49:53.366+0000] {logging_mixin.py:188} INFO - [2025-11-19T02:49:53.366+0000] {dag.py:3036} INFO - Sync 1 DAGs
[2025-11-19T02:49:53.376+0000] {logging_mixin.py:188} INFO - [2025-11-19T02:49:53.375+0000] {dag.py:3823} INFO - Setting next_dagrun for example_sensor_decorator to None, run_after=None
[2025-11-19T02:49:53.396+0000] {processor.py:183} INFO - Processing /home/airflow/.local/lib/python3.8/site-packages/airflow/example_dags/example_sensor_decorator.py took 0.067 seconds
[2025-11-19T02:50:23.823+0000] {processor.py:161} INFO - Started process (PID=568) to work on /home/airflow/.local/lib/python3.8/site-packages/airflow/example_dags/example_sensor_decorator.py
[2025-11-19T02:50:23.825+0000] {processor.py:830} INFO - Processing file /home/airflow/.local/lib/python3.8/site-packages/airflow/example_dags/example_sensor_decorator.py for tasks to queue
[2025-11-19T02:50:23.827+0000] {logging_mixin.py:188} INFO - [2025-11-19T02:50:23.827+0000] {dagbag.py:538} INFO - Filling up the DagBag from /home/airflow/.local/lib/python3.8/site-packages/airflow/example_dags/example_sensor_decorator.py
[2025-11-19T02:50:23.834+0000] {processor.py:840} INFO - DAG(s) 'example_sensor_decorator' retrieved from /home/airflow/.local/lib/python3.8/site-packages/airflow/example_dags/example_sensor_decorator.py
[2025-11-19T02:50:23.854+0000] {logging_mixin.py:188} INFO - [2025-11-19T02:50:23.853+0000] {dag.py:3036} INFO - Sync 1 DAGs
[2025-11-19T02:50:23.863+0000] {logging_mixin.py:188} INFO - [2025-11-19T02:50:23.863+0000] {dag.py:3823} INFO - Setting next_dagrun for example_sensor_decorator to None, run_after=None
[2025-11-19T02:50:23.882+0000] {processor.py:183} INFO - Processing /home/airflow/.local/lib/python3.8/site-packages/airflow/example_dags/example_sensor_decorator.py took 0.062 seconds
[2025-11-19T02:50:53.990+0000] {processor.py:161} INFO - Started process (PID=627) to work on /home/airflow/.local/lib/python3.8/site-packages/airflow/example_dags/example_sensor_decorator.py
[2025-11-19T02:50:53.991+0000] {processor.py:830} INFO - Processing file /home/airflow/.local/lib/python3.8/site-packages/airflow/example_dags/example_sensor_decorator.py for tasks to queue
[2025-11-19T02:50:53.993+0000] {logging_mixin.py:188} INFO - [2025-11-19T02:50:53.993+0000] {dagbag.py:538} INFO - Filling up the DagBag from /home/airflow/.local/lib/python3.8/site-packages/airflow/example_dags/example_sensor_decorator.py
[2025-11-19T02:50:54.000+0000] {processor.py:840} INFO - DAG(s) 'example_sensor_decorator' retrieved from /home/airflow/.local/lib/python3.8/site-packages/airflow/example_dags/example_sensor_decorator.py
[2025-11-19T02:50:54.023+0000] {logging_mixin.py:188} INFO - [2025-11-19T02:50:54.023+0000] {dag.py:3036} INFO - Sync 1 DAGs
[2025-11-19T02:50:54.034+0000] {logging_mixin.py:188} INFO - [2025-11-19T02:50:54.034+0000] {dag.py:3823} INFO - Setting next_dagrun for example_sensor_decorator to None, run_after=None
[2025-11-19T02:50:54.060+0000] {processor.py:183} INFO - Processing /home/airflow/.local/lib/python3.8/site-packages/airflow/example_dags/example_sensor_decorator.py took 0.074 seconds
[2025-11-19T02:51:24.113+0000] {processor.py:161} INFO - Started process (PID=678) to work on /home/airflow/.local/lib/python3.8/site-packages/airflow/example_dags/example_sensor_decorator.py
[2025-11-19T02:51:24.114+0000] {processor.py:830} INFO - Processing file /home/airflow/.local/lib/python3.8/site-packages/airflow/example_dags/example_sensor_decorator.py for tasks to queue
[2025-11-19T02:51:24.116+0000] {logging_mixin.py:188} INFO - [2025-11-19T02:51:24.116+0000] {dagbag.py:538} INFO - Filling up the DagBag from /home/airflow/.local/lib/python3.8/site-packages/airflow/example_dags/example_sensor_decorator.py
[2025-11-19T02:51:24.121+0000] {processor.py:840} INFO - DAG(s) 'example_sensor_decorator' retrieved from /home/airflow/.local/lib/python3.8/site-packages/airflow/example_dags/example_sensor_decorator.py
[2025-11-19T02:51:24.138+0000] {logging_mixin.py:188} INFO - [2025-11-19T02:51:24.137+0000] {dag.py:3036} INFO - Sync 1 DAGs
[2025-11-19T02:51:24.148+0000] {logging_mixin.py:188} INFO - [2025-11-19T02:51:24.148+0000] {dag.py:3823} INFO - Setting next_dagrun for example_sensor_decorator to None, run_after=None
[2025-11-19T02:51:24.165+0000] {processor.py:183} INFO - Processing /home/airflow/.local/lib/python3.8/site-packages/airflow/example_dags/example_sensor_decorator.py took 0.055 seconds
