[2025-11-19T02:29:04.617+0000] {processor.py:161} INFO - Started process (PID=49) to work on /home/airflow/.local/lib/python3.8/site-packages/airflow/example_dags/example_sensors.py
[2025-11-19T02:29:04.619+0000] {processor.py:830} INFO - Processing file /home/airflow/.local/lib/python3.8/site-packages/airflow/example_dags/example_sensors.py for tasks to queue
[2025-11-19T02:29:04.623+0000] {logging_mixin.py:188} INFO - [2025-11-19T02:29:04.623+0000] {dagbag.py:538} INFO - Filling up the DagBag from /home/airflow/.local/lib/python3.8/site-packages/airflow/example_dags/example_sensors.py
[2025-11-19T02:29:04.645+0000] {processor.py:840} INFO - DAG(s) 'example_sensors' retrieved from /home/airflow/.local/lib/python3.8/site-packages/airflow/example_dags/example_sensors.py
[2025-11-19T02:29:04.833+0000] {logging_mixin.py:188} INFO - [2025-11-19T02:29:04.832+0000] {override.py:1769} INFO - Created Permission View: can read on DAG:example_sensors
[2025-11-19T02:29:04.851+0000] {logging_mixin.py:188} INFO - [2025-11-19T02:29:04.850+0000] {override.py:1769} INFO - Created Permission View: can edit on DAG:example_sensors
[2025-11-19T02:29:04.863+0000] {logging_mixin.py:188} INFO - [2025-11-19T02:29:04.863+0000] {override.py:1769} INFO - Created Permission View: can delete on DAG:example_sensors
[2025-11-19T02:29:04.866+0000] {logging_mixin.py:188} INFO - [2025-11-19T02:29:04.865+0000] {dag.py:3036} INFO - Sync 1 DAGs
[2025-11-19T02:29:04.885+0000] {logging_mixin.py:188} INFO - [2025-11-19T02:29:04.884+0000] {dag.py:3058} INFO - Creating ORM DAG for example_sensors
[2025-11-19T02:29:04.886+0000] {logging_mixin.py:188} INFO - [2025-11-19T02:29:04.886+0000] {dag.py:3823} INFO - Setting next_dagrun for example_sensors to None, run_after=None
[2025-11-19T02:29:04.912+0000] {processor.py:183} INFO - Processing /home/airflow/.local/lib/python3.8/site-packages/airflow/example_dags/example_sensors.py took 0.302 seconds
[2025-11-19T02:29:35.394+0000] {processor.py:161} INFO - Started process (PID=107) to work on /home/airflow/.local/lib/python3.8/site-packages/airflow/example_dags/example_sensors.py
[2025-11-19T02:29:35.395+0000] {processor.py:830} INFO - Processing file /home/airflow/.local/lib/python3.8/site-packages/airflow/example_dags/example_sensors.py for tasks to queue
[2025-11-19T02:29:35.398+0000] {logging_mixin.py:188} INFO - [2025-11-19T02:29:35.397+0000] {dagbag.py:538} INFO - Filling up the DagBag from /home/airflow/.local/lib/python3.8/site-packages/airflow/example_dags/example_sensors.py
[2025-11-19T02:29:35.405+0000] {processor.py:840} INFO - DAG(s) 'example_sensors' retrieved from /home/airflow/.local/lib/python3.8/site-packages/airflow/example_dags/example_sensors.py
[2025-11-19T02:29:35.427+0000] {logging_mixin.py:188} INFO - [2025-11-19T02:29:35.426+0000] {dag.py:3036} INFO - Sync 1 DAGs
[2025-11-19T02:29:35.437+0000] {logging_mixin.py:188} INFO - [2025-11-19T02:29:35.437+0000] {dag.py:3823} INFO - Setting next_dagrun for example_sensors to None, run_after=None
[2025-11-19T02:29:35.459+0000] {processor.py:183} INFO - Processing /home/airflow/.local/lib/python3.8/site-packages/airflow/example_dags/example_sensors.py took 0.068 seconds
[2025-11-19T02:45:52.550+0000] {processor.py:161} INFO - Started process (PID=49) to work on /home/airflow/.local/lib/python3.8/site-packages/airflow/example_dags/example_sensors.py
[2025-11-19T02:45:52.552+0000] {processor.py:830} INFO - Processing file /home/airflow/.local/lib/python3.8/site-packages/airflow/example_dags/example_sensors.py for tasks to queue
[2025-11-19T02:45:52.555+0000] {logging_mixin.py:188} INFO - [2025-11-19T02:45:52.555+0000] {dagbag.py:538} INFO - Filling up the DagBag from /home/airflow/.local/lib/python3.8/site-packages/airflow/example_dags/example_sensors.py
[2025-11-19T02:45:52.577+0000] {processor.py:840} INFO - DAG(s) 'example_sensors' retrieved from /home/airflow/.local/lib/python3.8/site-packages/airflow/example_dags/example_sensors.py
[2025-11-19T02:45:52.781+0000] {logging_mixin.py:188} INFO - [2025-11-19T02:45:52.780+0000] {override.py:1769} INFO - Created Permission View: can read on DAG:example_sensors
[2025-11-19T02:45:52.793+0000] {logging_mixin.py:188} INFO - [2025-11-19T02:45:52.793+0000] {override.py:1769} INFO - Created Permission View: can edit on DAG:example_sensors
[2025-11-19T02:45:52.801+0000] {logging_mixin.py:188} INFO - [2025-11-19T02:45:52.800+0000] {override.py:1769} INFO - Created Permission View: can delete on DAG:example_sensors
[2025-11-19T02:45:52.802+0000] {logging_mixin.py:188} INFO - [2025-11-19T02:45:52.801+0000] {dag.py:3036} INFO - Sync 1 DAGs
[2025-11-19T02:45:52.819+0000] {logging_mixin.py:188} INFO - [2025-11-19T02:45:52.819+0000] {dag.py:3058} INFO - Creating ORM DAG for example_sensors
[2025-11-19T02:45:52.820+0000] {logging_mixin.py:188} INFO - [2025-11-19T02:45:52.820+0000] {dag.py:3823} INFO - Setting next_dagrun for example_sensors to None, run_after=None
[2025-11-19T02:45:52.844+0000] {processor.py:183} INFO - Processing /home/airflow/.local/lib/python3.8/site-packages/airflow/example_dags/example_sensors.py took 0.302 seconds
[2025-11-19T02:46:22.898+0000] {processor.py:161} INFO - Started process (PID=107) to work on /home/airflow/.local/lib/python3.8/site-packages/airflow/example_dags/example_sensors.py
[2025-11-19T02:46:22.899+0000] {processor.py:830} INFO - Processing file /home/airflow/.local/lib/python3.8/site-packages/airflow/example_dags/example_sensors.py for tasks to queue
[2025-11-19T02:46:22.901+0000] {logging_mixin.py:188} INFO - [2025-11-19T02:46:22.900+0000] {dagbag.py:538} INFO - Filling up the DagBag from /home/airflow/.local/lib/python3.8/site-packages/airflow/example_dags/example_sensors.py
[2025-11-19T02:46:22.909+0000] {processor.py:840} INFO - DAG(s) 'example_sensors' retrieved from /home/airflow/.local/lib/python3.8/site-packages/airflow/example_dags/example_sensors.py
[2025-11-19T02:46:22.930+0000] {logging_mixin.py:188} INFO - [2025-11-19T02:46:22.930+0000] {dag.py:3036} INFO - Sync 1 DAGs
[2025-11-19T02:46:22.941+0000] {logging_mixin.py:188} INFO - [2025-11-19T02:46:22.941+0000] {dag.py:3823} INFO - Setting next_dagrun for example_sensors to None, run_after=None
[2025-11-19T02:46:22.959+0000] {processor.py:183} INFO - Processing /home/airflow/.local/lib/python3.8/site-packages/airflow/example_dags/example_sensors.py took 0.065 seconds
[2025-11-19T02:46:53.279+0000] {processor.py:161} INFO - Started process (PID=166) to work on /home/airflow/.local/lib/python3.8/site-packages/airflow/example_dags/example_sensors.py
[2025-11-19T02:46:53.280+0000] {processor.py:830} INFO - Processing file /home/airflow/.local/lib/python3.8/site-packages/airflow/example_dags/example_sensors.py for tasks to queue
[2025-11-19T02:46:53.282+0000] {logging_mixin.py:188} INFO - [2025-11-19T02:46:53.281+0000] {dagbag.py:538} INFO - Filling up the DagBag from /home/airflow/.local/lib/python3.8/site-packages/airflow/example_dags/example_sensors.py
[2025-11-19T02:46:53.291+0000] {processor.py:840} INFO - DAG(s) 'example_sensors' retrieved from /home/airflow/.local/lib/python3.8/site-packages/airflow/example_dags/example_sensors.py
[2025-11-19T02:46:53.303+0000] {logging_mixin.py:188} INFO - [2025-11-19T02:46:53.303+0000] {dag.py:3036} INFO - Sync 1 DAGs
[2025-11-19T02:46:53.314+0000] {logging_mixin.py:188} INFO - [2025-11-19T02:46:53.314+0000] {dag.py:3823} INFO - Setting next_dagrun for example_sensors to None, run_after=None
[2025-11-19T02:46:53.334+0000] {processor.py:183} INFO - Processing /home/airflow/.local/lib/python3.8/site-packages/airflow/example_dags/example_sensors.py took 0.059 seconds
[2025-11-19T02:47:23.971+0000] {processor.py:161} INFO - Started process (PID=225) to work on /home/airflow/.local/lib/python3.8/site-packages/airflow/example_dags/example_sensors.py
[2025-11-19T02:47:23.972+0000] {processor.py:830} INFO - Processing file /home/airflow/.local/lib/python3.8/site-packages/airflow/example_dags/example_sensors.py for tasks to queue
[2025-11-19T02:47:23.974+0000] {logging_mixin.py:188} INFO - [2025-11-19T02:47:23.974+0000] {dagbag.py:538} INFO - Filling up the DagBag from /home/airflow/.local/lib/python3.8/site-packages/airflow/example_dags/example_sensors.py
[2025-11-19T02:47:23.984+0000] {processor.py:840} INFO - DAG(s) 'example_sensors' retrieved from /home/airflow/.local/lib/python3.8/site-packages/airflow/example_dags/example_sensors.py
[2025-11-19T02:47:24.090+0000] {logging_mixin.py:188} INFO - [2025-11-19T02:47:24.089+0000] {dag.py:3036} INFO - Sync 1 DAGs
[2025-11-19T02:47:24.099+0000] {logging_mixin.py:188} INFO - [2025-11-19T02:47:24.099+0000] {dag.py:3823} INFO - Setting next_dagrun for example_sensors to None, run_after=None
[2025-11-19T02:47:24.118+0000] {processor.py:183} INFO - Processing /home/airflow/.local/lib/python3.8/site-packages/airflow/example_dags/example_sensors.py took 0.150 seconds
[2025-11-19T02:47:54.218+0000] {processor.py:161} INFO - Started process (PID=284) to work on /home/airflow/.local/lib/python3.8/site-packages/airflow/example_dags/example_sensors.py
[2025-11-19T02:47:54.219+0000] {processor.py:830} INFO - Processing file /home/airflow/.local/lib/python3.8/site-packages/airflow/example_dags/example_sensors.py for tasks to queue
[2025-11-19T02:47:54.221+0000] {logging_mixin.py:188} INFO - [2025-11-19T02:47:54.220+0000] {dagbag.py:538} INFO - Filling up the DagBag from /home/airflow/.local/lib/python3.8/site-packages/airflow/example_dags/example_sensors.py
[2025-11-19T02:47:54.229+0000] {processor.py:840} INFO - DAG(s) 'example_sensors' retrieved from /home/airflow/.local/lib/python3.8/site-packages/airflow/example_dags/example_sensors.py
[2025-11-19T02:47:54.252+0000] {logging_mixin.py:188} INFO - [2025-11-19T02:47:54.252+0000] {dag.py:3036} INFO - Sync 1 DAGs
[2025-11-19T02:47:54.265+0000] {logging_mixin.py:188} INFO - [2025-11-19T02:47:54.264+0000] {dag.py:3823} INFO - Setting next_dagrun for example_sensors to None, run_after=None
[2025-11-19T02:47:54.284+0000] {processor.py:183} INFO - Processing /home/airflow/.local/lib/python3.8/site-packages/airflow/example_dags/example_sensors.py took 0.070 seconds
[2025-11-19T02:48:24.460+0000] {processor.py:161} INFO - Started process (PID=343) to work on /home/airflow/.local/lib/python3.8/site-packages/airflow/example_dags/example_sensors.py
[2025-11-19T02:48:24.461+0000] {processor.py:830} INFO - Processing file /home/airflow/.local/lib/python3.8/site-packages/airflow/example_dags/example_sensors.py for tasks to queue
[2025-11-19T02:48:24.463+0000] {logging_mixin.py:188} INFO - [2025-11-19T02:48:24.462+0000] {dagbag.py:538} INFO - Filling up the DagBag from /home/airflow/.local/lib/python3.8/site-packages/airflow/example_dags/example_sensors.py
[2025-11-19T02:48:24.471+0000] {processor.py:840} INFO - DAG(s) 'example_sensors' retrieved from /home/airflow/.local/lib/python3.8/site-packages/airflow/example_dags/example_sensors.py
[2025-11-19T02:48:24.492+0000] {logging_mixin.py:188} INFO - [2025-11-19T02:48:24.492+0000] {dag.py:3036} INFO - Sync 1 DAGs
[2025-11-19T02:48:24.502+0000] {logging_mixin.py:188} INFO - [2025-11-19T02:48:24.502+0000] {dag.py:3823} INFO - Setting next_dagrun for example_sensors to None, run_after=None
[2025-11-19T02:48:24.522+0000] {processor.py:183} INFO - Processing /home/airflow/.local/lib/python3.8/site-packages/airflow/example_dags/example_sensors.py took 0.065 seconds
[2025-11-19T02:48:54.614+0000] {processor.py:161} INFO - Started process (PID=402) to work on /home/airflow/.local/lib/python3.8/site-packages/airflow/example_dags/example_sensors.py
[2025-11-19T02:48:54.615+0000] {processor.py:830} INFO - Processing file /home/airflow/.local/lib/python3.8/site-packages/airflow/example_dags/example_sensors.py for tasks to queue
[2025-11-19T02:48:54.617+0000] {logging_mixin.py:188} INFO - [2025-11-19T02:48:54.617+0000] {dagbag.py:538} INFO - Filling up the DagBag from /home/airflow/.local/lib/python3.8/site-packages/airflow/example_dags/example_sensors.py
[2025-11-19T02:48:54.625+0000] {processor.py:840} INFO - DAG(s) 'example_sensors' retrieved from /home/airflow/.local/lib/python3.8/site-packages/airflow/example_dags/example_sensors.py
[2025-11-19T02:48:54.649+0000] {logging_mixin.py:188} INFO - [2025-11-19T02:48:54.649+0000] {dag.py:3036} INFO - Sync 1 DAGs
[2025-11-19T02:48:54.660+0000] {logging_mixin.py:188} INFO - [2025-11-19T02:48:54.660+0000] {dag.py:3823} INFO - Setting next_dagrun for example_sensors to None, run_after=None
[2025-11-19T02:48:54.680+0000] {processor.py:183} INFO - Processing /home/airflow/.local/lib/python3.8/site-packages/airflow/example_dags/example_sensors.py took 0.069 seconds
[2025-11-19T02:49:24.817+0000] {processor.py:161} INFO - Started process (PID=461) to work on /home/airflow/.local/lib/python3.8/site-packages/airflow/example_dags/example_sensors.py
[2025-11-19T02:49:24.818+0000] {processor.py:830} INFO - Processing file /home/airflow/.local/lib/python3.8/site-packages/airflow/example_dags/example_sensors.py for tasks to queue
[2025-11-19T02:49:24.820+0000] {logging_mixin.py:188} INFO - [2025-11-19T02:49:24.820+0000] {dagbag.py:538} INFO - Filling up the DagBag from /home/airflow/.local/lib/python3.8/site-packages/airflow/example_dags/example_sensors.py
[2025-11-19T02:49:24.828+0000] {processor.py:840} INFO - DAG(s) 'example_sensors' retrieved from /home/airflow/.local/lib/python3.8/site-packages/airflow/example_dags/example_sensors.py
[2025-11-19T02:49:24.849+0000] {logging_mixin.py:188} INFO - [2025-11-19T02:49:24.849+0000] {dag.py:3036} INFO - Sync 1 DAGs
[2025-11-19T02:49:24.860+0000] {logging_mixin.py:188} INFO - [2025-11-19T02:49:24.859+0000] {dag.py:3823} INFO - Setting next_dagrun for example_sensors to None, run_after=None
[2025-11-19T02:49:24.878+0000] {processor.py:183} INFO - Processing /home/airflow/.local/lib/python3.8/site-packages/airflow/example_dags/example_sensors.py took 0.064 seconds
[2025-11-19T02:49:55.056+0000] {processor.py:161} INFO - Started process (PID=520) to work on /home/airflow/.local/lib/python3.8/site-packages/airflow/example_dags/example_sensors.py
[2025-11-19T02:49:55.057+0000] {processor.py:830} INFO - Processing file /home/airflow/.local/lib/python3.8/site-packages/airflow/example_dags/example_sensors.py for tasks to queue
[2025-11-19T02:49:55.059+0000] {logging_mixin.py:188} INFO - [2025-11-19T02:49:55.059+0000] {dagbag.py:538} INFO - Filling up the DagBag from /home/airflow/.local/lib/python3.8/site-packages/airflow/example_dags/example_sensors.py
[2025-11-19T02:49:55.067+0000] {processor.py:840} INFO - DAG(s) 'example_sensors' retrieved from /home/airflow/.local/lib/python3.8/site-packages/airflow/example_dags/example_sensors.py
[2025-11-19T02:49:55.091+0000] {logging_mixin.py:188} INFO - [2025-11-19T02:49:55.090+0000] {dag.py:3036} INFO - Sync 1 DAGs
[2025-11-19T02:49:55.101+0000] {logging_mixin.py:188} INFO - [2025-11-19T02:49:55.100+0000] {dag.py:3823} INFO - Setting next_dagrun for example_sensors to None, run_after=None
[2025-11-19T02:49:55.122+0000] {processor.py:183} INFO - Processing /home/airflow/.local/lib/python3.8/site-packages/airflow/example_dags/example_sensors.py took 0.069 seconds
[2025-11-19T02:50:25.619+0000] {processor.py:161} INFO - Started process (PID=579) to work on /home/airflow/.local/lib/python3.8/site-packages/airflow/example_dags/example_sensors.py
[2025-11-19T02:50:25.620+0000] {processor.py:830} INFO - Processing file /home/airflow/.local/lib/python3.8/site-packages/airflow/example_dags/example_sensors.py for tasks to queue
[2025-11-19T02:50:25.623+0000] {logging_mixin.py:188} INFO - [2025-11-19T02:50:25.623+0000] {dagbag.py:538} INFO - Filling up the DagBag from /home/airflow/.local/lib/python3.8/site-packages/airflow/example_dags/example_sensors.py
[2025-11-19T02:50:25.634+0000] {processor.py:840} INFO - DAG(s) 'example_sensors' retrieved from /home/airflow/.local/lib/python3.8/site-packages/airflow/example_dags/example_sensors.py
[2025-11-19T02:50:25.658+0000] {logging_mixin.py:188} INFO - [2025-11-19T02:50:25.657+0000] {dag.py:3036} INFO - Sync 1 DAGs
[2025-11-19T02:50:25.670+0000] {logging_mixin.py:188} INFO - [2025-11-19T02:50:25.670+0000] {dag.py:3823} INFO - Setting next_dagrun for example_sensors to None, run_after=None
[2025-11-19T02:50:25.691+0000] {processor.py:183} INFO - Processing /home/airflow/.local/lib/python3.8/site-packages/airflow/example_dags/example_sensors.py took 0.077 seconds
[2025-11-19T02:50:56.705+0000] {processor.py:161} INFO - Started process (PID=638) to work on /home/airflow/.local/lib/python3.8/site-packages/airflow/example_dags/example_sensors.py
[2025-11-19T02:50:56.706+0000] {processor.py:830} INFO - Processing file /home/airflow/.local/lib/python3.8/site-packages/airflow/example_dags/example_sensors.py for tasks to queue
[2025-11-19T02:50:56.708+0000] {logging_mixin.py:188} INFO - [2025-11-19T02:50:56.708+0000] {dagbag.py:538} INFO - Filling up the DagBag from /home/airflow/.local/lib/python3.8/site-packages/airflow/example_dags/example_sensors.py
[2025-11-19T02:50:56.717+0000] {processor.py:840} INFO - DAG(s) 'example_sensors' retrieved from /home/airflow/.local/lib/python3.8/site-packages/airflow/example_dags/example_sensors.py
[2025-11-19T02:50:56.742+0000] {logging_mixin.py:188} INFO - [2025-11-19T02:50:56.742+0000] {dag.py:3036} INFO - Sync 1 DAGs
[2025-11-19T02:50:56.753+0000] {logging_mixin.py:188} INFO - [2025-11-19T02:50:56.753+0000] {dag.py:3823} INFO - Setting next_dagrun for example_sensors to None, run_after=None
[2025-11-19T02:50:56.771+0000] {processor.py:183} INFO - Processing /home/airflow/.local/lib/python3.8/site-packages/airflow/example_dags/example_sensors.py took 0.070 seconds
[2025-11-19T02:51:26.891+0000] {processor.py:161} INFO - Started process (PID=697) to work on /home/airflow/.local/lib/python3.8/site-packages/airflow/example_dags/example_sensors.py
[2025-11-19T02:51:26.892+0000] {processor.py:830} INFO - Processing file /home/airflow/.local/lib/python3.8/site-packages/airflow/example_dags/example_sensors.py for tasks to queue
[2025-11-19T02:51:26.894+0000] {logging_mixin.py:188} INFO - [2025-11-19T02:51:26.894+0000] {dagbag.py:538} INFO - Filling up the DagBag from /home/airflow/.local/lib/python3.8/site-packages/airflow/example_dags/example_sensors.py
[2025-11-19T02:51:26.902+0000] {processor.py:840} INFO - DAG(s) 'example_sensors' retrieved from /home/airflow/.local/lib/python3.8/site-packages/airflow/example_dags/example_sensors.py
[2025-11-19T02:51:26.927+0000] {logging_mixin.py:188} INFO - [2025-11-19T02:51:26.927+0000] {dag.py:3036} INFO - Sync 1 DAGs
[2025-11-19T02:51:26.938+0000] {logging_mixin.py:188} INFO - [2025-11-19T02:51:26.937+0000] {dag.py:3823} INFO - Setting next_dagrun for example_sensors to None, run_after=None
[2025-11-19T02:51:26.959+0000] {processor.py:183} INFO - Processing /home/airflow/.local/lib/python3.8/site-packages/airflow/example_dags/example_sensors.py took 0.071 seconds
