[2025-11-19T02:29:09.434+0000] {processor.py:161} INFO - Started process (PID=79) to work on /home/airflow/.local/lib/python3.8/site-packages/airflow/example_dags/example_task_group.py
[2025-11-19T02:29:09.436+0000] {processor.py:830} INFO - Processing file /home/airflow/.local/lib/python3.8/site-packages/airflow/example_dags/example_task_group.py for tasks to queue
[2025-11-19T02:29:09.439+0000] {logging_mixin.py:188} INFO - [2025-11-19T02:29:09.439+0000] {dagbag.py:538} INFO - Filling up the DagBag from /home/airflow/.local/lib/python3.8/site-packages/airflow/example_dags/example_task_group.py
[2025-11-19T02:29:09.456+0000] {processor.py:840} INFO - DAG(s) 'example_task_group' retrieved from /home/airflow/.local/lib/python3.8/site-packages/airflow/example_dags/example_task_group.py
[2025-11-19T02:29:09.623+0000] {logging_mixin.py:188} INFO - [2025-11-19T02:29:09.622+0000] {override.py:1769} INFO - Created Permission View: can read on DAG:example_task_group
[2025-11-19T02:29:09.639+0000] {logging_mixin.py:188} INFO - [2025-11-19T02:29:09.638+0000] {override.py:1769} INFO - Created Permission View: can edit on DAG:example_task_group
[2025-11-19T02:29:09.650+0000] {logging_mixin.py:188} INFO - [2025-11-19T02:29:09.649+0000] {override.py:1769} INFO - Created Permission View: can delete on DAG:example_task_group
[2025-11-19T02:29:09.651+0000] {logging_mixin.py:188} INFO - [2025-11-19T02:29:09.650+0000] {dag.py:3036} INFO - Sync 1 DAGs
[2025-11-19T02:29:09.668+0000] {logging_mixin.py:188} INFO - [2025-11-19T02:29:09.667+0000] {dag.py:3058} INFO - Creating ORM DAG for example_task_group
[2025-11-19T02:29:09.684+0000] {logging_mixin.py:188} INFO - [2025-11-19T02:29:09.684+0000] {dag.py:3823} INFO - Setting next_dagrun for example_task_group to 2025-11-18 00:00:00+00:00, run_after=2025-11-19 00:00:00+00:00
[2025-11-19T02:29:09.711+0000] {processor.py:183} INFO - Processing /home/airflow/.local/lib/python3.8/site-packages/airflow/example_dags/example_task_group.py took 0.283 seconds
[2025-11-19T02:45:58.064+0000] {processor.py:161} INFO - Started process (PID=79) to work on /home/airflow/.local/lib/python3.8/site-packages/airflow/example_dags/example_task_group.py
[2025-11-19T02:45:58.066+0000] {processor.py:830} INFO - Processing file /home/airflow/.local/lib/python3.8/site-packages/airflow/example_dags/example_task_group.py for tasks to queue
[2025-11-19T02:45:58.069+0000] {logging_mixin.py:188} INFO - [2025-11-19T02:45:58.068+0000] {dagbag.py:538} INFO - Filling up the DagBag from /home/airflow/.local/lib/python3.8/site-packages/airflow/example_dags/example_task_group.py
[2025-11-19T02:45:58.084+0000] {processor.py:840} INFO - DAG(s) 'example_task_group' retrieved from /home/airflow/.local/lib/python3.8/site-packages/airflow/example_dags/example_task_group.py
[2025-11-19T02:45:58.238+0000] {logging_mixin.py:188} INFO - [2025-11-19T02:45:58.237+0000] {override.py:1769} INFO - Created Permission View: can read on DAG:example_task_group
[2025-11-19T02:45:58.254+0000] {logging_mixin.py:188} INFO - [2025-11-19T02:45:58.253+0000] {override.py:1769} INFO - Created Permission View: can edit on DAG:example_task_group
[2025-11-19T02:45:58.264+0000] {logging_mixin.py:188} INFO - [2025-11-19T02:45:58.264+0000] {override.py:1769} INFO - Created Permission View: can delete on DAG:example_task_group
[2025-11-19T02:45:58.266+0000] {logging_mixin.py:188} INFO - [2025-11-19T02:45:58.266+0000] {dag.py:3036} INFO - Sync 1 DAGs
[2025-11-19T02:45:58.280+0000] {logging_mixin.py:188} INFO - [2025-11-19T02:45:58.279+0000] {dag.py:3058} INFO - Creating ORM DAG for example_task_group
[2025-11-19T02:45:58.296+0000] {logging_mixin.py:188} INFO - [2025-11-19T02:45:58.296+0000] {dag.py:3823} INFO - Setting next_dagrun for example_task_group to 2025-11-18 00:00:00+00:00, run_after=2025-11-19 00:00:00+00:00
[2025-11-19T02:45:58.323+0000] {processor.py:183} INFO - Processing /home/airflow/.local/lib/python3.8/site-packages/airflow/example_dags/example_task_group.py took 0.265 seconds
[2025-11-19T02:46:28.545+0000] {processor.py:161} INFO - Started process (PID=137) to work on /home/airflow/.local/lib/python3.8/site-packages/airflow/example_dags/example_task_group.py
[2025-11-19T02:46:28.547+0000] {processor.py:830} INFO - Processing file /home/airflow/.local/lib/python3.8/site-packages/airflow/example_dags/example_task_group.py for tasks to queue
[2025-11-19T02:46:28.549+0000] {logging_mixin.py:188} INFO - [2025-11-19T02:46:28.548+0000] {dagbag.py:538} INFO - Filling up the DagBag from /home/airflow/.local/lib/python3.8/site-packages/airflow/example_dags/example_task_group.py
[2025-11-19T02:46:28.555+0000] {processor.py:840} INFO - DAG(s) 'example_task_group' retrieved from /home/airflow/.local/lib/python3.8/site-packages/airflow/example_dags/example_task_group.py
[2025-11-19T02:46:28.577+0000] {logging_mixin.py:188} INFO - [2025-11-19T02:46:28.576+0000] {dag.py:3036} INFO - Sync 1 DAGs
[2025-11-19T02:46:28.598+0000] {logging_mixin.py:188} INFO - [2025-11-19T02:46:28.597+0000] {dag.py:3823} INFO - Setting next_dagrun for example_task_group to 2025-11-18 00:00:00+00:00, run_after=2025-11-19 00:00:00+00:00
[2025-11-19T02:46:28.616+0000] {processor.py:183} INFO - Processing /home/airflow/.local/lib/python3.8/site-packages/airflow/example_dags/example_task_group.py took 0.074 seconds
[2025-11-19T02:46:58.765+0000] {processor.py:161} INFO - Started process (PID=196) to work on /home/airflow/.local/lib/python3.8/site-packages/airflow/example_dags/example_task_group.py
[2025-11-19T02:46:58.766+0000] {processor.py:830} INFO - Processing file /home/airflow/.local/lib/python3.8/site-packages/airflow/example_dags/example_task_group.py for tasks to queue
[2025-11-19T02:46:58.768+0000] {logging_mixin.py:188} INFO - [2025-11-19T02:46:58.768+0000] {dagbag.py:538} INFO - Filling up the DagBag from /home/airflow/.local/lib/python3.8/site-packages/airflow/example_dags/example_task_group.py
[2025-11-19T02:46:58.775+0000] {processor.py:840} INFO - DAG(s) 'example_task_group' retrieved from /home/airflow/.local/lib/python3.8/site-packages/airflow/example_dags/example_task_group.py
[2025-11-19T02:46:58.787+0000] {logging_mixin.py:188} INFO - [2025-11-19T02:46:58.787+0000] {dag.py:3036} INFO - Sync 1 DAGs
[2025-11-19T02:46:58.808+0000] {logging_mixin.py:188} INFO - [2025-11-19T02:46:58.807+0000] {dag.py:3823} INFO - Setting next_dagrun for example_task_group to 2025-11-18 00:00:00+00:00, run_after=2025-11-19 00:00:00+00:00
[2025-11-19T02:46:58.828+0000] {processor.py:183} INFO - Processing /home/airflow/.local/lib/python3.8/site-packages/airflow/example_dags/example_task_group.py took 0.066 seconds
[2025-11-19T02:47:30.041+0000] {processor.py:161} INFO - Started process (PID=255) to work on /home/airflow/.local/lib/python3.8/site-packages/airflow/example_dags/example_task_group.py
[2025-11-19T02:47:30.043+0000] {processor.py:830} INFO - Processing file /home/airflow/.local/lib/python3.8/site-packages/airflow/example_dags/example_task_group.py for tasks to queue
[2025-11-19T02:47:30.045+0000] {logging_mixin.py:188} INFO - [2025-11-19T02:47:30.044+0000] {dagbag.py:538} INFO - Filling up the DagBag from /home/airflow/.local/lib/python3.8/site-packages/airflow/example_dags/example_task_group.py
[2025-11-19T02:47:30.051+0000] {processor.py:840} INFO - DAG(s) 'example_task_group' retrieved from /home/airflow/.local/lib/python3.8/site-packages/airflow/example_dags/example_task_group.py
[2025-11-19T02:47:30.141+0000] {logging_mixin.py:188} INFO - [2025-11-19T02:47:30.140+0000] {dag.py:3036} INFO - Sync 1 DAGs
[2025-11-19T02:47:30.158+0000] {logging_mixin.py:188} INFO - [2025-11-19T02:47:30.157+0000] {dag.py:3823} INFO - Setting next_dagrun for example_task_group to 2025-11-18 00:00:00+00:00, run_after=2025-11-19 00:00:00+00:00
[2025-11-19T02:47:30.180+0000] {processor.py:183} INFO - Processing /home/airflow/.local/lib/python3.8/site-packages/airflow/example_dags/example_task_group.py took 0.142 seconds
[2025-11-19T02:48:00.997+0000] {processor.py:161} INFO - Started process (PID=314) to work on /home/airflow/.local/lib/python3.8/site-packages/airflow/example_dags/example_task_group.py
[2025-11-19T02:48:00.998+0000] {processor.py:830} INFO - Processing file /home/airflow/.local/lib/python3.8/site-packages/airflow/example_dags/example_task_group.py for tasks to queue
[2025-11-19T02:48:01.000+0000] {logging_mixin.py:188} INFO - [2025-11-19T02:48:01.000+0000] {dagbag.py:538} INFO - Filling up the DagBag from /home/airflow/.local/lib/python3.8/site-packages/airflow/example_dags/example_task_group.py
[2025-11-19T02:48:01.007+0000] {processor.py:840} INFO - DAG(s) 'example_task_group' retrieved from /home/airflow/.local/lib/python3.8/site-packages/airflow/example_dags/example_task_group.py
[2025-11-19T02:48:01.030+0000] {logging_mixin.py:188} INFO - [2025-11-19T02:48:01.030+0000] {dag.py:3036} INFO - Sync 1 DAGs
[2025-11-19T02:48:01.049+0000] {logging_mixin.py:188} INFO - [2025-11-19T02:48:01.048+0000] {dag.py:3823} INFO - Setting next_dagrun for example_task_group to 2025-11-18 00:00:00+00:00, run_after=2025-11-19 00:00:00+00:00
[2025-11-19T02:48:01.067+0000] {processor.py:183} INFO - Processing /home/airflow/.local/lib/python3.8/site-packages/airflow/example_dags/example_task_group.py took 0.073 seconds
[2025-11-19T02:48:31.222+0000] {processor.py:161} INFO - Started process (PID=373) to work on /home/airflow/.local/lib/python3.8/site-packages/airflow/example_dags/example_task_group.py
[2025-11-19T02:48:31.226+0000] {processor.py:830} INFO - Processing file /home/airflow/.local/lib/python3.8/site-packages/airflow/example_dags/example_task_group.py for tasks to queue
[2025-11-19T02:48:31.233+0000] {logging_mixin.py:188} INFO - [2025-11-19T02:48:31.233+0000] {dagbag.py:538} INFO - Filling up the DagBag from /home/airflow/.local/lib/python3.8/site-packages/airflow/example_dags/example_task_group.py
[2025-11-19T02:48:31.240+0000] {processor.py:840} INFO - DAG(s) 'example_task_group' retrieved from /home/airflow/.local/lib/python3.8/site-packages/airflow/example_dags/example_task_group.py
[2025-11-19T02:48:31.261+0000] {logging_mixin.py:188} INFO - [2025-11-19T02:48:31.261+0000] {dag.py:3036} INFO - Sync 1 DAGs
[2025-11-19T02:48:31.280+0000] {logging_mixin.py:188} INFO - [2025-11-19T02:48:31.280+0000] {dag.py:3823} INFO - Setting next_dagrun for example_task_group to 2025-11-18 00:00:00+00:00, run_after=2025-11-19 00:00:00+00:00
[2025-11-19T02:48:31.299+0000] {processor.py:183} INFO - Processing /home/airflow/.local/lib/python3.8/site-packages/airflow/example_dags/example_task_group.py took 0.080 seconds
[2025-11-19T02:49:01.449+0000] {processor.py:161} INFO - Started process (PID=432) to work on /home/airflow/.local/lib/python3.8/site-packages/airflow/example_dags/example_task_group.py
[2025-11-19T02:49:01.450+0000] {processor.py:830} INFO - Processing file /home/airflow/.local/lib/python3.8/site-packages/airflow/example_dags/example_task_group.py for tasks to queue
[2025-11-19T02:49:01.452+0000] {logging_mixin.py:188} INFO - [2025-11-19T02:49:01.452+0000] {dagbag.py:538} INFO - Filling up the DagBag from /home/airflow/.local/lib/python3.8/site-packages/airflow/example_dags/example_task_group.py
[2025-11-19T02:49:01.460+0000] {processor.py:840} INFO - DAG(s) 'example_task_group' retrieved from /home/airflow/.local/lib/python3.8/site-packages/airflow/example_dags/example_task_group.py
[2025-11-19T02:49:01.487+0000] {logging_mixin.py:188} INFO - [2025-11-19T02:49:01.487+0000] {dag.py:3036} INFO - Sync 1 DAGs
[2025-11-19T02:49:01.520+0000] {logging_mixin.py:188} INFO - [2025-11-19T02:49:01.520+0000] {dag.py:3823} INFO - Setting next_dagrun for example_task_group to 2025-11-18 00:00:00+00:00, run_after=2025-11-19 00:00:00+00:00
[2025-11-19T02:49:01.547+0000] {processor.py:183} INFO - Processing /home/airflow/.local/lib/python3.8/site-packages/airflow/example_dags/example_task_group.py took 0.103 seconds
[2025-11-19T02:49:31.588+0000] {processor.py:161} INFO - Started process (PID=491) to work on /home/airflow/.local/lib/python3.8/site-packages/airflow/example_dags/example_task_group.py
[2025-11-19T02:49:31.589+0000] {processor.py:830} INFO - Processing file /home/airflow/.local/lib/python3.8/site-packages/airflow/example_dags/example_task_group.py for tasks to queue
[2025-11-19T02:49:31.591+0000] {logging_mixin.py:188} INFO - [2025-11-19T02:49:31.591+0000] {dagbag.py:538} INFO - Filling up the DagBag from /home/airflow/.local/lib/python3.8/site-packages/airflow/example_dags/example_task_group.py
[2025-11-19T02:49:31.598+0000] {processor.py:840} INFO - DAG(s) 'example_task_group' retrieved from /home/airflow/.local/lib/python3.8/site-packages/airflow/example_dags/example_task_group.py
[2025-11-19T02:49:31.618+0000] {logging_mixin.py:188} INFO - [2025-11-19T02:49:31.618+0000] {dag.py:3036} INFO - Sync 1 DAGs
[2025-11-19T02:49:31.638+0000] {logging_mixin.py:188} INFO - [2025-11-19T02:49:31.637+0000] {dag.py:3823} INFO - Setting next_dagrun for example_task_group to 2025-11-18 00:00:00+00:00, run_after=2025-11-19 00:00:00+00:00
[2025-11-19T02:49:31.655+0000] {processor.py:183} INFO - Processing /home/airflow/.local/lib/python3.8/site-packages/airflow/example_dags/example_task_group.py took 0.070 seconds
[2025-11-19T02:50:01.743+0000] {processor.py:161} INFO - Started process (PID=550) to work on /home/airflow/.local/lib/python3.8/site-packages/airflow/example_dags/example_task_group.py
[2025-11-19T02:50:01.745+0000] {processor.py:830} INFO - Processing file /home/airflow/.local/lib/python3.8/site-packages/airflow/example_dags/example_task_group.py for tasks to queue
[2025-11-19T02:50:01.746+0000] {logging_mixin.py:188} INFO - [2025-11-19T02:50:01.746+0000] {dagbag.py:538} INFO - Filling up the DagBag from /home/airflow/.local/lib/python3.8/site-packages/airflow/example_dags/example_task_group.py
[2025-11-19T02:50:01.753+0000] {processor.py:840} INFO - DAG(s) 'example_task_group' retrieved from /home/airflow/.local/lib/python3.8/site-packages/airflow/example_dags/example_task_group.py
[2025-11-19T02:50:01.775+0000] {logging_mixin.py:188} INFO - [2025-11-19T02:50:01.774+0000] {dag.py:3036} INFO - Sync 1 DAGs
[2025-11-19T02:50:01.793+0000] {logging_mixin.py:188} INFO - [2025-11-19T02:50:01.793+0000] {dag.py:3823} INFO - Setting next_dagrun for example_task_group to 2025-11-18 00:00:00+00:00, run_after=2025-11-19 00:00:00+00:00
[2025-11-19T02:50:01.816+0000] {processor.py:183} INFO - Processing /home/airflow/.local/lib/python3.8/site-packages/airflow/example_dags/example_task_group.py took 0.076 seconds
[2025-11-19T02:50:32.229+0000] {processor.py:161} INFO - Started process (PID=609) to work on /home/airflow/.local/lib/python3.8/site-packages/airflow/example_dags/example_task_group.py
[2025-11-19T02:50:32.230+0000] {processor.py:830} INFO - Processing file /home/airflow/.local/lib/python3.8/site-packages/airflow/example_dags/example_task_group.py for tasks to queue
[2025-11-19T02:50:32.232+0000] {logging_mixin.py:188} INFO - [2025-11-19T02:50:32.232+0000] {dagbag.py:538} INFO - Filling up the DagBag from /home/airflow/.local/lib/python3.8/site-packages/airflow/example_dags/example_task_group.py
[2025-11-19T02:50:32.250+0000] {processor.py:840} INFO - DAG(s) 'example_task_group' retrieved from /home/airflow/.local/lib/python3.8/site-packages/airflow/example_dags/example_task_group.py
[2025-11-19T02:50:32.283+0000] {logging_mixin.py:188} INFO - [2025-11-19T02:50:32.282+0000] {dag.py:3036} INFO - Sync 1 DAGs
[2025-11-19T02:50:32.311+0000] {logging_mixin.py:188} INFO - [2025-11-19T02:50:32.310+0000] {dag.py:3823} INFO - Setting next_dagrun for example_task_group to 2025-11-18 00:00:00+00:00, run_after=2025-11-19 00:00:00+00:00
[2025-11-19T02:50:32.331+0000] {processor.py:183} INFO - Processing /home/airflow/.local/lib/python3.8/site-packages/airflow/example_dags/example_task_group.py took 0.106 seconds
[2025-11-19T02:51:02.434+0000] {processor.py:161} INFO - Started process (PID=668) to work on /home/airflow/.local/lib/python3.8/site-packages/airflow/example_dags/example_task_group.py
[2025-11-19T02:51:02.435+0000] {processor.py:830} INFO - Processing file /home/airflow/.local/lib/python3.8/site-packages/airflow/example_dags/example_task_group.py for tasks to queue
[2025-11-19T02:51:02.437+0000] {logging_mixin.py:188} INFO - [2025-11-19T02:51:02.437+0000] {dagbag.py:538} INFO - Filling up the DagBag from /home/airflow/.local/lib/python3.8/site-packages/airflow/example_dags/example_task_group.py
[2025-11-19T02:51:02.447+0000] {processor.py:840} INFO - DAG(s) 'example_task_group' retrieved from /home/airflow/.local/lib/python3.8/site-packages/airflow/example_dags/example_task_group.py
[2025-11-19T02:51:02.473+0000] {logging_mixin.py:188} INFO - [2025-11-19T02:51:02.473+0000] {dag.py:3036} INFO - Sync 1 DAGs
[2025-11-19T02:51:02.495+0000] {logging_mixin.py:188} INFO - [2025-11-19T02:51:02.495+0000] {dag.py:3823} INFO - Setting next_dagrun for example_task_group to 2025-11-18 00:00:00+00:00, run_after=2025-11-19 00:00:00+00:00
[2025-11-19T02:51:02.518+0000] {processor.py:183} INFO - Processing /home/airflow/.local/lib/python3.8/site-packages/airflow/example_dags/example_task_group.py took 0.088 seconds
