[2025-11-19T02:29:08.951+0000] {processor.py:161} INFO - Started process (PID=77) to work on /home/airflow/.local/lib/python3.8/site-packages/airflow/example_dags/example_latest_only_with_trigger.py
[2025-11-19T02:29:08.954+0000] {processor.py:830} INFO - Processing file /home/airflow/.local/lib/python3.8/site-packages/airflow/example_dags/example_latest_only_with_trigger.py for tasks to queue
[2025-11-19T02:29:08.958+0000] {logging_mixin.py:188} INFO - [2025-11-19T02:29:08.957+0000] {dagbag.py:538} INFO - Filling up the DagBag from /home/airflow/.local/lib/python3.8/site-packages/airflow/example_dags/example_latest_only_with_trigger.py
[2025-11-19T02:29:08.972+0000] {processor.py:840} INFO - DAG(s) 'latest_only_with_trigger' retrieved from /home/airflow/.local/lib/python3.8/site-packages/airflow/example_dags/example_latest_only_with_trigger.py
[2025-11-19T02:29:09.140+0000] {logging_mixin.py:188} INFO - [2025-11-19T02:29:09.139+0000] {override.py:1769} INFO - Created Permission View: can read on DAG:latest_only_with_trigger
[2025-11-19T02:29:09.155+0000] {logging_mixin.py:188} INFO - [2025-11-19T02:29:09.154+0000] {override.py:1769} INFO - Created Permission View: can edit on DAG:latest_only_with_trigger
[2025-11-19T02:29:09.167+0000] {logging_mixin.py:188} INFO - [2025-11-19T02:29:09.166+0000] {override.py:1769} INFO - Created Permission View: can delete on DAG:latest_only_with_trigger
[2025-11-19T02:29:09.169+0000] {logging_mixin.py:188} INFO - [2025-11-19T02:29:09.168+0000] {dag.py:3036} INFO - Sync 1 DAGs
[2025-11-19T02:29:09.185+0000] {logging_mixin.py:188} INFO - [2025-11-19T02:29:09.185+0000] {dag.py:3058} INFO - Creating ORM DAG for latest_only_with_trigger
[2025-11-19T02:29:09.199+0000] {logging_mixin.py:188} INFO - [2025-11-19T02:29:09.199+0000] {dag.py:3823} INFO - Setting next_dagrun for latest_only_with_trigger to 2025-11-18 20:00:00+00:00, run_after=2025-11-19 00:00:00+00:00
[2025-11-19T02:29:09.225+0000] {processor.py:183} INFO - Processing /home/airflow/.local/lib/python3.8/site-packages/airflow/example_dags/example_latest_only_with_trigger.py took 0.278 seconds
[2025-11-19T02:45:57.717+0000] {processor.py:161} INFO - Started process (PID=77) to work on /home/airflow/.local/lib/python3.8/site-packages/airflow/example_dags/example_latest_only_with_trigger.py
[2025-11-19T02:45:57.719+0000] {processor.py:830} INFO - Processing file /home/airflow/.local/lib/python3.8/site-packages/airflow/example_dags/example_latest_only_with_trigger.py for tasks to queue
[2025-11-19T02:45:57.723+0000] {logging_mixin.py:188} INFO - [2025-11-19T02:45:57.722+0000] {dagbag.py:538} INFO - Filling up the DagBag from /home/airflow/.local/lib/python3.8/site-packages/airflow/example_dags/example_latest_only_with_trigger.py
[2025-11-19T02:45:57.737+0000] {processor.py:840} INFO - DAG(s) 'latest_only_with_trigger' retrieved from /home/airflow/.local/lib/python3.8/site-packages/airflow/example_dags/example_latest_only_with_trigger.py
[2025-11-19T02:45:57.900+0000] {logging_mixin.py:188} INFO - [2025-11-19T02:45:57.899+0000] {override.py:1769} INFO - Created Permission View: can read on DAG:latest_only_with_trigger
[2025-11-19T02:45:57.916+0000] {logging_mixin.py:188} INFO - [2025-11-19T02:45:57.915+0000] {override.py:1769} INFO - Created Permission View: can edit on DAG:latest_only_with_trigger
[2025-11-19T02:45:57.928+0000] {logging_mixin.py:188} INFO - [2025-11-19T02:45:57.927+0000] {override.py:1769} INFO - Created Permission View: can delete on DAG:latest_only_with_trigger
[2025-11-19T02:45:57.929+0000] {logging_mixin.py:188} INFO - [2025-11-19T02:45:57.928+0000] {dag.py:3036} INFO - Sync 1 DAGs
[2025-11-19T02:45:57.945+0000] {logging_mixin.py:188} INFO - [2025-11-19T02:45:57.945+0000] {dag.py:3058} INFO - Creating ORM DAG for latest_only_with_trigger
[2025-11-19T02:45:57.962+0000] {logging_mixin.py:188} INFO - [2025-11-19T02:45:57.961+0000] {dag.py:3823} INFO - Setting next_dagrun for latest_only_with_trigger to 2025-11-18 20:00:00+00:00, run_after=2025-11-19 00:00:00+00:00
[2025-11-19T02:45:57.987+0000] {processor.py:183} INFO - Processing /home/airflow/.local/lib/python3.8/site-packages/airflow/example_dags/example_latest_only_with_trigger.py took 0.275 seconds
[2025-11-19T02:46:28.446+0000] {processor.py:161} INFO - Started process (PID=135) to work on /home/airflow/.local/lib/python3.8/site-packages/airflow/example_dags/example_latest_only_with_trigger.py
[2025-11-19T02:46:28.448+0000] {processor.py:830} INFO - Processing file /home/airflow/.local/lib/python3.8/site-packages/airflow/example_dags/example_latest_only_with_trigger.py for tasks to queue
[2025-11-19T02:46:28.450+0000] {logging_mixin.py:188} INFO - [2025-11-19T02:46:28.450+0000] {dagbag.py:538} INFO - Filling up the DagBag from /home/airflow/.local/lib/python3.8/site-packages/airflow/example_dags/example_latest_only_with_trigger.py
[2025-11-19T02:46:28.457+0000] {processor.py:840} INFO - DAG(s) 'latest_only_with_trigger' retrieved from /home/airflow/.local/lib/python3.8/site-packages/airflow/example_dags/example_latest_only_with_trigger.py
[2025-11-19T02:46:28.480+0000] {logging_mixin.py:188} INFO - [2025-11-19T02:46:28.480+0000] {dag.py:3036} INFO - Sync 1 DAGs
[2025-11-19T02:46:28.502+0000] {logging_mixin.py:188} INFO - [2025-11-19T02:46:28.502+0000] {dag.py:3823} INFO - Setting next_dagrun for latest_only_with_trigger to 2025-11-18 20:00:00+00:00, run_after=2025-11-19 00:00:00+00:00
[2025-11-19T02:46:28.521+0000] {processor.py:183} INFO - Processing /home/airflow/.local/lib/python3.8/site-packages/airflow/example_dags/example_latest_only_with_trigger.py took 0.078 seconds
[2025-11-19T02:46:58.640+0000] {processor.py:161} INFO - Started process (PID=194) to work on /home/airflow/.local/lib/python3.8/site-packages/airflow/example_dags/example_latest_only_with_trigger.py
[2025-11-19T02:46:58.641+0000] {processor.py:830} INFO - Processing file /home/airflow/.local/lib/python3.8/site-packages/airflow/example_dags/example_latest_only_with_trigger.py for tasks to queue
[2025-11-19T02:46:58.643+0000] {logging_mixin.py:188} INFO - [2025-11-19T02:46:58.643+0000] {dagbag.py:538} INFO - Filling up the DagBag from /home/airflow/.local/lib/python3.8/site-packages/airflow/example_dags/example_latest_only_with_trigger.py
[2025-11-19T02:46:58.648+0000] {processor.py:840} INFO - DAG(s) 'latest_only_with_trigger' retrieved from /home/airflow/.local/lib/python3.8/site-packages/airflow/example_dags/example_latest_only_with_trigger.py
[2025-11-19T02:46:58.661+0000] {logging_mixin.py:188} INFO - [2025-11-19T02:46:58.661+0000] {dag.py:3036} INFO - Sync 1 DAGs
[2025-11-19T02:46:58.679+0000] {logging_mixin.py:188} INFO - [2025-11-19T02:46:58.679+0000] {dag.py:3823} INFO - Setting next_dagrun for latest_only_with_trigger to 2025-11-18 20:00:00+00:00, run_after=2025-11-19 00:00:00+00:00
[2025-11-19T02:46:58.698+0000] {processor.py:183} INFO - Processing /home/airflow/.local/lib/python3.8/site-packages/airflow/example_dags/example_latest_only_with_trigger.py took 0.061 seconds
[2025-11-19T02:47:29.825+0000] {processor.py:161} INFO - Started process (PID=253) to work on /home/airflow/.local/lib/python3.8/site-packages/airflow/example_dags/example_latest_only_with_trigger.py
[2025-11-19T02:47:29.827+0000] {processor.py:830} INFO - Processing file /home/airflow/.local/lib/python3.8/site-packages/airflow/example_dags/example_latest_only_with_trigger.py for tasks to queue
[2025-11-19T02:47:29.832+0000] {logging_mixin.py:188} INFO - [2025-11-19T02:47:29.831+0000] {dagbag.py:538} INFO - Filling up the DagBag from /home/airflow/.local/lib/python3.8/site-packages/airflow/example_dags/example_latest_only_with_trigger.py
[2025-11-19T02:47:29.842+0000] {processor.py:840} INFO - DAG(s) 'latest_only_with_trigger' retrieved from /home/airflow/.local/lib/python3.8/site-packages/airflow/example_dags/example_latest_only_with_trigger.py
[2025-11-19T02:47:29.965+0000] {logging_mixin.py:188} INFO - [2025-11-19T02:47:29.965+0000] {dag.py:3036} INFO - Sync 1 DAGs
[2025-11-19T02:47:29.986+0000] {logging_mixin.py:188} INFO - [2025-11-19T02:47:29.986+0000] {dag.py:3823} INFO - Setting next_dagrun for latest_only_with_trigger to 2025-11-18 20:00:00+00:00, run_after=2025-11-19 00:00:00+00:00
[2025-11-19T02:47:30.009+0000] {processor.py:183} INFO - Processing /home/airflow/.local/lib/python3.8/site-packages/airflow/example_dags/example_latest_only_with_trigger.py took 0.188 seconds
[2025-11-19T02:48:00.898+0000] {processor.py:161} INFO - Started process (PID=312) to work on /home/airflow/.local/lib/python3.8/site-packages/airflow/example_dags/example_latest_only_with_trigger.py
[2025-11-19T02:48:00.899+0000] {processor.py:830} INFO - Processing file /home/airflow/.local/lib/python3.8/site-packages/airflow/example_dags/example_latest_only_with_trigger.py for tasks to queue
[2025-11-19T02:48:00.901+0000] {logging_mixin.py:188} INFO - [2025-11-19T02:48:00.901+0000] {dagbag.py:538} INFO - Filling up the DagBag from /home/airflow/.local/lib/python3.8/site-packages/airflow/example_dags/example_latest_only_with_trigger.py
[2025-11-19T02:48:00.907+0000] {processor.py:840} INFO - DAG(s) 'latest_only_with_trigger' retrieved from /home/airflow/.local/lib/python3.8/site-packages/airflow/example_dags/example_latest_only_with_trigger.py
[2025-11-19T02:48:00.931+0000] {logging_mixin.py:188} INFO - [2025-11-19T02:48:00.931+0000] {dag.py:3036} INFO - Sync 1 DAGs
[2025-11-19T02:48:00.952+0000] {logging_mixin.py:188} INFO - [2025-11-19T02:48:00.952+0000] {dag.py:3823} INFO - Setting next_dagrun for latest_only_with_trigger to 2025-11-18 20:00:00+00:00, run_after=2025-11-19 00:00:00+00:00
[2025-11-19T02:48:00.971+0000] {processor.py:183} INFO - Processing /home/airflow/.local/lib/python3.8/site-packages/airflow/example_dags/example_latest_only_with_trigger.py took 0.076 seconds
[2025-11-19T02:48:31.123+0000] {processor.py:161} INFO - Started process (PID=371) to work on /home/airflow/.local/lib/python3.8/site-packages/airflow/example_dags/example_latest_only_with_trigger.py
[2025-11-19T02:48:31.124+0000] {processor.py:830} INFO - Processing file /home/airflow/.local/lib/python3.8/site-packages/airflow/example_dags/example_latest_only_with_trigger.py for tasks to queue
[2025-11-19T02:48:31.126+0000] {logging_mixin.py:188} INFO - [2025-11-19T02:48:31.126+0000] {dagbag.py:538} INFO - Filling up the DagBag from /home/airflow/.local/lib/python3.8/site-packages/airflow/example_dags/example_latest_only_with_trigger.py
[2025-11-19T02:48:31.132+0000] {processor.py:840} INFO - DAG(s) 'latest_only_with_trigger' retrieved from /home/airflow/.local/lib/python3.8/site-packages/airflow/example_dags/example_latest_only_with_trigger.py
[2025-11-19T02:48:31.153+0000] {logging_mixin.py:188} INFO - [2025-11-19T02:48:31.152+0000] {dag.py:3036} INFO - Sync 1 DAGs
[2025-11-19T02:48:31.173+0000] {logging_mixin.py:188} INFO - [2025-11-19T02:48:31.173+0000] {dag.py:3823} INFO - Setting next_dagrun for latest_only_with_trigger to 2025-11-18 20:00:00+00:00, run_after=2025-11-19 00:00:00+00:00
[2025-11-19T02:48:31.193+0000] {processor.py:183} INFO - Processing /home/airflow/.local/lib/python3.8/site-packages/airflow/example_dags/example_latest_only_with_trigger.py took 0.073 seconds
[2025-11-19T02:49:01.297+0000] {processor.py:161} INFO - Started process (PID=430) to work on /home/airflow/.local/lib/python3.8/site-packages/airflow/example_dags/example_latest_only_with_trigger.py
[2025-11-19T02:49:01.299+0000] {processor.py:830} INFO - Processing file /home/airflow/.local/lib/python3.8/site-packages/airflow/example_dags/example_latest_only_with_trigger.py for tasks to queue
[2025-11-19T02:49:01.302+0000] {logging_mixin.py:188} INFO - [2025-11-19T02:49:01.301+0000] {dagbag.py:538} INFO - Filling up the DagBag from /home/airflow/.local/lib/python3.8/site-packages/airflow/example_dags/example_latest_only_with_trigger.py
[2025-11-19T02:49:01.309+0000] {processor.py:840} INFO - DAG(s) 'latest_only_with_trigger' retrieved from /home/airflow/.local/lib/python3.8/site-packages/airflow/example_dags/example_latest_only_with_trigger.py
[2025-11-19T02:49:01.336+0000] {logging_mixin.py:188} INFO - [2025-11-19T02:49:01.336+0000] {dag.py:3036} INFO - Sync 1 DAGs
[2025-11-19T02:49:01.366+0000] {logging_mixin.py:188} INFO - [2025-11-19T02:49:01.366+0000] {dag.py:3823} INFO - Setting next_dagrun for latest_only_with_trigger to 2025-11-18 20:00:00+00:00, run_after=2025-11-19 00:00:00+00:00
[2025-11-19T02:49:01.396+0000] {processor.py:183} INFO - Processing /home/airflow/.local/lib/python3.8/site-packages/airflow/example_dags/example_latest_only_with_trigger.py took 0.103 seconds
[2025-11-19T02:49:31.485+0000] {processor.py:161} INFO - Started process (PID=489) to work on /home/airflow/.local/lib/python3.8/site-packages/airflow/example_dags/example_latest_only_with_trigger.py
[2025-11-19T02:49:31.486+0000] {processor.py:830} INFO - Processing file /home/airflow/.local/lib/python3.8/site-packages/airflow/example_dags/example_latest_only_with_trigger.py for tasks to queue
[2025-11-19T02:49:31.488+0000] {logging_mixin.py:188} INFO - [2025-11-19T02:49:31.488+0000] {dagbag.py:538} INFO - Filling up the DagBag from /home/airflow/.local/lib/python3.8/site-packages/airflow/example_dags/example_latest_only_with_trigger.py
[2025-11-19T02:49:31.494+0000] {processor.py:840} INFO - DAG(s) 'latest_only_with_trigger' retrieved from /home/airflow/.local/lib/python3.8/site-packages/airflow/example_dags/example_latest_only_with_trigger.py
[2025-11-19T02:49:31.516+0000] {logging_mixin.py:188} INFO - [2025-11-19T02:49:31.515+0000] {dag.py:3036} INFO - Sync 1 DAGs
[2025-11-19T02:49:31.535+0000] {logging_mixin.py:188} INFO - [2025-11-19T02:49:31.534+0000] {dag.py:3823} INFO - Setting next_dagrun for latest_only_with_trigger to 2025-11-18 20:00:00+00:00, run_after=2025-11-19 00:00:00+00:00
[2025-11-19T02:49:31.555+0000] {processor.py:183} INFO - Processing /home/airflow/.local/lib/python3.8/site-packages/airflow/example_dags/example_latest_only_with_trigger.py took 0.073 seconds
[2025-11-19T02:50:01.642+0000] {processor.py:161} INFO - Started process (PID=548) to work on /home/airflow/.local/lib/python3.8/site-packages/airflow/example_dags/example_latest_only_with_trigger.py
[2025-11-19T02:50:01.643+0000] {processor.py:830} INFO - Processing file /home/airflow/.local/lib/python3.8/site-packages/airflow/example_dags/example_latest_only_with_trigger.py for tasks to queue
[2025-11-19T02:50:01.644+0000] {logging_mixin.py:188} INFO - [2025-11-19T02:50:01.644+0000] {dagbag.py:538} INFO - Filling up the DagBag from /home/airflow/.local/lib/python3.8/site-packages/airflow/example_dags/example_latest_only_with_trigger.py
[2025-11-19T02:50:01.650+0000] {processor.py:840} INFO - DAG(s) 'latest_only_with_trigger' retrieved from /home/airflow/.local/lib/python3.8/site-packages/airflow/example_dags/example_latest_only_with_trigger.py
[2025-11-19T02:50:01.673+0000] {logging_mixin.py:188} INFO - [2025-11-19T02:50:01.672+0000] {dag.py:3036} INFO - Sync 1 DAGs
[2025-11-19T02:50:01.691+0000] {logging_mixin.py:188} INFO - [2025-11-19T02:50:01.691+0000] {dag.py:3823} INFO - Setting next_dagrun for latest_only_with_trigger to 2025-11-18 20:00:00+00:00, run_after=2025-11-19 00:00:00+00:00
[2025-11-19T02:50:01.711+0000] {processor.py:183} INFO - Processing /home/airflow/.local/lib/python3.8/site-packages/airflow/example_dags/example_latest_only_with_trigger.py took 0.072 seconds
[2025-11-19T02:50:32.132+0000] {processor.py:161} INFO - Started process (PID=607) to work on /home/airflow/.local/lib/python3.8/site-packages/airflow/example_dags/example_latest_only_with_trigger.py
[2025-11-19T02:50:32.133+0000] {processor.py:830} INFO - Processing file /home/airflow/.local/lib/python3.8/site-packages/airflow/example_dags/example_latest_only_with_trigger.py for tasks to queue
[2025-11-19T02:50:32.135+0000] {logging_mixin.py:188} INFO - [2025-11-19T02:50:32.134+0000] {dagbag.py:538} INFO - Filling up the DagBag from /home/airflow/.local/lib/python3.8/site-packages/airflow/example_dags/example_latest_only_with_trigger.py
[2025-11-19T02:50:32.140+0000] {processor.py:840} INFO - DAG(s) 'latest_only_with_trigger' retrieved from /home/airflow/.local/lib/python3.8/site-packages/airflow/example_dags/example_latest_only_with_trigger.py
[2025-11-19T02:50:32.161+0000] {logging_mixin.py:188} INFO - [2025-11-19T02:50:32.161+0000] {dag.py:3036} INFO - Sync 1 DAGs
[2025-11-19T02:50:32.179+0000] {logging_mixin.py:188} INFO - [2025-11-19T02:50:32.179+0000] {dag.py:3823} INFO - Setting next_dagrun for latest_only_with_trigger to 2025-11-18 20:00:00+00:00, run_after=2025-11-19 00:00:00+00:00
[2025-11-19T02:50:32.199+0000] {processor.py:183} INFO - Processing /home/airflow/.local/lib/python3.8/site-packages/airflow/example_dags/example_latest_only_with_trigger.py took 0.071 seconds
[2025-11-19T02:51:02.333+0000] {processor.py:161} INFO - Started process (PID=666) to work on /home/airflow/.local/lib/python3.8/site-packages/airflow/example_dags/example_latest_only_with_trigger.py
[2025-11-19T02:51:02.335+0000] {processor.py:830} INFO - Processing file /home/airflow/.local/lib/python3.8/site-packages/airflow/example_dags/example_latest_only_with_trigger.py for tasks to queue
[2025-11-19T02:51:02.337+0000] {logging_mixin.py:188} INFO - [2025-11-19T02:51:02.336+0000] {dagbag.py:538} INFO - Filling up the DagBag from /home/airflow/.local/lib/python3.8/site-packages/airflow/example_dags/example_latest_only_with_trigger.py
[2025-11-19T02:51:02.342+0000] {processor.py:840} INFO - DAG(s) 'latest_only_with_trigger' retrieved from /home/airflow/.local/lib/python3.8/site-packages/airflow/example_dags/example_latest_only_with_trigger.py
[2025-11-19T02:51:02.363+0000] {logging_mixin.py:188} INFO - [2025-11-19T02:51:02.363+0000] {dag.py:3036} INFO - Sync 1 DAGs
[2025-11-19T02:51:02.381+0000] {logging_mixin.py:188} INFO - [2025-11-19T02:51:02.381+0000] {dag.py:3823} INFO - Setting next_dagrun for latest_only_with_trigger to 2025-11-18 20:00:00+00:00, run_after=2025-11-19 00:00:00+00:00
[2025-11-19T02:51:02.403+0000] {processor.py:183} INFO - Processing /home/airflow/.local/lib/python3.8/site-packages/airflow/example_dags/example_latest_only_with_trigger.py took 0.073 seconds
