[2025-11-19T02:29:04.505+0000] {processor.py:161} INFO - Started process (PID=48) to work on /home/airflow/.local/lib/python3.8/site-packages/airflow/example_dags/example_python_decorator.py
[2025-11-19T02:29:04.507+0000] {processor.py:830} INFO - Processing file /home/airflow/.local/lib/python3.8/site-packages/airflow/example_dags/example_python_decorator.py for tasks to queue
[2025-11-19T02:29:04.510+0000] {logging_mixin.py:188} INFO - [2025-11-19T02:29:04.509+0000] {dagbag.py:538} INFO - Filling up the DagBag from /home/airflow/.local/lib/python3.8/site-packages/airflow/example_dags/example_python_decorator.py
[2025-11-19T02:29:04.540+0000] {processor.py:840} INFO - DAG(s) 'example_python_decorator' retrieved from /home/airflow/.local/lib/python3.8/site-packages/airflow/example_dags/example_python_decorator.py
[2025-11-19T02:29:04.717+0000] {logging_mixin.py:188} INFO - [2025-11-19T02:29:04.716+0000] {override.py:1769} INFO - Created Permission View: can read on DAG:example_python_decorator
[2025-11-19T02:29:04.733+0000] {logging_mixin.py:188} INFO - [2025-11-19T02:29:04.732+0000] {override.py:1769} INFO - Created Permission View: can edit on DAG:example_python_decorator
[2025-11-19T02:29:04.743+0000] {logging_mixin.py:188} INFO - [2025-11-19T02:29:04.743+0000] {override.py:1769} INFO - Created Permission View: can delete on DAG:example_python_decorator
[2025-11-19T02:29:04.745+0000] {logging_mixin.py:188} INFO - [2025-11-19T02:29:04.744+0000] {dag.py:3036} INFO - Sync 1 DAGs
[2025-11-19T02:29:04.762+0000] {logging_mixin.py:188} INFO - [2025-11-19T02:29:04.761+0000] {dag.py:3058} INFO - Creating ORM DAG for example_python_decorator
[2025-11-19T02:29:04.763+0000] {logging_mixin.py:188} INFO - [2025-11-19T02:29:04.763+0000] {dag.py:3823} INFO - Setting next_dagrun for example_python_decorator to None, run_after=None
[2025-11-19T02:29:04.788+0000] {processor.py:183} INFO - Processing /home/airflow/.local/lib/python3.8/site-packages/airflow/example_dags/example_python_decorator.py took 0.287 seconds
[2025-11-19T02:29:35.323+0000] {processor.py:161} INFO - Started process (PID=106) to work on /home/airflow/.local/lib/python3.8/site-packages/airflow/example_dags/example_python_decorator.py
[2025-11-19T02:29:35.325+0000] {processor.py:830} INFO - Processing file /home/airflow/.local/lib/python3.8/site-packages/airflow/example_dags/example_python_decorator.py for tasks to queue
[2025-11-19T02:29:35.327+0000] {logging_mixin.py:188} INFO - [2025-11-19T02:29:35.326+0000] {dagbag.py:538} INFO - Filling up the DagBag from /home/airflow/.local/lib/python3.8/site-packages/airflow/example_dags/example_python_decorator.py
[2025-11-19T02:29:35.338+0000] {processor.py:840} INFO - DAG(s) 'example_python_decorator' retrieved from /home/airflow/.local/lib/python3.8/site-packages/airflow/example_dags/example_python_decorator.py
[2025-11-19T02:29:35.358+0000] {logging_mixin.py:188} INFO - [2025-11-19T02:29:35.358+0000] {dag.py:3036} INFO - Sync 1 DAGs
[2025-11-19T02:29:35.369+0000] {logging_mixin.py:188} INFO - [2025-11-19T02:29:35.369+0000] {dag.py:3823} INFO - Setting next_dagrun for example_python_decorator to None, run_after=None
[2025-11-19T02:29:35.392+0000] {processor.py:183} INFO - Processing /home/airflow/.local/lib/python3.8/site-packages/airflow/example_dags/example_python_decorator.py took 0.072 seconds
[2025-11-19T02:45:52.379+0000] {processor.py:161} INFO - Started process (PID=48) to work on /home/airflow/.local/lib/python3.8/site-packages/airflow/example_dags/example_python_decorator.py
[2025-11-19T02:45:52.381+0000] {processor.py:830} INFO - Processing file /home/airflow/.local/lib/python3.8/site-packages/airflow/example_dags/example_python_decorator.py for tasks to queue
[2025-11-19T02:45:52.385+0000] {logging_mixin.py:188} INFO - [2025-11-19T02:45:52.384+0000] {dagbag.py:538} INFO - Filling up the DagBag from /home/airflow/.local/lib/python3.8/site-packages/airflow/example_dags/example_python_decorator.py
[2025-11-19T02:45:52.414+0000] {processor.py:840} INFO - DAG(s) 'example_python_decorator' retrieved from /home/airflow/.local/lib/python3.8/site-packages/airflow/example_dags/example_python_decorator.py
[2025-11-19T02:45:52.596+0000] {logging_mixin.py:188} INFO - [2025-11-19T02:45:52.595+0000] {override.py:1769} INFO - Created Permission View: can read on DAG:example_python_decorator
[2025-11-19T02:45:52.610+0000] {logging_mixin.py:188} INFO - [2025-11-19T02:45:52.610+0000] {override.py:1769} INFO - Created Permission View: can edit on DAG:example_python_decorator
[2025-11-19T02:45:52.621+0000] {logging_mixin.py:188} INFO - [2025-11-19T02:45:52.620+0000] {override.py:1769} INFO - Created Permission View: can delete on DAG:example_python_decorator
[2025-11-19T02:45:52.621+0000] {logging_mixin.py:188} INFO - [2025-11-19T02:45:52.621+0000] {dag.py:3036} INFO - Sync 1 DAGs
[2025-11-19T02:45:52.639+0000] {logging_mixin.py:188} INFO - [2025-11-19T02:45:52.639+0000] {dag.py:3058} INFO - Creating ORM DAG for example_python_decorator
[2025-11-19T02:45:52.640+0000] {logging_mixin.py:188} INFO - [2025-11-19T02:45:52.640+0000] {dag.py:3823} INFO - Setting next_dagrun for example_python_decorator to None, run_after=None
[2025-11-19T02:45:52.666+0000] {processor.py:183} INFO - Processing /home/airflow/.local/lib/python3.8/site-packages/airflow/example_dags/example_python_decorator.py took 0.293 seconds
[2025-11-19T02:46:22.793+0000] {processor.py:161} INFO - Started process (PID=106) to work on /home/airflow/.local/lib/python3.8/site-packages/airflow/example_dags/example_python_decorator.py
[2025-11-19T02:46:22.795+0000] {processor.py:830} INFO - Processing file /home/airflow/.local/lib/python3.8/site-packages/airflow/example_dags/example_python_decorator.py for tasks to queue
[2025-11-19T02:46:22.797+0000] {logging_mixin.py:188} INFO - [2025-11-19T02:46:22.796+0000] {dagbag.py:538} INFO - Filling up the DagBag from /home/airflow/.local/lib/python3.8/site-packages/airflow/example_dags/example_python_decorator.py
[2025-11-19T02:46:22.808+0000] {processor.py:840} INFO - DAG(s) 'example_python_decorator' retrieved from /home/airflow/.local/lib/python3.8/site-packages/airflow/example_dags/example_python_decorator.py
[2025-11-19T02:46:22.830+0000] {logging_mixin.py:188} INFO - [2025-11-19T02:46:22.830+0000] {dag.py:3036} INFO - Sync 1 DAGs
[2025-11-19T02:46:22.841+0000] {logging_mixin.py:188} INFO - [2025-11-19T02:46:22.841+0000] {dag.py:3823} INFO - Setting next_dagrun for example_python_decorator to None, run_after=None
[2025-11-19T02:46:22.863+0000] {processor.py:183} INFO - Processing /home/airflow/.local/lib/python3.8/site-packages/airflow/example_dags/example_python_decorator.py took 0.074 seconds
[2025-11-19T02:46:53.278+0000] {processor.py:161} INFO - Started process (PID=165) to work on /home/airflow/.local/lib/python3.8/site-packages/airflow/example_dags/example_python_decorator.py
[2025-11-19T02:46:53.279+0000] {processor.py:830} INFO - Processing file /home/airflow/.local/lib/python3.8/site-packages/airflow/example_dags/example_python_decorator.py for tasks to queue
[2025-11-19T02:46:53.281+0000] {logging_mixin.py:188} INFO - [2025-11-19T02:46:53.280+0000] {dagbag.py:538} INFO - Filling up the DagBag from /home/airflow/.local/lib/python3.8/site-packages/airflow/example_dags/example_python_decorator.py
[2025-11-19T02:46:53.292+0000] {processor.py:840} INFO - DAG(s) 'example_python_decorator' retrieved from /home/airflow/.local/lib/python3.8/site-packages/airflow/example_dags/example_python_decorator.py
[2025-11-19T02:46:53.304+0000] {logging_mixin.py:188} INFO - [2025-11-19T02:46:53.304+0000] {dag.py:3036} INFO - Sync 1 DAGs
[2025-11-19T02:46:53.314+0000] {logging_mixin.py:188} INFO - [2025-11-19T02:46:53.314+0000] {dag.py:3823} INFO - Setting next_dagrun for example_python_decorator to None, run_after=None
[2025-11-19T02:46:53.334+0000] {processor.py:183} INFO - Processing /home/airflow/.local/lib/python3.8/site-packages/airflow/example_dags/example_python_decorator.py took 0.060 seconds
[2025-11-19T02:47:23.876+0000] {processor.py:161} INFO - Started process (PID=224) to work on /home/airflow/.local/lib/python3.8/site-packages/airflow/example_dags/example_python_decorator.py
[2025-11-19T02:47:23.877+0000] {processor.py:830} INFO - Processing file /home/airflow/.local/lib/python3.8/site-packages/airflow/example_dags/example_python_decorator.py for tasks to queue
[2025-11-19T02:47:23.880+0000] {logging_mixin.py:188} INFO - [2025-11-19T02:47:23.879+0000] {dagbag.py:538} INFO - Filling up the DagBag from /home/airflow/.local/lib/python3.8/site-packages/airflow/example_dags/example_python_decorator.py
[2025-11-19T02:47:23.892+0000] {processor.py:840} INFO - DAG(s) 'example_python_decorator' retrieved from /home/airflow/.local/lib/python3.8/site-packages/airflow/example_dags/example_python_decorator.py
[2025-11-19T02:47:23.995+0000] {logging_mixin.py:188} INFO - [2025-11-19T02:47:23.995+0000] {dag.py:3036} INFO - Sync 1 DAGs
[2025-11-19T02:47:24.007+0000] {logging_mixin.py:188} INFO - [2025-11-19T02:47:24.007+0000] {dag.py:3823} INFO - Setting next_dagrun for example_python_decorator to None, run_after=None
[2025-11-19T02:47:24.030+0000] {processor.py:183} INFO - Processing /home/airflow/.local/lib/python3.8/site-packages/airflow/example_dags/example_python_decorator.py took 0.158 seconds
[2025-11-19T02:47:54.120+0000] {processor.py:161} INFO - Started process (PID=283) to work on /home/airflow/.local/lib/python3.8/site-packages/airflow/example_dags/example_python_decorator.py
[2025-11-19T02:47:54.122+0000] {processor.py:830} INFO - Processing file /home/airflow/.local/lib/python3.8/site-packages/airflow/example_dags/example_python_decorator.py for tasks to queue
[2025-11-19T02:47:54.123+0000] {logging_mixin.py:188} INFO - [2025-11-19T02:47:54.123+0000] {dagbag.py:538} INFO - Filling up the DagBag from /home/airflow/.local/lib/python3.8/site-packages/airflow/example_dags/example_python_decorator.py
[2025-11-19T02:47:54.135+0000] {processor.py:840} INFO - DAG(s) 'example_python_decorator' retrieved from /home/airflow/.local/lib/python3.8/site-packages/airflow/example_dags/example_python_decorator.py
[2025-11-19T02:47:54.154+0000] {logging_mixin.py:188} INFO - [2025-11-19T02:47:54.154+0000] {dag.py:3036} INFO - Sync 1 DAGs
[2025-11-19T02:47:54.165+0000] {logging_mixin.py:188} INFO - [2025-11-19T02:47:54.164+0000] {dag.py:3823} INFO - Setting next_dagrun for example_python_decorator to None, run_after=None
[2025-11-19T02:47:54.184+0000] {processor.py:183} INFO - Processing /home/airflow/.local/lib/python3.8/site-packages/airflow/example_dags/example_python_decorator.py took 0.067 seconds
[2025-11-19T02:48:24.350+0000] {processor.py:161} INFO - Started process (PID=342) to work on /home/airflow/.local/lib/python3.8/site-packages/airflow/example_dags/example_python_decorator.py
[2025-11-19T02:48:24.352+0000] {processor.py:830} INFO - Processing file /home/airflow/.local/lib/python3.8/site-packages/airflow/example_dags/example_python_decorator.py for tasks to queue
[2025-11-19T02:48:24.354+0000] {logging_mixin.py:188} INFO - [2025-11-19T02:48:24.354+0000] {dagbag.py:538} INFO - Filling up the DagBag from /home/airflow/.local/lib/python3.8/site-packages/airflow/example_dags/example_python_decorator.py
[2025-11-19T02:48:24.367+0000] {processor.py:840} INFO - DAG(s) 'example_python_decorator' retrieved from /home/airflow/.local/lib/python3.8/site-packages/airflow/example_dags/example_python_decorator.py
[2025-11-19T02:48:24.391+0000] {logging_mixin.py:188} INFO - [2025-11-19T02:48:24.391+0000] {dag.py:3036} INFO - Sync 1 DAGs
[2025-11-19T02:48:24.402+0000] {logging_mixin.py:188} INFO - [2025-11-19T02:48:24.402+0000] {dag.py:3823} INFO - Setting next_dagrun for example_python_decorator to None, run_after=None
[2025-11-19T02:48:24.423+0000] {processor.py:183} INFO - Processing /home/airflow/.local/lib/python3.8/site-packages/airflow/example_dags/example_python_decorator.py took 0.078 seconds
[2025-11-19T02:48:54.511+0000] {processor.py:161} INFO - Started process (PID=401) to work on /home/airflow/.local/lib/python3.8/site-packages/airflow/example_dags/example_python_decorator.py
[2025-11-19T02:48:54.512+0000] {processor.py:830} INFO - Processing file /home/airflow/.local/lib/python3.8/site-packages/airflow/example_dags/example_python_decorator.py for tasks to queue
[2025-11-19T02:48:54.514+0000] {logging_mixin.py:188} INFO - [2025-11-19T02:48:54.514+0000] {dagbag.py:538} INFO - Filling up the DagBag from /home/airflow/.local/lib/python3.8/site-packages/airflow/example_dags/example_python_decorator.py
[2025-11-19T02:48:54.526+0000] {processor.py:840} INFO - DAG(s) 'example_python_decorator' retrieved from /home/airflow/.local/lib/python3.8/site-packages/airflow/example_dags/example_python_decorator.py
[2025-11-19T02:48:54.548+0000] {logging_mixin.py:188} INFO - [2025-11-19T02:48:54.548+0000] {dag.py:3036} INFO - Sync 1 DAGs
[2025-11-19T02:48:54.558+0000] {logging_mixin.py:188} INFO - [2025-11-19T02:48:54.558+0000] {dag.py:3823} INFO - Setting next_dagrun for example_python_decorator to None, run_after=None
[2025-11-19T02:48:54.580+0000] {processor.py:183} INFO - Processing /home/airflow/.local/lib/python3.8/site-packages/airflow/example_dags/example_python_decorator.py took 0.072 seconds
[2025-11-19T02:49:24.735+0000] {processor.py:161} INFO - Started process (PID=460) to work on /home/airflow/.local/lib/python3.8/site-packages/airflow/example_dags/example_python_decorator.py
[2025-11-19T02:49:24.736+0000] {processor.py:830} INFO - Processing file /home/airflow/.local/lib/python3.8/site-packages/airflow/example_dags/example_python_decorator.py for tasks to queue
[2025-11-19T02:49:24.738+0000] {logging_mixin.py:188} INFO - [2025-11-19T02:49:24.738+0000] {dagbag.py:538} INFO - Filling up the DagBag from /home/airflow/.local/lib/python3.8/site-packages/airflow/example_dags/example_python_decorator.py
[2025-11-19T02:49:24.752+0000] {processor.py:840} INFO - DAG(s) 'example_python_decorator' retrieved from /home/airflow/.local/lib/python3.8/site-packages/airflow/example_dags/example_python_decorator.py
[2025-11-19T02:49:24.773+0000] {logging_mixin.py:188} INFO - [2025-11-19T02:49:24.773+0000] {dag.py:3036} INFO - Sync 1 DAGs
[2025-11-19T02:49:24.783+0000] {logging_mixin.py:188} INFO - [2025-11-19T02:49:24.783+0000] {dag.py:3823} INFO - Setting next_dagrun for example_python_decorator to None, run_after=None
[2025-11-19T02:49:24.805+0000] {processor.py:183} INFO - Processing /home/airflow/.local/lib/python3.8/site-packages/airflow/example_dags/example_python_decorator.py took 0.074 seconds
[2025-11-19T02:49:55.026+0000] {processor.py:161} INFO - Started process (PID=519) to work on /home/airflow/.local/lib/python3.8/site-packages/airflow/example_dags/example_python_decorator.py
[2025-11-19T02:49:55.027+0000] {processor.py:830} INFO - Processing file /home/airflow/.local/lib/python3.8/site-packages/airflow/example_dags/example_python_decorator.py for tasks to queue
[2025-11-19T02:49:55.030+0000] {logging_mixin.py:188} INFO - [2025-11-19T02:49:55.029+0000] {dagbag.py:538} INFO - Filling up the DagBag from /home/airflow/.local/lib/python3.8/site-packages/airflow/example_dags/example_python_decorator.py
[2025-11-19T02:49:55.042+0000] {processor.py:840} INFO - DAG(s) 'example_python_decorator' retrieved from /home/airflow/.local/lib/python3.8/site-packages/airflow/example_dags/example_python_decorator.py
[2025-11-19T02:49:55.062+0000] {logging_mixin.py:188} INFO - [2025-11-19T02:49:55.062+0000] {dag.py:3036} INFO - Sync 1 DAGs
[2025-11-19T02:49:55.072+0000] {logging_mixin.py:188} INFO - [2025-11-19T02:49:55.072+0000] {dag.py:3823} INFO - Setting next_dagrun for example_python_decorator to None, run_after=None
[2025-11-19T02:49:55.091+0000] {processor.py:183} INFO - Processing /home/airflow/.local/lib/python3.8/site-packages/airflow/example_dags/example_python_decorator.py took 0.069 seconds
[2025-11-19T02:50:25.526+0000] {processor.py:161} INFO - Started process (PID=578) to work on /home/airflow/.local/lib/python3.8/site-packages/airflow/example_dags/example_python_decorator.py
[2025-11-19T02:50:25.527+0000] {processor.py:830} INFO - Processing file /home/airflow/.local/lib/python3.8/site-packages/airflow/example_dags/example_python_decorator.py for tasks to queue
[2025-11-19T02:50:25.529+0000] {logging_mixin.py:188} INFO - [2025-11-19T02:50:25.529+0000] {dagbag.py:538} INFO - Filling up the DagBag from /home/airflow/.local/lib/python3.8/site-packages/airflow/example_dags/example_python_decorator.py
[2025-11-19T02:50:25.542+0000] {processor.py:840} INFO - DAG(s) 'example_python_decorator' retrieved from /home/airflow/.local/lib/python3.8/site-packages/airflow/example_dags/example_python_decorator.py
[2025-11-19T02:50:25.561+0000] {logging_mixin.py:188} INFO - [2025-11-19T02:50:25.561+0000] {dag.py:3036} INFO - Sync 1 DAGs
[2025-11-19T02:50:25.571+0000] {logging_mixin.py:188} INFO - [2025-11-19T02:50:25.571+0000] {dag.py:3823} INFO - Setting next_dagrun for example_python_decorator to None, run_after=None
[2025-11-19T02:50:25.588+0000] {processor.py:183} INFO - Processing /home/airflow/.local/lib/python3.8/site-packages/airflow/example_dags/example_python_decorator.py took 0.065 seconds
[2025-11-19T02:50:56.661+0000] {processor.py:161} INFO - Started process (PID=637) to work on /home/airflow/.local/lib/python3.8/site-packages/airflow/example_dags/example_python_decorator.py
[2025-11-19T02:50:56.662+0000] {processor.py:830} INFO - Processing file /home/airflow/.local/lib/python3.8/site-packages/airflow/example_dags/example_python_decorator.py for tasks to queue
[2025-11-19T02:50:56.664+0000] {logging_mixin.py:188} INFO - [2025-11-19T02:50:56.664+0000] {dagbag.py:538} INFO - Filling up the DagBag from /home/airflow/.local/lib/python3.8/site-packages/airflow/example_dags/example_python_decorator.py
[2025-11-19T02:50:56.679+0000] {processor.py:840} INFO - DAG(s) 'example_python_decorator' retrieved from /home/airflow/.local/lib/python3.8/site-packages/airflow/example_dags/example_python_decorator.py
[2025-11-19T02:50:56.701+0000] {logging_mixin.py:188} INFO - [2025-11-19T02:50:56.701+0000] {dag.py:3036} INFO - Sync 1 DAGs
[2025-11-19T02:50:56.712+0000] {logging_mixin.py:188} INFO - [2025-11-19T02:50:56.712+0000] {dag.py:3823} INFO - Setting next_dagrun for example_python_decorator to None, run_after=None
[2025-11-19T02:50:56.732+0000] {processor.py:183} INFO - Processing /home/airflow/.local/lib/python3.8/site-packages/airflow/example_dags/example_python_decorator.py took 0.074 seconds
[2025-11-19T02:51:26.791+0000] {processor.py:161} INFO - Started process (PID=696) to work on /home/airflow/.local/lib/python3.8/site-packages/airflow/example_dags/example_python_decorator.py
[2025-11-19T02:51:26.792+0000] {processor.py:830} INFO - Processing file /home/airflow/.local/lib/python3.8/site-packages/airflow/example_dags/example_python_decorator.py for tasks to queue
[2025-11-19T02:51:26.794+0000] {logging_mixin.py:188} INFO - [2025-11-19T02:51:26.794+0000] {dagbag.py:538} INFO - Filling up the DagBag from /home/airflow/.local/lib/python3.8/site-packages/airflow/example_dags/example_python_decorator.py
[2025-11-19T02:51:26.805+0000] {processor.py:840} INFO - DAG(s) 'example_python_decorator' retrieved from /home/airflow/.local/lib/python3.8/site-packages/airflow/example_dags/example_python_decorator.py
[2025-11-19T02:51:26.825+0000] {logging_mixin.py:188} INFO - [2025-11-19T02:51:26.825+0000] {dag.py:3036} INFO - Sync 1 DAGs
[2025-11-19T02:51:26.837+0000] {logging_mixin.py:188} INFO - [2025-11-19T02:51:26.837+0000] {dag.py:3823} INFO - Setting next_dagrun for example_python_decorator to None, run_after=None
[2025-11-19T02:51:26.858+0000] {processor.py:183} INFO - Processing /home/airflow/.local/lib/python3.8/site-packages/airflow/example_dags/example_python_decorator.py took 0.069 seconds
