[2025-11-19T02:29:05.566+0000] {processor.py:161} INFO - Started process (PID=55) to work on /home/airflow/.local/lib/python3.8/site-packages/airflow/example_dags/example_bash_operator.py
[2025-11-19T02:29:05.568+0000] {processor.py:830} INFO - Processing file /home/airflow/.local/lib/python3.8/site-packages/airflow/example_dags/example_bash_operator.py for tasks to queue
[2025-11-19T02:29:05.571+0000] {logging_mixin.py:188} INFO - [2025-11-19T02:29:05.571+0000] {dagbag.py:538} INFO - Filling up the DagBag from /home/airflow/.local/lib/python3.8/site-packages/airflow/example_dags/example_bash_operator.py
[2025-11-19T02:29:05.589+0000] {processor.py:840} INFO - DAG(s) 'example_bash_operator' retrieved from /home/airflow/.local/lib/python3.8/site-packages/airflow/example_dags/example_bash_operator.py
[2025-11-19T02:29:05.734+0000] {logging_mixin.py:188} INFO - [2025-11-19T02:29:05.734+0000] {override.py:1769} INFO - Created Permission View: can read on DAG:example_bash_operator
[2025-11-19T02:29:05.747+0000] {logging_mixin.py:188} INFO - [2025-11-19T02:29:05.747+0000] {override.py:1769} INFO - Created Permission View: can edit on DAG:example_bash_operator
[2025-11-19T02:29:05.756+0000] {logging_mixin.py:188} INFO - [2025-11-19T02:29:05.755+0000] {override.py:1769} INFO - Created Permission View: can delete on DAG:example_bash_operator
[2025-11-19T02:29:05.758+0000] {logging_mixin.py:188} INFO - [2025-11-19T02:29:05.758+0000] {dag.py:3036} INFO - Sync 1 DAGs
[2025-11-19T02:29:05.768+0000] {logging_mixin.py:188} INFO - [2025-11-19T02:29:05.768+0000] {dag.py:3058} INFO - Creating ORM DAG for example_bash_operator
[2025-11-19T02:29:05.780+0000] {logging_mixin.py:188} INFO - [2025-11-19T02:29:05.779+0000] {dag.py:3823} INFO - Setting next_dagrun for example_bash_operator to 2025-11-18 00:00:00+00:00, run_after=2025-11-19 00:00:00+00:00
[2025-11-19T02:29:05.799+0000] {processor.py:183} INFO - Processing /home/airflow/.local/lib/python3.8/site-packages/airflow/example_dags/example_bash_operator.py took 0.237 seconds
[2025-11-19T02:29:36.733+0000] {processor.py:161} INFO - Started process (PID=113) to work on /home/airflow/.local/lib/python3.8/site-packages/airflow/example_dags/example_bash_operator.py
[2025-11-19T02:29:36.734+0000] {processor.py:830} INFO - Processing file /home/airflow/.local/lib/python3.8/site-packages/airflow/example_dags/example_bash_operator.py for tasks to queue
[2025-11-19T02:29:36.736+0000] {logging_mixin.py:188} INFO - [2025-11-19T02:29:36.735+0000] {dagbag.py:538} INFO - Filling up the DagBag from /home/airflow/.local/lib/python3.8/site-packages/airflow/example_dags/example_bash_operator.py
[2025-11-19T02:29:36.745+0000] {processor.py:840} INFO - DAG(s) 'example_bash_operator' retrieved from /home/airflow/.local/lib/python3.8/site-packages/airflow/example_dags/example_bash_operator.py
[2025-11-19T02:29:36.769+0000] {logging_mixin.py:188} INFO - [2025-11-19T02:29:36.769+0000] {dag.py:3036} INFO - Sync 1 DAGs
[2025-11-19T02:29:36.788+0000] {logging_mixin.py:188} INFO - [2025-11-19T02:29:36.787+0000] {dag.py:3823} INFO - Setting next_dagrun for example_bash_operator to 2025-11-18 00:00:00+00:00, run_after=2025-11-19 00:00:00+00:00
[2025-11-19T02:29:36.807+0000] {processor.py:183} INFO - Processing /home/airflow/.local/lib/python3.8/site-packages/airflow/example_dags/example_bash_operator.py took 0.077 seconds
[2025-11-19T02:45:53.584+0000] {processor.py:161} INFO - Started process (PID=55) to work on /home/airflow/.local/lib/python3.8/site-packages/airflow/example_dags/example_bash_operator.py
[2025-11-19T02:45:53.586+0000] {processor.py:830} INFO - Processing file /home/airflow/.local/lib/python3.8/site-packages/airflow/example_dags/example_bash_operator.py for tasks to queue
[2025-11-19T02:45:53.589+0000] {logging_mixin.py:188} INFO - [2025-11-19T02:45:53.589+0000] {dagbag.py:538} INFO - Filling up the DagBag from /home/airflow/.local/lib/python3.8/site-packages/airflow/example_dags/example_bash_operator.py
[2025-11-19T02:45:53.611+0000] {processor.py:840} INFO - DAG(s) 'example_bash_operator' retrieved from /home/airflow/.local/lib/python3.8/site-packages/airflow/example_dags/example_bash_operator.py
[2025-11-19T02:45:53.799+0000] {logging_mixin.py:188} INFO - [2025-11-19T02:45:53.798+0000] {override.py:1769} INFO - Created Permission View: can read on DAG:example_bash_operator
[2025-11-19T02:45:53.816+0000] {logging_mixin.py:188} INFO - [2025-11-19T02:45:53.815+0000] {override.py:1769} INFO - Created Permission View: can edit on DAG:example_bash_operator
[2025-11-19T02:45:53.829+0000] {logging_mixin.py:188} INFO - [2025-11-19T02:45:53.829+0000] {override.py:1769} INFO - Created Permission View: can delete on DAG:example_bash_operator
[2025-11-19T02:45:53.831+0000] {logging_mixin.py:188} INFO - [2025-11-19T02:45:53.830+0000] {dag.py:3036} INFO - Sync 1 DAGs
[2025-11-19T02:45:53.849+0000] {logging_mixin.py:188} INFO - [2025-11-19T02:45:53.848+0000] {dag.py:3058} INFO - Creating ORM DAG for example_bash_operator
[2025-11-19T02:45:53.868+0000] {logging_mixin.py:188} INFO - [2025-11-19T02:45:53.868+0000] {dag.py:3823} INFO - Setting next_dagrun for example_bash_operator to 2025-11-18 00:00:00+00:00, run_after=2025-11-19 00:00:00+00:00
[2025-11-19T02:45:53.896+0000] {processor.py:183} INFO - Processing /home/airflow/.local/lib/python3.8/site-packages/airflow/example_dags/example_bash_operator.py took 0.317 seconds
[2025-11-19T02:46:24.198+0000] {processor.py:161} INFO - Started process (PID=113) to work on /home/airflow/.local/lib/python3.8/site-packages/airflow/example_dags/example_bash_operator.py
[2025-11-19T02:46:24.200+0000] {processor.py:830} INFO - Processing file /home/airflow/.local/lib/python3.8/site-packages/airflow/example_dags/example_bash_operator.py for tasks to queue
[2025-11-19T02:46:24.202+0000] {logging_mixin.py:188} INFO - [2025-11-19T02:46:24.202+0000] {dagbag.py:538} INFO - Filling up the DagBag from /home/airflow/.local/lib/python3.8/site-packages/airflow/example_dags/example_bash_operator.py
[2025-11-19T02:46:24.214+0000] {processor.py:840} INFO - DAG(s) 'example_bash_operator' retrieved from /home/airflow/.local/lib/python3.8/site-packages/airflow/example_dags/example_bash_operator.py
[2025-11-19T02:46:24.240+0000] {logging_mixin.py:188} INFO - [2025-11-19T02:46:24.239+0000] {dag.py:3036} INFO - Sync 1 DAGs
[2025-11-19T02:46:24.260+0000] {logging_mixin.py:188} INFO - [2025-11-19T02:46:24.260+0000] {dag.py:3823} INFO - Setting next_dagrun for example_bash_operator to 2025-11-18 00:00:00+00:00, run_after=2025-11-19 00:00:00+00:00
[2025-11-19T02:46:24.280+0000] {processor.py:183} INFO - Processing /home/airflow/.local/lib/python3.8/site-packages/airflow/example_dags/example_bash_operator.py took 0.085 seconds
[2025-11-19T02:46:54.580+0000] {processor.py:161} INFO - Started process (PID=172) to work on /home/airflow/.local/lib/python3.8/site-packages/airflow/example_dags/example_bash_operator.py
[2025-11-19T02:46:54.581+0000] {processor.py:830} INFO - Processing file /home/airflow/.local/lib/python3.8/site-packages/airflow/example_dags/example_bash_operator.py for tasks to queue
[2025-11-19T02:46:54.583+0000] {logging_mixin.py:188} INFO - [2025-11-19T02:46:54.583+0000] {dagbag.py:538} INFO - Filling up the DagBag from /home/airflow/.local/lib/python3.8/site-packages/airflow/example_dags/example_bash_operator.py
[2025-11-19T02:46:54.593+0000] {processor.py:840} INFO - DAG(s) 'example_bash_operator' retrieved from /home/airflow/.local/lib/python3.8/site-packages/airflow/example_dags/example_bash_operator.py
[2025-11-19T02:46:54.605+0000] {logging_mixin.py:188} INFO - [2025-11-19T02:46:54.605+0000] {dag.py:3036} INFO - Sync 1 DAGs
[2025-11-19T02:46:54.624+0000] {logging_mixin.py:188} INFO - [2025-11-19T02:46:54.623+0000] {dag.py:3823} INFO - Setting next_dagrun for example_bash_operator to 2025-11-18 00:00:00+00:00, run_after=2025-11-19 00:00:00+00:00
[2025-11-19T02:46:54.642+0000] {processor.py:183} INFO - Processing /home/airflow/.local/lib/python3.8/site-packages/airflow/example_dags/example_bash_operator.py took 0.065 seconds
[2025-11-19T02:47:25.579+0000] {processor.py:161} INFO - Started process (PID=231) to work on /home/airflow/.local/lib/python3.8/site-packages/airflow/example_dags/example_bash_operator.py
[2025-11-19T02:47:25.580+0000] {processor.py:830} INFO - Processing file /home/airflow/.local/lib/python3.8/site-packages/airflow/example_dags/example_bash_operator.py for tasks to queue
[2025-11-19T02:47:25.583+0000] {logging_mixin.py:188} INFO - [2025-11-19T02:47:25.583+0000] {dagbag.py:538} INFO - Filling up the DagBag from /home/airflow/.local/lib/python3.8/site-packages/airflow/example_dags/example_bash_operator.py
[2025-11-19T02:47:25.595+0000] {processor.py:840} INFO - DAG(s) 'example_bash_operator' retrieved from /home/airflow/.local/lib/python3.8/site-packages/airflow/example_dags/example_bash_operator.py
[2025-11-19T02:47:25.705+0000] {logging_mixin.py:188} INFO - [2025-11-19T02:47:25.705+0000] {dag.py:3036} INFO - Sync 1 DAGs
[2025-11-19T02:47:25.726+0000] {logging_mixin.py:188} INFO - [2025-11-19T02:47:25.726+0000] {dag.py:3823} INFO - Setting next_dagrun for example_bash_operator to 2025-11-18 00:00:00+00:00, run_after=2025-11-19 00:00:00+00:00
[2025-11-19T02:47:25.747+0000] {processor.py:183} INFO - Processing /home/airflow/.local/lib/python3.8/site-packages/airflow/example_dags/example_bash_operator.py took 0.172 seconds
[2025-11-19T02:47:56.523+0000] {processor.py:161} INFO - Started process (PID=290) to work on /home/airflow/.local/lib/python3.8/site-packages/airflow/example_dags/example_bash_operator.py
[2025-11-19T02:47:56.525+0000] {processor.py:830} INFO - Processing file /home/airflow/.local/lib/python3.8/site-packages/airflow/example_dags/example_bash_operator.py for tasks to queue
[2025-11-19T02:47:56.526+0000] {logging_mixin.py:188} INFO - [2025-11-19T02:47:56.526+0000] {dagbag.py:538} INFO - Filling up the DagBag from /home/airflow/.local/lib/python3.8/site-packages/airflow/example_dags/example_bash_operator.py
[2025-11-19T02:47:56.538+0000] {processor.py:840} INFO - DAG(s) 'example_bash_operator' retrieved from /home/airflow/.local/lib/python3.8/site-packages/airflow/example_dags/example_bash_operator.py
[2025-11-19T02:47:56.564+0000] {logging_mixin.py:188} INFO - [2025-11-19T02:47:56.564+0000] {dag.py:3036} INFO - Sync 1 DAGs
[2025-11-19T02:47:56.583+0000] {logging_mixin.py:188} INFO - [2025-11-19T02:47:56.582+0000] {dag.py:3823} INFO - Setting next_dagrun for example_bash_operator to 2025-11-18 00:00:00+00:00, run_after=2025-11-19 00:00:00+00:00
[2025-11-19T02:47:56.601+0000] {processor.py:183} INFO - Processing /home/airflow/.local/lib/python3.8/site-packages/airflow/example_dags/example_bash_operator.py took 0.081 seconds
[2025-11-19T02:48:26.677+0000] {processor.py:161} INFO - Started process (PID=349) to work on /home/airflow/.local/lib/python3.8/site-packages/airflow/example_dags/example_bash_operator.py
[2025-11-19T02:48:26.678+0000] {processor.py:830} INFO - Processing file /home/airflow/.local/lib/python3.8/site-packages/airflow/example_dags/example_bash_operator.py for tasks to queue
[2025-11-19T02:48:26.680+0000] {logging_mixin.py:188} INFO - [2025-11-19T02:48:26.680+0000] {dagbag.py:538} INFO - Filling up the DagBag from /home/airflow/.local/lib/python3.8/site-packages/airflow/example_dags/example_bash_operator.py
[2025-11-19T02:48:26.692+0000] {processor.py:840} INFO - DAG(s) 'example_bash_operator' retrieved from /home/airflow/.local/lib/python3.8/site-packages/airflow/example_dags/example_bash_operator.py
[2025-11-19T02:48:26.724+0000] {logging_mixin.py:188} INFO - [2025-11-19T02:48:26.724+0000] {dag.py:3036} INFO - Sync 1 DAGs
[2025-11-19T02:48:26.746+0000] {logging_mixin.py:188} INFO - [2025-11-19T02:48:26.746+0000] {dag.py:3823} INFO - Setting next_dagrun for example_bash_operator to 2025-11-18 00:00:00+00:00, run_after=2025-11-19 00:00:00+00:00
[2025-11-19T02:48:26.768+0000] {processor.py:183} INFO - Processing /home/airflow/.local/lib/python3.8/site-packages/airflow/example_dags/example_bash_operator.py took 0.094 seconds
[2025-11-19T02:48:56.858+0000] {processor.py:161} INFO - Started process (PID=408) to work on /home/airflow/.local/lib/python3.8/site-packages/airflow/example_dags/example_bash_operator.py
[2025-11-19T02:48:56.859+0000] {processor.py:830} INFO - Processing file /home/airflow/.local/lib/python3.8/site-packages/airflow/example_dags/example_bash_operator.py for tasks to queue
[2025-11-19T02:48:56.861+0000] {logging_mixin.py:188} INFO - [2025-11-19T02:48:56.861+0000] {dagbag.py:538} INFO - Filling up the DagBag from /home/airflow/.local/lib/python3.8/site-packages/airflow/example_dags/example_bash_operator.py
[2025-11-19T02:48:56.871+0000] {processor.py:840} INFO - DAG(s) 'example_bash_operator' retrieved from /home/airflow/.local/lib/python3.8/site-packages/airflow/example_dags/example_bash_operator.py
[2025-11-19T02:48:56.895+0000] {logging_mixin.py:188} INFO - [2025-11-19T02:48:56.895+0000] {dag.py:3036} INFO - Sync 1 DAGs
[2025-11-19T02:48:56.912+0000] {logging_mixin.py:188} INFO - [2025-11-19T02:48:56.912+0000] {dag.py:3823} INFO - Setting next_dagrun for example_bash_operator to 2025-11-18 00:00:00+00:00, run_after=2025-11-19 00:00:00+00:00
[2025-11-19T02:48:56.931+0000] {processor.py:183} INFO - Processing /home/airflow/.local/lib/python3.8/site-packages/airflow/example_dags/example_bash_operator.py took 0.077 seconds
[2025-11-19T02:49:27.097+0000] {processor.py:161} INFO - Started process (PID=467) to work on /home/airflow/.local/lib/python3.8/site-packages/airflow/example_dags/example_bash_operator.py
[2025-11-19T02:49:27.098+0000] {processor.py:830} INFO - Processing file /home/airflow/.local/lib/python3.8/site-packages/airflow/example_dags/example_bash_operator.py for tasks to queue
[2025-11-19T02:49:27.101+0000] {logging_mixin.py:188} INFO - [2025-11-19T02:49:27.100+0000] {dagbag.py:538} INFO - Filling up the DagBag from /home/airflow/.local/lib/python3.8/site-packages/airflow/example_dags/example_bash_operator.py
[2025-11-19T02:49:27.110+0000] {processor.py:840} INFO - DAG(s) 'example_bash_operator' retrieved from /home/airflow/.local/lib/python3.8/site-packages/airflow/example_dags/example_bash_operator.py
[2025-11-19T02:49:27.135+0000] {logging_mixin.py:188} INFO - [2025-11-19T02:49:27.135+0000] {dag.py:3036} INFO - Sync 1 DAGs
[2025-11-19T02:49:27.153+0000] {logging_mixin.py:188} INFO - [2025-11-19T02:49:27.153+0000] {dag.py:3823} INFO - Setting next_dagrun for example_bash_operator to 2025-11-18 00:00:00+00:00, run_after=2025-11-19 00:00:00+00:00
[2025-11-19T02:49:27.172+0000] {processor.py:183} INFO - Processing /home/airflow/.local/lib/python3.8/site-packages/airflow/example_dags/example_bash_operator.py took 0.078 seconds
[2025-11-19T02:49:57.373+0000] {processor.py:161} INFO - Started process (PID=526) to work on /home/airflow/.local/lib/python3.8/site-packages/airflow/example_dags/example_bash_operator.py
[2025-11-19T02:49:57.374+0000] {processor.py:830} INFO - Processing file /home/airflow/.local/lib/python3.8/site-packages/airflow/example_dags/example_bash_operator.py for tasks to queue
[2025-11-19T02:49:57.376+0000] {logging_mixin.py:188} INFO - [2025-11-19T02:49:57.375+0000] {dagbag.py:538} INFO - Filling up the DagBag from /home/airflow/.local/lib/python3.8/site-packages/airflow/example_dags/example_bash_operator.py
[2025-11-19T02:49:57.386+0000] {processor.py:840} INFO - DAG(s) 'example_bash_operator' retrieved from /home/airflow/.local/lib/python3.8/site-packages/airflow/example_dags/example_bash_operator.py
[2025-11-19T02:49:57.411+0000] {logging_mixin.py:188} INFO - [2025-11-19T02:49:57.411+0000] {dag.py:3036} INFO - Sync 1 DAGs
[2025-11-19T02:49:57.429+0000] {logging_mixin.py:188} INFO - [2025-11-19T02:49:57.429+0000] {dag.py:3823} INFO - Setting next_dagrun for example_bash_operator to 2025-11-18 00:00:00+00:00, run_after=2025-11-19 00:00:00+00:00
[2025-11-19T02:49:57.449+0000] {processor.py:183} INFO - Processing /home/airflow/.local/lib/python3.8/site-packages/airflow/example_dags/example_bash_operator.py took 0.079 seconds
[2025-11-19T02:50:27.889+0000] {processor.py:161} INFO - Started process (PID=585) to work on /home/airflow/.local/lib/python3.8/site-packages/airflow/example_dags/example_bash_operator.py
[2025-11-19T02:50:27.890+0000] {processor.py:830} INFO - Processing file /home/airflow/.local/lib/python3.8/site-packages/airflow/example_dags/example_bash_operator.py for tasks to queue
[2025-11-19T02:50:27.892+0000] {logging_mixin.py:188} INFO - [2025-11-19T02:50:27.892+0000] {dagbag.py:538} INFO - Filling up the DagBag from /home/airflow/.local/lib/python3.8/site-packages/airflow/example_dags/example_bash_operator.py
[2025-11-19T02:50:27.903+0000] {processor.py:840} INFO - DAG(s) 'example_bash_operator' retrieved from /home/airflow/.local/lib/python3.8/site-packages/airflow/example_dags/example_bash_operator.py
[2025-11-19T02:50:27.930+0000] {logging_mixin.py:188} INFO - [2025-11-19T02:50:27.929+0000] {dag.py:3036} INFO - Sync 1 DAGs
[2025-11-19T02:50:27.954+0000] {logging_mixin.py:188} INFO - [2025-11-19T02:50:27.954+0000] {dag.py:3823} INFO - Setting next_dagrun for example_bash_operator to 2025-11-18 00:00:00+00:00, run_after=2025-11-19 00:00:00+00:00
[2025-11-19T02:50:27.978+0000] {processor.py:183} INFO - Processing /home/airflow/.local/lib/python3.8/site-packages/airflow/example_dags/example_bash_operator.py took 0.092 seconds
[2025-11-19T02:50:58.043+0000] {processor.py:161} INFO - Started process (PID=645) to work on /home/airflow/.local/lib/python3.8/site-packages/airflow/example_dags/example_bash_operator.py
[2025-11-19T02:50:58.044+0000] {processor.py:830} INFO - Processing file /home/airflow/.local/lib/python3.8/site-packages/airflow/example_dags/example_bash_operator.py for tasks to queue
[2025-11-19T02:50:58.046+0000] {logging_mixin.py:188} INFO - [2025-11-19T02:50:58.045+0000] {dagbag.py:538} INFO - Filling up the DagBag from /home/airflow/.local/lib/python3.8/site-packages/airflow/example_dags/example_bash_operator.py
[2025-11-19T02:50:58.056+0000] {processor.py:840} INFO - DAG(s) 'example_bash_operator' retrieved from /home/airflow/.local/lib/python3.8/site-packages/airflow/example_dags/example_bash_operator.py
[2025-11-19T02:50:58.081+0000] {logging_mixin.py:188} INFO - [2025-11-19T02:50:58.081+0000] {dag.py:3036} INFO - Sync 1 DAGs
[2025-11-19T02:50:58.102+0000] {logging_mixin.py:188} INFO - [2025-11-19T02:50:58.101+0000] {dag.py:3823} INFO - Setting next_dagrun for example_bash_operator to 2025-11-18 00:00:00+00:00, run_after=2025-11-19 00:00:00+00:00
[2025-11-19T02:50:58.120+0000] {processor.py:183} INFO - Processing /home/airflow/.local/lib/python3.8/site-packages/airflow/example_dags/example_bash_operator.py took 0.080 seconds
[2025-11-19T02:51:28.301+0000] {processor.py:161} INFO - Started process (PID=703) to work on /home/airflow/.local/lib/python3.8/site-packages/airflow/example_dags/example_bash_operator.py
[2025-11-19T02:51:28.302+0000] {processor.py:830} INFO - Processing file /home/airflow/.local/lib/python3.8/site-packages/airflow/example_dags/example_bash_operator.py for tasks to queue
[2025-11-19T02:51:28.306+0000] {logging_mixin.py:188} INFO - [2025-11-19T02:51:28.305+0000] {dagbag.py:538} INFO - Filling up the DagBag from /home/airflow/.local/lib/python3.8/site-packages/airflow/example_dags/example_bash_operator.py
[2025-11-19T02:51:28.316+0000] {processor.py:840} INFO - DAG(s) 'example_bash_operator' retrieved from /home/airflow/.local/lib/python3.8/site-packages/airflow/example_dags/example_bash_operator.py
[2025-11-19T02:51:28.351+0000] {logging_mixin.py:188} INFO - [2025-11-19T02:51:28.351+0000] {dag.py:3036} INFO - Sync 1 DAGs
[2025-11-19T02:51:28.376+0000] {logging_mixin.py:188} INFO - [2025-11-19T02:51:28.376+0000] {dag.py:3823} INFO - Setting next_dagrun for example_bash_operator to 2025-11-18 00:00:00+00:00, run_after=2025-11-19 00:00:00+00:00
[2025-11-19T02:51:28.400+0000] {processor.py:183} INFO - Processing /home/airflow/.local/lib/python3.8/site-packages/airflow/example_dags/example_bash_operator.py took 0.103 seconds
