[2025-11-19T02:29:03.290+0000] {processor.py:161} INFO - Started process (PID=42) to work on /home/airflow/.local/lib/python3.8/site-packages/airflow/example_dags/example_trigger_target_dag.py
[2025-11-19T02:29:03.291+0000] {processor.py:830} INFO - Processing file /home/airflow/.local/lib/python3.8/site-packages/airflow/example_dags/example_trigger_target_dag.py for tasks to queue
[2025-11-19T02:29:03.295+0000] {logging_mixin.py:188} INFO - [2025-11-19T02:29:03.294+0000] {dagbag.py:538} INFO - Filling up the DagBag from /home/airflow/.local/lib/python3.8/site-packages/airflow/example_dags/example_trigger_target_dag.py
[2025-11-19T02:29:03.308+0000] {processor.py:840} INFO - DAG(s) 'example_trigger_target_dag' retrieved from /home/airflow/.local/lib/python3.8/site-packages/airflow/example_dags/example_trigger_target_dag.py
[2025-11-19T02:29:03.482+0000] {logging_mixin.py:188} INFO - [2025-11-19T02:29:03.481+0000] {override.py:1769} INFO - Created Permission View: can read on DAG:example_trigger_target_dag
[2025-11-19T02:29:03.491+0000] {logging_mixin.py:188} INFO - [2025-11-19T02:29:03.491+0000] {override.py:1769} INFO - Created Permission View: can edit on DAG:example_trigger_target_dag
[2025-11-19T02:29:03.498+0000] {logging_mixin.py:188} INFO - [2025-11-19T02:29:03.498+0000] {override.py:1769} INFO - Created Permission View: can delete on DAG:example_trigger_target_dag
[2025-11-19T02:29:03.499+0000] {logging_mixin.py:188} INFO - [2025-11-19T02:29:03.499+0000] {dag.py:3036} INFO - Sync 1 DAGs
[2025-11-19T02:29:03.514+0000] {logging_mixin.py:188} INFO - [2025-11-19T02:29:03.514+0000] {dag.py:3058} INFO - Creating ORM DAG for example_trigger_target_dag
[2025-11-19T02:29:03.516+0000] {logging_mixin.py:188} INFO - [2025-11-19T02:29:03.515+0000] {dag.py:3823} INFO - Setting next_dagrun for example_trigger_target_dag to None, run_after=None
[2025-11-19T02:29:03.536+0000] {processor.py:183} INFO - Processing /home/airflow/.local/lib/python3.8/site-packages/airflow/example_dags/example_trigger_target_dag.py took 0.252 seconds
[2025-11-19T02:29:34.057+0000] {processor.py:161} INFO - Started process (PID=100) to work on /home/airflow/.local/lib/python3.8/site-packages/airflow/example_dags/example_trigger_target_dag.py
[2025-11-19T02:29:34.058+0000] {processor.py:830} INFO - Processing file /home/airflow/.local/lib/python3.8/site-packages/airflow/example_dags/example_trigger_target_dag.py for tasks to queue
[2025-11-19T02:29:34.060+0000] {logging_mixin.py:188} INFO - [2025-11-19T02:29:34.059+0000] {dagbag.py:538} INFO - Filling up the DagBag from /home/airflow/.local/lib/python3.8/site-packages/airflow/example_dags/example_trigger_target_dag.py
[2025-11-19T02:29:34.065+0000] {processor.py:840} INFO - DAG(s) 'example_trigger_target_dag' retrieved from /home/airflow/.local/lib/python3.8/site-packages/airflow/example_dags/example_trigger_target_dag.py
[2025-11-19T02:29:34.091+0000] {logging_mixin.py:188} INFO - [2025-11-19T02:29:34.091+0000] {dag.py:3036} INFO - Sync 1 DAGs
[2025-11-19T02:29:34.107+0000] {logging_mixin.py:188} INFO - [2025-11-19T02:29:34.106+0000] {dag.py:3823} INFO - Setting next_dagrun for example_trigger_target_dag to None, run_after=None
[2025-11-19T02:29:34.131+0000] {processor.py:183} INFO - Processing /home/airflow/.local/lib/python3.8/site-packages/airflow/example_dags/example_trigger_target_dag.py took 0.077 seconds
[2025-11-19T02:45:51.363+0000] {processor.py:161} INFO - Started process (PID=42) to work on /home/airflow/.local/lib/python3.8/site-packages/airflow/example_dags/example_trigger_target_dag.py
[2025-11-19T02:45:51.365+0000] {processor.py:830} INFO - Processing file /home/airflow/.local/lib/python3.8/site-packages/airflow/example_dags/example_trigger_target_dag.py for tasks to queue
[2025-11-19T02:45:51.368+0000] {logging_mixin.py:188} INFO - [2025-11-19T02:45:51.368+0000] {dagbag.py:538} INFO - Filling up the DagBag from /home/airflow/.local/lib/python3.8/site-packages/airflow/example_dags/example_trigger_target_dag.py
[2025-11-19T02:45:51.381+0000] {processor.py:840} INFO - DAG(s) 'example_trigger_target_dag' retrieved from /home/airflow/.local/lib/python3.8/site-packages/airflow/example_dags/example_trigger_target_dag.py
[2025-11-19T02:45:51.567+0000] {logging_mixin.py:188} INFO - [2025-11-19T02:45:51.566+0000] {override.py:1769} INFO - Created Permission View: can read on DAG:example_trigger_target_dag
[2025-11-19T02:45:51.578+0000] {logging_mixin.py:188} INFO - [2025-11-19T02:45:51.578+0000] {override.py:1769} INFO - Created Permission View: can edit on DAG:example_trigger_target_dag
[2025-11-19T02:45:51.585+0000] {logging_mixin.py:188} INFO - [2025-11-19T02:45:51.585+0000] {override.py:1769} INFO - Created Permission View: can delete on DAG:example_trigger_target_dag
[2025-11-19T02:45:51.586+0000] {logging_mixin.py:188} INFO - [2025-11-19T02:45:51.586+0000] {dag.py:3036} INFO - Sync 1 DAGs
[2025-11-19T02:45:51.604+0000] {logging_mixin.py:188} INFO - [2025-11-19T02:45:51.604+0000] {dag.py:3058} INFO - Creating ORM DAG for example_trigger_target_dag
[2025-11-19T02:45:51.605+0000] {logging_mixin.py:188} INFO - [2025-11-19T02:45:51.605+0000] {dag.py:3823} INFO - Setting next_dagrun for example_trigger_target_dag to None, run_after=None
[2025-11-19T02:45:51.630+0000] {processor.py:183} INFO - Processing /home/airflow/.local/lib/python3.8/site-packages/airflow/example_dags/example_trigger_target_dag.py took 0.272 seconds
[2025-11-19T02:46:22.381+0000] {processor.py:161} INFO - Started process (PID=100) to work on /home/airflow/.local/lib/python3.8/site-packages/airflow/example_dags/example_trigger_target_dag.py
[2025-11-19T02:46:22.382+0000] {processor.py:830} INFO - Processing file /home/airflow/.local/lib/python3.8/site-packages/airflow/example_dags/example_trigger_target_dag.py for tasks to queue
[2025-11-19T02:46:22.384+0000] {logging_mixin.py:188} INFO - [2025-11-19T02:46:22.384+0000] {dagbag.py:538} INFO - Filling up the DagBag from /home/airflow/.local/lib/python3.8/site-packages/airflow/example_dags/example_trigger_target_dag.py
[2025-11-19T02:46:22.391+0000] {processor.py:840} INFO - DAG(s) 'example_trigger_target_dag' retrieved from /home/airflow/.local/lib/python3.8/site-packages/airflow/example_dags/example_trigger_target_dag.py
[2025-11-19T02:46:22.411+0000] {logging_mixin.py:188} INFO - [2025-11-19T02:46:22.411+0000] {dag.py:3036} INFO - Sync 1 DAGs
[2025-11-19T02:46:22.424+0000] {logging_mixin.py:188} INFO - [2025-11-19T02:46:22.423+0000] {dag.py:3823} INFO - Setting next_dagrun for example_trigger_target_dag to None, run_after=None
[2025-11-19T02:46:22.443+0000] {processor.py:183} INFO - Processing /home/airflow/.local/lib/python3.8/site-packages/airflow/example_dags/example_trigger_target_dag.py took 0.065 seconds
[2025-11-19T02:46:52.850+0000] {processor.py:161} INFO - Started process (PID=159) to work on /home/airflow/.local/lib/python3.8/site-packages/airflow/example_dags/example_trigger_target_dag.py
[2025-11-19T02:46:52.851+0000] {processor.py:830} INFO - Processing file /home/airflow/.local/lib/python3.8/site-packages/airflow/example_dags/example_trigger_target_dag.py for tasks to queue
[2025-11-19T02:46:52.853+0000] {logging_mixin.py:188} INFO - [2025-11-19T02:46:52.853+0000] {dagbag.py:538} INFO - Filling up the DagBag from /home/airflow/.local/lib/python3.8/site-packages/airflow/example_dags/example_trigger_target_dag.py
[2025-11-19T02:46:52.859+0000] {processor.py:840} INFO - DAG(s) 'example_trigger_target_dag' retrieved from /home/airflow/.local/lib/python3.8/site-packages/airflow/example_dags/example_trigger_target_dag.py
[2025-11-19T02:46:52.872+0000] {logging_mixin.py:188} INFO - [2025-11-19T02:46:52.872+0000] {dag.py:3036} INFO - Sync 1 DAGs
[2025-11-19T02:46:52.882+0000] {logging_mixin.py:188} INFO - [2025-11-19T02:46:52.882+0000] {dag.py:3823} INFO - Setting next_dagrun for example_trigger_target_dag to None, run_after=None
[2025-11-19T02:46:52.903+0000] {processor.py:183} INFO - Processing /home/airflow/.local/lib/python3.8/site-packages/airflow/example_dags/example_trigger_target_dag.py took 0.056 seconds
[2025-11-19T02:47:23.261+0000] {processor.py:161} INFO - Started process (PID=218) to work on /home/airflow/.local/lib/python3.8/site-packages/airflow/example_dags/example_trigger_target_dag.py
[2025-11-19T02:47:23.262+0000] {processor.py:830} INFO - Processing file /home/airflow/.local/lib/python3.8/site-packages/airflow/example_dags/example_trigger_target_dag.py for tasks to queue
[2025-11-19T02:47:23.264+0000] {logging_mixin.py:188} INFO - [2025-11-19T02:47:23.264+0000] {dagbag.py:538} INFO - Filling up the DagBag from /home/airflow/.local/lib/python3.8/site-packages/airflow/example_dags/example_trigger_target_dag.py
[2025-11-19T02:47:23.270+0000] {processor.py:840} INFO - DAG(s) 'example_trigger_target_dag' retrieved from /home/airflow/.local/lib/python3.8/site-packages/airflow/example_dags/example_trigger_target_dag.py
[2025-11-19T02:47:23.360+0000] {logging_mixin.py:188} INFO - [2025-11-19T02:47:23.360+0000] {dag.py:3036} INFO - Sync 1 DAGs
[2025-11-19T02:47:23.370+0000] {logging_mixin.py:188} INFO - [2025-11-19T02:47:23.370+0000] {dag.py:3823} INFO - Setting next_dagrun for example_trigger_target_dag to None, run_after=None
[2025-11-19T02:47:23.392+0000] {processor.py:183} INFO - Processing /home/airflow/.local/lib/python3.8/site-packages/airflow/example_dags/example_trigger_target_dag.py took 0.134 seconds
[2025-11-19T02:47:53.496+0000] {processor.py:161} INFO - Started process (PID=276) to work on /home/airflow/.local/lib/python3.8/site-packages/airflow/example_dags/example_trigger_target_dag.py
[2025-11-19T02:47:53.497+0000] {processor.py:830} INFO - Processing file /home/airflow/.local/lib/python3.8/site-packages/airflow/example_dags/example_trigger_target_dag.py for tasks to queue
[2025-11-19T02:47:53.498+0000] {logging_mixin.py:188} INFO - [2025-11-19T02:47:53.498+0000] {dagbag.py:538} INFO - Filling up the DagBag from /home/airflow/.local/lib/python3.8/site-packages/airflow/example_dags/example_trigger_target_dag.py
[2025-11-19T02:47:53.504+0000] {processor.py:840} INFO - DAG(s) 'example_trigger_target_dag' retrieved from /home/airflow/.local/lib/python3.8/site-packages/airflow/example_dags/example_trigger_target_dag.py
[2025-11-19T02:47:53.529+0000] {logging_mixin.py:188} INFO - [2025-11-19T02:47:53.529+0000] {dag.py:3036} INFO - Sync 1 DAGs
[2025-11-19T02:47:53.538+0000] {logging_mixin.py:188} INFO - [2025-11-19T02:47:53.538+0000] {dag.py:3823} INFO - Setting next_dagrun for example_trigger_target_dag to None, run_after=None
[2025-11-19T02:47:53.555+0000] {processor.py:183} INFO - Processing /home/airflow/.local/lib/python3.8/site-packages/airflow/example_dags/example_trigger_target_dag.py took 0.062 seconds
[2025-11-19T02:48:23.842+0000] {processor.py:161} INFO - Started process (PID=336) to work on /home/airflow/.local/lib/python3.8/site-packages/airflow/example_dags/example_trigger_target_dag.py
[2025-11-19T02:48:23.844+0000] {processor.py:830} INFO - Processing file /home/airflow/.local/lib/python3.8/site-packages/airflow/example_dags/example_trigger_target_dag.py for tasks to queue
[2025-11-19T02:48:23.846+0000] {logging_mixin.py:188} INFO - [2025-11-19T02:48:23.846+0000] {dagbag.py:538} INFO - Filling up the DagBag from /home/airflow/.local/lib/python3.8/site-packages/airflow/example_dags/example_trigger_target_dag.py
[2025-11-19T02:48:23.853+0000] {processor.py:840} INFO - DAG(s) 'example_trigger_target_dag' retrieved from /home/airflow/.local/lib/python3.8/site-packages/airflow/example_dags/example_trigger_target_dag.py
[2025-11-19T02:48:23.876+0000] {logging_mixin.py:188} INFO - [2025-11-19T02:48:23.876+0000] {dag.py:3036} INFO - Sync 1 DAGs
[2025-11-19T02:48:23.887+0000] {logging_mixin.py:188} INFO - [2025-11-19T02:48:23.887+0000] {dag.py:3823} INFO - Setting next_dagrun for example_trigger_target_dag to None, run_after=None
[2025-11-19T02:48:23.909+0000] {processor.py:183} INFO - Processing /home/airflow/.local/lib/python3.8/site-packages/airflow/example_dags/example_trigger_target_dag.py took 0.070 seconds
[2025-11-19T02:48:54.041+0000] {processor.py:161} INFO - Started process (PID=394) to work on /home/airflow/.local/lib/python3.8/site-packages/airflow/example_dags/example_trigger_target_dag.py
[2025-11-19T02:48:54.042+0000] {processor.py:830} INFO - Processing file /home/airflow/.local/lib/python3.8/site-packages/airflow/example_dags/example_trigger_target_dag.py for tasks to queue
[2025-11-19T02:48:54.045+0000] {logging_mixin.py:188} INFO - [2025-11-19T02:48:54.044+0000] {dagbag.py:538} INFO - Filling up the DagBag from /home/airflow/.local/lib/python3.8/site-packages/airflow/example_dags/example_trigger_target_dag.py
[2025-11-19T02:48:54.050+0000] {processor.py:840} INFO - DAG(s) 'example_trigger_target_dag' retrieved from /home/airflow/.local/lib/python3.8/site-packages/airflow/example_dags/example_trigger_target_dag.py
[2025-11-19T02:48:54.070+0000] {logging_mixin.py:188} INFO - [2025-11-19T02:48:54.070+0000] {dag.py:3036} INFO - Sync 1 DAGs
[2025-11-19T02:48:54.080+0000] {logging_mixin.py:188} INFO - [2025-11-19T02:48:54.080+0000] {dag.py:3823} INFO - Setting next_dagrun for example_trigger_target_dag to None, run_after=None
[2025-11-19T02:48:54.100+0000] {processor.py:183} INFO - Processing /home/airflow/.local/lib/python3.8/site-packages/airflow/example_dags/example_trigger_target_dag.py took 0.063 seconds
[2025-11-19T02:49:24.331+0000] {processor.py:161} INFO - Started process (PID=453) to work on /home/airflow/.local/lib/python3.8/site-packages/airflow/example_dags/example_trigger_target_dag.py
[2025-11-19T02:49:24.333+0000] {processor.py:830} INFO - Processing file /home/airflow/.local/lib/python3.8/site-packages/airflow/example_dags/example_trigger_target_dag.py for tasks to queue
[2025-11-19T02:49:24.335+0000] {logging_mixin.py:188} INFO - [2025-11-19T02:49:24.335+0000] {dagbag.py:538} INFO - Filling up the DagBag from /home/airflow/.local/lib/python3.8/site-packages/airflow/example_dags/example_trigger_target_dag.py
[2025-11-19T02:49:24.340+0000] {processor.py:840} INFO - DAG(s) 'example_trigger_target_dag' retrieved from /home/airflow/.local/lib/python3.8/site-packages/airflow/example_dags/example_trigger_target_dag.py
[2025-11-19T02:49:24.358+0000] {logging_mixin.py:188} INFO - [2025-11-19T02:49:24.358+0000] {dag.py:3036} INFO - Sync 1 DAGs
[2025-11-19T02:49:24.367+0000] {logging_mixin.py:188} INFO - [2025-11-19T02:49:24.367+0000] {dag.py:3823} INFO - Setting next_dagrun for example_trigger_target_dag to None, run_after=None
[2025-11-19T02:49:24.386+0000] {processor.py:183} INFO - Processing /home/airflow/.local/lib/python3.8/site-packages/airflow/example_dags/example_trigger_target_dag.py took 0.058 seconds
[2025-11-19T02:49:54.540+0000] {processor.py:161} INFO - Started process (PID=512) to work on /home/airflow/.local/lib/python3.8/site-packages/airflow/example_dags/example_trigger_target_dag.py
[2025-11-19T02:49:54.541+0000] {processor.py:830} INFO - Processing file /home/airflow/.local/lib/python3.8/site-packages/airflow/example_dags/example_trigger_target_dag.py for tasks to queue
[2025-11-19T02:49:54.543+0000] {logging_mixin.py:188} INFO - [2025-11-19T02:49:54.543+0000] {dagbag.py:538} INFO - Filling up the DagBag from /home/airflow/.local/lib/python3.8/site-packages/airflow/example_dags/example_trigger_target_dag.py
[2025-11-19T02:49:54.550+0000] {processor.py:840} INFO - DAG(s) 'example_trigger_target_dag' retrieved from /home/airflow/.local/lib/python3.8/site-packages/airflow/example_dags/example_trigger_target_dag.py
[2025-11-19T02:49:54.571+0000] {logging_mixin.py:188} INFO - [2025-11-19T02:49:54.571+0000] {dag.py:3036} INFO - Sync 1 DAGs
[2025-11-19T02:49:54.581+0000] {logging_mixin.py:188} INFO - [2025-11-19T02:49:54.580+0000] {dag.py:3823} INFO - Setting next_dagrun for example_trigger_target_dag to None, run_after=None
[2025-11-19T02:49:54.603+0000] {processor.py:183} INFO - Processing /home/airflow/.local/lib/python3.8/site-packages/airflow/example_dags/example_trigger_target_dag.py took 0.065 seconds
[2025-11-19T02:50:25.003+0000] {processor.py:161} INFO - Started process (PID=572) to work on /home/airflow/.local/lib/python3.8/site-packages/airflow/example_dags/example_trigger_target_dag.py
[2025-11-19T02:50:25.004+0000] {processor.py:830} INFO - Processing file /home/airflow/.local/lib/python3.8/site-packages/airflow/example_dags/example_trigger_target_dag.py for tasks to queue
[2025-11-19T02:50:25.005+0000] {logging_mixin.py:188} INFO - [2025-11-19T02:50:25.005+0000] {dagbag.py:538} INFO - Filling up the DagBag from /home/airflow/.local/lib/python3.8/site-packages/airflow/example_dags/example_trigger_target_dag.py
[2025-11-19T02:50:25.011+0000] {processor.py:840} INFO - DAG(s) 'example_trigger_target_dag' retrieved from /home/airflow/.local/lib/python3.8/site-packages/airflow/example_dags/example_trigger_target_dag.py
[2025-11-19T02:50:25.040+0000] {logging_mixin.py:188} INFO - [2025-11-19T02:50:25.039+0000] {dag.py:3036} INFO - Sync 1 DAGs
[2025-11-19T02:50:25.055+0000] {logging_mixin.py:188} INFO - [2025-11-19T02:50:25.055+0000] {dag.py:3823} INFO - Setting next_dagrun for example_trigger_target_dag to None, run_after=None
[2025-11-19T02:50:25.080+0000] {processor.py:183} INFO - Processing /home/airflow/.local/lib/python3.8/site-packages/airflow/example_dags/example_trigger_target_dag.py took 0.080 seconds
[2025-11-19T02:50:55.225+0000] {processor.py:161} INFO - Started process (PID=630) to work on /home/airflow/.local/lib/python3.8/site-packages/airflow/example_dags/example_trigger_target_dag.py
[2025-11-19T02:50:55.226+0000] {processor.py:830} INFO - Processing file /home/airflow/.local/lib/python3.8/site-packages/airflow/example_dags/example_trigger_target_dag.py for tasks to queue
[2025-11-19T02:50:55.228+0000] {logging_mixin.py:188} INFO - [2025-11-19T02:50:55.228+0000] {dagbag.py:538} INFO - Filling up the DagBag from /home/airflow/.local/lib/python3.8/site-packages/airflow/example_dags/example_trigger_target_dag.py
[2025-11-19T02:50:55.233+0000] {processor.py:840} INFO - DAG(s) 'example_trigger_target_dag' retrieved from /home/airflow/.local/lib/python3.8/site-packages/airflow/example_dags/example_trigger_target_dag.py
[2025-11-19T02:50:55.252+0000] {logging_mixin.py:188} INFO - [2025-11-19T02:50:55.252+0000] {dag.py:3036} INFO - Sync 1 DAGs
[2025-11-19T02:50:55.262+0000] {logging_mixin.py:188} INFO - [2025-11-19T02:50:55.262+0000] {dag.py:3823} INFO - Setting next_dagrun for example_trigger_target_dag to None, run_after=None
[2025-11-19T02:50:55.282+0000] {processor.py:183} INFO - Processing /home/airflow/.local/lib/python3.8/site-packages/airflow/example_dags/example_trigger_target_dag.py took 0.060 seconds
[2025-11-19T02:51:25.389+0000] {processor.py:161} INFO - Started process (PID=689) to work on /home/airflow/.local/lib/python3.8/site-packages/airflow/example_dags/example_trigger_target_dag.py
[2025-11-19T02:51:25.391+0000] {processor.py:830} INFO - Processing file /home/airflow/.local/lib/python3.8/site-packages/airflow/example_dags/example_trigger_target_dag.py for tasks to queue
[2025-11-19T02:51:25.393+0000] {logging_mixin.py:188} INFO - [2025-11-19T02:51:25.392+0000] {dagbag.py:538} INFO - Filling up the DagBag from /home/airflow/.local/lib/python3.8/site-packages/airflow/example_dags/example_trigger_target_dag.py
[2025-11-19T02:51:25.402+0000] {processor.py:840} INFO - DAG(s) 'example_trigger_target_dag' retrieved from /home/airflow/.local/lib/python3.8/site-packages/airflow/example_dags/example_trigger_target_dag.py
[2025-11-19T02:51:25.424+0000] {logging_mixin.py:188} INFO - [2025-11-19T02:51:25.424+0000] {dag.py:3036} INFO - Sync 1 DAGs
[2025-11-19T02:51:25.436+0000] {logging_mixin.py:188} INFO - [2025-11-19T02:51:25.436+0000] {dag.py:3823} INFO - Setting next_dagrun for example_trigger_target_dag to None, run_after=None
[2025-11-19T02:51:25.458+0000] {processor.py:183} INFO - Processing /home/airflow/.local/lib/python3.8/site-packages/airflow/example_dags/example_trigger_target_dag.py took 0.073 seconds
