[2025-11-19T02:29:05.829+0000] {processor.py:161} INFO - Started process (PID=57) to work on /home/airflow/.local/lib/python3.8/site-packages/airflow/example_dags/example_params_trigger_ui.py
[2025-11-19T02:29:05.831+0000] {processor.py:830} INFO - Processing file /home/airflow/.local/lib/python3.8/site-packages/airflow/example_dags/example_params_trigger_ui.py for tasks to queue
[2025-11-19T02:29:05.833+0000] {logging_mixin.py:188} INFO - [2025-11-19T02:29:05.832+0000] {dagbag.py:538} INFO - Filling up the DagBag from /home/airflow/.local/lib/python3.8/site-packages/airflow/example_dags/example_params_trigger_ui.py
[2025-11-19T02:29:05.852+0000] {processor.py:840} INFO - DAG(s) 'example_params_trigger_ui' retrieved from /home/airflow/.local/lib/python3.8/site-packages/airflow/example_dags/example_params_trigger_ui.py
[2025-11-19T02:29:05.999+0000] {logging_mixin.py:188} INFO - [2025-11-19T02:29:05.998+0000] {override.py:1769} INFO - Created Permission View: can read on DAG:example_params_trigger_ui
[2025-11-19T02:29:06.016+0000] {logging_mixin.py:188} INFO - [2025-11-19T02:29:06.015+0000] {override.py:1769} INFO - Created Permission View: can edit on DAG:example_params_trigger_ui
[2025-11-19T02:29:06.022+0000] {logging_mixin.py:188} INFO - [2025-11-19T02:29:06.022+0000] {override.py:1769} INFO - Created Permission View: can delete on DAG:example_params_trigger_ui
[2025-11-19T02:29:06.023+0000] {logging_mixin.py:188} INFO - [2025-11-19T02:29:06.023+0000] {dag.py:3036} INFO - Sync 1 DAGs
[2025-11-19T02:29:06.033+0000] {logging_mixin.py:188} INFO - [2025-11-19T02:29:06.033+0000] {dag.py:3058} INFO - Creating ORM DAG for example_params_trigger_ui
[2025-11-19T02:29:06.034+0000] {logging_mixin.py:188} INFO - [2025-11-19T02:29:06.034+0000] {dag.py:3823} INFO - Setting next_dagrun for example_params_trigger_ui to None, run_after=None
[2025-11-19T02:29:06.052+0000] {processor.py:183} INFO - Processing /home/airflow/.local/lib/python3.8/site-packages/airflow/example_dags/example_params_trigger_ui.py took 0.227 seconds
[2025-11-19T02:29:36.835+0000] {processor.py:161} INFO - Started process (PID=115) to work on /home/airflow/.local/lib/python3.8/site-packages/airflow/example_dags/example_params_trigger_ui.py
[2025-11-19T02:29:36.836+0000] {processor.py:830} INFO - Processing file /home/airflow/.local/lib/python3.8/site-packages/airflow/example_dags/example_params_trigger_ui.py for tasks to queue
[2025-11-19T02:29:36.838+0000] {logging_mixin.py:188} INFO - [2025-11-19T02:29:36.837+0000] {dagbag.py:538} INFO - Filling up the DagBag from /home/airflow/.local/lib/python3.8/site-packages/airflow/example_dags/example_params_trigger_ui.py
[2025-11-19T02:29:36.848+0000] {processor.py:840} INFO - DAG(s) 'example_params_trigger_ui' retrieved from /home/airflow/.local/lib/python3.8/site-packages/airflow/example_dags/example_params_trigger_ui.py
[2025-11-19T02:29:36.889+0000] {logging_mixin.py:188} INFO - [2025-11-19T02:29:36.888+0000] {dag.py:3036} INFO - Sync 1 DAGs
[2025-11-19T02:29:36.900+0000] {logging_mixin.py:188} INFO - [2025-11-19T02:29:36.900+0000] {dag.py:3823} INFO - Setting next_dagrun for example_params_trigger_ui to None, run_after=None
[2025-11-19T02:29:36.923+0000] {processor.py:183} INFO - Processing /home/airflow/.local/lib/python3.8/site-packages/airflow/example_dags/example_params_trigger_ui.py took 0.091 seconds
[2025-11-19T02:45:53.949+0000] {processor.py:161} INFO - Started process (PID=57) to work on /home/airflow/.local/lib/python3.8/site-packages/airflow/example_dags/example_params_trigger_ui.py
[2025-11-19T02:45:53.951+0000] {processor.py:830} INFO - Processing file /home/airflow/.local/lib/python3.8/site-packages/airflow/example_dags/example_params_trigger_ui.py for tasks to queue
[2025-11-19T02:45:53.954+0000] {logging_mixin.py:188} INFO - [2025-11-19T02:45:53.954+0000] {dagbag.py:538} INFO - Filling up the DagBag from /home/airflow/.local/lib/python3.8/site-packages/airflow/example_dags/example_params_trigger_ui.py
[2025-11-19T02:45:53.988+0000] {processor.py:840} INFO - DAG(s) 'example_params_trigger_ui' retrieved from /home/airflow/.local/lib/python3.8/site-packages/airflow/example_dags/example_params_trigger_ui.py
[2025-11-19T02:45:54.247+0000] {logging_mixin.py:188} INFO - [2025-11-19T02:45:54.246+0000] {override.py:1769} INFO - Created Permission View: can read on DAG:example_params_trigger_ui
[2025-11-19T02:45:54.268+0000] {logging_mixin.py:188} INFO - [2025-11-19T02:45:54.267+0000] {override.py:1769} INFO - Created Permission View: can edit on DAG:example_params_trigger_ui
[2025-11-19T02:45:54.282+0000] {logging_mixin.py:188} INFO - [2025-11-19T02:45:54.282+0000] {override.py:1769} INFO - Created Permission View: can delete on DAG:example_params_trigger_ui
[2025-11-19T02:45:54.283+0000] {logging_mixin.py:188} INFO - [2025-11-19T02:45:54.283+0000] {dag.py:3036} INFO - Sync 1 DAGs
[2025-11-19T02:45:54.304+0000] {logging_mixin.py:188} INFO - [2025-11-19T02:45:54.303+0000] {dag.py:3058} INFO - Creating ORM DAG for example_params_trigger_ui
[2025-11-19T02:45:54.305+0000] {logging_mixin.py:188} INFO - [2025-11-19T02:45:54.305+0000] {dag.py:3823} INFO - Setting next_dagrun for example_params_trigger_ui to None, run_after=None
[2025-11-19T02:45:54.338+0000] {processor.py:183} INFO - Processing /home/airflow/.local/lib/python3.8/site-packages/airflow/example_dags/example_params_trigger_ui.py took 0.396 seconds
[2025-11-19T02:46:25.329+0000] {processor.py:161} INFO - Started process (PID=115) to work on /home/airflow/.local/lib/python3.8/site-packages/airflow/example_dags/example_params_trigger_ui.py
[2025-11-19T02:46:25.331+0000] {processor.py:830} INFO - Processing file /home/airflow/.local/lib/python3.8/site-packages/airflow/example_dags/example_params_trigger_ui.py for tasks to queue
[2025-11-19T02:46:25.332+0000] {logging_mixin.py:188} INFO - [2025-11-19T02:46:25.332+0000] {dagbag.py:538} INFO - Filling up the DagBag from /home/airflow/.local/lib/python3.8/site-packages/airflow/example_dags/example_params_trigger_ui.py
[2025-11-19T02:46:25.346+0000] {processor.py:840} INFO - DAG(s) 'example_params_trigger_ui' retrieved from /home/airflow/.local/lib/python3.8/site-packages/airflow/example_dags/example_params_trigger_ui.py
[2025-11-19T02:46:25.389+0000] {logging_mixin.py:188} INFO - [2025-11-19T02:46:25.388+0000] {dag.py:3036} INFO - Sync 1 DAGs
[2025-11-19T02:46:25.399+0000] {logging_mixin.py:188} INFO - [2025-11-19T02:46:25.399+0000] {dag.py:3823} INFO - Setting next_dagrun for example_params_trigger_ui to None, run_after=None
[2025-11-19T02:46:25.419+0000] {processor.py:183} INFO - Processing /home/airflow/.local/lib/python3.8/site-packages/airflow/example_dags/example_params_trigger_ui.py took 0.092 seconds
[2025-11-19T02:46:55.605+0000] {processor.py:161} INFO - Started process (PID=174) to work on /home/airflow/.local/lib/python3.8/site-packages/airflow/example_dags/example_params_trigger_ui.py
[2025-11-19T02:46:55.606+0000] {processor.py:830} INFO - Processing file /home/airflow/.local/lib/python3.8/site-packages/airflow/example_dags/example_params_trigger_ui.py for tasks to queue
[2025-11-19T02:46:55.608+0000] {logging_mixin.py:188} INFO - [2025-11-19T02:46:55.607+0000] {dagbag.py:538} INFO - Filling up the DagBag from /home/airflow/.local/lib/python3.8/site-packages/airflow/example_dags/example_params_trigger_ui.py
[2025-11-19T02:46:55.619+0000] {processor.py:840} INFO - DAG(s) 'example_params_trigger_ui' retrieved from /home/airflow/.local/lib/python3.8/site-packages/airflow/example_dags/example_params_trigger_ui.py
[2025-11-19T02:46:55.631+0000] {logging_mixin.py:188} INFO - [2025-11-19T02:46:55.631+0000] {dag.py:3036} INFO - Sync 1 DAGs
[2025-11-19T02:46:55.642+0000] {logging_mixin.py:188} INFO - [2025-11-19T02:46:55.641+0000] {dag.py:3823} INFO - Setting next_dagrun for example_params_trigger_ui to None, run_after=None
[2025-11-19T02:46:55.660+0000] {processor.py:183} INFO - Processing /home/airflow/.local/lib/python3.8/site-packages/airflow/example_dags/example_params_trigger_ui.py took 0.058 seconds
[2025-11-19T02:47:25.791+0000] {processor.py:161} INFO - Started process (PID=233) to work on /home/airflow/.local/lib/python3.8/site-packages/airflow/example_dags/example_params_trigger_ui.py
[2025-11-19T02:47:25.793+0000] {processor.py:830} INFO - Processing file /home/airflow/.local/lib/python3.8/site-packages/airflow/example_dags/example_params_trigger_ui.py for tasks to queue
[2025-11-19T02:47:25.795+0000] {logging_mixin.py:188} INFO - [2025-11-19T02:47:25.795+0000] {dagbag.py:538} INFO - Filling up the DagBag from /home/airflow/.local/lib/python3.8/site-packages/airflow/example_dags/example_params_trigger_ui.py
[2025-11-19T02:47:25.809+0000] {processor.py:840} INFO - DAG(s) 'example_params_trigger_ui' retrieved from /home/airflow/.local/lib/python3.8/site-packages/airflow/example_dags/example_params_trigger_ui.py
[2025-11-19T02:47:25.932+0000] {logging_mixin.py:188} INFO - [2025-11-19T02:47:25.932+0000] {dag.py:3036} INFO - Sync 1 DAGs
[2025-11-19T02:47:25.944+0000] {logging_mixin.py:188} INFO - [2025-11-19T02:47:25.944+0000] {dag.py:3823} INFO - Setting next_dagrun for example_params_trigger_ui to None, run_after=None
[2025-11-19T02:47:25.973+0000] {processor.py:183} INFO - Processing /home/airflow/.local/lib/python3.8/site-packages/airflow/example_dags/example_params_trigger_ui.py took 0.185 seconds
[2025-11-19T02:47:56.632+0000] {processor.py:161} INFO - Started process (PID=292) to work on /home/airflow/.local/lib/python3.8/site-packages/airflow/example_dags/example_params_trigger_ui.py
[2025-11-19T02:47:56.633+0000] {processor.py:830} INFO - Processing file /home/airflow/.local/lib/python3.8/site-packages/airflow/example_dags/example_params_trigger_ui.py for tasks to queue
[2025-11-19T02:47:56.635+0000] {logging_mixin.py:188} INFO - [2025-11-19T02:47:56.635+0000] {dagbag.py:538} INFO - Filling up the DagBag from /home/airflow/.local/lib/python3.8/site-packages/airflow/example_dags/example_params_trigger_ui.py
[2025-11-19T02:47:56.647+0000] {processor.py:840} INFO - DAG(s) 'example_params_trigger_ui' retrieved from /home/airflow/.local/lib/python3.8/site-packages/airflow/example_dags/example_params_trigger_ui.py
[2025-11-19T02:47:56.688+0000] {logging_mixin.py:188} INFO - [2025-11-19T02:47:56.687+0000] {dag.py:3036} INFO - Sync 1 DAGs
[2025-11-19T02:47:56.697+0000] {logging_mixin.py:188} INFO - [2025-11-19T02:47:56.697+0000] {dag.py:3823} INFO - Setting next_dagrun for example_params_trigger_ui to None, run_after=None
[2025-11-19T02:47:56.717+0000] {processor.py:183} INFO - Processing /home/airflow/.local/lib/python3.8/site-packages/airflow/example_dags/example_params_trigger_ui.py took 0.088 seconds
[2025-11-19T02:48:26.805+0000] {processor.py:161} INFO - Started process (PID=351) to work on /home/airflow/.local/lib/python3.8/site-packages/airflow/example_dags/example_params_trigger_ui.py
[2025-11-19T02:48:26.806+0000] {processor.py:830} INFO - Processing file /home/airflow/.local/lib/python3.8/site-packages/airflow/example_dags/example_params_trigger_ui.py for tasks to queue
[2025-11-19T02:48:26.808+0000] {logging_mixin.py:188} INFO - [2025-11-19T02:48:26.807+0000] {dagbag.py:538} INFO - Filling up the DagBag from /home/airflow/.local/lib/python3.8/site-packages/airflow/example_dags/example_params_trigger_ui.py
[2025-11-19T02:48:26.819+0000] {processor.py:840} INFO - DAG(s) 'example_params_trigger_ui' retrieved from /home/airflow/.local/lib/python3.8/site-packages/airflow/example_dags/example_params_trigger_ui.py
[2025-11-19T02:48:26.863+0000] {logging_mixin.py:188} INFO - [2025-11-19T02:48:26.863+0000] {dag.py:3036} INFO - Sync 1 DAGs
[2025-11-19T02:48:26.874+0000] {logging_mixin.py:188} INFO - [2025-11-19T02:48:26.874+0000] {dag.py:3823} INFO - Setting next_dagrun for example_params_trigger_ui to None, run_after=None
[2025-11-19T02:48:26.891+0000] {processor.py:183} INFO - Processing /home/airflow/.local/lib/python3.8/site-packages/airflow/example_dags/example_params_trigger_ui.py took 0.090 seconds
[2025-11-19T02:48:56.947+0000] {processor.py:161} INFO - Started process (PID=410) to work on /home/airflow/.local/lib/python3.8/site-packages/airflow/example_dags/example_params_trigger_ui.py
[2025-11-19T02:48:56.949+0000] {processor.py:830} INFO - Processing file /home/airflow/.local/lib/python3.8/site-packages/airflow/example_dags/example_params_trigger_ui.py for tasks to queue
[2025-11-19T02:48:56.951+0000] {logging_mixin.py:188} INFO - [2025-11-19T02:48:56.951+0000] {dagbag.py:538} INFO - Filling up the DagBag from /home/airflow/.local/lib/python3.8/site-packages/airflow/example_dags/example_params_trigger_ui.py
[2025-11-19T02:48:56.962+0000] {processor.py:840} INFO - DAG(s) 'example_params_trigger_ui' retrieved from /home/airflow/.local/lib/python3.8/site-packages/airflow/example_dags/example_params_trigger_ui.py
[2025-11-19T02:48:57.004+0000] {logging_mixin.py:188} INFO - [2025-11-19T02:48:57.004+0000] {dag.py:3036} INFO - Sync 1 DAGs
[2025-11-19T02:48:57.014+0000] {logging_mixin.py:188} INFO - [2025-11-19T02:48:57.014+0000] {dag.py:3823} INFO - Setting next_dagrun for example_params_trigger_ui to None, run_after=None
[2025-11-19T02:48:57.032+0000] {processor.py:183} INFO - Processing /home/airflow/.local/lib/python3.8/site-packages/airflow/example_dags/example_params_trigger_ui.py took 0.087 seconds
[2025-11-19T02:49:27.210+0000] {processor.py:161} INFO - Started process (PID=469) to work on /home/airflow/.local/lib/python3.8/site-packages/airflow/example_dags/example_params_trigger_ui.py
[2025-11-19T02:49:27.211+0000] {processor.py:830} INFO - Processing file /home/airflow/.local/lib/python3.8/site-packages/airflow/example_dags/example_params_trigger_ui.py for tasks to queue
[2025-11-19T02:49:27.214+0000] {logging_mixin.py:188} INFO - [2025-11-19T02:49:27.213+0000] {dagbag.py:538} INFO - Filling up the DagBag from /home/airflow/.local/lib/python3.8/site-packages/airflow/example_dags/example_params_trigger_ui.py
[2025-11-19T02:49:27.227+0000] {processor.py:840} INFO - DAG(s) 'example_params_trigger_ui' retrieved from /home/airflow/.local/lib/python3.8/site-packages/airflow/example_dags/example_params_trigger_ui.py
[2025-11-19T02:49:27.265+0000] {logging_mixin.py:188} INFO - [2025-11-19T02:49:27.265+0000] {dag.py:3036} INFO - Sync 1 DAGs
[2025-11-19T02:49:27.275+0000] {logging_mixin.py:188} INFO - [2025-11-19T02:49:27.274+0000] {dag.py:3823} INFO - Setting next_dagrun for example_params_trigger_ui to None, run_after=None
[2025-11-19T02:49:27.292+0000] {processor.py:183} INFO - Processing /home/airflow/.local/lib/python3.8/site-packages/airflow/example_dags/example_params_trigger_ui.py took 0.086 seconds
[2025-11-19T02:49:57.473+0000] {processor.py:161} INFO - Started process (PID=528) to work on /home/airflow/.local/lib/python3.8/site-packages/airflow/example_dags/example_params_trigger_ui.py
[2025-11-19T02:49:57.474+0000] {processor.py:830} INFO - Processing file /home/airflow/.local/lib/python3.8/site-packages/airflow/example_dags/example_params_trigger_ui.py for tasks to queue
[2025-11-19T02:49:57.476+0000] {logging_mixin.py:188} INFO - [2025-11-19T02:49:57.476+0000] {dagbag.py:538} INFO - Filling up the DagBag from /home/airflow/.local/lib/python3.8/site-packages/airflow/example_dags/example_params_trigger_ui.py
[2025-11-19T02:49:57.488+0000] {processor.py:840} INFO - DAG(s) 'example_params_trigger_ui' retrieved from /home/airflow/.local/lib/python3.8/site-packages/airflow/example_dags/example_params_trigger_ui.py
[2025-11-19T02:49:57.527+0000] {logging_mixin.py:188} INFO - [2025-11-19T02:49:57.527+0000] {dag.py:3036} INFO - Sync 1 DAGs
[2025-11-19T02:49:57.536+0000] {logging_mixin.py:188} INFO - [2025-11-19T02:49:57.536+0000] {dag.py:3823} INFO - Setting next_dagrun for example_params_trigger_ui to None, run_after=None
[2025-11-19T02:49:57.556+0000] {processor.py:183} INFO - Processing /home/airflow/.local/lib/python3.8/site-packages/airflow/example_dags/example_params_trigger_ui.py took 0.086 seconds
[2025-11-19T02:50:27.985+0000] {processor.py:161} INFO - Started process (PID=587) to work on /home/airflow/.local/lib/python3.8/site-packages/airflow/example_dags/example_params_trigger_ui.py
[2025-11-19T02:50:27.986+0000] {processor.py:830} INFO - Processing file /home/airflow/.local/lib/python3.8/site-packages/airflow/example_dags/example_params_trigger_ui.py for tasks to queue
[2025-11-19T02:50:27.989+0000] {logging_mixin.py:188} INFO - [2025-11-19T02:50:27.989+0000] {dagbag.py:538} INFO - Filling up the DagBag from /home/airflow/.local/lib/python3.8/site-packages/airflow/example_dags/example_params_trigger_ui.py
[2025-11-19T02:50:28.005+0000] {processor.py:840} INFO - DAG(s) 'example_params_trigger_ui' retrieved from /home/airflow/.local/lib/python3.8/site-packages/airflow/example_dags/example_params_trigger_ui.py
[2025-11-19T02:50:28.044+0000] {logging_mixin.py:188} INFO - [2025-11-19T02:50:28.044+0000] {dag.py:3036} INFO - Sync 1 DAGs
[2025-11-19T02:50:28.058+0000] {logging_mixin.py:188} INFO - [2025-11-19T02:50:28.058+0000] {dag.py:3823} INFO - Setting next_dagrun for example_params_trigger_ui to None, run_after=None
[2025-11-19T02:50:28.080+0000] {processor.py:183} INFO - Processing /home/airflow/.local/lib/python3.8/site-packages/airflow/example_dags/example_params_trigger_ui.py took 0.099 seconds
[2025-11-19T02:50:58.154+0000] {processor.py:161} INFO - Started process (PID=646) to work on /home/airflow/.local/lib/python3.8/site-packages/airflow/example_dags/example_params_trigger_ui.py
[2025-11-19T02:50:58.155+0000] {processor.py:830} INFO - Processing file /home/airflow/.local/lib/python3.8/site-packages/airflow/example_dags/example_params_trigger_ui.py for tasks to queue
[2025-11-19T02:50:58.156+0000] {logging_mixin.py:188} INFO - [2025-11-19T02:50:58.156+0000] {dagbag.py:538} INFO - Filling up the DagBag from /home/airflow/.local/lib/python3.8/site-packages/airflow/example_dags/example_params_trigger_ui.py
[2025-11-19T02:50:58.168+0000] {processor.py:840} INFO - DAG(s) 'example_params_trigger_ui' retrieved from /home/airflow/.local/lib/python3.8/site-packages/airflow/example_dags/example_params_trigger_ui.py
[2025-11-19T02:50:58.209+0000] {logging_mixin.py:188} INFO - [2025-11-19T02:50:58.209+0000] {dag.py:3036} INFO - Sync 1 DAGs
[2025-11-19T02:50:58.220+0000] {logging_mixin.py:188} INFO - [2025-11-19T02:50:58.220+0000] {dag.py:3823} INFO - Setting next_dagrun for example_params_trigger_ui to None, run_after=None
[2025-11-19T02:50:58.241+0000] {processor.py:183} INFO - Processing /home/airflow/.local/lib/python3.8/site-packages/airflow/example_dags/example_params_trigger_ui.py took 0.090 seconds
[2025-11-19T02:51:28.433+0000] {processor.py:161} INFO - Started process (PID=705) to work on /home/airflow/.local/lib/python3.8/site-packages/airflow/example_dags/example_params_trigger_ui.py
[2025-11-19T02:51:28.434+0000] {processor.py:830} INFO - Processing file /home/airflow/.local/lib/python3.8/site-packages/airflow/example_dags/example_params_trigger_ui.py for tasks to queue
[2025-11-19T02:51:28.437+0000] {logging_mixin.py:188} INFO - [2025-11-19T02:51:28.436+0000] {dagbag.py:538} INFO - Filling up the DagBag from /home/airflow/.local/lib/python3.8/site-packages/airflow/example_dags/example_params_trigger_ui.py
[2025-11-19T02:51:28.454+0000] {processor.py:840} INFO - DAG(s) 'example_params_trigger_ui' retrieved from /home/airflow/.local/lib/python3.8/site-packages/airflow/example_dags/example_params_trigger_ui.py
[2025-11-19T02:51:28.516+0000] {logging_mixin.py:188} INFO - [2025-11-19T02:51:28.516+0000] {dag.py:3036} INFO - Sync 1 DAGs
[2025-11-19T02:51:28.530+0000] {logging_mixin.py:188} INFO - [2025-11-19T02:51:28.530+0000] {dag.py:3823} INFO - Setting next_dagrun for example_params_trigger_ui to None, run_after=None
[2025-11-19T02:51:28.552+0000] {processor.py:183} INFO - Processing /home/airflow/.local/lib/python3.8/site-packages/airflow/example_dags/example_params_trigger_ui.py took 0.123 seconds
