[2025-11-19T02:29:04.963+0000] {processor.py:161} INFO - Started process (PID=51) to work on /home/airflow/.local/lib/python3.8/site-packages/airflow/example_dags/example_short_circuit_operator.py
[2025-11-19T02:29:04.966+0000] {processor.py:830} INFO - Processing file /home/airflow/.local/lib/python3.8/site-packages/airflow/example_dags/example_short_circuit_operator.py for tasks to queue
[2025-11-19T02:29:04.969+0000] {logging_mixin.py:188} INFO - [2025-11-19T02:29:04.968+0000] {dagbag.py:538} INFO - Filling up the DagBag from /home/airflow/.local/lib/python3.8/site-packages/airflow/example_dags/example_short_circuit_operator.py
[2025-11-19T02:29:04.986+0000] {processor.py:840} INFO - DAG(s) 'example_short_circuit_operator' retrieved from /home/airflow/.local/lib/python3.8/site-packages/airflow/example_dags/example_short_circuit_operator.py
[2025-11-19T02:29:05.129+0000] {logging_mixin.py:188} INFO - [2025-11-19T02:29:05.128+0000] {override.py:1769} INFO - Created Permission View: can read on DAG:example_short_circuit_operator
[2025-11-19T02:29:05.139+0000] {logging_mixin.py:188} INFO - [2025-11-19T02:29:05.138+0000] {override.py:1769} INFO - Created Permission View: can edit on DAG:example_short_circuit_operator
[2025-11-19T02:29:05.145+0000] {logging_mixin.py:188} INFO - [2025-11-19T02:29:05.145+0000] {override.py:1769} INFO - Created Permission View: can delete on DAG:example_short_circuit_operator
[2025-11-19T02:29:05.146+0000] {logging_mixin.py:188} INFO - [2025-11-19T02:29:05.146+0000] {dag.py:3036} INFO - Sync 1 DAGs
[2025-11-19T02:29:05.158+0000] {logging_mixin.py:188} INFO - [2025-11-19T02:29:05.158+0000] {dag.py:3058} INFO - Creating ORM DAG for example_short_circuit_operator
[2025-11-19T02:29:05.170+0000] {logging_mixin.py:188} INFO - [2025-11-19T02:29:05.170+0000] {dag.py:3823} INFO - Setting next_dagrun for example_short_circuit_operator to 2025-11-18 00:00:00+00:00, run_after=2025-11-19 00:00:00+00:00
[2025-11-19T02:29:05.188+0000] {processor.py:183} INFO - Processing /home/airflow/.local/lib/python3.8/site-packages/airflow/example_dags/example_short_circuit_operator.py took 0.229 seconds
[2025-11-19T02:29:35.488+0000] {processor.py:161} INFO - Started process (PID=109) to work on /home/airflow/.local/lib/python3.8/site-packages/airflow/example_dags/example_short_circuit_operator.py
[2025-11-19T02:29:35.490+0000] {processor.py:830} INFO - Processing file /home/airflow/.local/lib/python3.8/site-packages/airflow/example_dags/example_short_circuit_operator.py for tasks to queue
[2025-11-19T02:29:35.492+0000] {logging_mixin.py:188} INFO - [2025-11-19T02:29:35.491+0000] {dagbag.py:538} INFO - Filling up the DagBag from /home/airflow/.local/lib/python3.8/site-packages/airflow/example_dags/example_short_circuit_operator.py
[2025-11-19T02:29:35.499+0000] {processor.py:840} INFO - DAG(s) 'example_short_circuit_operator' retrieved from /home/airflow/.local/lib/python3.8/site-packages/airflow/example_dags/example_short_circuit_operator.py
[2025-11-19T02:29:35.521+0000] {logging_mixin.py:188} INFO - [2025-11-19T02:29:35.521+0000] {dag.py:3036} INFO - Sync 1 DAGs
[2025-11-19T02:29:35.540+0000] {logging_mixin.py:188} INFO - [2025-11-19T02:29:35.540+0000] {dag.py:3823} INFO - Setting next_dagrun for example_short_circuit_operator to 2025-11-18 00:00:00+00:00, run_after=2025-11-19 00:00:00+00:00
[2025-11-19T02:29:35.565+0000] {processor.py:183} INFO - Processing /home/airflow/.local/lib/python3.8/site-packages/airflow/example_dags/example_short_circuit_operator.py took 0.080 seconds
[2025-11-19T02:45:52.889+0000] {processor.py:161} INFO - Started process (PID=51) to work on /home/airflow/.local/lib/python3.8/site-packages/airflow/example_dags/example_short_circuit_operator.py
[2025-11-19T02:45:52.891+0000] {processor.py:830} INFO - Processing file /home/airflow/.local/lib/python3.8/site-packages/airflow/example_dags/example_short_circuit_operator.py for tasks to queue
[2025-11-19T02:45:52.894+0000] {logging_mixin.py:188} INFO - [2025-11-19T02:45:52.894+0000] {dagbag.py:538} INFO - Filling up the DagBag from /home/airflow/.local/lib/python3.8/site-packages/airflow/example_dags/example_short_circuit_operator.py
[2025-11-19T02:45:52.922+0000] {processor.py:840} INFO - DAG(s) 'example_short_circuit_operator' retrieved from /home/airflow/.local/lib/python3.8/site-packages/airflow/example_dags/example_short_circuit_operator.py
[2025-11-19T02:45:53.153+0000] {logging_mixin.py:188} INFO - [2025-11-19T02:45:53.152+0000] {override.py:1769} INFO - Created Permission View: can read on DAG:example_short_circuit_operator
[2025-11-19T02:45:53.173+0000] {logging_mixin.py:188} INFO - [2025-11-19T02:45:53.173+0000] {override.py:1769} INFO - Created Permission View: can edit on DAG:example_short_circuit_operator
[2025-11-19T02:45:53.189+0000] {logging_mixin.py:188} INFO - [2025-11-19T02:45:53.188+0000] {override.py:1769} INFO - Created Permission View: can delete on DAG:example_short_circuit_operator
[2025-11-19T02:45:53.193+0000] {logging_mixin.py:188} INFO - [2025-11-19T02:45:53.193+0000] {dag.py:3036} INFO - Sync 1 DAGs
[2025-11-19T02:45:53.211+0000] {logging_mixin.py:188} INFO - [2025-11-19T02:45:53.211+0000] {dag.py:3058} INFO - Creating ORM DAG for example_short_circuit_operator
[2025-11-19T02:45:53.227+0000] {logging_mixin.py:188} INFO - [2025-11-19T02:45:53.226+0000] {dag.py:3823} INFO - Setting next_dagrun for example_short_circuit_operator to 2025-11-18 00:00:00+00:00, run_after=2025-11-19 00:00:00+00:00
[2025-11-19T02:45:53.253+0000] {processor.py:183} INFO - Processing /home/airflow/.local/lib/python3.8/site-packages/airflow/example_dags/example_short_circuit_operator.py took 0.369 seconds
[2025-11-19T02:46:23.907+0000] {processor.py:161} INFO - Started process (PID=109) to work on /home/airflow/.local/lib/python3.8/site-packages/airflow/example_dags/example_short_circuit_operator.py
[2025-11-19T02:46:23.908+0000] {processor.py:830} INFO - Processing file /home/airflow/.local/lib/python3.8/site-packages/airflow/example_dags/example_short_circuit_operator.py for tasks to queue
[2025-11-19T02:46:23.909+0000] {logging_mixin.py:188} INFO - [2025-11-19T02:46:23.909+0000] {dagbag.py:538} INFO - Filling up the DagBag from /home/airflow/.local/lib/python3.8/site-packages/airflow/example_dags/example_short_circuit_operator.py
[2025-11-19T02:46:23.916+0000] {processor.py:840} INFO - DAG(s) 'example_short_circuit_operator' retrieved from /home/airflow/.local/lib/python3.8/site-packages/airflow/example_dags/example_short_circuit_operator.py
[2025-11-19T02:46:23.938+0000] {logging_mixin.py:188} INFO - [2025-11-19T02:46:23.937+0000] {dag.py:3036} INFO - Sync 1 DAGs
[2025-11-19T02:46:23.956+0000] {logging_mixin.py:188} INFO - [2025-11-19T02:46:23.956+0000] {dag.py:3823} INFO - Setting next_dagrun for example_short_circuit_operator to 2025-11-18 00:00:00+00:00, run_after=2025-11-19 00:00:00+00:00
[2025-11-19T02:46:23.977+0000] {processor.py:183} INFO - Processing /home/airflow/.local/lib/python3.8/site-packages/airflow/example_dags/example_short_circuit_operator.py took 0.073 seconds
[2025-11-19T02:46:54.307+0000] {processor.py:161} INFO - Started process (PID=168) to work on /home/airflow/.local/lib/python3.8/site-packages/airflow/example_dags/example_short_circuit_operator.py
[2025-11-19T02:46:54.308+0000] {processor.py:830} INFO - Processing file /home/airflow/.local/lib/python3.8/site-packages/airflow/example_dags/example_short_circuit_operator.py for tasks to queue
[2025-11-19T02:46:54.310+0000] {logging_mixin.py:188} INFO - [2025-11-19T02:46:54.310+0000] {dagbag.py:538} INFO - Filling up the DagBag from /home/airflow/.local/lib/python3.8/site-packages/airflow/example_dags/example_short_circuit_operator.py
[2025-11-19T02:46:54.317+0000] {processor.py:840} INFO - DAG(s) 'example_short_circuit_operator' retrieved from /home/airflow/.local/lib/python3.8/site-packages/airflow/example_dags/example_short_circuit_operator.py
[2025-11-19T02:46:54.329+0000] {logging_mixin.py:188} INFO - [2025-11-19T02:46:54.329+0000] {dag.py:3036} INFO - Sync 1 DAGs
[2025-11-19T02:46:54.347+0000] {logging_mixin.py:188} INFO - [2025-11-19T02:46:54.347+0000] {dag.py:3823} INFO - Setting next_dagrun for example_short_circuit_operator to 2025-11-18 00:00:00+00:00, run_after=2025-11-19 00:00:00+00:00
[2025-11-19T02:46:54.368+0000] {processor.py:183} INFO - Processing /home/airflow/.local/lib/python3.8/site-packages/airflow/example_dags/example_short_circuit_operator.py took 0.064 seconds
[2025-11-19T02:47:25.075+0000] {processor.py:161} INFO - Started process (PID=227) to work on /home/airflow/.local/lib/python3.8/site-packages/airflow/example_dags/example_short_circuit_operator.py
[2025-11-19T02:47:25.077+0000] {processor.py:830} INFO - Processing file /home/airflow/.local/lib/python3.8/site-packages/airflow/example_dags/example_short_circuit_operator.py for tasks to queue
[2025-11-19T02:47:25.079+0000] {logging_mixin.py:188} INFO - [2025-11-19T02:47:25.078+0000] {dagbag.py:538} INFO - Filling up the DagBag from /home/airflow/.local/lib/python3.8/site-packages/airflow/example_dags/example_short_circuit_operator.py
[2025-11-19T02:47:25.087+0000] {processor.py:840} INFO - DAG(s) 'example_short_circuit_operator' retrieved from /home/airflow/.local/lib/python3.8/site-packages/airflow/example_dags/example_short_circuit_operator.py
[2025-11-19T02:47:25.176+0000] {logging_mixin.py:188} INFO - [2025-11-19T02:47:25.176+0000] {dag.py:3036} INFO - Sync 1 DAGs
[2025-11-19T02:47:25.194+0000] {logging_mixin.py:188} INFO - [2025-11-19T02:47:25.194+0000] {dag.py:3823} INFO - Setting next_dagrun for example_short_circuit_operator to 2025-11-18 00:00:00+00:00, run_after=2025-11-19 00:00:00+00:00
[2025-11-19T02:47:25.212+0000] {processor.py:183} INFO - Processing /home/airflow/.local/lib/python3.8/site-packages/airflow/example_dags/example_short_circuit_operator.py took 0.141 seconds
[2025-11-19T02:47:55.320+0000] {processor.py:161} INFO - Started process (PID=286) to work on /home/airflow/.local/lib/python3.8/site-packages/airflow/example_dags/example_short_circuit_operator.py
[2025-11-19T02:47:55.321+0000] {processor.py:830} INFO - Processing file /home/airflow/.local/lib/python3.8/site-packages/airflow/example_dags/example_short_circuit_operator.py for tasks to queue
[2025-11-19T02:47:55.322+0000] {logging_mixin.py:188} INFO - [2025-11-19T02:47:55.322+0000] {dagbag.py:538} INFO - Filling up the DagBag from /home/airflow/.local/lib/python3.8/site-packages/airflow/example_dags/example_short_circuit_operator.py
[2025-11-19T02:47:55.329+0000] {processor.py:840} INFO - DAG(s) 'example_short_circuit_operator' retrieved from /home/airflow/.local/lib/python3.8/site-packages/airflow/example_dags/example_short_circuit_operator.py
[2025-11-19T02:47:55.349+0000] {logging_mixin.py:188} INFO - [2025-11-19T02:47:55.349+0000] {dag.py:3036} INFO - Sync 1 DAGs
[2025-11-19T02:47:55.366+0000] {logging_mixin.py:188} INFO - [2025-11-19T02:47:55.366+0000] {dag.py:3823} INFO - Setting next_dagrun for example_short_circuit_operator to 2025-11-18 00:00:00+00:00, run_after=2025-11-19 00:00:00+00:00
[2025-11-19T02:47:55.386+0000] {processor.py:183} INFO - Processing /home/airflow/.local/lib/python3.8/site-packages/airflow/example_dags/example_short_circuit_operator.py took 0.069 seconds
[2025-11-19T02:48:25.479+0000] {processor.py:161} INFO - Started process (PID=345) to work on /home/airflow/.local/lib/python3.8/site-packages/airflow/example_dags/example_short_circuit_operator.py
[2025-11-19T02:48:25.480+0000] {processor.py:830} INFO - Processing file /home/airflow/.local/lib/python3.8/site-packages/airflow/example_dags/example_short_circuit_operator.py for tasks to queue
[2025-11-19T02:48:25.482+0000] {logging_mixin.py:188} INFO - [2025-11-19T02:48:25.481+0000] {dagbag.py:538} INFO - Filling up the DagBag from /home/airflow/.local/lib/python3.8/site-packages/airflow/example_dags/example_short_circuit_operator.py
[2025-11-19T02:48:25.488+0000] {processor.py:840} INFO - DAG(s) 'example_short_circuit_operator' retrieved from /home/airflow/.local/lib/python3.8/site-packages/airflow/example_dags/example_short_circuit_operator.py
[2025-11-19T02:48:25.509+0000] {logging_mixin.py:188} INFO - [2025-11-19T02:48:25.509+0000] {dag.py:3036} INFO - Sync 1 DAGs
[2025-11-19T02:48:25.525+0000] {logging_mixin.py:188} INFO - [2025-11-19T02:48:25.525+0000] {dag.py:3823} INFO - Setting next_dagrun for example_short_circuit_operator to 2025-11-18 00:00:00+00:00, run_after=2025-11-19 00:00:00+00:00
[2025-11-19T02:48:25.545+0000] {processor.py:183} INFO - Processing /home/airflow/.local/lib/python3.8/site-packages/airflow/example_dags/example_short_circuit_operator.py took 0.069 seconds
[2025-11-19T02:48:55.629+0000] {processor.py:161} INFO - Started process (PID=404) to work on /home/airflow/.local/lib/python3.8/site-packages/airflow/example_dags/example_short_circuit_operator.py
[2025-11-19T02:48:55.630+0000] {processor.py:830} INFO - Processing file /home/airflow/.local/lib/python3.8/site-packages/airflow/example_dags/example_short_circuit_operator.py for tasks to queue
[2025-11-19T02:48:55.631+0000] {logging_mixin.py:188} INFO - [2025-11-19T02:48:55.631+0000] {dagbag.py:538} INFO - Filling up the DagBag from /home/airflow/.local/lib/python3.8/site-packages/airflow/example_dags/example_short_circuit_operator.py
[2025-11-19T02:48:55.637+0000] {processor.py:840} INFO - DAG(s) 'example_short_circuit_operator' retrieved from /home/airflow/.local/lib/python3.8/site-packages/airflow/example_dags/example_short_circuit_operator.py
[2025-11-19T02:48:55.657+0000] {logging_mixin.py:188} INFO - [2025-11-19T02:48:55.657+0000] {dag.py:3036} INFO - Sync 1 DAGs
[2025-11-19T02:48:55.674+0000] {logging_mixin.py:188} INFO - [2025-11-19T02:48:55.674+0000] {dag.py:3823} INFO - Setting next_dagrun for example_short_circuit_operator to 2025-11-18 00:00:00+00:00, run_after=2025-11-19 00:00:00+00:00
[2025-11-19T02:48:55.690+0000] {processor.py:183} INFO - Processing /home/airflow/.local/lib/python3.8/site-packages/airflow/example_dags/example_short_circuit_operator.py took 0.066 seconds
[2025-11-19T02:49:25.862+0000] {processor.py:161} INFO - Started process (PID=463) to work on /home/airflow/.local/lib/python3.8/site-packages/airflow/example_dags/example_short_circuit_operator.py
[2025-11-19T02:49:25.863+0000] {processor.py:830} INFO - Processing file /home/airflow/.local/lib/python3.8/site-packages/airflow/example_dags/example_short_circuit_operator.py for tasks to queue
[2025-11-19T02:49:25.865+0000] {logging_mixin.py:188} INFO - [2025-11-19T02:49:25.865+0000] {dagbag.py:538} INFO - Filling up the DagBag from /home/airflow/.local/lib/python3.8/site-packages/airflow/example_dags/example_short_circuit_operator.py
[2025-11-19T02:49:25.872+0000] {processor.py:840} INFO - DAG(s) 'example_short_circuit_operator' retrieved from /home/airflow/.local/lib/python3.8/site-packages/airflow/example_dags/example_short_circuit_operator.py
[2025-11-19T02:49:25.893+0000] {logging_mixin.py:188} INFO - [2025-11-19T02:49:25.893+0000] {dag.py:3036} INFO - Sync 1 DAGs
[2025-11-19T02:49:25.910+0000] {logging_mixin.py:188} INFO - [2025-11-19T02:49:25.910+0000] {dag.py:3823} INFO - Setting next_dagrun for example_short_circuit_operator to 2025-11-18 00:00:00+00:00, run_after=2025-11-19 00:00:00+00:00
[2025-11-19T02:49:25.930+0000] {processor.py:183} INFO - Processing /home/airflow/.local/lib/python3.8/site-packages/airflow/example_dags/example_short_circuit_operator.py took 0.071 seconds
[2025-11-19T02:49:56.134+0000] {processor.py:161} INFO - Started process (PID=522) to work on /home/airflow/.local/lib/python3.8/site-packages/airflow/example_dags/example_short_circuit_operator.py
[2025-11-19T02:49:56.135+0000] {processor.py:830} INFO - Processing file /home/airflow/.local/lib/python3.8/site-packages/airflow/example_dags/example_short_circuit_operator.py for tasks to queue
[2025-11-19T02:49:56.137+0000] {logging_mixin.py:188} INFO - [2025-11-19T02:49:56.136+0000] {dagbag.py:538} INFO - Filling up the DagBag from /home/airflow/.local/lib/python3.8/site-packages/airflow/example_dags/example_short_circuit_operator.py
[2025-11-19T02:49:56.143+0000] {processor.py:840} INFO - DAG(s) 'example_short_circuit_operator' retrieved from /home/airflow/.local/lib/python3.8/site-packages/airflow/example_dags/example_short_circuit_operator.py
[2025-11-19T02:49:56.163+0000] {logging_mixin.py:188} INFO - [2025-11-19T02:49:56.163+0000] {dag.py:3036} INFO - Sync 1 DAGs
[2025-11-19T02:49:56.181+0000] {logging_mixin.py:188} INFO - [2025-11-19T02:49:56.181+0000] {dag.py:3823} INFO - Setting next_dagrun for example_short_circuit_operator to 2025-11-18 00:00:00+00:00, run_after=2025-11-19 00:00:00+00:00
[2025-11-19T02:49:56.199+0000] {processor.py:183} INFO - Processing /home/airflow/.local/lib/python3.8/site-packages/airflow/example_dags/example_short_circuit_operator.py took 0.068 seconds
[2025-11-19T02:50:26.636+0000] {processor.py:161} INFO - Started process (PID=581) to work on /home/airflow/.local/lib/python3.8/site-packages/airflow/example_dags/example_short_circuit_operator.py
[2025-11-19T02:50:26.637+0000] {processor.py:830} INFO - Processing file /home/airflow/.local/lib/python3.8/site-packages/airflow/example_dags/example_short_circuit_operator.py for tasks to queue
[2025-11-19T02:50:26.639+0000] {logging_mixin.py:188} INFO - [2025-11-19T02:50:26.639+0000] {dagbag.py:538} INFO - Filling up the DagBag from /home/airflow/.local/lib/python3.8/site-packages/airflow/example_dags/example_short_circuit_operator.py
[2025-11-19T02:50:26.646+0000] {processor.py:840} INFO - DAG(s) 'example_short_circuit_operator' retrieved from /home/airflow/.local/lib/python3.8/site-packages/airflow/example_dags/example_short_circuit_operator.py
[2025-11-19T02:50:26.670+0000] {logging_mixin.py:188} INFO - [2025-11-19T02:50:26.670+0000] {dag.py:3036} INFO - Sync 1 DAGs
[2025-11-19T02:50:26.688+0000] {logging_mixin.py:188} INFO - [2025-11-19T02:50:26.688+0000] {dag.py:3823} INFO - Setting next_dagrun for example_short_circuit_operator to 2025-11-18 00:00:00+00:00, run_after=2025-11-19 00:00:00+00:00
[2025-11-19T02:50:26.707+0000] {processor.py:183} INFO - Processing /home/airflow/.local/lib/python3.8/site-packages/airflow/example_dags/example_short_circuit_operator.py took 0.075 seconds
[2025-11-19T02:50:56.801+0000] {processor.py:161} INFO - Started process (PID=640) to work on /home/airflow/.local/lib/python3.8/site-packages/airflow/example_dags/example_short_circuit_operator.py
[2025-11-19T02:50:56.802+0000] {processor.py:830} INFO - Processing file /home/airflow/.local/lib/python3.8/site-packages/airflow/example_dags/example_short_circuit_operator.py for tasks to queue
[2025-11-19T02:50:56.804+0000] {logging_mixin.py:188} INFO - [2025-11-19T02:50:56.804+0000] {dagbag.py:538} INFO - Filling up the DagBag from /home/airflow/.local/lib/python3.8/site-packages/airflow/example_dags/example_short_circuit_operator.py
[2025-11-19T02:50:56.811+0000] {processor.py:840} INFO - DAG(s) 'example_short_circuit_operator' retrieved from /home/airflow/.local/lib/python3.8/site-packages/airflow/example_dags/example_short_circuit_operator.py
[2025-11-19T02:50:56.833+0000] {logging_mixin.py:188} INFO - [2025-11-19T02:50:56.833+0000] {dag.py:3036} INFO - Sync 1 DAGs
[2025-11-19T02:50:56.854+0000] {logging_mixin.py:188} INFO - [2025-11-19T02:50:56.854+0000] {dag.py:3823} INFO - Setting next_dagrun for example_short_circuit_operator to 2025-11-18 00:00:00+00:00, run_after=2025-11-19 00:00:00+00:00
[2025-11-19T02:50:56.873+0000] {processor.py:183} INFO - Processing /home/airflow/.local/lib/python3.8/site-packages/airflow/example_dags/example_short_circuit_operator.py took 0.076 seconds
[2025-11-19T02:51:27.090+0000] {processor.py:161} INFO - Started process (PID=699) to work on /home/airflow/.local/lib/python3.8/site-packages/airflow/example_dags/example_short_circuit_operator.py
[2025-11-19T02:51:27.092+0000] {processor.py:830} INFO - Processing file /home/airflow/.local/lib/python3.8/site-packages/airflow/example_dags/example_short_circuit_operator.py for tasks to queue
[2025-11-19T02:51:27.094+0000] {logging_mixin.py:188} INFO - [2025-11-19T02:51:27.093+0000] {dagbag.py:538} INFO - Filling up the DagBag from /home/airflow/.local/lib/python3.8/site-packages/airflow/example_dags/example_short_circuit_operator.py
[2025-11-19T02:51:27.101+0000] {processor.py:840} INFO - DAG(s) 'example_short_circuit_operator' retrieved from /home/airflow/.local/lib/python3.8/site-packages/airflow/example_dags/example_short_circuit_operator.py
[2025-11-19T02:51:27.124+0000] {logging_mixin.py:188} INFO - [2025-11-19T02:51:27.123+0000] {dag.py:3036} INFO - Sync 1 DAGs
[2025-11-19T02:51:27.142+0000] {logging_mixin.py:188} INFO - [2025-11-19T02:51:27.142+0000] {dag.py:3823} INFO - Setting next_dagrun for example_short_circuit_operator to 2025-11-18 00:00:00+00:00, run_after=2025-11-19 00:00:00+00:00
[2025-11-19T02:51:27.161+0000] {processor.py:183} INFO - Processing /home/airflow/.local/lib/python3.8/site-packages/airflow/example_dags/example_short_circuit_operator.py took 0.075 seconds
