[2025-11-19T02:29:06.684+0000] {processor.py:161} INFO - Started process (PID=63) to work on /home/airflow/.local/lib/python3.8/site-packages/airflow/example_dags/example_python_operator.py
[2025-11-19T02:29:06.686+0000] {processor.py:830} INFO - Processing file /home/airflow/.local/lib/python3.8/site-packages/airflow/example_dags/example_python_operator.py for tasks to queue
[2025-11-19T02:29:06.690+0000] {logging_mixin.py:188} INFO - [2025-11-19T02:29:06.689+0000] {dagbag.py:538} INFO - Filling up the DagBag from /home/airflow/.local/lib/python3.8/site-packages/airflow/example_dags/example_python_operator.py
[2025-11-19T02:29:06.707+0000] {processor.py:840} INFO - DAG(s) 'example_python_operator' retrieved from /home/airflow/.local/lib/python3.8/site-packages/airflow/example_dags/example_python_operator.py
[2025-11-19T02:29:06.842+0000] {logging_mixin.py:188} INFO - [2025-11-19T02:29:06.842+0000] {override.py:1769} INFO - Created Permission View: can read on DAG:example_python_operator
[2025-11-19T02:29:06.855+0000] {logging_mixin.py:188} INFO - [2025-11-19T02:29:06.855+0000] {override.py:1769} INFO - Created Permission View: can edit on DAG:example_python_operator
[2025-11-19T02:29:06.863+0000] {logging_mixin.py:188} INFO - [2025-11-19T02:29:06.863+0000] {override.py:1769} INFO - Created Permission View: can delete on DAG:example_python_operator
[2025-11-19T02:29:06.864+0000] {logging_mixin.py:188} INFO - [2025-11-19T02:29:06.864+0000] {dag.py:3036} INFO - Sync 1 DAGs
[2025-11-19T02:29:06.879+0000] {logging_mixin.py:188} INFO - [2025-11-19T02:29:06.879+0000] {dag.py:3058} INFO - Creating ORM DAG for example_python_operator
[2025-11-19T02:29:06.880+0000] {logging_mixin.py:188} INFO - [2025-11-19T02:29:06.880+0000] {dag.py:3823} INFO - Setting next_dagrun for example_python_operator to None, run_after=None
[2025-11-19T02:29:06.900+0000] {processor.py:183} INFO - Processing /home/airflow/.local/lib/python3.8/site-packages/airflow/example_dags/example_python_operator.py took 0.220 seconds
[2025-11-19T02:29:37.193+0000] {processor.py:161} INFO - Started process (PID=121) to work on /home/airflow/.local/lib/python3.8/site-packages/airflow/example_dags/example_python_operator.py
[2025-11-19T02:29:37.194+0000] {processor.py:830} INFO - Processing file /home/airflow/.local/lib/python3.8/site-packages/airflow/example_dags/example_python_operator.py for tasks to queue
[2025-11-19T02:29:37.197+0000] {logging_mixin.py:188} INFO - [2025-11-19T02:29:37.196+0000] {dagbag.py:538} INFO - Filling up the DagBag from /home/airflow/.local/lib/python3.8/site-packages/airflow/example_dags/example_python_operator.py
[2025-11-19T02:29:37.209+0000] {processor.py:840} INFO - DAG(s) 'example_python_operator' retrieved from /home/airflow/.local/lib/python3.8/site-packages/airflow/example_dags/example_python_operator.py
[2025-11-19T02:29:37.236+0000] {logging_mixin.py:188} INFO - [2025-11-19T02:29:37.236+0000] {dag.py:3036} INFO - Sync 1 DAGs
[2025-11-19T02:29:37.249+0000] {logging_mixin.py:188} INFO - [2025-11-19T02:29:37.249+0000] {dag.py:3823} INFO - Setting next_dagrun for example_python_operator to None, run_after=None
[2025-11-19T02:29:37.271+0000] {processor.py:183} INFO - Processing /home/airflow/.local/lib/python3.8/site-packages/airflow/example_dags/example_python_operator.py took 0.082 seconds
[2025-11-19T02:45:55.096+0000] {processor.py:161} INFO - Started process (PID=63) to work on /home/airflow/.local/lib/python3.8/site-packages/airflow/example_dags/example_python_operator.py
[2025-11-19T02:45:55.098+0000] {processor.py:830} INFO - Processing file /home/airflow/.local/lib/python3.8/site-packages/airflow/example_dags/example_python_operator.py for tasks to queue
[2025-11-19T02:45:55.102+0000] {logging_mixin.py:188} INFO - [2025-11-19T02:45:55.101+0000] {dagbag.py:538} INFO - Filling up the DagBag from /home/airflow/.local/lib/python3.8/site-packages/airflow/example_dags/example_python_operator.py
[2025-11-19T02:45:55.122+0000] {processor.py:840} INFO - DAG(s) 'example_python_operator' retrieved from /home/airflow/.local/lib/python3.8/site-packages/airflow/example_dags/example_python_operator.py
[2025-11-19T02:45:55.295+0000] {logging_mixin.py:188} INFO - [2025-11-19T02:45:55.294+0000] {override.py:1769} INFO - Created Permission View: can read on DAG:example_python_operator
[2025-11-19T02:45:55.312+0000] {logging_mixin.py:188} INFO - [2025-11-19T02:45:55.311+0000] {override.py:1769} INFO - Created Permission View: can edit on DAG:example_python_operator
[2025-11-19T02:45:55.320+0000] {logging_mixin.py:188} INFO - [2025-11-19T02:45:55.320+0000] {override.py:1769} INFO - Created Permission View: can delete on DAG:example_python_operator
[2025-11-19T02:45:55.322+0000] {logging_mixin.py:188} INFO - [2025-11-19T02:45:55.322+0000] {dag.py:3036} INFO - Sync 1 DAGs
[2025-11-19T02:45:55.341+0000] {logging_mixin.py:188} INFO - [2025-11-19T02:45:55.340+0000] {dag.py:3058} INFO - Creating ORM DAG for example_python_operator
[2025-11-19T02:45:55.342+0000] {logging_mixin.py:188} INFO - [2025-11-19T02:45:55.342+0000] {dag.py:3823} INFO - Setting next_dagrun for example_python_operator to None, run_after=None
[2025-11-19T02:45:55.368+0000] {processor.py:183} INFO - Processing /home/airflow/.local/lib/python3.8/site-packages/airflow/example_dags/example_python_operator.py took 0.278 seconds
[2025-11-19T02:46:25.637+0000] {processor.py:161} INFO - Started process (PID=121) to work on /home/airflow/.local/lib/python3.8/site-packages/airflow/example_dags/example_python_operator.py
[2025-11-19T02:46:25.638+0000] {processor.py:830} INFO - Processing file /home/airflow/.local/lib/python3.8/site-packages/airflow/example_dags/example_python_operator.py for tasks to queue
[2025-11-19T02:46:25.640+0000] {logging_mixin.py:188} INFO - [2025-11-19T02:46:25.640+0000] {dagbag.py:538} INFO - Filling up the DagBag from /home/airflow/.local/lib/python3.8/site-packages/airflow/example_dags/example_python_operator.py
[2025-11-19T02:46:25.651+0000] {processor.py:840} INFO - DAG(s) 'example_python_operator' retrieved from /home/airflow/.local/lib/python3.8/site-packages/airflow/example_dags/example_python_operator.py
[2025-11-19T02:46:25.673+0000] {logging_mixin.py:188} INFO - [2025-11-19T02:46:25.672+0000] {dag.py:3036} INFO - Sync 1 DAGs
[2025-11-19T02:46:25.687+0000] {logging_mixin.py:188} INFO - [2025-11-19T02:46:25.687+0000] {dag.py:3823} INFO - Setting next_dagrun for example_python_operator to None, run_after=None
[2025-11-19T02:46:25.704+0000] {processor.py:183} INFO - Processing /home/airflow/.local/lib/python3.8/site-packages/airflow/example_dags/example_python_operator.py took 0.072 seconds
[2025-11-19T02:46:55.981+0000] {processor.py:161} INFO - Started process (PID=180) to work on /home/airflow/.local/lib/python3.8/site-packages/airflow/example_dags/example_python_operator.py
[2025-11-19T02:46:55.982+0000] {processor.py:830} INFO - Processing file /home/airflow/.local/lib/python3.8/site-packages/airflow/example_dags/example_python_operator.py for tasks to queue
[2025-11-19T02:46:55.984+0000] {logging_mixin.py:188} INFO - [2025-11-19T02:46:55.984+0000] {dagbag.py:538} INFO - Filling up the DagBag from /home/airflow/.local/lib/python3.8/site-packages/airflow/example_dags/example_python_operator.py
[2025-11-19T02:46:55.993+0000] {processor.py:840} INFO - DAG(s) 'example_python_operator' retrieved from /home/airflow/.local/lib/python3.8/site-packages/airflow/example_dags/example_python_operator.py
[2025-11-19T02:46:56.005+0000] {logging_mixin.py:188} INFO - [2025-11-19T02:46:56.005+0000] {dag.py:3036} INFO - Sync 1 DAGs
[2025-11-19T02:46:56.015+0000] {logging_mixin.py:188} INFO - [2025-11-19T02:46:56.014+0000] {dag.py:3823} INFO - Setting next_dagrun for example_python_operator to None, run_after=None
[2025-11-19T02:46:56.033+0000] {processor.py:183} INFO - Processing /home/airflow/.local/lib/python3.8/site-packages/airflow/example_dags/example_python_operator.py took 0.055 seconds
[2025-11-19T02:47:26.544+0000] {processor.py:161} INFO - Started process (PID=239) to work on /home/airflow/.local/lib/python3.8/site-packages/airflow/example_dags/example_python_operator.py
[2025-11-19T02:47:26.545+0000] {processor.py:830} INFO - Processing file /home/airflow/.local/lib/python3.8/site-packages/airflow/example_dags/example_python_operator.py for tasks to queue
[2025-11-19T02:47:26.548+0000] {logging_mixin.py:188} INFO - [2025-11-19T02:47:26.547+0000] {dagbag.py:538} INFO - Filling up the DagBag from /home/airflow/.local/lib/python3.8/site-packages/airflow/example_dags/example_python_operator.py
[2025-11-19T02:47:26.559+0000] {processor.py:840} INFO - DAG(s) 'example_python_operator' retrieved from /home/airflow/.local/lib/python3.8/site-packages/airflow/example_dags/example_python_operator.py
[2025-11-19T02:47:26.654+0000] {logging_mixin.py:188} INFO - [2025-11-19T02:47:26.654+0000] {dag.py:3036} INFO - Sync 1 DAGs
[2025-11-19T02:47:26.664+0000] {logging_mixin.py:188} INFO - [2025-11-19T02:47:26.664+0000] {dag.py:3823} INFO - Setting next_dagrun for example_python_operator to None, run_after=None
[2025-11-19T02:47:26.683+0000] {processor.py:183} INFO - Processing /home/airflow/.local/lib/python3.8/site-packages/airflow/example_dags/example_python_operator.py took 0.143 seconds
[2025-11-19T02:47:57.121+0000] {processor.py:161} INFO - Started process (PID=298) to work on /home/airflow/.local/lib/python3.8/site-packages/airflow/example_dags/example_python_operator.py
[2025-11-19T02:47:57.122+0000] {processor.py:830} INFO - Processing file /home/airflow/.local/lib/python3.8/site-packages/airflow/example_dags/example_python_operator.py for tasks to queue
[2025-11-19T02:47:57.124+0000] {logging_mixin.py:188} INFO - [2025-11-19T02:47:57.124+0000] {dagbag.py:538} INFO - Filling up the DagBag from /home/airflow/.local/lib/python3.8/site-packages/airflow/example_dags/example_python_operator.py
[2025-11-19T02:47:57.133+0000] {processor.py:840} INFO - DAG(s) 'example_python_operator' retrieved from /home/airflow/.local/lib/python3.8/site-packages/airflow/example_dags/example_python_operator.py
[2025-11-19T02:47:57.155+0000] {logging_mixin.py:188} INFO - [2025-11-19T02:47:57.154+0000] {dag.py:3036} INFO - Sync 1 DAGs
[2025-11-19T02:47:57.165+0000] {logging_mixin.py:188} INFO - [2025-11-19T02:47:57.165+0000] {dag.py:3823} INFO - Setting next_dagrun for example_python_operator to None, run_after=None
[2025-11-19T02:47:57.184+0000] {processor.py:183} INFO - Processing /home/airflow/.local/lib/python3.8/site-packages/airflow/example_dags/example_python_operator.py took 0.065 seconds
[2025-11-19T02:48:27.232+0000] {processor.py:161} INFO - Started process (PID=357) to work on /home/airflow/.local/lib/python3.8/site-packages/airflow/example_dags/example_python_operator.py
[2025-11-19T02:48:27.233+0000] {processor.py:830} INFO - Processing file /home/airflow/.local/lib/python3.8/site-packages/airflow/example_dags/example_python_operator.py for tasks to queue
[2025-11-19T02:48:27.235+0000] {logging_mixin.py:188} INFO - [2025-11-19T02:48:27.235+0000] {dagbag.py:538} INFO - Filling up the DagBag from /home/airflow/.local/lib/python3.8/site-packages/airflow/example_dags/example_python_operator.py
[2025-11-19T02:48:27.247+0000] {processor.py:840} INFO - DAG(s) 'example_python_operator' retrieved from /home/airflow/.local/lib/python3.8/site-packages/airflow/example_dags/example_python_operator.py
[2025-11-19T02:48:27.269+0000] {logging_mixin.py:188} INFO - [2025-11-19T02:48:27.268+0000] {dag.py:3036} INFO - Sync 1 DAGs
[2025-11-19T02:48:27.278+0000] {logging_mixin.py:188} INFO - [2025-11-19T02:48:27.278+0000] {dag.py:3823} INFO - Setting next_dagrun for example_python_operator to None, run_after=None
[2025-11-19T02:48:27.296+0000] {processor.py:183} INFO - Processing /home/airflow/.local/lib/python3.8/site-packages/airflow/example_dags/example_python_operator.py took 0.068 seconds
[2025-11-19T02:48:57.377+0000] {processor.py:161} INFO - Started process (PID=416) to work on /home/airflow/.local/lib/python3.8/site-packages/airflow/example_dags/example_python_operator.py
[2025-11-19T02:48:57.378+0000] {processor.py:830} INFO - Processing file /home/airflow/.local/lib/python3.8/site-packages/airflow/example_dags/example_python_operator.py for tasks to queue
[2025-11-19T02:48:57.381+0000] {logging_mixin.py:188} INFO - [2025-11-19T02:48:57.380+0000] {dagbag.py:538} INFO - Filling up the DagBag from /home/airflow/.local/lib/python3.8/site-packages/airflow/example_dags/example_python_operator.py
[2025-11-19T02:48:57.398+0000] {processor.py:840} INFO - DAG(s) 'example_python_operator' retrieved from /home/airflow/.local/lib/python3.8/site-packages/airflow/example_dags/example_python_operator.py
[2025-11-19T02:48:57.426+0000] {logging_mixin.py:188} INFO - [2025-11-19T02:48:57.425+0000] {dag.py:3036} INFO - Sync 1 DAGs
[2025-11-19T02:48:57.445+0000] {logging_mixin.py:188} INFO - [2025-11-19T02:48:57.444+0000] {dag.py:3823} INFO - Setting next_dagrun for example_python_operator to None, run_after=None
[2025-11-19T02:48:57.464+0000] {processor.py:183} INFO - Processing /home/airflow/.local/lib/python3.8/site-packages/airflow/example_dags/example_python_operator.py took 0.090 seconds
[2025-11-19T02:49:27.632+0000] {processor.py:161} INFO - Started process (PID=475) to work on /home/airflow/.local/lib/python3.8/site-packages/airflow/example_dags/example_python_operator.py
[2025-11-19T02:49:27.633+0000] {processor.py:830} INFO - Processing file /home/airflow/.local/lib/python3.8/site-packages/airflow/example_dags/example_python_operator.py for tasks to queue
[2025-11-19T02:49:27.635+0000] {logging_mixin.py:188} INFO - [2025-11-19T02:49:27.635+0000] {dagbag.py:538} INFO - Filling up the DagBag from /home/airflow/.local/lib/python3.8/site-packages/airflow/example_dags/example_python_operator.py
[2025-11-19T02:49:27.648+0000] {processor.py:840} INFO - DAG(s) 'example_python_operator' retrieved from /home/airflow/.local/lib/python3.8/site-packages/airflow/example_dags/example_python_operator.py
[2025-11-19T02:49:27.670+0000] {logging_mixin.py:188} INFO - [2025-11-19T02:49:27.670+0000] {dag.py:3036} INFO - Sync 1 DAGs
[2025-11-19T02:49:27.682+0000] {logging_mixin.py:188} INFO - [2025-11-19T02:49:27.682+0000] {dag.py:3823} INFO - Setting next_dagrun for example_python_operator to None, run_after=None
[2025-11-19T02:49:27.699+0000] {processor.py:183} INFO - Processing /home/airflow/.local/lib/python3.8/site-packages/airflow/example_dags/example_python_operator.py took 0.071 seconds
[2025-11-19T02:49:57.879+0000] {processor.py:161} INFO - Started process (PID=534) to work on /home/airflow/.local/lib/python3.8/site-packages/airflow/example_dags/example_python_operator.py
[2025-11-19T02:49:57.880+0000] {processor.py:830} INFO - Processing file /home/airflow/.local/lib/python3.8/site-packages/airflow/example_dags/example_python_operator.py for tasks to queue
[2025-11-19T02:49:57.883+0000] {logging_mixin.py:188} INFO - [2025-11-19T02:49:57.882+0000] {dagbag.py:538} INFO - Filling up the DagBag from /home/airflow/.local/lib/python3.8/site-packages/airflow/example_dags/example_python_operator.py
[2025-11-19T02:49:57.893+0000] {processor.py:840} INFO - DAG(s) 'example_python_operator' retrieved from /home/airflow/.local/lib/python3.8/site-packages/airflow/example_dags/example_python_operator.py
[2025-11-19T02:49:57.914+0000] {logging_mixin.py:188} INFO - [2025-11-19T02:49:57.913+0000] {dag.py:3036} INFO - Sync 1 DAGs
[2025-11-19T02:49:57.924+0000] {logging_mixin.py:188} INFO - [2025-11-19T02:49:57.923+0000] {dag.py:3823} INFO - Setting next_dagrun for example_python_operator to None, run_after=None
[2025-11-19T02:49:57.942+0000] {processor.py:183} INFO - Processing /home/airflow/.local/lib/python3.8/site-packages/airflow/example_dags/example_python_operator.py took 0.066 seconds
[2025-11-19T02:50:28.354+0000] {processor.py:161} INFO - Started process (PID=593) to work on /home/airflow/.local/lib/python3.8/site-packages/airflow/example_dags/example_python_operator.py
[2025-11-19T02:50:28.355+0000] {processor.py:830} INFO - Processing file /home/airflow/.local/lib/python3.8/site-packages/airflow/example_dags/example_python_operator.py for tasks to queue
[2025-11-19T02:50:28.357+0000] {logging_mixin.py:188} INFO - [2025-11-19T02:50:28.357+0000] {dagbag.py:538} INFO - Filling up the DagBag from /home/airflow/.local/lib/python3.8/site-packages/airflow/example_dags/example_python_operator.py
[2025-11-19T02:50:28.368+0000] {processor.py:840} INFO - DAG(s) 'example_python_operator' retrieved from /home/airflow/.local/lib/python3.8/site-packages/airflow/example_dags/example_python_operator.py
[2025-11-19T02:50:28.389+0000] {logging_mixin.py:188} INFO - [2025-11-19T02:50:28.388+0000] {dag.py:3036} INFO - Sync 1 DAGs
[2025-11-19T02:50:28.400+0000] {logging_mixin.py:188} INFO - [2025-11-19T02:50:28.399+0000] {dag.py:3823} INFO - Setting next_dagrun for example_python_operator to None, run_after=None
[2025-11-19T02:50:28.424+0000] {processor.py:183} INFO - Processing /home/airflow/.local/lib/python3.8/site-packages/airflow/example_dags/example_python_operator.py took 0.073 seconds
[2025-11-19T02:50:58.479+0000] {processor.py:161} INFO - Started process (PID=652) to work on /home/airflow/.local/lib/python3.8/site-packages/airflow/example_dags/example_python_operator.py
[2025-11-19T02:50:58.480+0000] {processor.py:830} INFO - Processing file /home/airflow/.local/lib/python3.8/site-packages/airflow/example_dags/example_python_operator.py for tasks to queue
[2025-11-19T02:50:58.482+0000] {logging_mixin.py:188} INFO - [2025-11-19T02:50:58.481+0000] {dagbag.py:538} INFO - Filling up the DagBag from /home/airflow/.local/lib/python3.8/site-packages/airflow/example_dags/example_python_operator.py
[2025-11-19T02:50:58.491+0000] {processor.py:840} INFO - DAG(s) 'example_python_operator' retrieved from /home/airflow/.local/lib/python3.8/site-packages/airflow/example_dags/example_python_operator.py
[2025-11-19T02:50:58.515+0000] {logging_mixin.py:188} INFO - [2025-11-19T02:50:58.514+0000] {dag.py:3036} INFO - Sync 1 DAGs
[2025-11-19T02:50:58.525+0000] {logging_mixin.py:188} INFO - [2025-11-19T02:50:58.525+0000] {dag.py:3823} INFO - Setting next_dagrun for example_python_operator to None, run_after=None
[2025-11-19T02:50:58.545+0000] {processor.py:183} INFO - Processing /home/airflow/.local/lib/python3.8/site-packages/airflow/example_dags/example_python_operator.py took 0.070 seconds
