[2025-11-19T02:29:05.930+0000] {processor.py:161} INFO - Started process (PID=58) to work on /home/airflow/.local/lib/python3.8/site-packages/airflow/example_dags/example_skip_dag.py
[2025-11-19T02:29:05.931+0000] {processor.py:830} INFO - Processing file /home/airflow/.local/lib/python3.8/site-packages/airflow/example_dags/example_skip_dag.py for tasks to queue
[2025-11-19T02:29:05.933+0000] {logging_mixin.py:188} INFO - [2025-11-19T02:29:05.933+0000] {dagbag.py:538} INFO - Filling up the DagBag from /home/airflow/.local/lib/python3.8/site-packages/airflow/example_dags/example_skip_dag.py
[2025-11-19T02:29:05.944+0000] {processor.py:840} INFO - DAG(s) 'example_skip_dag' retrieved from /home/airflow/.local/lib/python3.8/site-packages/airflow/example_dags/example_skip_dag.py
[2025-11-19T02:29:06.064+0000] {logging_mixin.py:188} INFO - [2025-11-19T02:29:06.063+0000] {override.py:1769} INFO - Created Permission View: can read on DAG:example_skip_dag
[2025-11-19T02:29:06.074+0000] {logging_mixin.py:188} INFO - [2025-11-19T02:29:06.074+0000] {override.py:1769} INFO - Created Permission View: can edit on DAG:example_skip_dag
[2025-11-19T02:29:06.081+0000] {logging_mixin.py:188} INFO - [2025-11-19T02:29:06.081+0000] {override.py:1769} INFO - Created Permission View: can delete on DAG:example_skip_dag
[2025-11-19T02:29:06.082+0000] {logging_mixin.py:188} INFO - [2025-11-19T02:29:06.081+0000] {dag.py:3036} INFO - Sync 1 DAGs
[2025-11-19T02:29:06.093+0000] {logging_mixin.py:188} INFO - [2025-11-19T02:29:06.093+0000] {dag.py:3058} INFO - Creating ORM DAG for example_skip_dag
[2025-11-19T02:29:06.103+0000] {logging_mixin.py:188} INFO - [2025-11-19T02:29:06.103+0000] {dag.py:3823} INFO - Setting next_dagrun for example_skip_dag to 2025-11-18 00:00:00+00:00, run_after=2025-11-19 00:00:00+00:00
[2025-11-19T02:29:06.120+0000] {processor.py:183} INFO - Processing /home/airflow/.local/lib/python3.8/site-packages/airflow/example_dags/example_skip_dag.py took 0.194 seconds
[2025-11-19T02:29:36.954+0000] {processor.py:161} INFO - Started process (PID=116) to work on /home/airflow/.local/lib/python3.8/site-packages/airflow/example_dags/example_skip_dag.py
[2025-11-19T02:29:36.955+0000] {processor.py:830} INFO - Processing file /home/airflow/.local/lib/python3.8/site-packages/airflow/example_dags/example_skip_dag.py for tasks to queue
[2025-11-19T02:29:36.957+0000] {logging_mixin.py:188} INFO - [2025-11-19T02:29:36.956+0000] {dagbag.py:538} INFO - Filling up the DagBag from /home/airflow/.local/lib/python3.8/site-packages/airflow/example_dags/example_skip_dag.py
[2025-11-19T02:29:36.962+0000] {processor.py:840} INFO - DAG(s) 'example_skip_dag' retrieved from /home/airflow/.local/lib/python3.8/site-packages/airflow/example_dags/example_skip_dag.py
[2025-11-19T02:29:36.981+0000] {logging_mixin.py:188} INFO - [2025-11-19T02:29:36.981+0000] {dag.py:3036} INFO - Sync 1 DAGs
[2025-11-19T02:29:36.998+0000] {logging_mixin.py:188} INFO - [2025-11-19T02:29:36.998+0000] {dag.py:3823} INFO - Setting next_dagrun for example_skip_dag to 2025-11-18 00:00:00+00:00, run_after=2025-11-19 00:00:00+00:00
[2025-11-19T02:29:37.019+0000] {processor.py:183} INFO - Processing /home/airflow/.local/lib/python3.8/site-packages/airflow/example_dags/example_skip_dag.py took 0.068 seconds
[2025-11-19T02:45:54.018+0000] {processor.py:161} INFO - Started process (PID=58) to work on /home/airflow/.local/lib/python3.8/site-packages/airflow/example_dags/example_skip_dag.py
[2025-11-19T02:45:54.020+0000] {processor.py:830} INFO - Processing file /home/airflow/.local/lib/python3.8/site-packages/airflow/example_dags/example_skip_dag.py for tasks to queue
[2025-11-19T02:45:54.024+0000] {logging_mixin.py:188} INFO - [2025-11-19T02:45:54.023+0000] {dagbag.py:538} INFO - Filling up the DagBag from /home/airflow/.local/lib/python3.8/site-packages/airflow/example_dags/example_skip_dag.py
[2025-11-19T02:45:54.039+0000] {processor.py:840} INFO - DAG(s) 'example_skip_dag' retrieved from /home/airflow/.local/lib/python3.8/site-packages/airflow/example_dags/example_skip_dag.py
[2025-11-19T02:45:54.257+0000] {logging_mixin.py:188} INFO - [2025-11-19T02:45:54.256+0000] {override.py:1769} INFO - Created Permission View: can read on DAG:example_skip_dag
[2025-11-19T02:45:54.272+0000] {logging_mixin.py:188} INFO - [2025-11-19T02:45:54.272+0000] {override.py:1769} INFO - Created Permission View: can edit on DAG:example_skip_dag
[2025-11-19T02:45:54.284+0000] {logging_mixin.py:188} INFO - [2025-11-19T02:45:54.284+0000] {override.py:1769} INFO - Created Permission View: can delete on DAG:example_skip_dag
[2025-11-19T02:45:54.285+0000] {logging_mixin.py:188} INFO - [2025-11-19T02:45:54.285+0000] {dag.py:3036} INFO - Sync 1 DAGs
[2025-11-19T02:45:54.305+0000] {logging_mixin.py:188} INFO - [2025-11-19T02:45:54.304+0000] {dag.py:3058} INFO - Creating ORM DAG for example_skip_dag
[2025-11-19T02:45:54.324+0000] {logging_mixin.py:188} INFO - [2025-11-19T02:45:54.324+0000] {dag.py:3823} INFO - Setting next_dagrun for example_skip_dag to 2025-11-18 00:00:00+00:00, run_after=2025-11-19 00:00:00+00:00
[2025-11-19T02:45:54.363+0000] {processor.py:183} INFO - Processing /home/airflow/.local/lib/python3.8/site-packages/airflow/example_dags/example_skip_dag.py took 0.353 seconds
[2025-11-19T02:46:25.329+0000] {processor.py:161} INFO - Started process (PID=116) to work on /home/airflow/.local/lib/python3.8/site-packages/airflow/example_dags/example_skip_dag.py
[2025-11-19T02:46:25.331+0000] {processor.py:830} INFO - Processing file /home/airflow/.local/lib/python3.8/site-packages/airflow/example_dags/example_skip_dag.py for tasks to queue
[2025-11-19T02:46:25.332+0000] {logging_mixin.py:188} INFO - [2025-11-19T02:46:25.332+0000] {dagbag.py:538} INFO - Filling up the DagBag from /home/airflow/.local/lib/python3.8/site-packages/airflow/example_dags/example_skip_dag.py
[2025-11-19T02:46:25.340+0000] {processor.py:840} INFO - DAG(s) 'example_skip_dag' retrieved from /home/airflow/.local/lib/python3.8/site-packages/airflow/example_dags/example_skip_dag.py
[2025-11-19T02:46:25.362+0000] {logging_mixin.py:188} INFO - [2025-11-19T02:46:25.361+0000] {dag.py:3036} INFO - Sync 1 DAGs
[2025-11-19T02:46:25.381+0000] {logging_mixin.py:188} INFO - [2025-11-19T02:46:25.381+0000] {dag.py:3823} INFO - Setting next_dagrun for example_skip_dag to 2025-11-18 00:00:00+00:00, run_after=2025-11-19 00:00:00+00:00
[2025-11-19T02:46:25.401+0000] {processor.py:183} INFO - Processing /home/airflow/.local/lib/python3.8/site-packages/airflow/example_dags/example_skip_dag.py took 0.074 seconds
[2025-11-19T02:46:55.606+0000] {processor.py:161} INFO - Started process (PID=175) to work on /home/airflow/.local/lib/python3.8/site-packages/airflow/example_dags/example_skip_dag.py
[2025-11-19T02:46:55.607+0000] {processor.py:830} INFO - Processing file /home/airflow/.local/lib/python3.8/site-packages/airflow/example_dags/example_skip_dag.py for tasks to queue
[2025-11-19T02:46:55.609+0000] {logging_mixin.py:188} INFO - [2025-11-19T02:46:55.609+0000] {dagbag.py:538} INFO - Filling up the DagBag from /home/airflow/.local/lib/python3.8/site-packages/airflow/example_dags/example_skip_dag.py
[2025-11-19T02:46:55.615+0000] {processor.py:840} INFO - DAG(s) 'example_skip_dag' retrieved from /home/airflow/.local/lib/python3.8/site-packages/airflow/example_dags/example_skip_dag.py
[2025-11-19T02:46:55.627+0000] {logging_mixin.py:188} INFO - [2025-11-19T02:46:55.627+0000] {dag.py:3036} INFO - Sync 1 DAGs
[2025-11-19T02:46:55.647+0000] {logging_mixin.py:188} INFO - [2025-11-19T02:46:55.647+0000] {dag.py:3823} INFO - Setting next_dagrun for example_skip_dag to 2025-11-18 00:00:00+00:00, run_after=2025-11-19 00:00:00+00:00
[2025-11-19T02:46:55.665+0000] {processor.py:183} INFO - Processing /home/airflow/.local/lib/python3.8/site-packages/airflow/example_dags/example_skip_dag.py took 0.063 seconds
[2025-11-19T02:47:26.010+0000] {processor.py:161} INFO - Started process (PID=234) to work on /home/airflow/.local/lib/python3.8/site-packages/airflow/example_dags/example_skip_dag.py
[2025-11-19T02:47:26.011+0000] {processor.py:830} INFO - Processing file /home/airflow/.local/lib/python3.8/site-packages/airflow/example_dags/example_skip_dag.py for tasks to queue
[2025-11-19T02:47:26.013+0000] {logging_mixin.py:188} INFO - [2025-11-19T02:47:26.012+0000] {dagbag.py:538} INFO - Filling up the DagBag from /home/airflow/.local/lib/python3.8/site-packages/airflow/example_dags/example_skip_dag.py
[2025-11-19T02:47:26.019+0000] {processor.py:840} INFO - DAG(s) 'example_skip_dag' retrieved from /home/airflow/.local/lib/python3.8/site-packages/airflow/example_dags/example_skip_dag.py
[2025-11-19T02:47:26.115+0000] {logging_mixin.py:188} INFO - [2025-11-19T02:47:26.114+0000] {dag.py:3036} INFO - Sync 1 DAGs
[2025-11-19T02:47:26.130+0000] {logging_mixin.py:188} INFO - [2025-11-19T02:47:26.130+0000] {dag.py:3823} INFO - Setting next_dagrun for example_skip_dag to 2025-11-18 00:00:00+00:00, run_after=2025-11-19 00:00:00+00:00
[2025-11-19T02:47:26.150+0000] {processor.py:183} INFO - Processing /home/airflow/.local/lib/python3.8/site-packages/airflow/example_dags/example_skip_dag.py took 0.143 seconds
[2025-11-19T02:47:56.659+0000] {processor.py:161} INFO - Started process (PID=293) to work on /home/airflow/.local/lib/python3.8/site-packages/airflow/example_dags/example_skip_dag.py
[2025-11-19T02:47:56.660+0000] {processor.py:830} INFO - Processing file /home/airflow/.local/lib/python3.8/site-packages/airflow/example_dags/example_skip_dag.py for tasks to queue
[2025-11-19T02:47:56.662+0000] {logging_mixin.py:188} INFO - [2025-11-19T02:47:56.662+0000] {dagbag.py:538} INFO - Filling up the DagBag from /home/airflow/.local/lib/python3.8/site-packages/airflow/example_dags/example_skip_dag.py
[2025-11-19T02:47:56.668+0000] {processor.py:840} INFO - DAG(s) 'example_skip_dag' retrieved from /home/airflow/.local/lib/python3.8/site-packages/airflow/example_dags/example_skip_dag.py
[2025-11-19T02:47:56.688+0000] {logging_mixin.py:188} INFO - [2025-11-19T02:47:56.688+0000] {dag.py:3036} INFO - Sync 1 DAGs
[2025-11-19T02:47:56.705+0000] {logging_mixin.py:188} INFO - [2025-11-19T02:47:56.705+0000] {dag.py:3823} INFO - Setting next_dagrun for example_skip_dag to 2025-11-18 00:00:00+00:00, run_after=2025-11-19 00:00:00+00:00
[2025-11-19T02:47:56.723+0000] {processor.py:183} INFO - Processing /home/airflow/.local/lib/python3.8/site-packages/airflow/example_dags/example_skip_dag.py took 0.067 seconds
[2025-11-19T02:48:26.933+0000] {processor.py:161} INFO - Started process (PID=352) to work on /home/airflow/.local/lib/python3.8/site-packages/airflow/example_dags/example_skip_dag.py
[2025-11-19T02:48:26.934+0000] {processor.py:830} INFO - Processing file /home/airflow/.local/lib/python3.8/site-packages/airflow/example_dags/example_skip_dag.py for tasks to queue
[2025-11-19T02:48:26.936+0000] {logging_mixin.py:188} INFO - [2025-11-19T02:48:26.936+0000] {dagbag.py:538} INFO - Filling up the DagBag from /home/airflow/.local/lib/python3.8/site-packages/airflow/example_dags/example_skip_dag.py
[2025-11-19T02:48:26.942+0000] {processor.py:840} INFO - DAG(s) 'example_skip_dag' retrieved from /home/airflow/.local/lib/python3.8/site-packages/airflow/example_dags/example_skip_dag.py
[2025-11-19T02:48:26.961+0000] {logging_mixin.py:188} INFO - [2025-11-19T02:48:26.961+0000] {dag.py:3036} INFO - Sync 1 DAGs
[2025-11-19T02:48:26.979+0000] {logging_mixin.py:188} INFO - [2025-11-19T02:48:26.979+0000] {dag.py:3823} INFO - Setting next_dagrun for example_skip_dag to 2025-11-18 00:00:00+00:00, run_after=2025-11-19 00:00:00+00:00
[2025-11-19T02:48:26.996+0000] {processor.py:183} INFO - Processing /home/airflow/.local/lib/python3.8/site-packages/airflow/example_dags/example_skip_dag.py took 0.066 seconds
[2025-11-19T02:48:57.060+0000] {processor.py:161} INFO - Started process (PID=411) to work on /home/airflow/.local/lib/python3.8/site-packages/airflow/example_dags/example_skip_dag.py
[2025-11-19T02:48:57.061+0000] {processor.py:830} INFO - Processing file /home/airflow/.local/lib/python3.8/site-packages/airflow/example_dags/example_skip_dag.py for tasks to queue
[2025-11-19T02:48:57.063+0000] {logging_mixin.py:188} INFO - [2025-11-19T02:48:57.062+0000] {dagbag.py:538} INFO - Filling up the DagBag from /home/airflow/.local/lib/python3.8/site-packages/airflow/example_dags/example_skip_dag.py
[2025-11-19T02:48:57.069+0000] {processor.py:840} INFO - DAG(s) 'example_skip_dag' retrieved from /home/airflow/.local/lib/python3.8/site-packages/airflow/example_dags/example_skip_dag.py
[2025-11-19T02:48:57.088+0000] {logging_mixin.py:188} INFO - [2025-11-19T02:48:57.088+0000] {dag.py:3036} INFO - Sync 1 DAGs
[2025-11-19T02:48:57.105+0000] {logging_mixin.py:188} INFO - [2025-11-19T02:48:57.105+0000] {dag.py:3823} INFO - Setting next_dagrun for example_skip_dag to 2025-11-18 00:00:00+00:00, run_after=2025-11-19 00:00:00+00:00
[2025-11-19T02:48:57.125+0000] {processor.py:183} INFO - Processing /home/airflow/.local/lib/python3.8/site-packages/airflow/example_dags/example_skip_dag.py took 0.068 seconds
[2025-11-19T02:49:27.330+0000] {processor.py:161} INFO - Started process (PID=470) to work on /home/airflow/.local/lib/python3.8/site-packages/airflow/example_dags/example_skip_dag.py
[2025-11-19T02:49:27.331+0000] {processor.py:830} INFO - Processing file /home/airflow/.local/lib/python3.8/site-packages/airflow/example_dags/example_skip_dag.py for tasks to queue
[2025-11-19T02:49:27.333+0000] {logging_mixin.py:188} INFO - [2025-11-19T02:49:27.333+0000] {dagbag.py:538} INFO - Filling up the DagBag from /home/airflow/.local/lib/python3.8/site-packages/airflow/example_dags/example_skip_dag.py
[2025-11-19T02:49:27.339+0000] {processor.py:840} INFO - DAG(s) 'example_skip_dag' retrieved from /home/airflow/.local/lib/python3.8/site-packages/airflow/example_dags/example_skip_dag.py
[2025-11-19T02:49:27.359+0000] {logging_mixin.py:188} INFO - [2025-11-19T02:49:27.359+0000] {dag.py:3036} INFO - Sync 1 DAGs
[2025-11-19T02:49:27.375+0000] {logging_mixin.py:188} INFO - [2025-11-19T02:49:27.375+0000] {dag.py:3823} INFO - Setting next_dagrun for example_skip_dag to 2025-11-18 00:00:00+00:00, run_after=2025-11-19 00:00:00+00:00
[2025-11-19T02:49:27.394+0000] {processor.py:183} INFO - Processing /home/airflow/.local/lib/python3.8/site-packages/airflow/example_dags/example_skip_dag.py took 0.067 seconds
[2025-11-19T02:49:57.590+0000] {processor.py:161} INFO - Started process (PID=529) to work on /home/airflow/.local/lib/python3.8/site-packages/airflow/example_dags/example_skip_dag.py
[2025-11-19T02:49:57.591+0000] {processor.py:830} INFO - Processing file /home/airflow/.local/lib/python3.8/site-packages/airflow/example_dags/example_skip_dag.py for tasks to queue
[2025-11-19T02:49:57.593+0000] {logging_mixin.py:188} INFO - [2025-11-19T02:49:57.593+0000] {dagbag.py:538} INFO - Filling up the DagBag from /home/airflow/.local/lib/python3.8/site-packages/airflow/example_dags/example_skip_dag.py
[2025-11-19T02:49:57.599+0000] {processor.py:840} INFO - DAG(s) 'example_skip_dag' retrieved from /home/airflow/.local/lib/python3.8/site-packages/airflow/example_dags/example_skip_dag.py
[2025-11-19T02:49:57.618+0000] {logging_mixin.py:188} INFO - [2025-11-19T02:49:57.618+0000] {dag.py:3036} INFO - Sync 1 DAGs
[2025-11-19T02:49:57.636+0000] {logging_mixin.py:188} INFO - [2025-11-19T02:49:57.635+0000] {dag.py:3823} INFO - Setting next_dagrun for example_skip_dag to 2025-11-18 00:00:00+00:00, run_after=2025-11-19 00:00:00+00:00
[2025-11-19T02:49:57.654+0000] {processor.py:183} INFO - Processing /home/airflow/.local/lib/python3.8/site-packages/airflow/example_dags/example_skip_dag.py took 0.067 seconds
[2025-11-19T02:50:28.011+0000] {processor.py:161} INFO - Started process (PID=588) to work on /home/airflow/.local/lib/python3.8/site-packages/airflow/example_dags/example_skip_dag.py
[2025-11-19T02:50:28.013+0000] {processor.py:830} INFO - Processing file /home/airflow/.local/lib/python3.8/site-packages/airflow/example_dags/example_skip_dag.py for tasks to queue
[2025-11-19T02:50:28.015+0000] {logging_mixin.py:188} INFO - [2025-11-19T02:50:28.015+0000] {dagbag.py:538} INFO - Filling up the DagBag from /home/airflow/.local/lib/python3.8/site-packages/airflow/example_dags/example_skip_dag.py
[2025-11-19T02:50:28.021+0000] {processor.py:840} INFO - DAG(s) 'example_skip_dag' retrieved from /home/airflow/.local/lib/python3.8/site-packages/airflow/example_dags/example_skip_dag.py
[2025-11-19T02:50:28.043+0000] {logging_mixin.py:188} INFO - [2025-11-19T02:50:28.042+0000] {dag.py:3036} INFO - Sync 1 DAGs
[2025-11-19T02:50:28.066+0000] {logging_mixin.py:188} INFO - [2025-11-19T02:50:28.065+0000] {dag.py:3823} INFO - Setting next_dagrun for example_skip_dag to 2025-11-18 00:00:00+00:00, run_after=2025-11-19 00:00:00+00:00
[2025-11-19T02:50:28.086+0000] {processor.py:183} INFO - Processing /home/airflow/.local/lib/python3.8/site-packages/airflow/example_dags/example_skip_dag.py took 0.078 seconds
[2025-11-19T02:50:58.154+0000] {processor.py:161} INFO - Started process (PID=647) to work on /home/airflow/.local/lib/python3.8/site-packages/airflow/example_dags/example_skip_dag.py
[2025-11-19T02:50:58.155+0000] {processor.py:830} INFO - Processing file /home/airflow/.local/lib/python3.8/site-packages/airflow/example_dags/example_skip_dag.py for tasks to queue
[2025-11-19T02:50:58.156+0000] {logging_mixin.py:188} INFO - [2025-11-19T02:50:58.156+0000] {dagbag.py:538} INFO - Filling up the DagBag from /home/airflow/.local/lib/python3.8/site-packages/airflow/example_dags/example_skip_dag.py
[2025-11-19T02:50:58.162+0000] {processor.py:840} INFO - DAG(s) 'example_skip_dag' retrieved from /home/airflow/.local/lib/python3.8/site-packages/airflow/example_dags/example_skip_dag.py
[2025-11-19T02:50:58.185+0000] {logging_mixin.py:188} INFO - [2025-11-19T02:50:58.185+0000] {dag.py:3036} INFO - Sync 1 DAGs
[2025-11-19T02:50:58.203+0000] {logging_mixin.py:188} INFO - [2025-11-19T02:50:58.203+0000] {dag.py:3823} INFO - Setting next_dagrun for example_skip_dag to 2025-11-18 00:00:00+00:00, run_after=2025-11-19 00:00:00+00:00
[2025-11-19T02:50:58.223+0000] {processor.py:183} INFO - Processing /home/airflow/.local/lib/python3.8/site-packages/airflow/example_dags/example_skip_dag.py took 0.073 seconds
[2025-11-19T02:51:28.458+0000] {processor.py:161} INFO - Started process (PID=706) to work on /home/airflow/.local/lib/python3.8/site-packages/airflow/example_dags/example_skip_dag.py
[2025-11-19T02:51:28.460+0000] {processor.py:830} INFO - Processing file /home/airflow/.local/lib/python3.8/site-packages/airflow/example_dags/example_skip_dag.py for tasks to queue
[2025-11-19T02:51:28.462+0000] {logging_mixin.py:188} INFO - [2025-11-19T02:51:28.461+0000] {dagbag.py:538} INFO - Filling up the DagBag from /home/airflow/.local/lib/python3.8/site-packages/airflow/example_dags/example_skip_dag.py
[2025-11-19T02:51:28.469+0000] {processor.py:840} INFO - DAG(s) 'example_skip_dag' retrieved from /home/airflow/.local/lib/python3.8/site-packages/airflow/example_dags/example_skip_dag.py
[2025-11-19T02:51:28.502+0000] {logging_mixin.py:188} INFO - [2025-11-19T02:51:28.502+0000] {dag.py:3036} INFO - Sync 1 DAGs
[2025-11-19T02:51:28.530+0000] {logging_mixin.py:188} INFO - [2025-11-19T02:51:28.530+0000] {dag.py:3823} INFO - Setting next_dagrun for example_skip_dag to 2025-11-18 00:00:00+00:00, run_after=2025-11-19 00:00:00+00:00
[2025-11-19T02:51:28.555+0000] {processor.py:183} INFO - Processing /home/airflow/.local/lib/python3.8/site-packages/airflow/example_dags/example_skip_dag.py took 0.101 seconds
