[2025-11-19T02:29:03.576+0000] {processor.py:161} INFO - Started process (PID=43) to work on /home/airflow/.local/lib/python3.8/site-packages/airflow/example_dags/example_latest_only.py
[2025-11-19T02:29:03.577+0000] {processor.py:830} INFO - Processing file /home/airflow/.local/lib/python3.8/site-packages/airflow/example_dags/example_latest_only.py for tasks to queue
[2025-11-19T02:29:03.581+0000] {logging_mixin.py:188} INFO - [2025-11-19T02:29:03.581+0000] {dagbag.py:538} INFO - Filling up the DagBag from /home/airflow/.local/lib/python3.8/site-packages/airflow/example_dags/example_latest_only.py
[2025-11-19T02:29:03.595+0000] {processor.py:840} INFO - DAG(s) 'latest_only' retrieved from /home/airflow/.local/lib/python3.8/site-packages/airflow/example_dags/example_latest_only.py
[2025-11-19T02:29:03.747+0000] {logging_mixin.py:188} INFO - [2025-11-19T02:29:03.746+0000] {override.py:1769} INFO - Created Permission View: can read on DAG:latest_only
[2025-11-19T02:29:03.762+0000] {logging_mixin.py:188} INFO - [2025-11-19T02:29:03.762+0000] {override.py:1769} INFO - Created Permission View: can edit on DAG:latest_only
[2025-11-19T02:29:03.773+0000] {logging_mixin.py:188} INFO - [2025-11-19T02:29:03.772+0000] {override.py:1769} INFO - Created Permission View: can delete on DAG:latest_only
[2025-11-19T02:29:03.774+0000] {logging_mixin.py:188} INFO - [2025-11-19T02:29:03.774+0000] {dag.py:3036} INFO - Sync 1 DAGs
[2025-11-19T02:29:03.793+0000] {logging_mixin.py:188} INFO - [2025-11-19T02:29:03.793+0000] {dag.py:3058} INFO - Creating ORM DAG for latest_only
[2025-11-19T02:29:03.808+0000] {logging_mixin.py:188} INFO - [2025-11-19T02:29:03.807+0000] {dag.py:3823} INFO - Setting next_dagrun for latest_only to 2025-11-18 20:00:00+00:00, run_after=2025-11-19 00:00:00+00:00
[2025-11-19T02:29:03.834+0000] {processor.py:183} INFO - Processing /home/airflow/.local/lib/python3.8/site-packages/airflow/example_dags/example_latest_only.py took 0.263 seconds
[2025-11-19T02:29:34.166+0000] {processor.py:161} INFO - Started process (PID=101) to work on /home/airflow/.local/lib/python3.8/site-packages/airflow/example_dags/example_latest_only.py
[2025-11-19T02:29:34.167+0000] {processor.py:830} INFO - Processing file /home/airflow/.local/lib/python3.8/site-packages/airflow/example_dags/example_latest_only.py for tasks to queue
[2025-11-19T02:29:34.168+0000] {logging_mixin.py:188} INFO - [2025-11-19T02:29:34.168+0000] {dagbag.py:538} INFO - Filling up the DagBag from /home/airflow/.local/lib/python3.8/site-packages/airflow/example_dags/example_latest_only.py
[2025-11-19T02:29:34.173+0000] {processor.py:840} INFO - DAG(s) 'latest_only' retrieved from /home/airflow/.local/lib/python3.8/site-packages/airflow/example_dags/example_latest_only.py
[2025-11-19T02:29:34.192+0000] {logging_mixin.py:188} INFO - [2025-11-19T02:29:34.192+0000] {dag.py:3036} INFO - Sync 1 DAGs
[2025-11-19T02:29:34.212+0000] {logging_mixin.py:188} INFO - [2025-11-19T02:29:34.212+0000] {dag.py:3823} INFO - Setting next_dagrun for latest_only to 2025-11-18 20:00:00+00:00, run_after=2025-11-19 00:00:00+00:00
[2025-11-19T02:29:34.230+0000] {processor.py:183} INFO - Processing /home/airflow/.local/lib/python3.8/site-packages/airflow/example_dags/example_latest_only.py took 0.068 seconds
[2025-11-19T02:45:51.623+0000] {processor.py:161} INFO - Started process (PID=43) to work on /home/airflow/.local/lib/python3.8/site-packages/airflow/example_dags/example_latest_only.py
[2025-11-19T02:45:51.625+0000] {processor.py:830} INFO - Processing file /home/airflow/.local/lib/python3.8/site-packages/airflow/example_dags/example_latest_only.py for tasks to queue
[2025-11-19T02:45:51.630+0000] {logging_mixin.py:188} INFO - [2025-11-19T02:45:51.629+0000] {dagbag.py:538} INFO - Filling up the DagBag from /home/airflow/.local/lib/python3.8/site-packages/airflow/example_dags/example_latest_only.py
[2025-11-19T02:45:51.643+0000] {processor.py:840} INFO - DAG(s) 'latest_only' retrieved from /home/airflow/.local/lib/python3.8/site-packages/airflow/example_dags/example_latest_only.py
[2025-11-19T02:45:51.798+0000] {logging_mixin.py:188} INFO - [2025-11-19T02:45:51.797+0000] {override.py:1769} INFO - Created Permission View: can read on DAG:latest_only
[2025-11-19T02:45:51.812+0000] {logging_mixin.py:188} INFO - [2025-11-19T02:45:51.811+0000] {override.py:1769} INFO - Created Permission View: can edit on DAG:latest_only
[2025-11-19T02:45:51.821+0000] {logging_mixin.py:188} INFO - [2025-11-19T02:45:51.821+0000] {override.py:1769} INFO - Created Permission View: can delete on DAG:latest_only
[2025-11-19T02:45:51.826+0000] {logging_mixin.py:188} INFO - [2025-11-19T02:45:51.826+0000] {dag.py:3036} INFO - Sync 1 DAGs
[2025-11-19T02:45:51.838+0000] {logging_mixin.py:188} INFO - [2025-11-19T02:45:51.838+0000] {dag.py:3058} INFO - Creating ORM DAG for latest_only
[2025-11-19T02:45:51.849+0000] {logging_mixin.py:188} INFO - [2025-11-19T02:45:51.849+0000] {dag.py:3823} INFO - Setting next_dagrun for latest_only to 2025-11-18 20:00:00+00:00, run_after=2025-11-19 00:00:00+00:00
[2025-11-19T02:45:51.871+0000] {processor.py:183} INFO - Processing /home/airflow/.local/lib/python3.8/site-packages/airflow/example_dags/example_latest_only.py took 0.253 seconds
[2025-11-19T02:46:22.471+0000] {processor.py:161} INFO - Started process (PID=101) to work on /home/airflow/.local/lib/python3.8/site-packages/airflow/example_dags/example_latest_only.py
[2025-11-19T02:46:22.473+0000] {processor.py:830} INFO - Processing file /home/airflow/.local/lib/python3.8/site-packages/airflow/example_dags/example_latest_only.py for tasks to queue
[2025-11-19T02:46:22.475+0000] {logging_mixin.py:188} INFO - [2025-11-19T02:46:22.474+0000] {dagbag.py:538} INFO - Filling up the DagBag from /home/airflow/.local/lib/python3.8/site-packages/airflow/example_dags/example_latest_only.py
[2025-11-19T02:46:22.480+0000] {processor.py:840} INFO - DAG(s) 'latest_only' retrieved from /home/airflow/.local/lib/python3.8/site-packages/airflow/example_dags/example_latest_only.py
[2025-11-19T02:46:22.503+0000] {logging_mixin.py:188} INFO - [2025-11-19T02:46:22.503+0000] {dag.py:3036} INFO - Sync 1 DAGs
[2025-11-19T02:46:22.523+0000] {logging_mixin.py:188} INFO - [2025-11-19T02:46:22.523+0000] {dag.py:3823} INFO - Setting next_dagrun for latest_only to 2025-11-18 20:00:00+00:00, run_after=2025-11-19 00:00:00+00:00
[2025-11-19T02:46:22.545+0000] {processor.py:183} INFO - Processing /home/airflow/.local/lib/python3.8/site-packages/airflow/example_dags/example_latest_only.py took 0.076 seconds
[2025-11-19T02:46:52.927+0000] {processor.py:161} INFO - Started process (PID=160) to work on /home/airflow/.local/lib/python3.8/site-packages/airflow/example_dags/example_latest_only.py
[2025-11-19T02:46:52.928+0000] {processor.py:830} INFO - Processing file /home/airflow/.local/lib/python3.8/site-packages/airflow/example_dags/example_latest_only.py for tasks to queue
[2025-11-19T02:46:52.930+0000] {logging_mixin.py:188} INFO - [2025-11-19T02:46:52.930+0000] {dagbag.py:538} INFO - Filling up the DagBag from /home/airflow/.local/lib/python3.8/site-packages/airflow/example_dags/example_latest_only.py
[2025-11-19T02:46:52.935+0000] {processor.py:840} INFO - DAG(s) 'latest_only' retrieved from /home/airflow/.local/lib/python3.8/site-packages/airflow/example_dags/example_latest_only.py
[2025-11-19T02:46:52.949+0000] {logging_mixin.py:188} INFO - [2025-11-19T02:46:52.949+0000] {dag.py:3036} INFO - Sync 1 DAGs
[2025-11-19T02:46:52.969+0000] {logging_mixin.py:188} INFO - [2025-11-19T02:46:52.969+0000] {dag.py:3823} INFO - Setting next_dagrun for latest_only to 2025-11-18 20:00:00+00:00, run_after=2025-11-19 00:00:00+00:00
[2025-11-19T02:46:52.988+0000] {processor.py:183} INFO - Processing /home/airflow/.local/lib/python3.8/site-packages/airflow/example_dags/example_latest_only.py took 0.064 seconds
[2025-11-19T02:47:23.421+0000] {processor.py:161} INFO - Started process (PID=219) to work on /home/airflow/.local/lib/python3.8/site-packages/airflow/example_dags/example_latest_only.py
[2025-11-19T02:47:23.422+0000] {processor.py:830} INFO - Processing file /home/airflow/.local/lib/python3.8/site-packages/airflow/example_dags/example_latest_only.py for tasks to queue
[2025-11-19T02:47:23.424+0000] {logging_mixin.py:188} INFO - [2025-11-19T02:47:23.424+0000] {dagbag.py:538} INFO - Filling up the DagBag from /home/airflow/.local/lib/python3.8/site-packages/airflow/example_dags/example_latest_only.py
[2025-11-19T02:47:23.430+0000] {processor.py:840} INFO - DAG(s) 'latest_only' retrieved from /home/airflow/.local/lib/python3.8/site-packages/airflow/example_dags/example_latest_only.py
[2025-11-19T02:47:23.523+0000] {logging_mixin.py:188} INFO - [2025-11-19T02:47:23.522+0000] {dag.py:3036} INFO - Sync 1 DAGs
[2025-11-19T02:47:23.541+0000] {logging_mixin.py:188} INFO - [2025-11-19T02:47:23.540+0000] {dag.py:3823} INFO - Setting next_dagrun for latest_only to 2025-11-18 20:00:00+00:00, run_after=2025-11-19 00:00:00+00:00
[2025-11-19T02:47:23.563+0000] {processor.py:183} INFO - Processing /home/airflow/.local/lib/python3.8/site-packages/airflow/example_dags/example_latest_only.py took 0.145 seconds
[2025-11-19T02:47:53.810+0000] {processor.py:161} INFO - Started process (PID=278) to work on /home/airflow/.local/lib/python3.8/site-packages/airflow/example_dags/example_latest_only.py
[2025-11-19T02:47:53.811+0000] {processor.py:830} INFO - Processing file /home/airflow/.local/lib/python3.8/site-packages/airflow/example_dags/example_latest_only.py for tasks to queue
[2025-11-19T02:47:53.813+0000] {logging_mixin.py:188} INFO - [2025-11-19T02:47:53.813+0000] {dagbag.py:538} INFO - Filling up the DagBag from /home/airflow/.local/lib/python3.8/site-packages/airflow/example_dags/example_latest_only.py
[2025-11-19T02:47:53.818+0000] {processor.py:840} INFO - DAG(s) 'latest_only' retrieved from /home/airflow/.local/lib/python3.8/site-packages/airflow/example_dags/example_latest_only.py
[2025-11-19T02:47:53.840+0000] {logging_mixin.py:188} INFO - [2025-11-19T02:47:53.840+0000] {dag.py:3036} INFO - Sync 1 DAGs
[2025-11-19T02:47:53.858+0000] {logging_mixin.py:188} INFO - [2025-11-19T02:47:53.857+0000] {dag.py:3823} INFO - Setting next_dagrun for latest_only to 2025-11-18 20:00:00+00:00, run_after=2025-11-19 00:00:00+00:00
[2025-11-19T02:47:53.876+0000] {processor.py:183} INFO - Processing /home/airflow/.local/lib/python3.8/site-packages/airflow/example_dags/example_latest_only.py took 0.068 seconds
[2025-11-19T02:48:23.944+0000] {processor.py:161} INFO - Started process (PID=337) to work on /home/airflow/.local/lib/python3.8/site-packages/airflow/example_dags/example_latest_only.py
[2025-11-19T02:48:23.945+0000] {processor.py:830} INFO - Processing file /home/airflow/.local/lib/python3.8/site-packages/airflow/example_dags/example_latest_only.py for tasks to queue
[2025-11-19T02:48:23.947+0000] {logging_mixin.py:188} INFO - [2025-11-19T02:48:23.947+0000] {dagbag.py:538} INFO - Filling up the DagBag from /home/airflow/.local/lib/python3.8/site-packages/airflow/example_dags/example_latest_only.py
[2025-11-19T02:48:23.955+0000] {processor.py:840} INFO - DAG(s) 'latest_only' retrieved from /home/airflow/.local/lib/python3.8/site-packages/airflow/example_dags/example_latest_only.py
[2025-11-19T02:48:23.976+0000] {logging_mixin.py:188} INFO - [2025-11-19T02:48:23.976+0000] {dag.py:3036} INFO - Sync 1 DAGs
[2025-11-19T02:48:23.996+0000] {logging_mixin.py:188} INFO - [2025-11-19T02:48:23.996+0000] {dag.py:3823} INFO - Setting next_dagrun for latest_only to 2025-11-18 20:00:00+00:00, run_after=2025-11-19 00:00:00+00:00
[2025-11-19T02:48:24.018+0000] {processor.py:183} INFO - Processing /home/airflow/.local/lib/python3.8/site-packages/airflow/example_dags/example_latest_only.py took 0.077 seconds
[2025-11-19T02:48:54.134+0000] {processor.py:161} INFO - Started process (PID=396) to work on /home/airflow/.local/lib/python3.8/site-packages/airflow/example_dags/example_latest_only.py
[2025-11-19T02:48:54.135+0000] {processor.py:830} INFO - Processing file /home/airflow/.local/lib/python3.8/site-packages/airflow/example_dags/example_latest_only.py for tasks to queue
[2025-11-19T02:48:54.137+0000] {logging_mixin.py:188} INFO - [2025-11-19T02:48:54.137+0000] {dagbag.py:538} INFO - Filling up the DagBag from /home/airflow/.local/lib/python3.8/site-packages/airflow/example_dags/example_latest_only.py
[2025-11-19T02:48:54.142+0000] {processor.py:840} INFO - DAG(s) 'latest_only' retrieved from /home/airflow/.local/lib/python3.8/site-packages/airflow/example_dags/example_latest_only.py
[2025-11-19T02:48:54.160+0000] {logging_mixin.py:188} INFO - [2025-11-19T02:48:54.160+0000] {dag.py:3036} INFO - Sync 1 DAGs
[2025-11-19T02:48:54.178+0000] {logging_mixin.py:188} INFO - [2025-11-19T02:48:54.178+0000] {dag.py:3823} INFO - Setting next_dagrun for latest_only to 2025-11-18 20:00:00+00:00, run_after=2025-11-19 00:00:00+00:00
[2025-11-19T02:48:54.198+0000] {processor.py:183} INFO - Processing /home/airflow/.local/lib/python3.8/site-packages/airflow/example_dags/example_latest_only.py took 0.067 seconds
[2025-11-19T02:49:24.331+0000] {processor.py:161} INFO - Started process (PID=454) to work on /home/airflow/.local/lib/python3.8/site-packages/airflow/example_dags/example_latest_only.py
[2025-11-19T02:49:24.333+0000] {processor.py:830} INFO - Processing file /home/airflow/.local/lib/python3.8/site-packages/airflow/example_dags/example_latest_only.py for tasks to queue
[2025-11-19T02:49:24.334+0000] {logging_mixin.py:188} INFO - [2025-11-19T02:49:24.334+0000] {dagbag.py:538} INFO - Filling up the DagBag from /home/airflow/.local/lib/python3.8/site-packages/airflow/example_dags/example_latest_only.py
[2025-11-19T02:49:24.339+0000] {processor.py:840} INFO - DAG(s) 'latest_only' retrieved from /home/airflow/.local/lib/python3.8/site-packages/airflow/example_dags/example_latest_only.py
[2025-11-19T02:49:24.358+0000] {logging_mixin.py:188} INFO - [2025-11-19T02:49:24.358+0000] {dag.py:3036} INFO - Sync 1 DAGs
[2025-11-19T02:49:24.374+0000] {logging_mixin.py:188} INFO - [2025-11-19T02:49:24.374+0000] {dag.py:3823} INFO - Setting next_dagrun for latest_only to 2025-11-18 20:00:00+00:00, run_after=2025-11-19 00:00:00+00:00
[2025-11-19T02:49:24.394+0000] {processor.py:183} INFO - Processing /home/airflow/.local/lib/python3.8/site-packages/airflow/example_dags/example_latest_only.py took 0.065 seconds
[2025-11-19T02:49:54.541+0000] {processor.py:161} INFO - Started process (PID=513) to work on /home/airflow/.local/lib/python3.8/site-packages/airflow/example_dags/example_latest_only.py
[2025-11-19T02:49:54.542+0000] {processor.py:830} INFO - Processing file /home/airflow/.local/lib/python3.8/site-packages/airflow/example_dags/example_latest_only.py for tasks to queue
[2025-11-19T02:49:54.544+0000] {logging_mixin.py:188} INFO - [2025-11-19T02:49:54.544+0000] {dagbag.py:538} INFO - Filling up the DagBag from /home/airflow/.local/lib/python3.8/site-packages/airflow/example_dags/example_latest_only.py
[2025-11-19T02:49:54.550+0000] {processor.py:840} INFO - DAG(s) 'latest_only' retrieved from /home/airflow/.local/lib/python3.8/site-packages/airflow/example_dags/example_latest_only.py
[2025-11-19T02:49:54.570+0000] {logging_mixin.py:188} INFO - [2025-11-19T02:49:54.570+0000] {dag.py:3036} INFO - Sync 1 DAGs
[2025-11-19T02:49:54.588+0000] {logging_mixin.py:188} INFO - [2025-11-19T02:49:54.588+0000] {dag.py:3823} INFO - Setting next_dagrun for latest_only to 2025-11-18 20:00:00+00:00, run_after=2025-11-19 00:00:00+00:00
[2025-11-19T02:49:54.606+0000] {processor.py:183} INFO - Processing /home/airflow/.local/lib/python3.8/site-packages/airflow/example_dags/example_latest_only.py took 0.068 seconds
[2025-11-19T02:50:25.107+0000] {processor.py:161} INFO - Started process (PID=573) to work on /home/airflow/.local/lib/python3.8/site-packages/airflow/example_dags/example_latest_only.py
[2025-11-19T02:50:25.108+0000] {processor.py:830} INFO - Processing file /home/airflow/.local/lib/python3.8/site-packages/airflow/example_dags/example_latest_only.py for tasks to queue
[2025-11-19T02:50:25.110+0000] {logging_mixin.py:188} INFO - [2025-11-19T02:50:25.110+0000] {dagbag.py:538} INFO - Filling up the DagBag from /home/airflow/.local/lib/python3.8/site-packages/airflow/example_dags/example_latest_only.py
[2025-11-19T02:50:25.116+0000] {processor.py:840} INFO - DAG(s) 'latest_only' retrieved from /home/airflow/.local/lib/python3.8/site-packages/airflow/example_dags/example_latest_only.py
[2025-11-19T02:50:25.136+0000] {logging_mixin.py:188} INFO - [2025-11-19T02:50:25.136+0000] {dag.py:3036} INFO - Sync 1 DAGs
[2025-11-19T02:50:25.156+0000] {logging_mixin.py:188} INFO - [2025-11-19T02:50:25.155+0000] {dag.py:3823} INFO - Setting next_dagrun for latest_only to 2025-11-18 20:00:00+00:00, run_after=2025-11-19 00:00:00+00:00
[2025-11-19T02:50:25.171+0000] {processor.py:183} INFO - Processing /home/airflow/.local/lib/python3.8/site-packages/airflow/example_dags/example_latest_only.py took 0.068 seconds
[2025-11-19T02:50:55.226+0000] {processor.py:161} INFO - Started process (PID=631) to work on /home/airflow/.local/lib/python3.8/site-packages/airflow/example_dags/example_latest_only.py
[2025-11-19T02:50:55.227+0000] {processor.py:830} INFO - Processing file /home/airflow/.local/lib/python3.8/site-packages/airflow/example_dags/example_latest_only.py for tasks to queue
[2025-11-19T02:50:55.228+0000] {logging_mixin.py:188} INFO - [2025-11-19T02:50:55.228+0000] {dagbag.py:538} INFO - Filling up the DagBag from /home/airflow/.local/lib/python3.8/site-packages/airflow/example_dags/example_latest_only.py
[2025-11-19T02:50:55.233+0000] {processor.py:840} INFO - DAG(s) 'latest_only' retrieved from /home/airflow/.local/lib/python3.8/site-packages/airflow/example_dags/example_latest_only.py
[2025-11-19T02:50:55.252+0000] {logging_mixin.py:188} INFO - [2025-11-19T02:50:55.252+0000] {dag.py:3036} INFO - Sync 1 DAGs
[2025-11-19T02:50:55.269+0000] {logging_mixin.py:188} INFO - [2025-11-19T02:50:55.269+0000] {dag.py:3823} INFO - Setting next_dagrun for latest_only to 2025-11-18 20:00:00+00:00, run_after=2025-11-19 00:00:00+00:00
[2025-11-19T02:50:55.288+0000] {processor.py:183} INFO - Processing /home/airflow/.local/lib/python3.8/site-packages/airflow/example_dags/example_latest_only.py took 0.066 seconds
[2025-11-19T02:51:25.395+0000] {processor.py:161} INFO - Started process (PID=690) to work on /home/airflow/.local/lib/python3.8/site-packages/airflow/example_dags/example_latest_only.py
[2025-11-19T02:51:25.397+0000] {processor.py:830} INFO - Processing file /home/airflow/.local/lib/python3.8/site-packages/airflow/example_dags/example_latest_only.py for tasks to queue
[2025-11-19T02:51:25.400+0000] {logging_mixin.py:188} INFO - [2025-11-19T02:51:25.400+0000] {dagbag.py:538} INFO - Filling up the DagBag from /home/airflow/.local/lib/python3.8/site-packages/airflow/example_dags/example_latest_only.py
[2025-11-19T02:51:25.409+0000] {processor.py:840} INFO - DAG(s) 'latest_only' retrieved from /home/airflow/.local/lib/python3.8/site-packages/airflow/example_dags/example_latest_only.py
[2025-11-19T02:51:25.432+0000] {logging_mixin.py:188} INFO - [2025-11-19T02:51:25.432+0000] {dag.py:3036} INFO - Sync 1 DAGs
[2025-11-19T02:51:25.453+0000] {logging_mixin.py:188} INFO - [2025-11-19T02:51:25.452+0000] {dag.py:3823} INFO - Setting next_dagrun for latest_only to 2025-11-18 20:00:00+00:00, run_after=2025-11-19 00:00:00+00:00
[2025-11-19T02:51:25.473+0000] {processor.py:183} INFO - Processing /home/airflow/.local/lib/python3.8/site-packages/airflow/example_dags/example_latest_only.py took 0.083 seconds
