[2025-11-19T02:29:04.157+0000] {processor.py:161} INFO - Started process (PID=46) to work on /home/airflow/.local/lib/python3.8/site-packages/airflow/example_dags/example_branch_operator.py
[2025-11-19T02:29:04.160+0000] {processor.py:830} INFO - Processing file /home/airflow/.local/lib/python3.8/site-packages/airflow/example_dags/example_branch_operator.py for tasks to queue
[2025-11-19T02:29:04.164+0000] {logging_mixin.py:188} INFO - [2025-11-19T02:29:04.163+0000] {dagbag.py:538} INFO - Filling up the DagBag from /home/airflow/.local/lib/python3.8/site-packages/airflow/example_dags/example_branch_operator.py
[2025-11-19T02:29:04.205+0000] {processor.py:840} INFO - DAG(s) 'example_branch_operator' retrieved from /home/airflow/.local/lib/python3.8/site-packages/airflow/example_dags/example_branch_operator.py
[2025-11-19T02:29:04.385+0000] {logging_mixin.py:188} INFO - [2025-11-19T02:29:04.384+0000] {override.py:1769} INFO - Created Permission View: can read on DAG:example_branch_operator
[2025-11-19T02:29:04.401+0000] {logging_mixin.py:188} INFO - [2025-11-19T02:29:04.400+0000] {override.py:1769} INFO - Created Permission View: can edit on DAG:example_branch_operator
[2025-11-19T02:29:04.411+0000] {logging_mixin.py:188} INFO - [2025-11-19T02:29:04.411+0000] {override.py:1769} INFO - Created Permission View: can delete on DAG:example_branch_operator
[2025-11-19T02:29:04.412+0000] {logging_mixin.py:188} INFO - [2025-11-19T02:29:04.411+0000] {dag.py:3036} INFO - Sync 1 DAGs
[2025-11-19T02:29:04.428+0000] {logging_mixin.py:188} INFO - [2025-11-19T02:29:04.428+0000] {dag.py:3058} INFO - Creating ORM DAG for example_branch_operator
[2025-11-19T02:29:04.444+0000] {logging_mixin.py:188} INFO - [2025-11-19T02:29:04.444+0000] {dag.py:3823} INFO - Setting next_dagrun for example_branch_operator to 2025-11-18 00:00:00+00:00, run_after=2025-11-19 00:00:00+00:00
[2025-11-19T02:29:04.467+0000] {processor.py:183} INFO - Processing /home/airflow/.local/lib/python3.8/site-packages/airflow/example_dags/example_branch_operator.py took 0.317 seconds
[2025-11-19T02:29:35.194+0000] {processor.py:161} INFO - Started process (PID=104) to work on /home/airflow/.local/lib/python3.8/site-packages/airflow/example_dags/example_branch_operator.py
[2025-11-19T02:29:35.195+0000] {processor.py:830} INFO - Processing file /home/airflow/.local/lib/python3.8/site-packages/airflow/example_dags/example_branch_operator.py for tasks to queue
[2025-11-19T02:29:35.196+0000] {logging_mixin.py:188} INFO - [2025-11-19T02:29:35.196+0000] {dagbag.py:538} INFO - Filling up the DagBag from /home/airflow/.local/lib/python3.8/site-packages/airflow/example_dags/example_branch_operator.py
[2025-11-19T02:29:35.212+0000] {processor.py:840} INFO - DAG(s) 'example_branch_operator' retrieved from /home/airflow/.local/lib/python3.8/site-packages/airflow/example_dags/example_branch_operator.py
[2025-11-19T02:29:35.236+0000] {logging_mixin.py:188} INFO - [2025-11-19T02:29:35.236+0000] {dag.py:3036} INFO - Sync 1 DAGs
[2025-11-19T02:29:35.255+0000] {logging_mixin.py:188} INFO - [2025-11-19T02:29:35.255+0000] {dag.py:3823} INFO - Setting next_dagrun for example_branch_operator to 2025-11-18 00:00:00+00:00, run_after=2025-11-19 00:00:00+00:00
[2025-11-19T02:29:35.279+0000] {processor.py:183} INFO - Processing /home/airflow/.local/lib/python3.8/site-packages/airflow/example_dags/example_branch_operator.py took 0.088 seconds
[2025-11-19T02:45:52.058+0000] {processor.py:161} INFO - Started process (PID=46) to work on /home/airflow/.local/lib/python3.8/site-packages/airflow/example_dags/example_branch_operator.py
[2025-11-19T02:45:52.060+0000] {processor.py:830} INFO - Processing file /home/airflow/.local/lib/python3.8/site-packages/airflow/example_dags/example_branch_operator.py for tasks to queue
[2025-11-19T02:45:52.063+0000] {logging_mixin.py:188} INFO - [2025-11-19T02:45:52.062+0000] {dagbag.py:538} INFO - Filling up the DagBag from /home/airflow/.local/lib/python3.8/site-packages/airflow/example_dags/example_branch_operator.py
[2025-11-19T02:45:52.095+0000] {processor.py:840} INFO - DAG(s) 'example_branch_operator' retrieved from /home/airflow/.local/lib/python3.8/site-packages/airflow/example_dags/example_branch_operator.py
[2025-11-19T02:45:52.269+0000] {logging_mixin.py:188} INFO - [2025-11-19T02:45:52.269+0000] {override.py:1769} INFO - Created Permission View: can read on DAG:example_branch_operator
[2025-11-19T02:45:52.281+0000] {logging_mixin.py:188} INFO - [2025-11-19T02:45:52.281+0000] {override.py:1769} INFO - Created Permission View: can edit on DAG:example_branch_operator
[2025-11-19T02:45:52.290+0000] {logging_mixin.py:188} INFO - [2025-11-19T02:45:52.289+0000] {override.py:1769} INFO - Created Permission View: can delete on DAG:example_branch_operator
[2025-11-19T02:45:52.290+0000] {logging_mixin.py:188} INFO - [2025-11-19T02:45:52.290+0000] {dag.py:3036} INFO - Sync 1 DAGs
[2025-11-19T02:45:52.303+0000] {logging_mixin.py:188} INFO - [2025-11-19T02:45:52.303+0000] {dag.py:3058} INFO - Creating ORM DAG for example_branch_operator
[2025-11-19T02:45:52.313+0000] {logging_mixin.py:188} INFO - [2025-11-19T02:45:52.313+0000] {dag.py:3823} INFO - Setting next_dagrun for example_branch_operator to 2025-11-18 00:00:00+00:00, run_after=2025-11-19 00:00:00+00:00
[2025-11-19T02:45:52.338+0000] {processor.py:183} INFO - Processing /home/airflow/.local/lib/python3.8/site-packages/airflow/example_dags/example_branch_operator.py took 0.285 seconds
[2025-11-19T02:46:22.673+0000] {processor.py:161} INFO - Started process (PID=104) to work on /home/airflow/.local/lib/python3.8/site-packages/airflow/example_dags/example_branch_operator.py
[2025-11-19T02:46:22.674+0000] {processor.py:830} INFO - Processing file /home/airflow/.local/lib/python3.8/site-packages/airflow/example_dags/example_branch_operator.py for tasks to queue
[2025-11-19T02:46:22.676+0000] {logging_mixin.py:188} INFO - [2025-11-19T02:46:22.676+0000] {dagbag.py:538} INFO - Filling up the DagBag from /home/airflow/.local/lib/python3.8/site-packages/airflow/example_dags/example_branch_operator.py
[2025-11-19T02:46:22.691+0000] {processor.py:840} INFO - DAG(s) 'example_branch_operator' retrieved from /home/airflow/.local/lib/python3.8/site-packages/airflow/example_dags/example_branch_operator.py
[2025-11-19T02:46:22.720+0000] {logging_mixin.py:188} INFO - [2025-11-19T02:46:22.720+0000] {dag.py:3036} INFO - Sync 1 DAGs
[2025-11-19T02:46:22.741+0000] {logging_mixin.py:188} INFO - [2025-11-19T02:46:22.741+0000] {dag.py:3823} INFO - Setting next_dagrun for example_branch_operator to 2025-11-18 00:00:00+00:00, run_after=2025-11-19 00:00:00+00:00
[2025-11-19T02:46:22.760+0000] {processor.py:183} INFO - Processing /home/airflow/.local/lib/python3.8/site-packages/airflow/example_dags/example_branch_operator.py took 0.090 seconds
[2025-11-19T02:46:53.098+0000] {processor.py:161} INFO - Started process (PID=163) to work on /home/airflow/.local/lib/python3.8/site-packages/airflow/example_dags/example_branch_operator.py
[2025-11-19T02:46:53.099+0000] {processor.py:830} INFO - Processing file /home/airflow/.local/lib/python3.8/site-packages/airflow/example_dags/example_branch_operator.py for tasks to queue
[2025-11-19T02:46:53.101+0000] {logging_mixin.py:188} INFO - [2025-11-19T02:46:53.101+0000] {dagbag.py:538} INFO - Filling up the DagBag from /home/airflow/.local/lib/python3.8/site-packages/airflow/example_dags/example_branch_operator.py
[2025-11-19T02:46:53.115+0000] {processor.py:840} INFO - DAG(s) 'example_branch_operator' retrieved from /home/airflow/.local/lib/python3.8/site-packages/airflow/example_dags/example_branch_operator.py
[2025-11-19T02:46:53.127+0000] {logging_mixin.py:188} INFO - [2025-11-19T02:46:53.127+0000] {dag.py:3036} INFO - Sync 1 DAGs
[2025-11-19T02:46:53.146+0000] {logging_mixin.py:188} INFO - [2025-11-19T02:46:53.145+0000] {dag.py:3823} INFO - Setting next_dagrun for example_branch_operator to 2025-11-18 00:00:00+00:00, run_after=2025-11-19 00:00:00+00:00
[2025-11-19T02:46:53.165+0000] {processor.py:183} INFO - Processing /home/airflow/.local/lib/python3.8/site-packages/airflow/example_dags/example_branch_operator.py took 0.071 seconds
[2025-11-19T02:47:23.669+0000] {processor.py:161} INFO - Started process (PID=222) to work on /home/airflow/.local/lib/python3.8/site-packages/airflow/example_dags/example_branch_operator.py
[2025-11-19T02:47:23.671+0000] {processor.py:830} INFO - Processing file /home/airflow/.local/lib/python3.8/site-packages/airflow/example_dags/example_branch_operator.py for tasks to queue
[2025-11-19T02:47:23.673+0000] {logging_mixin.py:188} INFO - [2025-11-19T02:47:23.672+0000] {dagbag.py:538} INFO - Filling up the DagBag from /home/airflow/.local/lib/python3.8/site-packages/airflow/example_dags/example_branch_operator.py
[2025-11-19T02:47:23.688+0000] {processor.py:840} INFO - DAG(s) 'example_branch_operator' retrieved from /home/airflow/.local/lib/python3.8/site-packages/airflow/example_dags/example_branch_operator.py
[2025-11-19T02:47:23.804+0000] {logging_mixin.py:188} INFO - [2025-11-19T02:47:23.804+0000] {dag.py:3036} INFO - Sync 1 DAGs
[2025-11-19T02:47:23.822+0000] {logging_mixin.py:188} INFO - [2025-11-19T02:47:23.822+0000] {dag.py:3823} INFO - Setting next_dagrun for example_branch_operator to 2025-11-18 00:00:00+00:00, run_after=2025-11-19 00:00:00+00:00
[2025-11-19T02:47:23.842+0000] {processor.py:183} INFO - Processing /home/airflow/.local/lib/python3.8/site-packages/airflow/example_dags/example_branch_operator.py took 0.177 seconds
[2025-11-19T02:47:54.032+0000] {processor.py:161} INFO - Started process (PID=281) to work on /home/airflow/.local/lib/python3.8/site-packages/airflow/example_dags/example_branch_operator.py
[2025-11-19T02:47:54.033+0000] {processor.py:830} INFO - Processing file /home/airflow/.local/lib/python3.8/site-packages/airflow/example_dags/example_branch_operator.py for tasks to queue
[2025-11-19T02:47:54.035+0000] {logging_mixin.py:188} INFO - [2025-11-19T02:47:54.035+0000] {dagbag.py:538} INFO - Filling up the DagBag from /home/airflow/.local/lib/python3.8/site-packages/airflow/example_dags/example_branch_operator.py
[2025-11-19T02:47:54.049+0000] {processor.py:840} INFO - DAG(s) 'example_branch_operator' retrieved from /home/airflow/.local/lib/python3.8/site-packages/airflow/example_dags/example_branch_operator.py
[2025-11-19T02:47:54.073+0000] {logging_mixin.py:188} INFO - [2025-11-19T02:47:54.073+0000] {dag.py:3036} INFO - Sync 1 DAGs
[2025-11-19T02:47:54.091+0000] {logging_mixin.py:188} INFO - [2025-11-19T02:47:54.091+0000] {dag.py:3823} INFO - Setting next_dagrun for example_branch_operator to 2025-11-18 00:00:00+00:00, run_after=2025-11-19 00:00:00+00:00
[2025-11-19T02:47:54.111+0000] {processor.py:183} INFO - Processing /home/airflow/.local/lib/python3.8/site-packages/airflow/example_dags/example_branch_operator.py took 0.082 seconds
[2025-11-19T02:48:24.237+0000] {processor.py:161} INFO - Started process (PID=341) to work on /home/airflow/.local/lib/python3.8/site-packages/airflow/example_dags/example_branch_operator.py
[2025-11-19T02:48:24.238+0000] {processor.py:830} INFO - Processing file /home/airflow/.local/lib/python3.8/site-packages/airflow/example_dags/example_branch_operator.py for tasks to queue
[2025-11-19T02:48:24.240+0000] {logging_mixin.py:188} INFO - [2025-11-19T02:48:24.239+0000] {dagbag.py:538} INFO - Filling up the DagBag from /home/airflow/.local/lib/python3.8/site-packages/airflow/example_dags/example_branch_operator.py
[2025-11-19T02:48:24.255+0000] {processor.py:840} INFO - DAG(s) 'example_branch_operator' retrieved from /home/airflow/.local/lib/python3.8/site-packages/airflow/example_dags/example_branch_operator.py
[2025-11-19T02:48:24.280+0000] {logging_mixin.py:188} INFO - [2025-11-19T02:48:24.280+0000] {dag.py:3036} INFO - Sync 1 DAGs
[2025-11-19T02:48:24.298+0000] {logging_mixin.py:188} INFO - [2025-11-19T02:48:24.298+0000] {dag.py:3823} INFO - Setting next_dagrun for example_branch_operator to 2025-11-18 00:00:00+00:00, run_after=2025-11-19 00:00:00+00:00
[2025-11-19T02:48:24.316+0000] {processor.py:183} INFO - Processing /home/airflow/.local/lib/python3.8/site-packages/airflow/example_dags/example_branch_operator.py took 0.083 seconds
[2025-11-19T02:48:54.420+0000] {processor.py:161} INFO - Started process (PID=400) to work on /home/airflow/.local/lib/python3.8/site-packages/airflow/example_dags/example_branch_operator.py
[2025-11-19T02:48:54.421+0000] {processor.py:830} INFO - Processing file /home/airflow/.local/lib/python3.8/site-packages/airflow/example_dags/example_branch_operator.py for tasks to queue
[2025-11-19T02:48:54.424+0000] {logging_mixin.py:188} INFO - [2025-11-19T02:48:54.423+0000] {dagbag.py:538} INFO - Filling up the DagBag from /home/airflow/.local/lib/python3.8/site-packages/airflow/example_dags/example_branch_operator.py
[2025-11-19T02:48:54.439+0000] {processor.py:840} INFO - DAG(s) 'example_branch_operator' retrieved from /home/airflow/.local/lib/python3.8/site-packages/airflow/example_dags/example_branch_operator.py
[2025-11-19T02:48:54.463+0000] {logging_mixin.py:188} INFO - [2025-11-19T02:48:54.463+0000] {dag.py:3036} INFO - Sync 1 DAGs
[2025-11-19T02:48:54.483+0000] {logging_mixin.py:188} INFO - [2025-11-19T02:48:54.482+0000] {dag.py:3823} INFO - Setting next_dagrun for example_branch_operator to 2025-11-18 00:00:00+00:00, run_after=2025-11-19 00:00:00+00:00
[2025-11-19T02:48:54.503+0000] {processor.py:183} INFO - Processing /home/airflow/.local/lib/python3.8/site-packages/airflow/example_dags/example_branch_operator.py took 0.087 seconds
[2025-11-19T02:49:24.694+0000] {processor.py:161} INFO - Started process (PID=459) to work on /home/airflow/.local/lib/python3.8/site-packages/airflow/example_dags/example_branch_operator.py
[2025-11-19T02:49:24.695+0000] {processor.py:830} INFO - Processing file /home/airflow/.local/lib/python3.8/site-packages/airflow/example_dags/example_branch_operator.py for tasks to queue
[2025-11-19T02:49:24.697+0000] {logging_mixin.py:188} INFO - [2025-11-19T02:49:24.697+0000] {dagbag.py:538} INFO - Filling up the DagBag from /home/airflow/.local/lib/python3.8/site-packages/airflow/example_dags/example_branch_operator.py
[2025-11-19T02:49:24.714+0000] {processor.py:840} INFO - DAG(s) 'example_branch_operator' retrieved from /home/airflow/.local/lib/python3.8/site-packages/airflow/example_dags/example_branch_operator.py
[2025-11-19T02:49:24.742+0000] {logging_mixin.py:188} INFO - [2025-11-19T02:49:24.742+0000] {dag.py:3036} INFO - Sync 1 DAGs
[2025-11-19T02:49:24.763+0000] {logging_mixin.py:188} INFO - [2025-11-19T02:49:24.762+0000] {dag.py:3823} INFO - Setting next_dagrun for example_branch_operator to 2025-11-18 00:00:00+00:00, run_after=2025-11-19 00:00:00+00:00
[2025-11-19T02:49:24.783+0000] {processor.py:183} INFO - Processing /home/airflow/.local/lib/python3.8/site-packages/airflow/example_dags/example_branch_operator.py took 0.092 seconds
[2025-11-19T02:49:54.906+0000] {processor.py:161} INFO - Started process (PID=517) to work on /home/airflow/.local/lib/python3.8/site-packages/airflow/example_dags/example_branch_operator.py
[2025-11-19T02:49:54.907+0000] {processor.py:830} INFO - Processing file /home/airflow/.local/lib/python3.8/site-packages/airflow/example_dags/example_branch_operator.py for tasks to queue
[2025-11-19T02:49:54.909+0000] {logging_mixin.py:188} INFO - [2025-11-19T02:49:54.908+0000] {dagbag.py:538} INFO - Filling up the DagBag from /home/airflow/.local/lib/python3.8/site-packages/airflow/example_dags/example_branch_operator.py
[2025-11-19T02:49:54.925+0000] {processor.py:840} INFO - DAG(s) 'example_branch_operator' retrieved from /home/airflow/.local/lib/python3.8/site-packages/airflow/example_dags/example_branch_operator.py
[2025-11-19T02:49:54.952+0000] {logging_mixin.py:188} INFO - [2025-11-19T02:49:54.952+0000] {dag.py:3036} INFO - Sync 1 DAGs
[2025-11-19T02:49:54.975+0000] {logging_mixin.py:188} INFO - [2025-11-19T02:49:54.975+0000] {dag.py:3823} INFO - Setting next_dagrun for example_branch_operator to 2025-11-18 00:00:00+00:00, run_after=2025-11-19 00:00:00+00:00
[2025-11-19T02:49:54.995+0000] {processor.py:183} INFO - Processing /home/airflow/.local/lib/python3.8/site-packages/airflow/example_dags/example_branch_operator.py took 0.092 seconds
[2025-11-19T02:50:25.412+0000] {processor.py:161} INFO - Started process (PID=576) to work on /home/airflow/.local/lib/python3.8/site-packages/airflow/example_dags/example_branch_operator.py
[2025-11-19T02:50:25.413+0000] {processor.py:830} INFO - Processing file /home/airflow/.local/lib/python3.8/site-packages/airflow/example_dags/example_branch_operator.py for tasks to queue
[2025-11-19T02:50:25.417+0000] {logging_mixin.py:188} INFO - [2025-11-19T02:50:25.416+0000] {dagbag.py:538} INFO - Filling up the DagBag from /home/airflow/.local/lib/python3.8/site-packages/airflow/example_dags/example_branch_operator.py
[2025-11-19T02:50:25.439+0000] {processor.py:840} INFO - DAG(s) 'example_branch_operator' retrieved from /home/airflow/.local/lib/python3.8/site-packages/airflow/example_dags/example_branch_operator.py
[2025-11-19T02:50:25.463+0000] {logging_mixin.py:188} INFO - [2025-11-19T02:50:25.463+0000] {dag.py:3036} INFO - Sync 1 DAGs
[2025-11-19T02:50:25.484+0000] {logging_mixin.py:188} INFO - [2025-11-19T02:50:25.484+0000] {dag.py:3823} INFO - Setting next_dagrun for example_branch_operator to 2025-11-18 00:00:00+00:00, run_after=2025-11-19 00:00:00+00:00
[2025-11-19T02:50:25.501+0000] {processor.py:183} INFO - Processing /home/airflow/.local/lib/python3.8/site-packages/airflow/example_dags/example_branch_operator.py took 0.093 seconds
[2025-11-19T02:50:56.454+0000] {processor.py:161} INFO - Started process (PID=635) to work on /home/airflow/.local/lib/python3.8/site-packages/airflow/example_dags/example_branch_operator.py
[2025-11-19T02:50:56.455+0000] {processor.py:830} INFO - Processing file /home/airflow/.local/lib/python3.8/site-packages/airflow/example_dags/example_branch_operator.py for tasks to queue
[2025-11-19T02:50:56.457+0000] {logging_mixin.py:188} INFO - [2025-11-19T02:50:56.457+0000] {dagbag.py:538} INFO - Filling up the DagBag from /home/airflow/.local/lib/python3.8/site-packages/airflow/example_dags/example_branch_operator.py
[2025-11-19T02:50:56.472+0000] {processor.py:840} INFO - DAG(s) 'example_branch_operator' retrieved from /home/airflow/.local/lib/python3.8/site-packages/airflow/example_dags/example_branch_operator.py
[2025-11-19T02:50:56.497+0000] {logging_mixin.py:188} INFO - [2025-11-19T02:50:56.497+0000] {dag.py:3036} INFO - Sync 1 DAGs
[2025-11-19T02:50:56.516+0000] {logging_mixin.py:188} INFO - [2025-11-19T02:50:56.515+0000] {dag.py:3823} INFO - Setting next_dagrun for example_branch_operator to 2025-11-18 00:00:00+00:00, run_after=2025-11-19 00:00:00+00:00
[2025-11-19T02:50:56.541+0000] {processor.py:183} INFO - Processing /home/airflow/.local/lib/python3.8/site-packages/airflow/example_dags/example_branch_operator.py took 0.091 seconds
[2025-11-19T02:51:26.590+0000] {processor.py:161} INFO - Started process (PID=693) to work on /home/airflow/.local/lib/python3.8/site-packages/airflow/example_dags/example_branch_operator.py
[2025-11-19T02:51:26.591+0000] {processor.py:830} INFO - Processing file /home/airflow/.local/lib/python3.8/site-packages/airflow/example_dags/example_branch_operator.py for tasks to queue
[2025-11-19T02:51:26.593+0000] {logging_mixin.py:188} INFO - [2025-11-19T02:51:26.592+0000] {dagbag.py:538} INFO - Filling up the DagBag from /home/airflow/.local/lib/python3.8/site-packages/airflow/example_dags/example_branch_operator.py
[2025-11-19T02:51:26.608+0000] {processor.py:840} INFO - DAG(s) 'example_branch_operator' retrieved from /home/airflow/.local/lib/python3.8/site-packages/airflow/example_dags/example_branch_operator.py
[2025-11-19T02:51:26.632+0000] {logging_mixin.py:188} INFO - [2025-11-19T02:51:26.631+0000] {dag.py:3036} INFO - Sync 1 DAGs
[2025-11-19T02:51:26.648+0000] {logging_mixin.py:188} INFO - [2025-11-19T02:51:26.648+0000] {dag.py:3823} INFO - Setting next_dagrun for example_branch_operator to 2025-11-18 00:00:00+00:00, run_after=2025-11-19 00:00:00+00:00
[2025-11-19T02:51:26.666+0000] {processor.py:183} INFO - Processing /home/airflow/.local/lib/python3.8/site-packages/airflow/example_dags/example_branch_operator.py took 0.080 seconds
