[2025-11-19T02:29:07.642+0000] {processor.py:161} INFO - Started process (PID=70) to work on /home/airflow/.local/lib/python3.8/site-packages/airflow/example_dags/example_short_circuit_decorator.py
[2025-11-19T02:29:07.644+0000] {processor.py:830} INFO - Processing file /home/airflow/.local/lib/python3.8/site-packages/airflow/example_dags/example_short_circuit_decorator.py for tasks to queue
[2025-11-19T02:29:07.647+0000] {logging_mixin.py:188} INFO - [2025-11-19T02:29:07.647+0000] {dagbag.py:538} INFO - Filling up the DagBag from /home/airflow/.local/lib/python3.8/site-packages/airflow/example_dags/example_short_circuit_decorator.py
[2025-11-19T02:29:07.665+0000] {processor.py:840} INFO - DAG(s) 'example_short_circuit_decorator' retrieved from /home/airflow/.local/lib/python3.8/site-packages/airflow/example_dags/example_short_circuit_decorator.py
[2025-11-19T02:29:07.840+0000] {logging_mixin.py:188} INFO - [2025-11-19T02:29:07.838+0000] {override.py:1769} INFO - Created Permission View: can read on DAG:example_short_circuit_decorator
[2025-11-19T02:29:07.856+0000] {logging_mixin.py:188} INFO - [2025-11-19T02:29:07.856+0000] {override.py:1769} INFO - Created Permission View: can edit on DAG:example_short_circuit_decorator
[2025-11-19T02:29:07.868+0000] {logging_mixin.py:188} INFO - [2025-11-19T02:29:07.867+0000] {override.py:1769} INFO - Created Permission View: can delete on DAG:example_short_circuit_decorator
[2025-11-19T02:29:07.869+0000] {logging_mixin.py:188} INFO - [2025-11-19T02:29:07.869+0000] {dag.py:3036} INFO - Sync 1 DAGs
[2025-11-19T02:29:07.885+0000] {logging_mixin.py:188} INFO - [2025-11-19T02:29:07.884+0000] {dag.py:3058} INFO - Creating ORM DAG for example_short_circuit_decorator
[2025-11-19T02:29:07.900+0000] {logging_mixin.py:188} INFO - [2025-11-19T02:29:07.900+0000] {dag.py:3823} INFO - Setting next_dagrun for example_short_circuit_decorator to 2025-11-18 00:00:00+00:00, run_after=2025-11-19 00:00:00+00:00
[2025-11-19T02:29:07.932+0000] {processor.py:183} INFO - Processing /home/airflow/.local/lib/python3.8/site-packages/airflow/example_dags/example_short_circuit_decorator.py took 0.295 seconds
[2025-11-19T02:45:56.503+0000] {processor.py:161} INFO - Started process (PID=70) to work on /home/airflow/.local/lib/python3.8/site-packages/airflow/example_dags/example_short_circuit_decorator.py
[2025-11-19T02:45:56.505+0000] {processor.py:830} INFO - Processing file /home/airflow/.local/lib/python3.8/site-packages/airflow/example_dags/example_short_circuit_decorator.py for tasks to queue
[2025-11-19T02:45:56.508+0000] {logging_mixin.py:188} INFO - [2025-11-19T02:45:56.507+0000] {dagbag.py:538} INFO - Filling up the DagBag from /home/airflow/.local/lib/python3.8/site-packages/airflow/example_dags/example_short_circuit_decorator.py
[2025-11-19T02:45:56.523+0000] {processor.py:840} INFO - DAG(s) 'example_short_circuit_decorator' retrieved from /home/airflow/.local/lib/python3.8/site-packages/airflow/example_dags/example_short_circuit_decorator.py
[2025-11-19T02:45:56.682+0000] {logging_mixin.py:188} INFO - [2025-11-19T02:45:56.682+0000] {override.py:1769} INFO - Created Permission View: can read on DAG:example_short_circuit_decorator
[2025-11-19T02:45:56.698+0000] {logging_mixin.py:188} INFO - [2025-11-19T02:45:56.698+0000] {override.py:1769} INFO - Created Permission View: can edit on DAG:example_short_circuit_decorator
[2025-11-19T02:45:56.710+0000] {logging_mixin.py:188} INFO - [2025-11-19T02:45:56.709+0000] {override.py:1769} INFO - Created Permission View: can delete on DAG:example_short_circuit_decorator
[2025-11-19T02:45:56.712+0000] {logging_mixin.py:188} INFO - [2025-11-19T02:45:56.711+0000] {dag.py:3036} INFO - Sync 1 DAGs
[2025-11-19T02:45:56.728+0000] {logging_mixin.py:188} INFO - [2025-11-19T02:45:56.728+0000] {dag.py:3058} INFO - Creating ORM DAG for example_short_circuit_decorator
[2025-11-19T02:45:56.743+0000] {logging_mixin.py:188} INFO - [2025-11-19T02:45:56.742+0000] {dag.py:3823} INFO - Setting next_dagrun for example_short_circuit_decorator to 2025-11-18 00:00:00+00:00, run_after=2025-11-19 00:00:00+00:00
[2025-11-19T02:45:56.766+0000] {processor.py:183} INFO - Processing /home/airflow/.local/lib/python3.8/site-packages/airflow/example_dags/example_short_circuit_decorator.py took 0.268 seconds
[2025-11-19T02:46:27.130+0000] {processor.py:161} INFO - Started process (PID=128) to work on /home/airflow/.local/lib/python3.8/site-packages/airflow/example_dags/example_short_circuit_decorator.py
[2025-11-19T02:46:27.131+0000] {processor.py:830} INFO - Processing file /home/airflow/.local/lib/python3.8/site-packages/airflow/example_dags/example_short_circuit_decorator.py for tasks to queue
[2025-11-19T02:46:27.132+0000] {logging_mixin.py:188} INFO - [2025-11-19T02:46:27.132+0000] {dagbag.py:538} INFO - Filling up the DagBag from /home/airflow/.local/lib/python3.8/site-packages/airflow/example_dags/example_short_circuit_decorator.py
[2025-11-19T02:46:27.140+0000] {processor.py:840} INFO - DAG(s) 'example_short_circuit_decorator' retrieved from /home/airflow/.local/lib/python3.8/site-packages/airflow/example_dags/example_short_circuit_decorator.py
[2025-11-19T02:46:27.160+0000] {logging_mixin.py:188} INFO - [2025-11-19T02:46:27.160+0000] {dag.py:3036} INFO - Sync 1 DAGs
[2025-11-19T02:46:27.179+0000] {logging_mixin.py:188} INFO - [2025-11-19T02:46:27.178+0000] {dag.py:3823} INFO - Setting next_dagrun for example_short_circuit_decorator to 2025-11-18 00:00:00+00:00, run_after=2025-11-19 00:00:00+00:00
[2025-11-19T02:46:27.199+0000] {processor.py:183} INFO - Processing /home/airflow/.local/lib/python3.8/site-packages/airflow/example_dags/example_short_circuit_decorator.py took 0.072 seconds
[2025-11-19T02:46:57.350+0000] {processor.py:161} INFO - Started process (PID=187) to work on /home/airflow/.local/lib/python3.8/site-packages/airflow/example_dags/example_short_circuit_decorator.py
[2025-11-19T02:46:57.351+0000] {processor.py:830} INFO - Processing file /home/airflow/.local/lib/python3.8/site-packages/airflow/example_dags/example_short_circuit_decorator.py for tasks to queue
[2025-11-19T02:46:57.352+0000] {logging_mixin.py:188} INFO - [2025-11-19T02:46:57.352+0000] {dagbag.py:538} INFO - Filling up the DagBag from /home/airflow/.local/lib/python3.8/site-packages/airflow/example_dags/example_short_circuit_decorator.py
[2025-11-19T02:46:57.361+0000] {processor.py:840} INFO - DAG(s) 'example_short_circuit_decorator' retrieved from /home/airflow/.local/lib/python3.8/site-packages/airflow/example_dags/example_short_circuit_decorator.py
[2025-11-19T02:46:57.373+0000] {logging_mixin.py:188} INFO - [2025-11-19T02:46:57.372+0000] {dag.py:3036} INFO - Sync 1 DAGs
[2025-11-19T02:46:57.390+0000] {logging_mixin.py:188} INFO - [2025-11-19T02:46:57.390+0000] {dag.py:3823} INFO - Setting next_dagrun for example_short_circuit_decorator to 2025-11-18 00:00:00+00:00, run_after=2025-11-19 00:00:00+00:00
[2025-11-19T02:46:57.411+0000] {processor.py:183} INFO - Processing /home/airflow/.local/lib/python3.8/site-packages/airflow/example_dags/example_short_circuit_decorator.py took 0.064 seconds
[2025-11-19T02:47:28.104+0000] {processor.py:161} INFO - Started process (PID=246) to work on /home/airflow/.local/lib/python3.8/site-packages/airflow/example_dags/example_short_circuit_decorator.py
[2025-11-19T02:47:28.105+0000] {processor.py:830} INFO - Processing file /home/airflow/.local/lib/python3.8/site-packages/airflow/example_dags/example_short_circuit_decorator.py for tasks to queue
[2025-11-19T02:47:28.108+0000] {logging_mixin.py:188} INFO - [2025-11-19T02:47:28.107+0000] {dagbag.py:538} INFO - Filling up the DagBag from /home/airflow/.local/lib/python3.8/site-packages/airflow/example_dags/example_short_circuit_decorator.py
[2025-11-19T02:47:28.116+0000] {processor.py:840} INFO - DAG(s) 'example_short_circuit_decorator' retrieved from /home/airflow/.local/lib/python3.8/site-packages/airflow/example_dags/example_short_circuit_decorator.py
[2025-11-19T02:47:28.214+0000] {logging_mixin.py:188} INFO - [2025-11-19T02:47:28.213+0000] {dag.py:3036} INFO - Sync 1 DAGs
[2025-11-19T02:47:28.231+0000] {logging_mixin.py:188} INFO - [2025-11-19T02:47:28.231+0000] {dag.py:3823} INFO - Setting next_dagrun for example_short_circuit_decorator to 2025-11-18 00:00:00+00:00, run_after=2025-11-19 00:00:00+00:00
[2025-11-19T02:47:28.253+0000] {processor.py:183} INFO - Processing /home/airflow/.local/lib/python3.8/site-packages/airflow/example_dags/example_short_circuit_decorator.py took 0.152 seconds
[2025-11-19T02:47:58.540+0000] {processor.py:161} INFO - Started process (PID=305) to work on /home/airflow/.local/lib/python3.8/site-packages/airflow/example_dags/example_short_circuit_decorator.py
[2025-11-19T02:47:58.541+0000] {processor.py:830} INFO - Processing file /home/airflow/.local/lib/python3.8/site-packages/airflow/example_dags/example_short_circuit_decorator.py for tasks to queue
[2025-11-19T02:47:58.543+0000] {logging_mixin.py:188} INFO - [2025-11-19T02:47:58.543+0000] {dagbag.py:538} INFO - Filling up the DagBag from /home/airflow/.local/lib/python3.8/site-packages/airflow/example_dags/example_short_circuit_decorator.py
[2025-11-19T02:47:58.552+0000] {processor.py:840} INFO - DAG(s) 'example_short_circuit_decorator' retrieved from /home/airflow/.local/lib/python3.8/site-packages/airflow/example_dags/example_short_circuit_decorator.py
[2025-11-19T02:47:58.573+0000] {logging_mixin.py:188} INFO - [2025-11-19T02:47:58.573+0000] {dag.py:3036} INFO - Sync 1 DAGs
[2025-11-19T02:47:58.591+0000] {logging_mixin.py:188} INFO - [2025-11-19T02:47:58.591+0000] {dag.py:3823} INFO - Setting next_dagrun for example_short_circuit_decorator to 2025-11-18 00:00:00+00:00, run_after=2025-11-19 00:00:00+00:00
[2025-11-19T02:47:58.613+0000] {processor.py:183} INFO - Processing /home/airflow/.local/lib/python3.8/site-packages/airflow/example_dags/example_short_circuit_decorator.py took 0.076 seconds
[2025-11-19T02:48:28.803+0000] {processor.py:161} INFO - Started process (PID=364) to work on /home/airflow/.local/lib/python3.8/site-packages/airflow/example_dags/example_short_circuit_decorator.py
[2025-11-19T02:48:28.804+0000] {processor.py:830} INFO - Processing file /home/airflow/.local/lib/python3.8/site-packages/airflow/example_dags/example_short_circuit_decorator.py for tasks to queue
[2025-11-19T02:48:28.806+0000] {logging_mixin.py:188} INFO - [2025-11-19T02:48:28.806+0000] {dagbag.py:538} INFO - Filling up the DagBag from /home/airflow/.local/lib/python3.8/site-packages/airflow/example_dags/example_short_circuit_decorator.py
[2025-11-19T02:48:28.814+0000] {processor.py:840} INFO - DAG(s) 'example_short_circuit_decorator' retrieved from /home/airflow/.local/lib/python3.8/site-packages/airflow/example_dags/example_short_circuit_decorator.py
[2025-11-19T02:48:28.835+0000] {logging_mixin.py:188} INFO - [2025-11-19T02:48:28.834+0000] {dag.py:3036} INFO - Sync 1 DAGs
[2025-11-19T02:48:28.855+0000] {logging_mixin.py:188} INFO - [2025-11-19T02:48:28.854+0000] {dag.py:3823} INFO - Setting next_dagrun for example_short_circuit_decorator to 2025-11-18 00:00:00+00:00, run_after=2025-11-19 00:00:00+00:00
[2025-11-19T02:48:28.875+0000] {processor.py:183} INFO - Processing /home/airflow/.local/lib/python3.8/site-packages/airflow/example_dags/example_short_circuit_decorator.py took 0.075 seconds
[2025-11-19T02:48:58.930+0000] {processor.py:161} INFO - Started process (PID=423) to work on /home/airflow/.local/lib/python3.8/site-packages/airflow/example_dags/example_short_circuit_decorator.py
[2025-11-19T02:48:58.931+0000] {processor.py:830} INFO - Processing file /home/airflow/.local/lib/python3.8/site-packages/airflow/example_dags/example_short_circuit_decorator.py for tasks to queue
[2025-11-19T02:48:58.932+0000] {logging_mixin.py:188} INFO - [2025-11-19T02:48:58.932+0000] {dagbag.py:538} INFO - Filling up the DagBag from /home/airflow/.local/lib/python3.8/site-packages/airflow/example_dags/example_short_circuit_decorator.py
[2025-11-19T02:48:58.943+0000] {processor.py:840} INFO - DAG(s) 'example_short_circuit_decorator' retrieved from /home/airflow/.local/lib/python3.8/site-packages/airflow/example_dags/example_short_circuit_decorator.py
[2025-11-19T02:48:58.965+0000] {logging_mixin.py:188} INFO - [2025-11-19T02:48:58.965+0000] {dag.py:3036} INFO - Sync 1 DAGs
[2025-11-19T02:48:58.982+0000] {logging_mixin.py:188} INFO - [2025-11-19T02:48:58.982+0000] {dag.py:3823} INFO - Setting next_dagrun for example_short_circuit_decorator to 2025-11-18 00:00:00+00:00, run_after=2025-11-19 00:00:00+00:00
[2025-11-19T02:48:59.001+0000] {processor.py:183} INFO - Processing /home/airflow/.local/lib/python3.8/site-packages/airflow/example_dags/example_short_circuit_decorator.py took 0.074 seconds
[2025-11-19T02:49:29.048+0000] {processor.py:161} INFO - Started process (PID=482) to work on /home/airflow/.local/lib/python3.8/site-packages/airflow/example_dags/example_short_circuit_decorator.py
[2025-11-19T02:49:29.049+0000] {processor.py:830} INFO - Processing file /home/airflow/.local/lib/python3.8/site-packages/airflow/example_dags/example_short_circuit_decorator.py for tasks to queue
[2025-11-19T02:49:29.051+0000] {logging_mixin.py:188} INFO - [2025-11-19T02:49:29.051+0000] {dagbag.py:538} INFO - Filling up the DagBag from /home/airflow/.local/lib/python3.8/site-packages/airflow/example_dags/example_short_circuit_decorator.py
[2025-11-19T02:49:29.058+0000] {processor.py:840} INFO - DAG(s) 'example_short_circuit_decorator' retrieved from /home/airflow/.local/lib/python3.8/site-packages/airflow/example_dags/example_short_circuit_decorator.py
[2025-11-19T02:49:29.080+0000] {logging_mixin.py:188} INFO - [2025-11-19T02:49:29.080+0000] {dag.py:3036} INFO - Sync 1 DAGs
[2025-11-19T02:49:29.096+0000] {logging_mixin.py:188} INFO - [2025-11-19T02:49:29.096+0000] {dag.py:3823} INFO - Setting next_dagrun for example_short_circuit_decorator to 2025-11-18 00:00:00+00:00, run_after=2025-11-19 00:00:00+00:00
[2025-11-19T02:49:29.116+0000] {processor.py:183} INFO - Processing /home/airflow/.local/lib/python3.8/site-packages/airflow/example_dags/example_short_circuit_decorator.py took 0.071 seconds
[2025-11-19T02:49:59.308+0000] {processor.py:161} INFO - Started process (PID=541) to work on /home/airflow/.local/lib/python3.8/site-packages/airflow/example_dags/example_short_circuit_decorator.py
[2025-11-19T02:49:59.310+0000] {processor.py:830} INFO - Processing file /home/airflow/.local/lib/python3.8/site-packages/airflow/example_dags/example_short_circuit_decorator.py for tasks to queue
[2025-11-19T02:49:59.311+0000] {logging_mixin.py:188} INFO - [2025-11-19T02:49:59.311+0000] {dagbag.py:538} INFO - Filling up the DagBag from /home/airflow/.local/lib/python3.8/site-packages/airflow/example_dags/example_short_circuit_decorator.py
[2025-11-19T02:49:59.319+0000] {processor.py:840} INFO - DAG(s) 'example_short_circuit_decorator' retrieved from /home/airflow/.local/lib/python3.8/site-packages/airflow/example_dags/example_short_circuit_decorator.py
[2025-11-19T02:49:59.340+0000] {logging_mixin.py:188} INFO - [2025-11-19T02:49:59.340+0000] {dag.py:3036} INFO - Sync 1 DAGs
[2025-11-19T02:49:59.360+0000] {logging_mixin.py:188} INFO - [2025-11-19T02:49:59.360+0000] {dag.py:3823} INFO - Setting next_dagrun for example_short_circuit_decorator to 2025-11-18 00:00:00+00:00, run_after=2025-11-19 00:00:00+00:00
[2025-11-19T02:49:59.380+0000] {processor.py:183} INFO - Processing /home/airflow/.local/lib/python3.8/site-packages/airflow/example_dags/example_short_circuit_decorator.py took 0.074 seconds
[2025-11-19T02:50:29.790+0000] {processor.py:161} INFO - Started process (PID=600) to work on /home/airflow/.local/lib/python3.8/site-packages/airflow/example_dags/example_short_circuit_decorator.py
[2025-11-19T02:50:29.791+0000] {processor.py:830} INFO - Processing file /home/airflow/.local/lib/python3.8/site-packages/airflow/example_dags/example_short_circuit_decorator.py for tasks to queue
[2025-11-19T02:50:29.793+0000] {logging_mixin.py:188} INFO - [2025-11-19T02:50:29.792+0000] {dagbag.py:538} INFO - Filling up the DagBag from /home/airflow/.local/lib/python3.8/site-packages/airflow/example_dags/example_short_circuit_decorator.py
[2025-11-19T02:50:29.801+0000] {processor.py:840} INFO - DAG(s) 'example_short_circuit_decorator' retrieved from /home/airflow/.local/lib/python3.8/site-packages/airflow/example_dags/example_short_circuit_decorator.py
[2025-11-19T02:50:29.821+0000] {logging_mixin.py:188} INFO - [2025-11-19T02:50:29.821+0000] {dag.py:3036} INFO - Sync 1 DAGs
[2025-11-19T02:50:29.842+0000] {logging_mixin.py:188} INFO - [2025-11-19T02:50:29.842+0000] {dag.py:3823} INFO - Setting next_dagrun for example_short_circuit_decorator to 2025-11-18 00:00:00+00:00, run_after=2025-11-19 00:00:00+00:00
[2025-11-19T02:50:29.864+0000] {processor.py:183} INFO - Processing /home/airflow/.local/lib/python3.8/site-packages/airflow/example_dags/example_short_circuit_decorator.py took 0.078 seconds
[2025-11-19T02:50:59.907+0000] {processor.py:161} INFO - Started process (PID=659) to work on /home/airflow/.local/lib/python3.8/site-packages/airflow/example_dags/example_short_circuit_decorator.py
[2025-11-19T02:50:59.909+0000] {processor.py:830} INFO - Processing file /home/airflow/.local/lib/python3.8/site-packages/airflow/example_dags/example_short_circuit_decorator.py for tasks to queue
[2025-11-19T02:50:59.911+0000] {logging_mixin.py:188} INFO - [2025-11-19T02:50:59.911+0000] {dagbag.py:538} INFO - Filling up the DagBag from /home/airflow/.local/lib/python3.8/site-packages/airflow/example_dags/example_short_circuit_decorator.py
[2025-11-19T02:50:59.918+0000] {processor.py:840} INFO - DAG(s) 'example_short_circuit_decorator' retrieved from /home/airflow/.local/lib/python3.8/site-packages/airflow/example_dags/example_short_circuit_decorator.py
[2025-11-19T02:50:59.939+0000] {logging_mixin.py:188} INFO - [2025-11-19T02:50:59.938+0000] {dag.py:3036} INFO - Sync 1 DAGs
[2025-11-19T02:50:59.956+0000] {logging_mixin.py:188} INFO - [2025-11-19T02:50:59.955+0000] {dag.py:3823} INFO - Setting next_dagrun for example_short_circuit_decorator to 2025-11-18 00:00:00+00:00, run_after=2025-11-19 00:00:00+00:00
[2025-11-19T02:50:59.975+0000] {processor.py:183} INFO - Processing /home/airflow/.local/lib/python3.8/site-packages/airflow/example_dags/example_short_circuit_decorator.py took 0.071 seconds
