[2025-11-19T02:29:06.781+0000] {processor.py:161} INFO - Started process (PID=64) to work on /home/airflow/.local/lib/python3.8/site-packages/airflow/example_dags/example_task_group_decorator.py
[2025-11-19T02:29:06.782+0000] {processor.py:830} INFO - Processing file /home/airflow/.local/lib/python3.8/site-packages/airflow/example_dags/example_task_group_decorator.py for tasks to queue
[2025-11-19T02:29:06.784+0000] {logging_mixin.py:188} INFO - [2025-11-19T02:29:06.784+0000] {dagbag.py:538} INFO - Filling up the DagBag from /home/airflow/.local/lib/python3.8/site-packages/airflow/example_dags/example_task_group_decorator.py
[2025-11-19T02:29:06.800+0000] {processor.py:840} INFO - DAG(s) 'example_task_group_decorator' retrieved from /home/airflow/.local/lib/python3.8/site-packages/airflow/example_dags/example_task_group_decorator.py
[2025-11-19T02:29:06.920+0000] {logging_mixin.py:188} INFO - [2025-11-19T02:29:06.920+0000] {override.py:1769} INFO - Created Permission View: can read on DAG:example_task_group_decorator
[2025-11-19T02:29:06.932+0000] {logging_mixin.py:188} INFO - [2025-11-19T02:29:06.931+0000] {override.py:1769} INFO - Created Permission View: can edit on DAG:example_task_group_decorator
[2025-11-19T02:29:06.939+0000] {logging_mixin.py:188} INFO - [2025-11-19T02:29:06.939+0000] {override.py:1769} INFO - Created Permission View: can delete on DAG:example_task_group_decorator
[2025-11-19T02:29:06.940+0000] {logging_mixin.py:188} INFO - [2025-11-19T02:29:06.940+0000] {dag.py:3036} INFO - Sync 1 DAGs
[2025-11-19T02:29:06.949+0000] {logging_mixin.py:188} INFO - [2025-11-19T02:29:06.949+0000] {dag.py:3058} INFO - Creating ORM DAG for example_task_group_decorator
[2025-11-19T02:29:06.960+0000] {logging_mixin.py:188} INFO - [2025-11-19T02:29:06.959+0000] {dag.py:3823} INFO - Setting next_dagrun for example_task_group_decorator to 2025-11-18 00:00:00+00:00, run_after=2025-11-19 00:00:00+00:00
[2025-11-19T02:29:06.978+0000] {processor.py:183} INFO - Processing /home/airflow/.local/lib/python3.8/site-packages/airflow/example_dags/example_task_group_decorator.py took 0.201 seconds
[2025-11-19T02:29:37.277+0000] {processor.py:161} INFO - Started process (PID=122) to work on /home/airflow/.local/lib/python3.8/site-packages/airflow/example_dags/example_task_group_decorator.py
[2025-11-19T02:29:37.278+0000] {processor.py:830} INFO - Processing file /home/airflow/.local/lib/python3.8/site-packages/airflow/example_dags/example_task_group_decorator.py for tasks to queue
[2025-11-19T02:29:37.281+0000] {logging_mixin.py:188} INFO - [2025-11-19T02:29:37.280+0000] {dagbag.py:538} INFO - Filling up the DagBag from /home/airflow/.local/lib/python3.8/site-packages/airflow/example_dags/example_task_group_decorator.py
[2025-11-19T02:29:37.299+0000] {processor.py:840} INFO - DAG(s) 'example_task_group_decorator' retrieved from /home/airflow/.local/lib/python3.8/site-packages/airflow/example_dags/example_task_group_decorator.py
[2025-11-19T02:29:37.337+0000] {logging_mixin.py:188} INFO - [2025-11-19T02:29:37.336+0000] {dag.py:3036} INFO - Sync 1 DAGs
[2025-11-19T02:29:37.373+0000] {logging_mixin.py:188} INFO - [2025-11-19T02:29:37.372+0000] {dag.py:3823} INFO - Setting next_dagrun for example_task_group_decorator to 2025-11-18 00:00:00+00:00, run_after=2025-11-19 00:00:00+00:00
[2025-11-19T02:29:37.417+0000] {processor.py:183} INFO - Processing /home/airflow/.local/lib/python3.8/site-packages/airflow/example_dags/example_task_group_decorator.py took 0.144 seconds
[2025-11-19T02:45:55.159+0000] {processor.py:161} INFO - Started process (PID=64) to work on /home/airflow/.local/lib/python3.8/site-packages/airflow/example_dags/example_task_group_decorator.py
[2025-11-19T02:45:55.161+0000] {processor.py:830} INFO - Processing file /home/airflow/.local/lib/python3.8/site-packages/airflow/example_dags/example_task_group_decorator.py for tasks to queue
[2025-11-19T02:45:55.164+0000] {logging_mixin.py:188} INFO - [2025-11-19T02:45:55.164+0000] {dagbag.py:538} INFO - Filling up the DagBag from /home/airflow/.local/lib/python3.8/site-packages/airflow/example_dags/example_task_group_decorator.py
[2025-11-19T02:45:55.190+0000] {processor.py:840} INFO - DAG(s) 'example_task_group_decorator' retrieved from /home/airflow/.local/lib/python3.8/site-packages/airflow/example_dags/example_task_group_decorator.py
[2025-11-19T02:45:55.366+0000] {logging_mixin.py:188} INFO - [2025-11-19T02:45:55.366+0000] {override.py:1769} INFO - Created Permission View: can read on DAG:example_task_group_decorator
[2025-11-19T02:45:55.384+0000] {logging_mixin.py:188} INFO - [2025-11-19T02:45:55.383+0000] {override.py:1769} INFO - Created Permission View: can edit on DAG:example_task_group_decorator
[2025-11-19T02:45:55.396+0000] {logging_mixin.py:188} INFO - [2025-11-19T02:45:55.396+0000] {override.py:1769} INFO - Created Permission View: can delete on DAG:example_task_group_decorator
[2025-11-19T02:45:55.397+0000] {logging_mixin.py:188} INFO - [2025-11-19T02:45:55.397+0000] {dag.py:3036} INFO - Sync 1 DAGs
[2025-11-19T02:45:55.413+0000] {logging_mixin.py:188} INFO - [2025-11-19T02:45:55.413+0000] {dag.py:3058} INFO - Creating ORM DAG for example_task_group_decorator
[2025-11-19T02:45:55.429+0000] {logging_mixin.py:188} INFO - [2025-11-19T02:45:55.428+0000] {dag.py:3823} INFO - Setting next_dagrun for example_task_group_decorator to 2025-11-18 00:00:00+00:00, run_after=2025-11-19 00:00:00+00:00
[2025-11-19T02:45:55.454+0000] {processor.py:183} INFO - Processing /home/airflow/.local/lib/python3.8/site-packages/airflow/example_dags/example_task_group_decorator.py took 0.300 seconds
[2025-11-19T02:46:25.693+0000] {processor.py:161} INFO - Started process (PID=122) to work on /home/airflow/.local/lib/python3.8/site-packages/airflow/example_dags/example_task_group_decorator.py
[2025-11-19T02:46:25.694+0000] {processor.py:830} INFO - Processing file /home/airflow/.local/lib/python3.8/site-packages/airflow/example_dags/example_task_group_decorator.py for tasks to queue
[2025-11-19T02:46:25.696+0000] {logging_mixin.py:188} INFO - [2025-11-19T02:46:25.696+0000] {dagbag.py:538} INFO - Filling up the DagBag from /home/airflow/.local/lib/python3.8/site-packages/airflow/example_dags/example_task_group_decorator.py
[2025-11-19T02:46:25.709+0000] {processor.py:840} INFO - DAG(s) 'example_task_group_decorator' retrieved from /home/airflow/.local/lib/python3.8/site-packages/airflow/example_dags/example_task_group_decorator.py
[2025-11-19T02:46:25.731+0000] {logging_mixin.py:188} INFO - [2025-11-19T02:46:25.731+0000] {dag.py:3036} INFO - Sync 1 DAGs
[2025-11-19T02:46:25.749+0000] {logging_mixin.py:188} INFO - [2025-11-19T02:46:25.748+0000] {dag.py:3823} INFO - Setting next_dagrun for example_task_group_decorator to 2025-11-18 00:00:00+00:00, run_after=2025-11-19 00:00:00+00:00
[2025-11-19T02:46:25.768+0000] {processor.py:183} INFO - Processing /home/airflow/.local/lib/python3.8/site-packages/airflow/example_dags/example_task_group_decorator.py took 0.078 seconds
[2025-11-19T02:46:56.067+0000] {processor.py:161} INFO - Started process (PID=181) to work on /home/airflow/.local/lib/python3.8/site-packages/airflow/example_dags/example_task_group_decorator.py
[2025-11-19T02:46:56.068+0000] {processor.py:830} INFO - Processing file /home/airflow/.local/lib/python3.8/site-packages/airflow/example_dags/example_task_group_decorator.py for tasks to queue
[2025-11-19T02:46:56.070+0000] {logging_mixin.py:188} INFO - [2025-11-19T02:46:56.070+0000] {dagbag.py:538} INFO - Filling up the DagBag from /home/airflow/.local/lib/python3.8/site-packages/airflow/example_dags/example_task_group_decorator.py
[2025-11-19T02:46:56.081+0000] {processor.py:840} INFO - DAG(s) 'example_task_group_decorator' retrieved from /home/airflow/.local/lib/python3.8/site-packages/airflow/example_dags/example_task_group_decorator.py
[2025-11-19T02:46:56.093+0000] {logging_mixin.py:188} INFO - [2025-11-19T02:46:56.093+0000] {dag.py:3036} INFO - Sync 1 DAGs
[2025-11-19T02:46:56.110+0000] {logging_mixin.py:188} INFO - [2025-11-19T02:46:56.110+0000] {dag.py:3823} INFO - Setting next_dagrun for example_task_group_decorator to 2025-11-18 00:00:00+00:00, run_after=2025-11-19 00:00:00+00:00
[2025-11-19T02:46:56.128+0000] {processor.py:183} INFO - Processing /home/airflow/.local/lib/python3.8/site-packages/airflow/example_dags/example_task_group_decorator.py took 0.064 seconds
[2025-11-19T02:47:26.574+0000] {processor.py:161} INFO - Started process (PID=240) to work on /home/airflow/.local/lib/python3.8/site-packages/airflow/example_dags/example_task_group_decorator.py
[2025-11-19T02:47:26.575+0000] {processor.py:830} INFO - Processing file /home/airflow/.local/lib/python3.8/site-packages/airflow/example_dags/example_task_group_decorator.py for tasks to queue
[2025-11-19T02:47:26.577+0000] {logging_mixin.py:188} INFO - [2025-11-19T02:47:26.577+0000] {dagbag.py:538} INFO - Filling up the DagBag from /home/airflow/.local/lib/python3.8/site-packages/airflow/example_dags/example_task_group_decorator.py
[2025-11-19T02:47:26.592+0000] {processor.py:840} INFO - DAG(s) 'example_task_group_decorator' retrieved from /home/airflow/.local/lib/python3.8/site-packages/airflow/example_dags/example_task_group_decorator.py
[2025-11-19T02:47:26.692+0000] {logging_mixin.py:188} INFO - [2025-11-19T02:47:26.692+0000] {dag.py:3036} INFO - Sync 1 DAGs
[2025-11-19T02:47:26.711+0000] {logging_mixin.py:188} INFO - [2025-11-19T02:47:26.710+0000] {dag.py:3823} INFO - Setting next_dagrun for example_task_group_decorator to 2025-11-18 00:00:00+00:00, run_after=2025-11-19 00:00:00+00:00
[2025-11-19T02:47:26.732+0000] {processor.py:183} INFO - Processing /home/airflow/.local/lib/python3.8/site-packages/airflow/example_dags/example_task_group_decorator.py took 0.163 seconds
[2025-11-19T02:47:57.221+0000] {processor.py:161} INFO - Started process (PID=299) to work on /home/airflow/.local/lib/python3.8/site-packages/airflow/example_dags/example_task_group_decorator.py
[2025-11-19T02:47:57.226+0000] {processor.py:830} INFO - Processing file /home/airflow/.local/lib/python3.8/site-packages/airflow/example_dags/example_task_group_decorator.py for tasks to queue
[2025-11-19T02:47:57.228+0000] {logging_mixin.py:188} INFO - [2025-11-19T02:47:57.227+0000] {dagbag.py:538} INFO - Filling up the DagBag from /home/airflow/.local/lib/python3.8/site-packages/airflow/example_dags/example_task_group_decorator.py
[2025-11-19T02:47:57.238+0000] {processor.py:840} INFO - DAG(s) 'example_task_group_decorator' retrieved from /home/airflow/.local/lib/python3.8/site-packages/airflow/example_dags/example_task_group_decorator.py
[2025-11-19T02:47:57.261+0000] {logging_mixin.py:188} INFO - [2025-11-19T02:47:57.261+0000] {dag.py:3036} INFO - Sync 1 DAGs
[2025-11-19T02:47:57.280+0000] {logging_mixin.py:188} INFO - [2025-11-19T02:47:57.280+0000] {dag.py:3823} INFO - Setting next_dagrun for example_task_group_decorator to 2025-11-18 00:00:00+00:00, run_after=2025-11-19 00:00:00+00:00
[2025-11-19T02:47:57.299+0000] {processor.py:183} INFO - Processing /home/airflow/.local/lib/python3.8/site-packages/airflow/example_dags/example_task_group_decorator.py took 0.081 seconds
[2025-11-19T02:48:27.469+0000] {processor.py:161} INFO - Started process (PID=359) to work on /home/airflow/.local/lib/python3.8/site-packages/airflow/example_dags/example_task_group_decorator.py
[2025-11-19T02:48:27.471+0000] {processor.py:830} INFO - Processing file /home/airflow/.local/lib/python3.8/site-packages/airflow/example_dags/example_task_group_decorator.py for tasks to queue
[2025-11-19T02:48:27.474+0000] {logging_mixin.py:188} INFO - [2025-11-19T02:48:27.474+0000] {dagbag.py:538} INFO - Filling up the DagBag from /home/airflow/.local/lib/python3.8/site-packages/airflow/example_dags/example_task_group_decorator.py
[2025-11-19T02:48:27.488+0000] {processor.py:840} INFO - DAG(s) 'example_task_group_decorator' retrieved from /home/airflow/.local/lib/python3.8/site-packages/airflow/example_dags/example_task_group_decorator.py
[2025-11-19T02:48:27.518+0000] {logging_mixin.py:188} INFO - [2025-11-19T02:48:27.518+0000] {dag.py:3036} INFO - Sync 1 DAGs
[2025-11-19T02:48:27.542+0000] {logging_mixin.py:188} INFO - [2025-11-19T02:48:27.541+0000] {dag.py:3823} INFO - Setting next_dagrun for example_task_group_decorator to 2025-11-18 00:00:00+00:00, run_after=2025-11-19 00:00:00+00:00
[2025-11-19T02:48:27.563+0000] {processor.py:183} INFO - Processing /home/airflow/.local/lib/python3.8/site-packages/airflow/example_dags/example_task_group_decorator.py took 0.098 seconds
[2025-11-19T02:48:57.617+0000] {processor.py:161} INFO - Started process (PID=418) to work on /home/airflow/.local/lib/python3.8/site-packages/airflow/example_dags/example_task_group_decorator.py
[2025-11-19T02:48:57.619+0000] {processor.py:830} INFO - Processing file /home/airflow/.local/lib/python3.8/site-packages/airflow/example_dags/example_task_group_decorator.py for tasks to queue
[2025-11-19T02:48:57.620+0000] {logging_mixin.py:188} INFO - [2025-11-19T02:48:57.620+0000] {dagbag.py:538} INFO - Filling up the DagBag from /home/airflow/.local/lib/python3.8/site-packages/airflow/example_dags/example_task_group_decorator.py
[2025-11-19T02:48:57.632+0000] {processor.py:840} INFO - DAG(s) 'example_task_group_decorator' retrieved from /home/airflow/.local/lib/python3.8/site-packages/airflow/example_dags/example_task_group_decorator.py
[2025-11-19T02:48:57.656+0000] {logging_mixin.py:188} INFO - [2025-11-19T02:48:57.655+0000] {dag.py:3036} INFO - Sync 1 DAGs
[2025-11-19T02:48:57.676+0000] {logging_mixin.py:188} INFO - [2025-11-19T02:48:57.676+0000] {dag.py:3823} INFO - Setting next_dagrun for example_task_group_decorator to 2025-11-18 00:00:00+00:00, run_after=2025-11-19 00:00:00+00:00
[2025-11-19T02:48:57.697+0000] {processor.py:183} INFO - Processing /home/airflow/.local/lib/python3.8/site-packages/airflow/example_dags/example_task_group_decorator.py took 0.083 seconds
[2025-11-19T02:49:27.730+0000] {processor.py:161} INFO - Started process (PID=477) to work on /home/airflow/.local/lib/python3.8/site-packages/airflow/example_dags/example_task_group_decorator.py
[2025-11-19T02:49:27.732+0000] {processor.py:830} INFO - Processing file /home/airflow/.local/lib/python3.8/site-packages/airflow/example_dags/example_task_group_decorator.py for tasks to queue
[2025-11-19T02:49:27.734+0000] {logging_mixin.py:188} INFO - [2025-11-19T02:49:27.734+0000] {dagbag.py:538} INFO - Filling up the DagBag from /home/airflow/.local/lib/python3.8/site-packages/airflow/example_dags/example_task_group_decorator.py
[2025-11-19T02:49:27.746+0000] {processor.py:840} INFO - DAG(s) 'example_task_group_decorator' retrieved from /home/airflow/.local/lib/python3.8/site-packages/airflow/example_dags/example_task_group_decorator.py
[2025-11-19T02:49:27.770+0000] {logging_mixin.py:188} INFO - [2025-11-19T02:49:27.770+0000] {dag.py:3036} INFO - Sync 1 DAGs
[2025-11-19T02:49:27.789+0000] {logging_mixin.py:188} INFO - [2025-11-19T02:49:27.789+0000] {dag.py:3823} INFO - Setting next_dagrun for example_task_group_decorator to 2025-11-18 00:00:00+00:00, run_after=2025-11-19 00:00:00+00:00
[2025-11-19T02:49:27.808+0000] {processor.py:183} INFO - Processing /home/airflow/.local/lib/python3.8/site-packages/airflow/example_dags/example_task_group_decorator.py took 0.081 seconds
[2025-11-19T02:49:57.905+0000] {processor.py:161} INFO - Started process (PID=535) to work on /home/airflow/.local/lib/python3.8/site-packages/airflow/example_dags/example_task_group_decorator.py
[2025-11-19T02:49:57.906+0000] {processor.py:830} INFO - Processing file /home/airflow/.local/lib/python3.8/site-packages/airflow/example_dags/example_task_group_decorator.py for tasks to queue
[2025-11-19T02:49:57.908+0000] {logging_mixin.py:188} INFO - [2025-11-19T02:49:57.908+0000] {dagbag.py:538} INFO - Filling up the DagBag from /home/airflow/.local/lib/python3.8/site-packages/airflow/example_dags/example_task_group_decorator.py
[2025-11-19T02:49:57.920+0000] {processor.py:840} INFO - DAG(s) 'example_task_group_decorator' retrieved from /home/airflow/.local/lib/python3.8/site-packages/airflow/example_dags/example_task_group_decorator.py
[2025-11-19T02:49:57.942+0000] {logging_mixin.py:188} INFO - [2025-11-19T02:49:57.942+0000] {dag.py:3036} INFO - Sync 1 DAGs
[2025-11-19T02:49:57.961+0000] {logging_mixin.py:188} INFO - [2025-11-19T02:49:57.961+0000] {dag.py:3823} INFO - Setting next_dagrun for example_task_group_decorator to 2025-11-18 00:00:00+00:00, run_after=2025-11-19 00:00:00+00:00
[2025-11-19T02:49:57.981+0000] {processor.py:183} INFO - Processing /home/airflow/.local/lib/python3.8/site-packages/airflow/example_dags/example_task_group_decorator.py took 0.079 seconds
[2025-11-19T02:50:28.420+0000] {processor.py:161} INFO - Started process (PID=594) to work on /home/airflow/.local/lib/python3.8/site-packages/airflow/example_dags/example_task_group_decorator.py
[2025-11-19T02:50:28.422+0000] {processor.py:830} INFO - Processing file /home/airflow/.local/lib/python3.8/site-packages/airflow/example_dags/example_task_group_decorator.py for tasks to queue
[2025-11-19T02:50:28.425+0000] {logging_mixin.py:188} INFO - [2025-11-19T02:50:28.424+0000] {dagbag.py:538} INFO - Filling up the DagBag from /home/airflow/.local/lib/python3.8/site-packages/airflow/example_dags/example_task_group_decorator.py
[2025-11-19T02:50:28.440+0000] {processor.py:840} INFO - DAG(s) 'example_task_group_decorator' retrieved from /home/airflow/.local/lib/python3.8/site-packages/airflow/example_dags/example_task_group_decorator.py
[2025-11-19T02:50:28.466+0000] {logging_mixin.py:188} INFO - [2025-11-19T02:50:28.466+0000] {dag.py:3036} INFO - Sync 1 DAGs
[2025-11-19T02:50:28.489+0000] {logging_mixin.py:188} INFO - [2025-11-19T02:50:28.488+0000] {dag.py:3823} INFO - Setting next_dagrun for example_task_group_decorator to 2025-11-18 00:00:00+00:00, run_after=2025-11-19 00:00:00+00:00
[2025-11-19T02:50:28.510+0000] {processor.py:183} INFO - Processing /home/airflow/.local/lib/python3.8/site-packages/airflow/example_dags/example_task_group_decorator.py took 0.095 seconds
[2025-11-19T02:50:58.562+0000] {processor.py:161} INFO - Started process (PID=653) to work on /home/airflow/.local/lib/python3.8/site-packages/airflow/example_dags/example_task_group_decorator.py
[2025-11-19T02:50:58.563+0000] {processor.py:830} INFO - Processing file /home/airflow/.local/lib/python3.8/site-packages/airflow/example_dags/example_task_group_decorator.py for tasks to queue
[2025-11-19T02:50:58.565+0000] {logging_mixin.py:188} INFO - [2025-11-19T02:50:58.565+0000] {dagbag.py:538} INFO - Filling up the DagBag from /home/airflow/.local/lib/python3.8/site-packages/airflow/example_dags/example_task_group_decorator.py
[2025-11-19T02:50:58.580+0000] {processor.py:840} INFO - DAG(s) 'example_task_group_decorator' retrieved from /home/airflow/.local/lib/python3.8/site-packages/airflow/example_dags/example_task_group_decorator.py
[2025-11-19T02:50:58.603+0000] {logging_mixin.py:188} INFO - [2025-11-19T02:50:58.603+0000] {dag.py:3036} INFO - Sync 1 DAGs
[2025-11-19T02:50:58.622+0000] {logging_mixin.py:188} INFO - [2025-11-19T02:50:58.622+0000] {dag.py:3823} INFO - Setting next_dagrun for example_task_group_decorator to 2025-11-18 00:00:00+00:00, run_after=2025-11-19 00:00:00+00:00
[2025-11-19T02:50:58.641+0000] {processor.py:183} INFO - Processing /home/airflow/.local/lib/python3.8/site-packages/airflow/example_dags/example_task_group_decorator.py took 0.082 seconds
