[2025-11-19T02:29:08.596+0000] {processor.py:161} INFO - Started process (PID=75) to work on /home/airflow/.local/lib/python3.8/site-packages/airflow/example_dags/example_complex.py
[2025-11-19T02:29:08.598+0000] {processor.py:830} INFO - Processing file /home/airflow/.local/lib/python3.8/site-packages/airflow/example_dags/example_complex.py for tasks to queue
[2025-11-19T02:29:08.602+0000] {logging_mixin.py:188} INFO - [2025-11-19T02:29:08.601+0000] {dagbag.py:538} INFO - Filling up the DagBag from /home/airflow/.local/lib/python3.8/site-packages/airflow/example_dags/example_complex.py
[2025-11-19T02:29:08.628+0000] {processor.py:840} INFO - DAG(s) 'example_complex' retrieved from /home/airflow/.local/lib/python3.8/site-packages/airflow/example_dags/example_complex.py
[2025-11-19T02:29:08.827+0000] {logging_mixin.py:188} INFO - [2025-11-19T02:29:08.826+0000] {override.py:1769} INFO - Created Permission View: can read on DAG:example_complex
[2025-11-19T02:29:08.846+0000] {logging_mixin.py:188} INFO - [2025-11-19T02:29:08.845+0000] {override.py:1769} INFO - Created Permission View: can edit on DAG:example_complex
[2025-11-19T02:29:08.857+0000] {logging_mixin.py:188} INFO - [2025-11-19T02:29:08.856+0000] {override.py:1769} INFO - Created Permission View: can delete on DAG:example_complex
[2025-11-19T02:29:08.858+0000] {logging_mixin.py:188} INFO - [2025-11-19T02:29:08.858+0000] {dag.py:3036} INFO - Sync 1 DAGs
[2025-11-19T02:29:08.872+0000] {logging_mixin.py:188} INFO - [2025-11-19T02:29:08.872+0000] {dag.py:3058} INFO - Creating ORM DAG for example_complex
[2025-11-19T02:29:08.874+0000] {logging_mixin.py:188} INFO - [2025-11-19T02:29:08.873+0000] {dag.py:3823} INFO - Setting next_dagrun for example_complex to None, run_after=None
[2025-11-19T02:29:08.902+0000] {processor.py:183} INFO - Processing /home/airflow/.local/lib/python3.8/site-packages/airflow/example_dags/example_complex.py took 0.312 seconds
[2025-11-19T02:45:57.390+0000] {processor.py:161} INFO - Started process (PID=75) to work on /home/airflow/.local/lib/python3.8/site-packages/airflow/example_dags/example_complex.py
[2025-11-19T02:45:57.392+0000] {processor.py:830} INFO - Processing file /home/airflow/.local/lib/python3.8/site-packages/airflow/example_dags/example_complex.py for tasks to queue
[2025-11-19T02:45:57.395+0000] {logging_mixin.py:188} INFO - [2025-11-19T02:45:57.395+0000] {dagbag.py:538} INFO - Filling up the DagBag from /home/airflow/.local/lib/python3.8/site-packages/airflow/example_dags/example_complex.py
[2025-11-19T02:45:57.414+0000] {processor.py:840} INFO - DAG(s) 'example_complex' retrieved from /home/airflow/.local/lib/python3.8/site-packages/airflow/example_dags/example_complex.py
[2025-11-19T02:45:57.595+0000] {logging_mixin.py:188} INFO - [2025-11-19T02:45:57.594+0000] {override.py:1769} INFO - Created Permission View: can read on DAG:example_complex
[2025-11-19T02:45:57.615+0000] {logging_mixin.py:188} INFO - [2025-11-19T02:45:57.614+0000] {override.py:1769} INFO - Created Permission View: can edit on DAG:example_complex
[2025-11-19T02:45:57.626+0000] {logging_mixin.py:188} INFO - [2025-11-19T02:45:57.625+0000] {override.py:1769} INFO - Created Permission View: can delete on DAG:example_complex
[2025-11-19T02:45:57.627+0000] {logging_mixin.py:188} INFO - [2025-11-19T02:45:57.627+0000] {dag.py:3036} INFO - Sync 1 DAGs
[2025-11-19T02:45:57.643+0000] {logging_mixin.py:188} INFO - [2025-11-19T02:45:57.643+0000] {dag.py:3058} INFO - Creating ORM DAG for example_complex
[2025-11-19T02:45:57.644+0000] {logging_mixin.py:188} INFO - [2025-11-19T02:45:57.644+0000] {dag.py:3823} INFO - Setting next_dagrun for example_complex to None, run_after=None
[2025-11-19T02:45:57.670+0000] {processor.py:183} INFO - Processing /home/airflow/.local/lib/python3.8/site-packages/airflow/example_dags/example_complex.py took 0.286 seconds
[2025-11-19T02:46:28.344+0000] {processor.py:161} INFO - Started process (PID=133) to work on /home/airflow/.local/lib/python3.8/site-packages/airflow/example_dags/example_complex.py
[2025-11-19T02:46:28.345+0000] {processor.py:830} INFO - Processing file /home/airflow/.local/lib/python3.8/site-packages/airflow/example_dags/example_complex.py for tasks to queue
[2025-11-19T02:46:28.347+0000] {logging_mixin.py:188} INFO - [2025-11-19T02:46:28.347+0000] {dagbag.py:538} INFO - Filling up the DagBag from /home/airflow/.local/lib/python3.8/site-packages/airflow/example_dags/example_complex.py
[2025-11-19T02:46:28.359+0000] {processor.py:840} INFO - DAG(s) 'example_complex' retrieved from /home/airflow/.local/lib/python3.8/site-packages/airflow/example_dags/example_complex.py
[2025-11-19T02:46:28.387+0000] {logging_mixin.py:188} INFO - [2025-11-19T02:46:28.387+0000] {dag.py:3036} INFO - Sync 1 DAGs
[2025-11-19T02:46:28.398+0000] {logging_mixin.py:188} INFO - [2025-11-19T02:46:28.397+0000] {dag.py:3823} INFO - Setting next_dagrun for example_complex to None, run_after=None
[2025-11-19T02:46:28.418+0000] {processor.py:183} INFO - Processing /home/airflow/.local/lib/python3.8/site-packages/airflow/example_dags/example_complex.py took 0.077 seconds
[2025-11-19T02:46:58.552+0000] {processor.py:161} INFO - Started process (PID=192) to work on /home/airflow/.local/lib/python3.8/site-packages/airflow/example_dags/example_complex.py
[2025-11-19T02:46:58.553+0000] {processor.py:830} INFO - Processing file /home/airflow/.local/lib/python3.8/site-packages/airflow/example_dags/example_complex.py for tasks to queue
[2025-11-19T02:46:58.555+0000] {logging_mixin.py:188} INFO - [2025-11-19T02:46:58.554+0000] {dagbag.py:538} INFO - Filling up the DagBag from /home/airflow/.local/lib/python3.8/site-packages/airflow/example_dags/example_complex.py
[2025-11-19T02:46:58.562+0000] {processor.py:840} INFO - DAG(s) 'example_complex' retrieved from /home/airflow/.local/lib/python3.8/site-packages/airflow/example_dags/example_complex.py
[2025-11-19T02:46:58.574+0000] {logging_mixin.py:188} INFO - [2025-11-19T02:46:58.574+0000] {dag.py:3036} INFO - Sync 1 DAGs
[2025-11-19T02:46:58.584+0000] {logging_mixin.py:188} INFO - [2025-11-19T02:46:58.584+0000] {dag.py:3823} INFO - Setting next_dagrun for example_complex to None, run_after=None
[2025-11-19T02:46:58.603+0000] {processor.py:183} INFO - Processing /home/airflow/.local/lib/python3.8/site-packages/airflow/example_dags/example_complex.py took 0.054 seconds
[2025-11-19T02:47:29.638+0000] {processor.py:161} INFO - Started process (PID=251) to work on /home/airflow/.local/lib/python3.8/site-packages/airflow/example_dags/example_complex.py
[2025-11-19T02:47:29.640+0000] {processor.py:830} INFO - Processing file /home/airflow/.local/lib/python3.8/site-packages/airflow/example_dags/example_complex.py for tasks to queue
[2025-11-19T02:47:29.642+0000] {logging_mixin.py:188} INFO - [2025-11-19T02:47:29.642+0000] {dagbag.py:538} INFO - Filling up the DagBag from /home/airflow/.local/lib/python3.8/site-packages/airflow/example_dags/example_complex.py
[2025-11-19T02:47:29.653+0000] {processor.py:840} INFO - DAG(s) 'example_complex' retrieved from /home/airflow/.local/lib/python3.8/site-packages/airflow/example_dags/example_complex.py
[2025-11-19T02:47:29.757+0000] {logging_mixin.py:188} INFO - [2025-11-19T02:47:29.757+0000] {dag.py:3036} INFO - Sync 1 DAGs
[2025-11-19T02:47:29.767+0000] {logging_mixin.py:188} INFO - [2025-11-19T02:47:29.766+0000] {dag.py:3823} INFO - Setting next_dagrun for example_complex to None, run_after=None
[2025-11-19T02:47:29.792+0000] {processor.py:183} INFO - Processing /home/airflow/.local/lib/python3.8/site-packages/airflow/example_dags/example_complex.py took 0.158 seconds
[2025-11-19T02:48:00.794+0000] {processor.py:161} INFO - Started process (PID=310) to work on /home/airflow/.local/lib/python3.8/site-packages/airflow/example_dags/example_complex.py
[2025-11-19T02:48:00.795+0000] {processor.py:830} INFO - Processing file /home/airflow/.local/lib/python3.8/site-packages/airflow/example_dags/example_complex.py for tasks to queue
[2025-11-19T02:48:00.797+0000] {logging_mixin.py:188} INFO - [2025-11-19T02:48:00.796+0000] {dagbag.py:538} INFO - Filling up the DagBag from /home/airflow/.local/lib/python3.8/site-packages/airflow/example_dags/example_complex.py
[2025-11-19T02:48:00.810+0000] {processor.py:840} INFO - DAG(s) 'example_complex' retrieved from /home/airflow/.local/lib/python3.8/site-packages/airflow/example_dags/example_complex.py
[2025-11-19T02:48:00.838+0000] {logging_mixin.py:188} INFO - [2025-11-19T02:48:00.838+0000] {dag.py:3036} INFO - Sync 1 DAGs
[2025-11-19T02:48:00.850+0000] {logging_mixin.py:188} INFO - [2025-11-19T02:48:00.850+0000] {dag.py:3823} INFO - Setting next_dagrun for example_complex to None, run_after=None
[2025-11-19T02:48:00.870+0000] {processor.py:183} INFO - Processing /home/airflow/.local/lib/python3.8/site-packages/airflow/example_dags/example_complex.py took 0.080 seconds
[2025-11-19T02:48:31.024+0000] {processor.py:161} INFO - Started process (PID=369) to work on /home/airflow/.local/lib/python3.8/site-packages/airflow/example_dags/example_complex.py
[2025-11-19T02:48:31.025+0000] {processor.py:830} INFO - Processing file /home/airflow/.local/lib/python3.8/site-packages/airflow/example_dags/example_complex.py for tasks to queue
[2025-11-19T02:48:31.028+0000] {logging_mixin.py:188} INFO - [2025-11-19T02:48:31.027+0000] {dagbag.py:538} INFO - Filling up the DagBag from /home/airflow/.local/lib/python3.8/site-packages/airflow/example_dags/example_complex.py
[2025-11-19T02:48:31.036+0000] {processor.py:840} INFO - DAG(s) 'example_complex' retrieved from /home/airflow/.local/lib/python3.8/site-packages/airflow/example_dags/example_complex.py
[2025-11-19T02:48:31.061+0000] {logging_mixin.py:188} INFO - [2025-11-19T02:48:31.061+0000] {dag.py:3036} INFO - Sync 1 DAGs
[2025-11-19T02:48:31.072+0000] {logging_mixin.py:188} INFO - [2025-11-19T02:48:31.072+0000] {dag.py:3823} INFO - Setting next_dagrun for example_complex to None, run_after=None
[2025-11-19T02:48:31.094+0000] {processor.py:183} INFO - Processing /home/airflow/.local/lib/python3.8/site-packages/airflow/example_dags/example_complex.py took 0.073 seconds
[2025-11-19T02:49:01.175+0000] {processor.py:161} INFO - Started process (PID=428) to work on /home/airflow/.local/lib/python3.8/site-packages/airflow/example_dags/example_complex.py
[2025-11-19T02:49:01.177+0000] {processor.py:830} INFO - Processing file /home/airflow/.local/lib/python3.8/site-packages/airflow/example_dags/example_complex.py for tasks to queue
[2025-11-19T02:49:01.179+0000] {logging_mixin.py:188} INFO - [2025-11-19T02:49:01.179+0000] {dagbag.py:538} INFO - Filling up the DagBag from /home/airflow/.local/lib/python3.8/site-packages/airflow/example_dags/example_complex.py
[2025-11-19T02:49:01.190+0000] {processor.py:840} INFO - DAG(s) 'example_complex' retrieved from /home/airflow/.local/lib/python3.8/site-packages/airflow/example_dags/example_complex.py
[2025-11-19T02:49:01.224+0000] {logging_mixin.py:188} INFO - [2025-11-19T02:49:01.224+0000] {dag.py:3036} INFO - Sync 1 DAGs
[2025-11-19T02:49:01.237+0000] {logging_mixin.py:188} INFO - [2025-11-19T02:49:01.237+0000] {dag.py:3823} INFO - Setting next_dagrun for example_complex to None, run_after=None
[2025-11-19T02:49:01.260+0000] {processor.py:183} INFO - Processing /home/airflow/.local/lib/python3.8/site-packages/airflow/example_dags/example_complex.py took 0.089 seconds
[2025-11-19T02:49:31.387+0000] {processor.py:161} INFO - Started process (PID=487) to work on /home/airflow/.local/lib/python3.8/site-packages/airflow/example_dags/example_complex.py
[2025-11-19T02:49:31.389+0000] {processor.py:830} INFO - Processing file /home/airflow/.local/lib/python3.8/site-packages/airflow/example_dags/example_complex.py for tasks to queue
[2025-11-19T02:49:31.390+0000] {logging_mixin.py:188} INFO - [2025-11-19T02:49:31.390+0000] {dagbag.py:538} INFO - Filling up the DagBag from /home/airflow/.local/lib/python3.8/site-packages/airflow/example_dags/example_complex.py
[2025-11-19T02:49:31.399+0000] {processor.py:840} INFO - DAG(s) 'example_complex' retrieved from /home/airflow/.local/lib/python3.8/site-packages/airflow/example_dags/example_complex.py
[2025-11-19T02:49:31.423+0000] {logging_mixin.py:188} INFO - [2025-11-19T02:49:31.423+0000] {dag.py:3036} INFO - Sync 1 DAGs
[2025-11-19T02:49:31.432+0000] {logging_mixin.py:188} INFO - [2025-11-19T02:49:31.432+0000] {dag.py:3823} INFO - Setting next_dagrun for example_complex to None, run_after=None
[2025-11-19T02:49:31.452+0000] {processor.py:183} INFO - Processing /home/airflow/.local/lib/python3.8/site-packages/airflow/example_dags/example_complex.py took 0.068 seconds
[2025-11-19T02:50:01.537+0000] {processor.py:161} INFO - Started process (PID=546) to work on /home/airflow/.local/lib/python3.8/site-packages/airflow/example_dags/example_complex.py
[2025-11-19T02:50:01.538+0000] {processor.py:830} INFO - Processing file /home/airflow/.local/lib/python3.8/site-packages/airflow/example_dags/example_complex.py for tasks to queue
[2025-11-19T02:50:01.540+0000] {logging_mixin.py:188} INFO - [2025-11-19T02:50:01.540+0000] {dagbag.py:538} INFO - Filling up the DagBag from /home/airflow/.local/lib/python3.8/site-packages/airflow/example_dags/example_complex.py
[2025-11-19T02:50:01.550+0000] {processor.py:840} INFO - DAG(s) 'example_complex' retrieved from /home/airflow/.local/lib/python3.8/site-packages/airflow/example_dags/example_complex.py
[2025-11-19T02:50:01.579+0000] {logging_mixin.py:188} INFO - [2025-11-19T02:50:01.579+0000] {dag.py:3036} INFO - Sync 1 DAGs
[2025-11-19T02:50:01.590+0000] {logging_mixin.py:188} INFO - [2025-11-19T02:50:01.590+0000] {dag.py:3823} INFO - Setting next_dagrun for example_complex to None, run_after=None
[2025-11-19T02:50:01.611+0000] {processor.py:183} INFO - Processing /home/airflow/.local/lib/python3.8/site-packages/airflow/example_dags/example_complex.py took 0.078 seconds
[2025-11-19T02:50:32.040+0000] {processor.py:161} INFO - Started process (PID=605) to work on /home/airflow/.local/lib/python3.8/site-packages/airflow/example_dags/example_complex.py
[2025-11-19T02:50:32.041+0000] {processor.py:830} INFO - Processing file /home/airflow/.local/lib/python3.8/site-packages/airflow/example_dags/example_complex.py for tasks to queue
[2025-11-19T02:50:32.043+0000] {logging_mixin.py:188} INFO - [2025-11-19T02:50:32.042+0000] {dagbag.py:538} INFO - Filling up the DagBag from /home/airflow/.local/lib/python3.8/site-packages/airflow/example_dags/example_complex.py
[2025-11-19T02:50:32.051+0000] {processor.py:840} INFO - DAG(s) 'example_complex' retrieved from /home/airflow/.local/lib/python3.8/site-packages/airflow/example_dags/example_complex.py
[2025-11-19T02:50:32.075+0000] {logging_mixin.py:188} INFO - [2025-11-19T02:50:32.075+0000] {dag.py:3036} INFO - Sync 1 DAGs
[2025-11-19T02:50:32.085+0000] {logging_mixin.py:188} INFO - [2025-11-19T02:50:32.084+0000] {dag.py:3823} INFO - Setting next_dagrun for example_complex to None, run_after=None
[2025-11-19T02:50:32.103+0000] {processor.py:183} INFO - Processing /home/airflow/.local/lib/python3.8/site-packages/airflow/example_dags/example_complex.py took 0.066 seconds
[2025-11-19T02:51:02.237+0000] {processor.py:161} INFO - Started process (PID=664) to work on /home/airflow/.local/lib/python3.8/site-packages/airflow/example_dags/example_complex.py
[2025-11-19T02:51:02.238+0000] {processor.py:830} INFO - Processing file /home/airflow/.local/lib/python3.8/site-packages/airflow/example_dags/example_complex.py for tasks to queue
[2025-11-19T02:51:02.240+0000] {logging_mixin.py:188} INFO - [2025-11-19T02:51:02.240+0000] {dagbag.py:538} INFO - Filling up the DagBag from /home/airflow/.local/lib/python3.8/site-packages/airflow/example_dags/example_complex.py
[2025-11-19T02:51:02.249+0000] {processor.py:840} INFO - DAG(s) 'example_complex' retrieved from /home/airflow/.local/lib/python3.8/site-packages/airflow/example_dags/example_complex.py
[2025-11-19T02:51:02.274+0000] {logging_mixin.py:188} INFO - [2025-11-19T02:51:02.274+0000] {dag.py:3036} INFO - Sync 1 DAGs
[2025-11-19T02:51:02.284+0000] {logging_mixin.py:188} INFO - [2025-11-19T02:51:02.284+0000] {dag.py:3823} INFO - Setting next_dagrun for example_complex to None, run_after=None
[2025-11-19T02:51:02.305+0000] {processor.py:183} INFO - Processing /home/airflow/.local/lib/python3.8/site-packages/airflow/example_dags/example_complex.py took 0.072 seconds
