[2025-11-19T02:29:03.067+0000] {processor.py:161} INFO - Started process (PID=41) to work on /home/airflow/.local/lib/python3.8/site-packages/airflow/example_dags/example_dag_decorator.py
[2025-11-19T02:29:03.068+0000] {processor.py:830} INFO - Processing file /home/airflow/.local/lib/python3.8/site-packages/airflow/example_dags/example_dag_decorator.py for tasks to queue
[2025-11-19T02:29:03.071+0000] {logging_mixin.py:188} INFO - [2025-11-19T02:29:03.071+0000] {dagbag.py:538} INFO - Filling up the DagBag from /home/airflow/.local/lib/python3.8/site-packages/airflow/example_dags/example_dag_decorator.py
[2025-11-19T02:29:03.431+0000] {processor.py:840} INFO - DAG(s) 'example_dag_decorator' retrieved from /home/airflow/.local/lib/python3.8/site-packages/airflow/example_dags/example_dag_decorator.py
[2025-11-19T02:29:03.575+0000] {logging_mixin.py:188} INFO - [2025-11-19T02:29:03.575+0000] {override.py:1769} INFO - Created Permission View: can read on DAG:example_dag_decorator
[2025-11-19T02:29:03.587+0000] {logging_mixin.py:188} INFO - [2025-11-19T02:29:03.586+0000] {override.py:1769} INFO - Created Permission View: can edit on DAG:example_dag_decorator
[2025-11-19T02:29:03.596+0000] {logging_mixin.py:188} INFO - [2025-11-19T02:29:03.596+0000] {override.py:1769} INFO - Created Permission View: can delete on DAG:example_dag_decorator
[2025-11-19T02:29:03.597+0000] {logging_mixin.py:188} INFO - [2025-11-19T02:29:03.597+0000] {dag.py:3036} INFO - Sync 1 DAGs
[2025-11-19T02:29:03.611+0000] {logging_mixin.py:188} INFO - [2025-11-19T02:29:03.611+0000] {dag.py:3058} INFO - Creating ORM DAG for example_dag_decorator
[2025-11-19T02:29:03.612+0000] {logging_mixin.py:188} INFO - [2025-11-19T02:29:03.612+0000] {dag.py:3823} INFO - Setting next_dagrun for example_dag_decorator to None, run_after=None
[2025-11-19T02:29:03.635+0000] {processor.py:183} INFO - Processing /home/airflow/.local/lib/python3.8/site-packages/airflow/example_dags/example_dag_decorator.py took 0.574 seconds
[2025-11-19T02:29:33.802+0000] {processor.py:161} INFO - Started process (PID=99) to work on /home/airflow/.local/lib/python3.8/site-packages/airflow/example_dags/example_dag_decorator.py
[2025-11-19T02:29:33.803+0000] {processor.py:830} INFO - Processing file /home/airflow/.local/lib/python3.8/site-packages/airflow/example_dags/example_dag_decorator.py for tasks to queue
[2025-11-19T02:29:33.805+0000] {logging_mixin.py:188} INFO - [2025-11-19T02:29:33.804+0000] {dagbag.py:538} INFO - Filling up the DagBag from /home/airflow/.local/lib/python3.8/site-packages/airflow/example_dags/example_dag_decorator.py
[2025-11-19T02:29:33.911+0000] {processor.py:840} INFO - DAG(s) 'example_dag_decorator' retrieved from /home/airflow/.local/lib/python3.8/site-packages/airflow/example_dags/example_dag_decorator.py
[2025-11-19T02:29:33.996+0000] {logging_mixin.py:188} INFO - [2025-11-19T02:29:33.996+0000] {dag.py:3036} INFO - Sync 1 DAGs
[2025-11-19T02:29:34.006+0000] {logging_mixin.py:188} INFO - [2025-11-19T02:29:34.006+0000] {dag.py:3823} INFO - Setting next_dagrun for example_dag_decorator to None, run_after=None
[2025-11-19T02:29:34.025+0000] {processor.py:183} INFO - Processing /home/airflow/.local/lib/python3.8/site-packages/airflow/example_dags/example_dag_decorator.py took 0.226 seconds
[2025-11-19T02:45:51.048+0000] {processor.py:161} INFO - Started process (PID=41) to work on /home/airflow/.local/lib/python3.8/site-packages/airflow/example_dags/example_dag_decorator.py
[2025-11-19T02:45:51.050+0000] {processor.py:830} INFO - Processing file /home/airflow/.local/lib/python3.8/site-packages/airflow/example_dags/example_dag_decorator.py for tasks to queue
[2025-11-19T02:45:51.054+0000] {logging_mixin.py:188} INFO - [2025-11-19T02:45:51.053+0000] {dagbag.py:538} INFO - Filling up the DagBag from /home/airflow/.local/lib/python3.8/site-packages/airflow/example_dags/example_dag_decorator.py
[2025-11-19T02:45:51.343+0000] {processor.py:840} INFO - DAG(s) 'example_dag_decorator' retrieved from /home/airflow/.local/lib/python3.8/site-packages/airflow/example_dags/example_dag_decorator.py
[2025-11-19T02:45:51.516+0000] {logging_mixin.py:188} INFO - [2025-11-19T02:45:51.515+0000] {override.py:1769} INFO - Created Permission View: can read on DAG:example_dag_decorator
[2025-11-19T02:45:51.532+0000] {logging_mixin.py:188} INFO - [2025-11-19T02:45:51.531+0000] {override.py:1769} INFO - Created Permission View: can edit on DAG:example_dag_decorator
[2025-11-19T02:45:51.543+0000] {logging_mixin.py:188} INFO - [2025-11-19T02:45:51.542+0000] {override.py:1769} INFO - Created Permission View: can delete on DAG:example_dag_decorator
[2025-11-19T02:45:51.544+0000] {logging_mixin.py:188} INFO - [2025-11-19T02:45:51.544+0000] {dag.py:3036} INFO - Sync 1 DAGs
[2025-11-19T02:45:51.561+0000] {logging_mixin.py:188} INFO - [2025-11-19T02:45:51.560+0000] {dag.py:3058} INFO - Creating ORM DAG for example_dag_decorator
[2025-11-19T02:45:51.562+0000] {logging_mixin.py:188} INFO - [2025-11-19T02:45:51.562+0000] {dag.py:3823} INFO - Setting next_dagrun for example_dag_decorator to None, run_after=None
[2025-11-19T02:45:51.587+0000] {processor.py:183} INFO - Processing /home/airflow/.local/lib/python3.8/site-packages/airflow/example_dags/example_dag_decorator.py took 0.544 seconds
[2025-11-19T02:46:22.380+0000] {processor.py:161} INFO - Started process (PID=99) to work on /home/airflow/.local/lib/python3.8/site-packages/airflow/example_dags/example_dag_decorator.py
[2025-11-19T02:46:22.382+0000] {processor.py:830} INFO - Processing file /home/airflow/.local/lib/python3.8/site-packages/airflow/example_dags/example_dag_decorator.py for tasks to queue
[2025-11-19T02:46:22.384+0000] {logging_mixin.py:188} INFO - [2025-11-19T02:46:22.384+0000] {dagbag.py:538} INFO - Filling up the DagBag from /home/airflow/.local/lib/python3.8/site-packages/airflow/example_dags/example_dag_decorator.py
[2025-11-19T02:46:22.492+0000] {processor.py:840} INFO - DAG(s) 'example_dag_decorator' retrieved from /home/airflow/.local/lib/python3.8/site-packages/airflow/example_dags/example_dag_decorator.py
[2025-11-19T02:46:22.590+0000] {logging_mixin.py:188} INFO - [2025-11-19T02:46:22.590+0000] {dag.py:3036} INFO - Sync 1 DAGs
[2025-11-19T02:46:22.600+0000] {logging_mixin.py:188} INFO - [2025-11-19T02:46:22.600+0000] {dag.py:3823} INFO - Setting next_dagrun for example_dag_decorator to None, run_after=None
[2025-11-19T02:46:22.620+0000] {processor.py:183} INFO - Processing /home/airflow/.local/lib/python3.8/site-packages/airflow/example_dags/example_dag_decorator.py took 0.243 seconds
[2025-11-19T02:46:52.849+0000] {processor.py:161} INFO - Started process (PID=158) to work on /home/airflow/.local/lib/python3.8/site-packages/airflow/example_dags/example_dag_decorator.py
[2025-11-19T02:46:52.851+0000] {processor.py:830} INFO - Processing file /home/airflow/.local/lib/python3.8/site-packages/airflow/example_dags/example_dag_decorator.py for tasks to queue
[2025-11-19T02:46:52.852+0000] {logging_mixin.py:188} INFO - [2025-11-19T02:46:52.852+0000] {dagbag.py:538} INFO - Filling up the DagBag from /home/airflow/.local/lib/python3.8/site-packages/airflow/example_dags/example_dag_decorator.py
[2025-11-19T02:46:52.939+0000] {processor.py:840} INFO - DAG(s) 'example_dag_decorator' retrieved from /home/airflow/.local/lib/python3.8/site-packages/airflow/example_dags/example_dag_decorator.py
[2025-11-19T02:46:52.951+0000] {logging_mixin.py:188} INFO - [2025-11-19T02:46:52.951+0000] {dag.py:3036} INFO - Sync 1 DAGs
[2025-11-19T02:46:52.962+0000] {logging_mixin.py:188} INFO - [2025-11-19T02:46:52.962+0000] {dag.py:3823} INFO - Setting next_dagrun for example_dag_decorator to None, run_after=None
[2025-11-19T02:46:52.982+0000] {processor.py:183} INFO - Processing /home/airflow/.local/lib/python3.8/site-packages/airflow/example_dags/example_dag_decorator.py took 0.135 seconds
[2025-11-19T02:47:23.261+0000] {processor.py:161} INFO - Started process (PID=217) to work on /home/airflow/.local/lib/python3.8/site-packages/airflow/example_dags/example_dag_decorator.py
[2025-11-19T02:47:23.262+0000] {processor.py:830} INFO - Processing file /home/airflow/.local/lib/python3.8/site-packages/airflow/example_dags/example_dag_decorator.py for tasks to queue
[2025-11-19T02:47:23.264+0000] {logging_mixin.py:188} INFO - [2025-11-19T02:47:23.264+0000] {dagbag.py:538} INFO - Filling up the DagBag from /home/airflow/.local/lib/python3.8/site-packages/airflow/example_dags/example_dag_decorator.py
[2025-11-19T02:47:23.348+0000] {processor.py:840} INFO - DAG(s) 'example_dag_decorator' retrieved from /home/airflow/.local/lib/python3.8/site-packages/airflow/example_dags/example_dag_decorator.py
[2025-11-19T02:47:23.442+0000] {logging_mixin.py:188} INFO - [2025-11-19T02:47:23.442+0000] {dag.py:3036} INFO - Sync 1 DAGs
[2025-11-19T02:47:23.452+0000] {logging_mixin.py:188} INFO - [2025-11-19T02:47:23.452+0000] {dag.py:3823} INFO - Setting next_dagrun for example_dag_decorator to None, run_after=None
[2025-11-19T02:47:23.473+0000] {processor.py:183} INFO - Processing /home/airflow/.local/lib/python3.8/site-packages/airflow/example_dags/example_dag_decorator.py took 0.215 seconds
[2025-11-19T02:47:53.592+0000] {processor.py:161} INFO - Started process (PID=277) to work on /home/airflow/.local/lib/python3.8/site-packages/airflow/example_dags/example_dag_decorator.py
[2025-11-19T02:47:53.593+0000] {processor.py:830} INFO - Processing file /home/airflow/.local/lib/python3.8/site-packages/airflow/example_dags/example_dag_decorator.py for tasks to queue
[2025-11-19T02:47:53.595+0000] {logging_mixin.py:188} INFO - [2025-11-19T02:47:53.594+0000] {dagbag.py:538} INFO - Filling up the DagBag from /home/airflow/.local/lib/python3.8/site-packages/airflow/example_dags/example_dag_decorator.py
[2025-11-19T02:47:53.669+0000] {processor.py:840} INFO - DAG(s) 'example_dag_decorator' retrieved from /home/airflow/.local/lib/python3.8/site-packages/airflow/example_dags/example_dag_decorator.py
[2025-11-19T02:47:53.751+0000] {logging_mixin.py:188} INFO - [2025-11-19T02:47:53.751+0000] {dag.py:3036} INFO - Sync 1 DAGs
[2025-11-19T02:47:53.759+0000] {logging_mixin.py:188} INFO - [2025-11-19T02:47:53.758+0000] {dag.py:3823} INFO - Setting next_dagrun for example_dag_decorator to None, run_after=None
[2025-11-19T02:47:53.776+0000] {processor.py:183} INFO - Processing /home/airflow/.local/lib/python3.8/site-packages/airflow/example_dags/example_dag_decorator.py took 0.188 seconds
[2025-11-19T02:48:23.842+0000] {processor.py:161} INFO - Started process (PID=335) to work on /home/airflow/.local/lib/python3.8/site-packages/airflow/example_dags/example_dag_decorator.py
[2025-11-19T02:48:23.844+0000] {processor.py:830} INFO - Processing file /home/airflow/.local/lib/python3.8/site-packages/airflow/example_dags/example_dag_decorator.py for tasks to queue
[2025-11-19T02:48:23.846+0000] {logging_mixin.py:188} INFO - [2025-11-19T02:48:23.846+0000] {dagbag.py:538} INFO - Filling up the DagBag from /home/airflow/.local/lib/python3.8/site-packages/airflow/example_dags/example_dag_decorator.py
[2025-11-19T02:48:23.944+0000] {processor.py:840} INFO - DAG(s) 'example_dag_decorator' retrieved from /home/airflow/.local/lib/python3.8/site-packages/airflow/example_dags/example_dag_decorator.py
[2025-11-19T02:48:24.045+0000] {logging_mixin.py:188} INFO - [2025-11-19T02:48:24.045+0000] {dag.py:3036} INFO - Sync 1 DAGs
[2025-11-19T02:48:24.054+0000] {logging_mixin.py:188} INFO - [2025-11-19T02:48:24.054+0000] {dag.py:3823} INFO - Setting next_dagrun for example_dag_decorator to None, run_after=None
[2025-11-19T02:48:24.075+0000] {processor.py:183} INFO - Processing /home/airflow/.local/lib/python3.8/site-packages/airflow/example_dags/example_dag_decorator.py took 0.236 seconds
[2025-11-19T02:48:54.134+0000] {processor.py:161} INFO - Started process (PID=395) to work on /home/airflow/.local/lib/python3.8/site-packages/airflow/example_dags/example_dag_decorator.py
[2025-11-19T02:48:54.135+0000] {processor.py:830} INFO - Processing file /home/airflow/.local/lib/python3.8/site-packages/airflow/example_dags/example_dag_decorator.py for tasks to queue
[2025-11-19T02:48:54.137+0000] {logging_mixin.py:188} INFO - [2025-11-19T02:48:54.137+0000] {dagbag.py:538} INFO - Filling up the DagBag from /home/airflow/.local/lib/python3.8/site-packages/airflow/example_dags/example_dag_decorator.py
[2025-11-19T02:48:54.223+0000] {processor.py:840} INFO - DAG(s) 'example_dag_decorator' retrieved from /home/airflow/.local/lib/python3.8/site-packages/airflow/example_dags/example_dag_decorator.py
[2025-11-19T02:48:54.314+0000] {logging_mixin.py:188} INFO - [2025-11-19T02:48:54.314+0000] {dag.py:3036} INFO - Sync 1 DAGs
[2025-11-19T02:48:54.322+0000] {logging_mixin.py:188} INFO - [2025-11-19T02:48:54.322+0000] {dag.py:3823} INFO - Setting next_dagrun for example_dag_decorator to None, run_after=None
[2025-11-19T02:48:54.345+0000] {processor.py:183} INFO - Processing /home/airflow/.local/lib/python3.8/site-packages/airflow/example_dags/example_dag_decorator.py took 0.214 seconds
[2025-11-19T02:49:24.509+0000] {processor.py:161} INFO - Started process (PID=456) to work on /home/airflow/.local/lib/python3.8/site-packages/airflow/example_dags/example_dag_decorator.py
[2025-11-19T02:49:24.511+0000] {processor.py:830} INFO - Processing file /home/airflow/.local/lib/python3.8/site-packages/airflow/example_dags/example_dag_decorator.py for tasks to queue
[2025-11-19T02:49:24.512+0000] {logging_mixin.py:188} INFO - [2025-11-19T02:49:24.512+0000] {dagbag.py:538} INFO - Filling up the DagBag from /home/airflow/.local/lib/python3.8/site-packages/airflow/example_dags/example_dag_decorator.py
[2025-11-19T02:49:24.602+0000] {processor.py:840} INFO - DAG(s) 'example_dag_decorator' retrieved from /home/airflow/.local/lib/python3.8/site-packages/airflow/example_dags/example_dag_decorator.py
[2025-11-19T02:49:24.628+0000] {logging_mixin.py:188} INFO - [2025-11-19T02:49:24.628+0000] {dag.py:3036} INFO - Sync 1 DAGs
[2025-11-19T02:49:24.639+0000] {logging_mixin.py:188} INFO - [2025-11-19T02:49:24.639+0000] {dag.py:3823} INFO - Setting next_dagrun for example_dag_decorator to None, run_after=None
[2025-11-19T02:49:24.658+0000] {processor.py:183} INFO - Processing /home/airflow/.local/lib/python3.8/site-packages/airflow/example_dags/example_dag_decorator.py took 0.153 seconds
[2025-11-19T02:49:54.734+0000] {processor.py:161} INFO - Started process (PID=515) to work on /home/airflow/.local/lib/python3.8/site-packages/airflow/example_dags/example_dag_decorator.py
[2025-11-19T02:49:54.735+0000] {processor.py:830} INFO - Processing file /home/airflow/.local/lib/python3.8/site-packages/airflow/example_dags/example_dag_decorator.py for tasks to queue
[2025-11-19T02:49:54.738+0000] {logging_mixin.py:188} INFO - [2025-11-19T02:49:54.738+0000] {dagbag.py:538} INFO - Filling up the DagBag from /home/airflow/.local/lib/python3.8/site-packages/airflow/example_dags/example_dag_decorator.py
[2025-11-19T02:49:54.881+0000] {processor.py:840} INFO - DAG(s) 'example_dag_decorator' retrieved from /home/airflow/.local/lib/python3.8/site-packages/airflow/example_dags/example_dag_decorator.py
[2025-11-19T02:49:54.902+0000] {logging_mixin.py:188} INFO - [2025-11-19T02:49:54.902+0000] {dag.py:3036} INFO - Sync 1 DAGs
[2025-11-19T02:49:54.913+0000] {logging_mixin.py:188} INFO - [2025-11-19T02:49:54.913+0000] {dag.py:3823} INFO - Setting next_dagrun for example_dag_decorator to None, run_after=None
[2025-11-19T02:49:54.933+0000] {processor.py:183} INFO - Processing /home/airflow/.local/lib/python3.8/site-packages/airflow/example_dags/example_dag_decorator.py took 0.203 seconds
[2025-11-19T02:50:24.998+0000] {processor.py:161} INFO - Started process (PID=571) to work on /home/airflow/.local/lib/python3.8/site-packages/airflow/example_dags/example_dag_decorator.py
[2025-11-19T02:50:25.000+0000] {processor.py:830} INFO - Processing file /home/airflow/.local/lib/python3.8/site-packages/airflow/example_dags/example_dag_decorator.py for tasks to queue
[2025-11-19T02:50:25.002+0000] {logging_mixin.py:188} INFO - [2025-11-19T02:50:25.001+0000] {dagbag.py:538} INFO - Filling up the DagBag from /home/airflow/.local/lib/python3.8/site-packages/airflow/example_dags/example_dag_decorator.py
[2025-11-19T02:50:25.114+0000] {processor.py:840} INFO - DAG(s) 'example_dag_decorator' retrieved from /home/airflow/.local/lib/python3.8/site-packages/airflow/example_dags/example_dag_decorator.py
[2025-11-19T02:50:25.204+0000] {logging_mixin.py:188} INFO - [2025-11-19T02:50:25.204+0000] {dag.py:3036} INFO - Sync 1 DAGs
[2025-11-19T02:50:25.349+0000] {logging_mixin.py:188} INFO - [2025-11-19T02:50:25.348+0000] {dag.py:3823} INFO - Setting next_dagrun for example_dag_decorator to None, run_after=None
[2025-11-19T02:50:25.374+0000] {processor.py:183} INFO - Processing /home/airflow/.local/lib/python3.8/site-packages/airflow/example_dags/example_dag_decorator.py took 0.380 seconds
[2025-11-19T02:50:56.332+0000] {processor.py:161} INFO - Started process (PID=633) to work on /home/airflow/.local/lib/python3.8/site-packages/airflow/example_dags/example_dag_decorator.py
[2025-11-19T02:50:56.333+0000] {processor.py:830} INFO - Processing file /home/airflow/.local/lib/python3.8/site-packages/airflow/example_dags/example_dag_decorator.py for tasks to queue
[2025-11-19T02:50:56.335+0000] {logging_mixin.py:188} INFO - [2025-11-19T02:50:56.335+0000] {dagbag.py:538} INFO - Filling up the DagBag from /home/airflow/.local/lib/python3.8/site-packages/airflow/example_dags/example_dag_decorator.py
[2025-11-19T02:50:56.418+0000] {processor.py:840} INFO - DAG(s) 'example_dag_decorator' retrieved from /home/airflow/.local/lib/python3.8/site-packages/airflow/example_dags/example_dag_decorator.py
[2025-11-19T02:50:56.638+0000] {logging_mixin.py:188} INFO - [2025-11-19T02:50:56.638+0000] {dag.py:3036} INFO - Sync 1 DAGs
[2025-11-19T02:50:56.647+0000] {logging_mixin.py:188} INFO - [2025-11-19T02:50:56.647+0000] {dag.py:3823} INFO - Setting next_dagrun for example_dag_decorator to None, run_after=None
[2025-11-19T02:50:56.669+0000] {processor.py:183} INFO - Processing /home/airflow/.local/lib/python3.8/site-packages/airflow/example_dags/example_dag_decorator.py took 0.341 seconds
[2025-11-19T02:51:26.791+0000] {processor.py:161} INFO - Started process (PID=695) to work on /home/airflow/.local/lib/python3.8/site-packages/airflow/example_dags/example_dag_decorator.py
[2025-11-19T02:51:26.792+0000] {processor.py:830} INFO - Processing file /home/airflow/.local/lib/python3.8/site-packages/airflow/example_dags/example_dag_decorator.py for tasks to queue
[2025-11-19T02:51:26.794+0000] {logging_mixin.py:188} INFO - [2025-11-19T02:51:26.794+0000] {dagbag.py:538} INFO - Filling up the DagBag from /home/airflow/.local/lib/python3.8/site-packages/airflow/example_dags/example_dag_decorator.py
[2025-11-19T02:51:26.884+0000] {processor.py:840} INFO - DAG(s) 'example_dag_decorator' retrieved from /home/airflow/.local/lib/python3.8/site-packages/airflow/example_dags/example_dag_decorator.py
[2025-11-19T02:51:27.087+0000] {logging_mixin.py:188} INFO - [2025-11-19T02:51:27.087+0000] {dag.py:3036} INFO - Sync 1 DAGs
[2025-11-19T02:51:27.094+0000] {logging_mixin.py:188} INFO - [2025-11-19T02:51:27.094+0000] {dag.py:3823} INFO - Setting next_dagrun for example_dag_decorator to None, run_after=None
[2025-11-19T02:51:27.112+0000] {processor.py:183} INFO - Processing /home/airflow/.local/lib/python3.8/site-packages/airflow/example_dags/example_dag_decorator.py took 0.324 seconds
