[2025-11-19T02:29:06.321+0000] {processor.py:161} INFO - Started process (PID=61) to work on /home/airflow/.local/lib/python3.8/site-packages/airflow/example_dags/example_external_task_marker_dag.py
[2025-11-19T02:29:06.322+0000] {processor.py:830} INFO - Processing file /home/airflow/.local/lib/python3.8/site-packages/airflow/example_dags/example_external_task_marker_dag.py for tasks to queue
[2025-11-19T02:29:06.325+0000] {logging_mixin.py:188} INFO - [2025-11-19T02:29:06.325+0000] {dagbag.py:538} INFO - Filling up the DagBag from /home/airflow/.local/lib/python3.8/site-packages/airflow/example_dags/example_external_task_marker_dag.py
[2025-11-19T02:29:06.335+0000] {processor.py:840} INFO - DAG(s) 'example_external_task_marker_parent', 'example_external_task_marker_child' retrieved from /home/airflow/.local/lib/python3.8/site-packages/airflow/example_dags/example_external_task_marker_dag.py
[2025-11-19T02:29:06.502+0000] {logging_mixin.py:188} INFO - [2025-11-19T02:29:06.501+0000] {override.py:1769} INFO - Created Permission View: can read on DAG:example_external_task_marker_parent
[2025-11-19T02:29:06.517+0000] {logging_mixin.py:188} INFO - [2025-11-19T02:29:06.517+0000] {override.py:1769} INFO - Created Permission View: can edit on DAG:example_external_task_marker_parent
[2025-11-19T02:29:06.533+0000] {logging_mixin.py:188} INFO - [2025-11-19T02:29:06.532+0000] {override.py:1769} INFO - Created Permission View: can delete on DAG:example_external_task_marker_parent
[2025-11-19T02:29:06.557+0000] {logging_mixin.py:188} INFO - [2025-11-19T02:29:06.556+0000] {override.py:1769} INFO - Created Permission View: can read on DAG:example_external_task_marker_child
[2025-11-19T02:29:06.573+0000] {logging_mixin.py:188} INFO - [2025-11-19T02:29:06.573+0000] {override.py:1769} INFO - Created Permission View: can edit on DAG:example_external_task_marker_child
[2025-11-19T02:29:06.585+0000] {logging_mixin.py:188} INFO - [2025-11-19T02:29:06.584+0000] {override.py:1769} INFO - Created Permission View: can delete on DAG:example_external_task_marker_child
[2025-11-19T02:29:06.586+0000] {logging_mixin.py:188} INFO - [2025-11-19T02:29:06.586+0000] {dag.py:3036} INFO - Sync 2 DAGs
[2025-11-19T02:29:06.612+0000] {logging_mixin.py:188} INFO - [2025-11-19T02:29:06.612+0000] {dag.py:3058} INFO - Creating ORM DAG for example_external_task_marker_parent
[2025-11-19T02:29:06.614+0000] {logging_mixin.py:188} INFO - [2025-11-19T02:29:06.614+0000] {dag.py:3058} INFO - Creating ORM DAG for example_external_task_marker_child
[2025-11-19T02:29:06.615+0000] {logging_mixin.py:188} INFO - [2025-11-19T02:29:06.615+0000] {dag.py:3823} INFO - Setting next_dagrun for example_external_task_marker_child to None, run_after=None
[2025-11-19T02:29:06.616+0000] {logging_mixin.py:188} INFO - [2025-11-19T02:29:06.616+0000] {dag.py:3823} INFO - Setting next_dagrun for example_external_task_marker_parent to None, run_after=None
[2025-11-19T02:29:06.644+0000] {processor.py:183} INFO - Processing /home/airflow/.local/lib/python3.8/site-packages/airflow/example_dags/example_external_task_marker_dag.py took 0.328 seconds
[2025-11-19T02:29:37.049+0000] {processor.py:161} INFO - Started process (PID=119) to work on /home/airflow/.local/lib/python3.8/site-packages/airflow/example_dags/example_external_task_marker_dag.py
[2025-11-19T02:29:37.050+0000] {processor.py:830} INFO - Processing file /home/airflow/.local/lib/python3.8/site-packages/airflow/example_dags/example_external_task_marker_dag.py for tasks to queue
[2025-11-19T02:29:37.052+0000] {logging_mixin.py:188} INFO - [2025-11-19T02:29:37.051+0000] {dagbag.py:538} INFO - Filling up the DagBag from /home/airflow/.local/lib/python3.8/site-packages/airflow/example_dags/example_external_task_marker_dag.py
[2025-11-19T02:29:37.057+0000] {processor.py:840} INFO - DAG(s) 'example_external_task_marker_parent', 'example_external_task_marker_child' retrieved from /home/airflow/.local/lib/python3.8/site-packages/airflow/example_dags/example_external_task_marker_dag.py
[2025-11-19T02:29:37.080+0000] {logging_mixin.py:188} INFO - [2025-11-19T02:29:37.080+0000] {dag.py:3036} INFO - Sync 2 DAGs
[2025-11-19T02:29:37.096+0000] {logging_mixin.py:188} INFO - [2025-11-19T02:29:37.096+0000] {dag.py:3823} INFO - Setting next_dagrun for example_external_task_marker_child to None, run_after=None
[2025-11-19T02:29:37.101+0000] {logging_mixin.py:188} INFO - [2025-11-19T02:29:37.101+0000] {dag.py:3823} INFO - Setting next_dagrun for example_external_task_marker_parent to None, run_after=None
[2025-11-19T02:29:37.120+0000] {processor.py:183} INFO - Processing /home/airflow/.local/lib/python3.8/site-packages/airflow/example_dags/example_external_task_marker_dag.py took 0.074 seconds
[2025-11-19T02:45:54.722+0000] {processor.py:161} INFO - Started process (PID=61) to work on /home/airflow/.local/lib/python3.8/site-packages/airflow/example_dags/example_external_task_marker_dag.py
[2025-11-19T02:45:54.724+0000] {processor.py:830} INFO - Processing file /home/airflow/.local/lib/python3.8/site-packages/airflow/example_dags/example_external_task_marker_dag.py for tasks to queue
[2025-11-19T02:45:54.727+0000] {logging_mixin.py:188} INFO - [2025-11-19T02:45:54.726+0000] {dagbag.py:538} INFO - Filling up the DagBag from /home/airflow/.local/lib/python3.8/site-packages/airflow/example_dags/example_external_task_marker_dag.py
[2025-11-19T02:45:54.738+0000] {processor.py:840} INFO - DAG(s) 'example_external_task_marker_parent', 'example_external_task_marker_child' retrieved from /home/airflow/.local/lib/python3.8/site-packages/airflow/example_dags/example_external_task_marker_dag.py
[2025-11-19T02:45:54.914+0000] {logging_mixin.py:188} INFO - [2025-11-19T02:45:54.912+0000] {override.py:1769} INFO - Created Permission View: can read on DAG:example_external_task_marker_parent
[2025-11-19T02:45:54.932+0000] {logging_mixin.py:188} INFO - [2025-11-19T02:45:54.931+0000] {override.py:1769} INFO - Created Permission View: can edit on DAG:example_external_task_marker_parent
[2025-11-19T02:45:54.944+0000] {logging_mixin.py:188} INFO - [2025-11-19T02:45:54.943+0000] {override.py:1769} INFO - Created Permission View: can delete on DAG:example_external_task_marker_parent
[2025-11-19T02:45:54.969+0000] {logging_mixin.py:188} INFO - [2025-11-19T02:45:54.968+0000] {override.py:1769} INFO - Created Permission View: can read on DAG:example_external_task_marker_child
[2025-11-19T02:45:54.981+0000] {logging_mixin.py:188} INFO - [2025-11-19T02:45:54.980+0000] {override.py:1769} INFO - Created Permission View: can edit on DAG:example_external_task_marker_child
[2025-11-19T02:45:54.993+0000] {logging_mixin.py:188} INFO - [2025-11-19T02:45:54.992+0000] {override.py:1769} INFO - Created Permission View: can delete on DAG:example_external_task_marker_child
[2025-11-19T02:45:54.994+0000] {logging_mixin.py:188} INFO - [2025-11-19T02:45:54.993+0000] {dag.py:3036} INFO - Sync 2 DAGs
[2025-11-19T02:45:55.012+0000] {logging_mixin.py:188} INFO - [2025-11-19T02:45:55.012+0000] {dag.py:3058} INFO - Creating ORM DAG for example_external_task_marker_parent
[2025-11-19T02:45:55.013+0000] {logging_mixin.py:188} INFO - [2025-11-19T02:45:55.013+0000] {dag.py:3058} INFO - Creating ORM DAG for example_external_task_marker_child
[2025-11-19T02:45:55.014+0000] {logging_mixin.py:188} INFO - [2025-11-19T02:45:55.014+0000] {dag.py:3823} INFO - Setting next_dagrun for example_external_task_marker_child to None, run_after=None
[2025-11-19T02:45:55.016+0000] {logging_mixin.py:188} INFO - [2025-11-19T02:45:55.016+0000] {dag.py:3823} INFO - Setting next_dagrun for example_external_task_marker_parent to None, run_after=None
[2025-11-19T02:45:55.046+0000] {processor.py:183} INFO - Processing /home/airflow/.local/lib/python3.8/site-packages/airflow/example_dags/example_external_task_marker_dag.py took 0.330 seconds
[2025-11-19T02:46:25.523+0000] {processor.py:161} INFO - Started process (PID=119) to work on /home/airflow/.local/lib/python3.8/site-packages/airflow/example_dags/example_external_task_marker_dag.py
[2025-11-19T02:46:25.524+0000] {processor.py:830} INFO - Processing file /home/airflow/.local/lib/python3.8/site-packages/airflow/example_dags/example_external_task_marker_dag.py for tasks to queue
[2025-11-19T02:46:25.526+0000] {logging_mixin.py:188} INFO - [2025-11-19T02:46:25.526+0000] {dagbag.py:538} INFO - Filling up the DagBag from /home/airflow/.local/lib/python3.8/site-packages/airflow/example_dags/example_external_task_marker_dag.py
[2025-11-19T02:46:25.532+0000] {processor.py:840} INFO - DAG(s) 'example_external_task_marker_parent', 'example_external_task_marker_child' retrieved from /home/airflow/.local/lib/python3.8/site-packages/airflow/example_dags/example_external_task_marker_dag.py
[2025-11-19T02:46:25.557+0000] {logging_mixin.py:188} INFO - [2025-11-19T02:46:25.557+0000] {dag.py:3036} INFO - Sync 2 DAGs
[2025-11-19T02:46:25.570+0000] {logging_mixin.py:188} INFO - [2025-11-19T02:46:25.570+0000] {dag.py:3823} INFO - Setting next_dagrun for example_external_task_marker_child to None, run_after=None
[2025-11-19T02:46:25.574+0000] {logging_mixin.py:188} INFO - [2025-11-19T02:46:25.574+0000] {dag.py:3823} INFO - Setting next_dagrun for example_external_task_marker_parent to None, run_after=None
[2025-11-19T02:46:25.592+0000] {processor.py:183} INFO - Processing /home/airflow/.local/lib/python3.8/site-packages/airflow/example_dags/example_external_task_marker_dag.py took 0.072 seconds
[2025-11-19T02:46:55.894+0000] {processor.py:161} INFO - Started process (PID=178) to work on /home/airflow/.local/lib/python3.8/site-packages/airflow/example_dags/example_external_task_marker_dag.py
[2025-11-19T02:46:55.896+0000] {processor.py:830} INFO - Processing file /home/airflow/.local/lib/python3.8/site-packages/airflow/example_dags/example_external_task_marker_dag.py for tasks to queue
[2025-11-19T02:46:55.897+0000] {logging_mixin.py:188} INFO - [2025-11-19T02:46:55.897+0000] {dagbag.py:538} INFO - Filling up the DagBag from /home/airflow/.local/lib/python3.8/site-packages/airflow/example_dags/example_external_task_marker_dag.py
[2025-11-19T02:46:55.903+0000] {processor.py:840} INFO - DAG(s) 'example_external_task_marker_child', 'example_external_task_marker_parent' retrieved from /home/airflow/.local/lib/python3.8/site-packages/airflow/example_dags/example_external_task_marker_dag.py
[2025-11-19T02:46:55.916+0000] {logging_mixin.py:188} INFO - [2025-11-19T02:46:55.915+0000] {dag.py:3036} INFO - Sync 2 DAGs
[2025-11-19T02:46:55.927+0000] {logging_mixin.py:188} INFO - [2025-11-19T02:46:55.927+0000] {dag.py:3823} INFO - Setting next_dagrun for example_external_task_marker_child to None, run_after=None
[2025-11-19T02:46:55.931+0000] {logging_mixin.py:188} INFO - [2025-11-19T02:46:55.930+0000] {dag.py:3823} INFO - Setting next_dagrun for example_external_task_marker_parent to None, run_after=None
[2025-11-19T02:46:55.949+0000] {processor.py:183} INFO - Processing /home/airflow/.local/lib/python3.8/site-packages/airflow/example_dags/example_external_task_marker_dag.py took 0.057 seconds
[2025-11-19T02:47:26.364+0000] {processor.py:161} INFO - Started process (PID=237) to work on /home/airflow/.local/lib/python3.8/site-packages/airflow/example_dags/example_external_task_marker_dag.py
[2025-11-19T02:47:26.366+0000] {processor.py:830} INFO - Processing file /home/airflow/.local/lib/python3.8/site-packages/airflow/example_dags/example_external_task_marker_dag.py for tasks to queue
[2025-11-19T02:47:26.368+0000] {logging_mixin.py:188} INFO - [2025-11-19T02:47:26.368+0000] {dagbag.py:538} INFO - Filling up the DagBag from /home/airflow/.local/lib/python3.8/site-packages/airflow/example_dags/example_external_task_marker_dag.py
[2025-11-19T02:47:26.376+0000] {processor.py:840} INFO - DAG(s) 'example_external_task_marker_parent', 'example_external_task_marker_child' retrieved from /home/airflow/.local/lib/python3.8/site-packages/airflow/example_dags/example_external_task_marker_dag.py
[2025-11-19T02:47:26.482+0000] {logging_mixin.py:188} INFO - [2025-11-19T02:47:26.481+0000] {dag.py:3036} INFO - Sync 2 DAGs
[2025-11-19T02:47:26.491+0000] {logging_mixin.py:188} INFO - [2025-11-19T02:47:26.491+0000] {dag.py:3823} INFO - Setting next_dagrun for example_external_task_marker_child to None, run_after=None
[2025-11-19T02:47:26.495+0000] {logging_mixin.py:188} INFO - [2025-11-19T02:47:26.494+0000] {dag.py:3823} INFO - Setting next_dagrun for example_external_task_marker_parent to None, run_after=None
[2025-11-19T02:47:26.514+0000] {processor.py:183} INFO - Processing /home/airflow/.local/lib/python3.8/site-packages/airflow/example_dags/example_external_task_marker_dag.py took 0.153 seconds
[2025-11-19T02:47:57.013+0000] {processor.py:161} INFO - Started process (PID=296) to work on /home/airflow/.local/lib/python3.8/site-packages/airflow/example_dags/example_external_task_marker_dag.py
[2025-11-19T02:47:57.014+0000] {processor.py:830} INFO - Processing file /home/airflow/.local/lib/python3.8/site-packages/airflow/example_dags/example_external_task_marker_dag.py for tasks to queue
[2025-11-19T02:47:57.016+0000] {logging_mixin.py:188} INFO - [2025-11-19T02:47:57.016+0000] {dagbag.py:538} INFO - Filling up the DagBag from /home/airflow/.local/lib/python3.8/site-packages/airflow/example_dags/example_external_task_marker_dag.py
[2025-11-19T02:47:57.024+0000] {processor.py:840} INFO - DAG(s) 'example_external_task_marker_parent', 'example_external_task_marker_child' retrieved from /home/airflow/.local/lib/python3.8/site-packages/airflow/example_dags/example_external_task_marker_dag.py
[2025-11-19T02:47:57.051+0000] {logging_mixin.py:188} INFO - [2025-11-19T02:47:57.051+0000] {dag.py:3036} INFO - Sync 2 DAGs
[2025-11-19T02:47:57.063+0000] {logging_mixin.py:188} INFO - [2025-11-19T02:47:57.063+0000] {dag.py:3823} INFO - Setting next_dagrun for example_external_task_marker_child to None, run_after=None
[2025-11-19T02:47:57.067+0000] {logging_mixin.py:188} INFO - [2025-11-19T02:47:57.067+0000] {dag.py:3823} INFO - Setting next_dagrun for example_external_task_marker_parent to None, run_after=None
[2025-11-19T02:47:57.087+0000] {processor.py:183} INFO - Processing /home/airflow/.local/lib/python3.8/site-packages/airflow/example_dags/example_external_task_marker_dag.py took 0.079 seconds
[2025-11-19T02:48:27.126+0000] {processor.py:161} INFO - Started process (PID=355) to work on /home/airflow/.local/lib/python3.8/site-packages/airflow/example_dags/example_external_task_marker_dag.py
[2025-11-19T02:48:27.127+0000] {processor.py:830} INFO - Processing file /home/airflow/.local/lib/python3.8/site-packages/airflow/example_dags/example_external_task_marker_dag.py for tasks to queue
[2025-11-19T02:48:27.129+0000] {logging_mixin.py:188} INFO - [2025-11-19T02:48:27.129+0000] {dagbag.py:538} INFO - Filling up the DagBag from /home/airflow/.local/lib/python3.8/site-packages/airflow/example_dags/example_external_task_marker_dag.py
[2025-11-19T02:48:27.135+0000] {processor.py:840} INFO - DAG(s) 'example_external_task_marker_parent', 'example_external_task_marker_child' retrieved from /home/airflow/.local/lib/python3.8/site-packages/airflow/example_dags/example_external_task_marker_dag.py
[2025-11-19T02:48:27.159+0000] {logging_mixin.py:188} INFO - [2025-11-19T02:48:27.158+0000] {dag.py:3036} INFO - Sync 2 DAGs
[2025-11-19T02:48:27.172+0000] {logging_mixin.py:188} INFO - [2025-11-19T02:48:27.171+0000] {dag.py:3823} INFO - Setting next_dagrun for example_external_task_marker_child to None, run_after=None
[2025-11-19T02:48:27.176+0000] {logging_mixin.py:188} INFO - [2025-11-19T02:48:27.175+0000] {dag.py:3823} INFO - Setting next_dagrun for example_external_task_marker_parent to None, run_after=None
[2025-11-19T02:48:27.197+0000] {processor.py:183} INFO - Processing /home/airflow/.local/lib/python3.8/site-packages/airflow/example_dags/example_external_task_marker_dag.py took 0.074 seconds
[2025-11-19T02:48:57.256+0000] {processor.py:161} INFO - Started process (PID=414) to work on /home/airflow/.local/lib/python3.8/site-packages/airflow/example_dags/example_external_task_marker_dag.py
[2025-11-19T02:48:57.257+0000] {processor.py:830} INFO - Processing file /home/airflow/.local/lib/python3.8/site-packages/airflow/example_dags/example_external_task_marker_dag.py for tasks to queue
[2025-11-19T02:48:57.259+0000] {logging_mixin.py:188} INFO - [2025-11-19T02:48:57.258+0000] {dagbag.py:538} INFO - Filling up the DagBag from /home/airflow/.local/lib/python3.8/site-packages/airflow/example_dags/example_external_task_marker_dag.py
[2025-11-19T02:48:57.266+0000] {processor.py:840} INFO - DAG(s) 'example_external_task_marker_parent', 'example_external_task_marker_child' retrieved from /home/airflow/.local/lib/python3.8/site-packages/airflow/example_dags/example_external_task_marker_dag.py
[2025-11-19T02:48:57.292+0000] {logging_mixin.py:188} INFO - [2025-11-19T02:48:57.292+0000] {dag.py:3036} INFO - Sync 2 DAGs
[2025-11-19T02:48:57.305+0000] {logging_mixin.py:188} INFO - [2025-11-19T02:48:57.304+0000] {dag.py:3823} INFO - Setting next_dagrun for example_external_task_marker_child to None, run_after=None
[2025-11-19T02:48:57.309+0000] {logging_mixin.py:188} INFO - [2025-11-19T02:48:57.309+0000] {dag.py:3823} INFO - Setting next_dagrun for example_external_task_marker_parent to None, run_after=None
[2025-11-19T02:48:57.329+0000] {processor.py:183} INFO - Processing /home/airflow/.local/lib/python3.8/site-packages/airflow/example_dags/example_external_task_marker_dag.py took 0.077 seconds
[2025-11-19T02:49:27.537+0000] {processor.py:161} INFO - Started process (PID=473) to work on /home/airflow/.local/lib/python3.8/site-packages/airflow/example_dags/example_external_task_marker_dag.py
[2025-11-19T02:49:27.539+0000] {processor.py:830} INFO - Processing file /home/airflow/.local/lib/python3.8/site-packages/airflow/example_dags/example_external_task_marker_dag.py for tasks to queue
[2025-11-19T02:49:27.541+0000] {logging_mixin.py:188} INFO - [2025-11-19T02:49:27.541+0000] {dagbag.py:538} INFO - Filling up the DagBag from /home/airflow/.local/lib/python3.8/site-packages/airflow/example_dags/example_external_task_marker_dag.py
[2025-11-19T02:49:27.548+0000] {processor.py:840} INFO - DAG(s) 'example_external_task_marker_parent', 'example_external_task_marker_child' retrieved from /home/airflow/.local/lib/python3.8/site-packages/airflow/example_dags/example_external_task_marker_dag.py
[2025-11-19T02:49:27.571+0000] {logging_mixin.py:188} INFO - [2025-11-19T02:49:27.571+0000] {dag.py:3036} INFO - Sync 2 DAGs
[2025-11-19T02:49:27.582+0000] {logging_mixin.py:188} INFO - [2025-11-19T02:49:27.582+0000] {dag.py:3823} INFO - Setting next_dagrun for example_external_task_marker_child to None, run_after=None
[2025-11-19T02:49:27.585+0000] {logging_mixin.py:188} INFO - [2025-11-19T02:49:27.585+0000] {dag.py:3823} INFO - Setting next_dagrun for example_external_task_marker_parent to None, run_after=None
[2025-11-19T02:49:27.603+0000] {processor.py:183} INFO - Processing /home/airflow/.local/lib/python3.8/site-packages/airflow/example_dags/example_external_task_marker_dag.py took 0.071 seconds
[2025-11-19T02:49:57.784+0000] {processor.py:161} INFO - Started process (PID=532) to work on /home/airflow/.local/lib/python3.8/site-packages/airflow/example_dags/example_external_task_marker_dag.py
[2025-11-19T02:49:57.785+0000] {processor.py:830} INFO - Processing file /home/airflow/.local/lib/python3.8/site-packages/airflow/example_dags/example_external_task_marker_dag.py for tasks to queue
[2025-11-19T02:49:57.787+0000] {logging_mixin.py:188} INFO - [2025-11-19T02:49:57.787+0000] {dagbag.py:538} INFO - Filling up the DagBag from /home/airflow/.local/lib/python3.8/site-packages/airflow/example_dags/example_external_task_marker_dag.py
[2025-11-19T02:49:57.794+0000] {processor.py:840} INFO - DAG(s) 'example_external_task_marker_child', 'example_external_task_marker_parent' retrieved from /home/airflow/.local/lib/python3.8/site-packages/airflow/example_dags/example_external_task_marker_dag.py
[2025-11-19T02:49:57.815+0000] {logging_mixin.py:188} INFO - [2025-11-19T02:49:57.815+0000] {dag.py:3036} INFO - Sync 2 DAGs
[2025-11-19T02:49:57.826+0000] {logging_mixin.py:188} INFO - [2025-11-19T02:49:57.826+0000] {dag.py:3823} INFO - Setting next_dagrun for example_external_task_marker_child to None, run_after=None
[2025-11-19T02:49:57.830+0000] {logging_mixin.py:188} INFO - [2025-11-19T02:49:57.830+0000] {dag.py:3823} INFO - Setting next_dagrun for example_external_task_marker_parent to None, run_after=None
[2025-11-19T02:49:57.847+0000] {processor.py:183} INFO - Processing /home/airflow/.local/lib/python3.8/site-packages/airflow/example_dags/example_external_task_marker_dag.py took 0.066 seconds
[2025-11-19T02:50:28.220+0000] {processor.py:161} INFO - Started process (PID=591) to work on /home/airflow/.local/lib/python3.8/site-packages/airflow/example_dags/example_external_task_marker_dag.py
[2025-11-19T02:50:28.221+0000] {processor.py:830} INFO - Processing file /home/airflow/.local/lib/python3.8/site-packages/airflow/example_dags/example_external_task_marker_dag.py for tasks to queue
[2025-11-19T02:50:28.223+0000] {logging_mixin.py:188} INFO - [2025-11-19T02:50:28.223+0000] {dagbag.py:538} INFO - Filling up the DagBag from /home/airflow/.local/lib/python3.8/site-packages/airflow/example_dags/example_external_task_marker_dag.py
[2025-11-19T02:50:28.230+0000] {processor.py:840} INFO - DAG(s) 'example_external_task_marker_parent', 'example_external_task_marker_child' retrieved from /home/airflow/.local/lib/python3.8/site-packages/airflow/example_dags/example_external_task_marker_dag.py
[2025-11-19T02:50:28.254+0000] {logging_mixin.py:188} INFO - [2025-11-19T02:50:28.254+0000] {dag.py:3036} INFO - Sync 2 DAGs
[2025-11-19T02:50:28.265+0000] {logging_mixin.py:188} INFO - [2025-11-19T02:50:28.265+0000] {dag.py:3823} INFO - Setting next_dagrun for example_external_task_marker_child to None, run_after=None
[2025-11-19T02:50:28.269+0000] {logging_mixin.py:188} INFO - [2025-11-19T02:50:28.268+0000] {dag.py:3823} INFO - Setting next_dagrun for example_external_task_marker_parent to None, run_after=None
[2025-11-19T02:50:28.288+0000] {processor.py:183} INFO - Processing /home/airflow/.local/lib/python3.8/site-packages/airflow/example_dags/example_external_task_marker_dag.py took 0.073 seconds
[2025-11-19T02:50:58.358+0000] {processor.py:161} INFO - Started process (PID=650) to work on /home/airflow/.local/lib/python3.8/site-packages/airflow/example_dags/example_external_task_marker_dag.py
[2025-11-19T02:50:58.359+0000] {processor.py:830} INFO - Processing file /home/airflow/.local/lib/python3.8/site-packages/airflow/example_dags/example_external_task_marker_dag.py for tasks to queue
[2025-11-19T02:50:58.361+0000] {logging_mixin.py:188} INFO - [2025-11-19T02:50:58.361+0000] {dagbag.py:538} INFO - Filling up the DagBag from /home/airflow/.local/lib/python3.8/site-packages/airflow/example_dags/example_external_task_marker_dag.py
[2025-11-19T02:50:58.366+0000] {processor.py:840} INFO - DAG(s) 'example_external_task_marker_child', 'example_external_task_marker_parent' retrieved from /home/airflow/.local/lib/python3.8/site-packages/airflow/example_dags/example_external_task_marker_dag.py
[2025-11-19T02:50:58.389+0000] {logging_mixin.py:188} INFO - [2025-11-19T02:50:58.389+0000] {dag.py:3036} INFO - Sync 2 DAGs
[2025-11-19T02:50:58.400+0000] {logging_mixin.py:188} INFO - [2025-11-19T02:50:58.400+0000] {dag.py:3823} INFO - Setting next_dagrun for example_external_task_marker_child to None, run_after=None
[2025-11-19T02:50:58.403+0000] {logging_mixin.py:188} INFO - [2025-11-19T02:50:58.403+0000] {dag.py:3823} INFO - Setting next_dagrun for example_external_task_marker_parent to None, run_after=None
[2025-11-19T02:50:58.422+0000] {processor.py:183} INFO - Processing /home/airflow/.local/lib/python3.8/site-packages/airflow/example_dags/example_external_task_marker_dag.py took 0.066 seconds
