[2025-11-19T02:29:04.293+0000] {processor.py:161} INFO - Started process (PID=47) to work on /home/airflow/.local/lib/python3.8/site-packages/airflow/example_dags/tutorial_taskflow_api.py
[2025-11-19T02:29:04.295+0000] {processor.py:830} INFO - Processing file /home/airflow/.local/lib/python3.8/site-packages/airflow/example_dags/tutorial_taskflow_api.py for tasks to queue
[2025-11-19T02:29:04.298+0000] {logging_mixin.py:188} INFO - [2025-11-19T02:29:04.298+0000] {dagbag.py:538} INFO - Filling up the DagBag from /home/airflow/.local/lib/python3.8/site-packages/airflow/example_dags/tutorial_taskflow_api.py
[2025-11-19T02:29:04.315+0000] {processor.py:840} INFO - DAG(s) 'tutorial_taskflow_api' retrieved from /home/airflow/.local/lib/python3.8/site-packages/airflow/example_dags/tutorial_taskflow_api.py
[2025-11-19T02:29:04.472+0000] {logging_mixin.py:188} INFO - [2025-11-19T02:29:04.471+0000] {override.py:1769} INFO - Created Permission View: can read on DAG:tutorial_taskflow_api
[2025-11-19T02:29:04.483+0000] {logging_mixin.py:188} INFO - [2025-11-19T02:29:04.483+0000] {override.py:1769} INFO - Created Permission View: can edit on DAG:tutorial_taskflow_api
[2025-11-19T02:29:04.497+0000] {logging_mixin.py:188} INFO - [2025-11-19T02:29:04.496+0000] {override.py:1769} INFO - Created Permission View: can delete on DAG:tutorial_taskflow_api
[2025-11-19T02:29:04.497+0000] {logging_mixin.py:188} INFO - [2025-11-19T02:29:04.497+0000] {dag.py:3036} INFO - Sync 1 DAGs
[2025-11-19T02:29:04.512+0000] {logging_mixin.py:188} INFO - [2025-11-19T02:29:04.512+0000] {dag.py:3058} INFO - Creating ORM DAG for tutorial_taskflow_api
[2025-11-19T02:29:04.518+0000] {logging_mixin.py:188} INFO - [2025-11-19T02:29:04.518+0000] {dag.py:3823} INFO - Setting next_dagrun for tutorial_taskflow_api to None, run_after=None
[2025-11-19T02:29:04.548+0000] {processor.py:183} INFO - Processing /home/airflow/.local/lib/python3.8/site-packages/airflow/example_dags/tutorial_taskflow_api.py took 0.259 seconds
[2025-11-19T02:29:35.303+0000] {processor.py:161} INFO - Started process (PID=105) to work on /home/airflow/.local/lib/python3.8/site-packages/airflow/example_dags/tutorial_taskflow_api.py
[2025-11-19T02:29:35.305+0000] {processor.py:830} INFO - Processing file /home/airflow/.local/lib/python3.8/site-packages/airflow/example_dags/tutorial_taskflow_api.py for tasks to queue
[2025-11-19T02:29:35.307+0000] {logging_mixin.py:188} INFO - [2025-11-19T02:29:35.306+0000] {dagbag.py:538} INFO - Filling up the DagBag from /home/airflow/.local/lib/python3.8/site-packages/airflow/example_dags/tutorial_taskflow_api.py
[2025-11-19T02:29:35.313+0000] {processor.py:840} INFO - DAG(s) 'tutorial_taskflow_api' retrieved from /home/airflow/.local/lib/python3.8/site-packages/airflow/example_dags/tutorial_taskflow_api.py
[2025-11-19T02:29:35.331+0000] {logging_mixin.py:188} INFO - [2025-11-19T02:29:35.331+0000] {dag.py:3036} INFO - Sync 1 DAGs
[2025-11-19T02:29:35.341+0000] {logging_mixin.py:188} INFO - [2025-11-19T02:29:35.340+0000] {dag.py:3823} INFO - Setting next_dagrun for tutorial_taskflow_api to None, run_after=None
[2025-11-19T02:29:35.366+0000] {processor.py:183} INFO - Processing /home/airflow/.local/lib/python3.8/site-packages/airflow/example_dags/tutorial_taskflow_api.py took 0.065 seconds
[2025-11-19T02:45:52.243+0000] {processor.py:161} INFO - Started process (PID=47) to work on /home/airflow/.local/lib/python3.8/site-packages/airflow/example_dags/tutorial_taskflow_api.py
[2025-11-19T02:45:52.245+0000] {processor.py:830} INFO - Processing file /home/airflow/.local/lib/python3.8/site-packages/airflow/example_dags/tutorial_taskflow_api.py for tasks to queue
[2025-11-19T02:45:52.248+0000] {logging_mixin.py:188} INFO - [2025-11-19T02:45:52.248+0000] {dagbag.py:538} INFO - Filling up the DagBag from /home/airflow/.local/lib/python3.8/site-packages/airflow/example_dags/tutorial_taskflow_api.py
[2025-11-19T02:45:52.267+0000] {processor.py:840} INFO - DAG(s) 'tutorial_taskflow_api' retrieved from /home/airflow/.local/lib/python3.8/site-packages/airflow/example_dags/tutorial_taskflow_api.py
[2025-11-19T02:45:52.426+0000] {logging_mixin.py:188} INFO - [2025-11-19T02:45:52.425+0000] {override.py:1769} INFO - Created Permission View: can read on DAG:tutorial_taskflow_api
[2025-11-19T02:45:52.438+0000] {logging_mixin.py:188} INFO - [2025-11-19T02:45:52.438+0000] {override.py:1769} INFO - Created Permission View: can edit on DAG:tutorial_taskflow_api
[2025-11-19T02:45:52.448+0000] {logging_mixin.py:188} INFO - [2025-11-19T02:45:52.447+0000] {override.py:1769} INFO - Created Permission View: can delete on DAG:tutorial_taskflow_api
[2025-11-19T02:45:52.448+0000] {logging_mixin.py:188} INFO - [2025-11-19T02:45:52.448+0000] {dag.py:3036} INFO - Sync 1 DAGs
[2025-11-19T02:45:52.463+0000] {logging_mixin.py:188} INFO - [2025-11-19T02:45:52.462+0000] {dag.py:3058} INFO - Creating ORM DAG for tutorial_taskflow_api
[2025-11-19T02:45:52.464+0000] {logging_mixin.py:188} INFO - [2025-11-19T02:45:52.464+0000] {dag.py:3823} INFO - Setting next_dagrun for tutorial_taskflow_api to None, run_after=None
[2025-11-19T02:45:52.490+0000] {processor.py:183} INFO - Processing /home/airflow/.local/lib/python3.8/site-packages/airflow/example_dags/tutorial_taskflow_api.py took 0.254 seconds
[2025-11-19T02:46:22.780+0000] {processor.py:161} INFO - Started process (PID=105) to work on /home/airflow/.local/lib/python3.8/site-packages/airflow/example_dags/tutorial_taskflow_api.py
[2025-11-19T02:46:22.783+0000] {processor.py:830} INFO - Processing file /home/airflow/.local/lib/python3.8/site-packages/airflow/example_dags/tutorial_taskflow_api.py for tasks to queue
[2025-11-19T02:46:22.785+0000] {logging_mixin.py:188} INFO - [2025-11-19T02:46:22.785+0000] {dagbag.py:538} INFO - Filling up the DagBag from /home/airflow/.local/lib/python3.8/site-packages/airflow/example_dags/tutorial_taskflow_api.py
[2025-11-19T02:46:22.792+0000] {processor.py:840} INFO - DAG(s) 'tutorial_taskflow_api' retrieved from /home/airflow/.local/lib/python3.8/site-packages/airflow/example_dags/tutorial_taskflow_api.py
[2025-11-19T02:46:22.810+0000] {logging_mixin.py:188} INFO - [2025-11-19T02:46:22.810+0000] {dag.py:3036} INFO - Sync 1 DAGs
[2025-11-19T02:46:22.821+0000] {logging_mixin.py:188} INFO - [2025-11-19T02:46:22.821+0000] {dag.py:3823} INFO - Setting next_dagrun for tutorial_taskflow_api to None, run_after=None
[2025-11-19T02:46:22.842+0000] {processor.py:183} INFO - Processing /home/airflow/.local/lib/python3.8/site-packages/airflow/example_dags/tutorial_taskflow_api.py took 0.065 seconds
[2025-11-19T02:46:53.195+0000] {processor.py:161} INFO - Started process (PID=164) to work on /home/airflow/.local/lib/python3.8/site-packages/airflow/example_dags/tutorial_taskflow_api.py
[2025-11-19T02:46:53.196+0000] {processor.py:830} INFO - Processing file /home/airflow/.local/lib/python3.8/site-packages/airflow/example_dags/tutorial_taskflow_api.py for tasks to queue
[2025-11-19T02:46:53.198+0000] {logging_mixin.py:188} INFO - [2025-11-19T02:46:53.197+0000] {dagbag.py:538} INFO - Filling up the DagBag from /home/airflow/.local/lib/python3.8/site-packages/airflow/example_dags/tutorial_taskflow_api.py
[2025-11-19T02:46:53.203+0000] {processor.py:840} INFO - DAG(s) 'tutorial_taskflow_api' retrieved from /home/airflow/.local/lib/python3.8/site-packages/airflow/example_dags/tutorial_taskflow_api.py
[2025-11-19T02:46:53.215+0000] {logging_mixin.py:188} INFO - [2025-11-19T02:46:53.215+0000] {dag.py:3036} INFO - Sync 1 DAGs
[2025-11-19T02:46:53.225+0000] {logging_mixin.py:188} INFO - [2025-11-19T02:46:53.225+0000] {dag.py:3823} INFO - Setting next_dagrun for tutorial_taskflow_api to None, run_after=None
[2025-11-19T02:46:53.245+0000] {processor.py:183} INFO - Processing /home/airflow/.local/lib/python3.8/site-packages/airflow/example_dags/tutorial_taskflow_api.py took 0.053 seconds
[2025-11-19T02:47:23.805+0000] {processor.py:161} INFO - Started process (PID=223) to work on /home/airflow/.local/lib/python3.8/site-packages/airflow/example_dags/tutorial_taskflow_api.py
[2025-11-19T02:47:23.806+0000] {processor.py:830} INFO - Processing file /home/airflow/.local/lib/python3.8/site-packages/airflow/example_dags/tutorial_taskflow_api.py for tasks to queue
[2025-11-19T02:47:23.808+0000] {logging_mixin.py:188} INFO - [2025-11-19T02:47:23.807+0000] {dagbag.py:538} INFO - Filling up the DagBag from /home/airflow/.local/lib/python3.8/site-packages/airflow/example_dags/tutorial_taskflow_api.py
[2025-11-19T02:47:23.815+0000] {processor.py:840} INFO - DAG(s) 'tutorial_taskflow_api' retrieved from /home/airflow/.local/lib/python3.8/site-packages/airflow/example_dags/tutorial_taskflow_api.py
[2025-11-19T02:47:23.912+0000] {logging_mixin.py:188} INFO - [2025-11-19T02:47:23.912+0000] {dag.py:3036} INFO - Sync 1 DAGs
[2025-11-19T02:47:23.922+0000] {logging_mixin.py:188} INFO - [2025-11-19T02:47:23.922+0000] {dag.py:3823} INFO - Setting next_dagrun for tutorial_taskflow_api to None, run_after=None
[2025-11-19T02:47:23.943+0000] {processor.py:183} INFO - Processing /home/airflow/.local/lib/python3.8/site-packages/airflow/example_dags/tutorial_taskflow_api.py took 0.141 seconds
[2025-11-19T02:47:54.032+0000] {processor.py:161} INFO - Started process (PID=282) to work on /home/airflow/.local/lib/python3.8/site-packages/airflow/example_dags/tutorial_taskflow_api.py
[2025-11-19T02:47:54.034+0000] {processor.py:830} INFO - Processing file /home/airflow/.local/lib/python3.8/site-packages/airflow/example_dags/tutorial_taskflow_api.py for tasks to queue
[2025-11-19T02:47:54.035+0000] {logging_mixin.py:188} INFO - [2025-11-19T02:47:54.035+0000] {dagbag.py:538} INFO - Filling up the DagBag from /home/airflow/.local/lib/python3.8/site-packages/airflow/example_dags/tutorial_taskflow_api.py
[2025-11-19T02:47:54.041+0000] {processor.py:840} INFO - DAG(s) 'tutorial_taskflow_api' retrieved from /home/airflow/.local/lib/python3.8/site-packages/airflow/example_dags/tutorial_taskflow_api.py
[2025-11-19T02:47:54.060+0000] {logging_mixin.py:188} INFO - [2025-11-19T02:47:54.060+0000] {dag.py:3036} INFO - Sync 1 DAGs
[2025-11-19T02:47:54.070+0000] {logging_mixin.py:188} INFO - [2025-11-19T02:47:54.070+0000] {dag.py:3823} INFO - Setting next_dagrun for tutorial_taskflow_api to None, run_after=None
[2025-11-19T02:47:54.089+0000] {processor.py:183} INFO - Processing /home/airflow/.local/lib/python3.8/site-packages/airflow/example_dags/tutorial_taskflow_api.py took 0.059 seconds
[2025-11-19T02:48:24.134+0000] {processor.py:161} INFO - Started process (PID=340) to work on /home/airflow/.local/lib/python3.8/site-packages/airflow/example_dags/tutorial_taskflow_api.py
[2025-11-19T02:48:24.135+0000] {processor.py:830} INFO - Processing file /home/airflow/.local/lib/python3.8/site-packages/airflow/example_dags/tutorial_taskflow_api.py for tasks to queue
[2025-11-19T02:48:24.137+0000] {logging_mixin.py:188} INFO - [2025-11-19T02:48:24.137+0000] {dagbag.py:538} INFO - Filling up the DagBag from /home/airflow/.local/lib/python3.8/site-packages/airflow/example_dags/tutorial_taskflow_api.py
[2025-11-19T02:48:24.143+0000] {processor.py:840} INFO - DAG(s) 'tutorial_taskflow_api' retrieved from /home/airflow/.local/lib/python3.8/site-packages/airflow/example_dags/tutorial_taskflow_api.py
[2025-11-19T02:48:24.163+0000] {logging_mixin.py:188} INFO - [2025-11-19T02:48:24.162+0000] {dag.py:3036} INFO - Sync 1 DAGs
[2025-11-19T02:48:24.176+0000] {logging_mixin.py:188} INFO - [2025-11-19T02:48:24.176+0000] {dag.py:3823} INFO - Setting next_dagrun for tutorial_taskflow_api to None, run_after=None
[2025-11-19T02:48:24.194+0000] {processor.py:183} INFO - Processing /home/airflow/.local/lib/python3.8/site-packages/airflow/example_dags/tutorial_taskflow_api.py took 0.062 seconds
[2025-11-19T02:48:54.318+0000] {processor.py:161} INFO - Started process (PID=398) to work on /home/airflow/.local/lib/python3.8/site-packages/airflow/example_dags/tutorial_taskflow_api.py
[2025-11-19T02:48:54.319+0000] {processor.py:830} INFO - Processing file /home/airflow/.local/lib/python3.8/site-packages/airflow/example_dags/tutorial_taskflow_api.py for tasks to queue
[2025-11-19T02:48:54.322+0000] {logging_mixin.py:188} INFO - [2025-11-19T02:48:54.322+0000] {dagbag.py:538} INFO - Filling up the DagBag from /home/airflow/.local/lib/python3.8/site-packages/airflow/example_dags/tutorial_taskflow_api.py
[2025-11-19T02:48:54.328+0000] {processor.py:840} INFO - DAG(s) 'tutorial_taskflow_api' retrieved from /home/airflow/.local/lib/python3.8/site-packages/airflow/example_dags/tutorial_taskflow_api.py
[2025-11-19T02:48:54.352+0000] {logging_mixin.py:188} INFO - [2025-11-19T02:48:54.352+0000] {dag.py:3036} INFO - Sync 1 DAGs
[2025-11-19T02:48:54.365+0000] {logging_mixin.py:188} INFO - [2025-11-19T02:48:54.365+0000] {dag.py:3823} INFO - Setting next_dagrun for tutorial_taskflow_api to None, run_after=None
[2025-11-19T02:48:54.388+0000] {processor.py:183} INFO - Processing /home/airflow/.local/lib/python3.8/site-packages/airflow/example_dags/tutorial_taskflow_api.py took 0.073 seconds
[2025-11-19T02:49:24.640+0000] {processor.py:161} INFO - Started process (PID=458) to work on /home/airflow/.local/lib/python3.8/site-packages/airflow/example_dags/tutorial_taskflow_api.py
[2025-11-19T02:49:24.642+0000] {processor.py:830} INFO - Processing file /home/airflow/.local/lib/python3.8/site-packages/airflow/example_dags/tutorial_taskflow_api.py for tasks to queue
[2025-11-19T02:49:24.644+0000] {logging_mixin.py:188} INFO - [2025-11-19T02:49:24.643+0000] {dagbag.py:538} INFO - Filling up the DagBag from /home/airflow/.local/lib/python3.8/site-packages/airflow/example_dags/tutorial_taskflow_api.py
[2025-11-19T02:49:24.650+0000] {processor.py:840} INFO - DAG(s) 'tutorial_taskflow_api' retrieved from /home/airflow/.local/lib/python3.8/site-packages/airflow/example_dags/tutorial_taskflow_api.py
[2025-11-19T02:49:24.670+0000] {logging_mixin.py:188} INFO - [2025-11-19T02:49:24.670+0000] {dag.py:3036} INFO - Sync 1 DAGs
[2025-11-19T02:49:24.683+0000] {logging_mixin.py:188} INFO - [2025-11-19T02:49:24.683+0000] {dag.py:3823} INFO - Setting next_dagrun for tutorial_taskflow_api to None, run_after=None
[2025-11-19T02:49:24.702+0000] {processor.py:183} INFO - Processing /home/airflow/.local/lib/python3.8/site-packages/airflow/example_dags/tutorial_taskflow_api.py took 0.065 seconds
[2025-11-19T02:49:54.966+0000] {processor.py:161} INFO - Started process (PID=518) to work on /home/airflow/.local/lib/python3.8/site-packages/airflow/example_dags/tutorial_taskflow_api.py
[2025-11-19T02:49:54.967+0000] {processor.py:830} INFO - Processing file /home/airflow/.local/lib/python3.8/site-packages/airflow/example_dags/tutorial_taskflow_api.py for tasks to queue
[2025-11-19T02:49:54.969+0000] {logging_mixin.py:188} INFO - [2025-11-19T02:49:54.969+0000] {dagbag.py:538} INFO - Filling up the DagBag from /home/airflow/.local/lib/python3.8/site-packages/airflow/example_dags/tutorial_taskflow_api.py
[2025-11-19T02:49:54.976+0000] {processor.py:840} INFO - DAG(s) 'tutorial_taskflow_api' retrieved from /home/airflow/.local/lib/python3.8/site-packages/airflow/example_dags/tutorial_taskflow_api.py
[2025-11-19T02:49:54.995+0000] {logging_mixin.py:188} INFO - [2025-11-19T02:49:54.994+0000] {dag.py:3036} INFO - Sync 1 DAGs
[2025-11-19T02:49:55.005+0000] {logging_mixin.py:188} INFO - [2025-11-19T02:49:55.004+0000] {dag.py:3823} INFO - Setting next_dagrun for tutorial_taskflow_api to None, run_after=None
[2025-11-19T02:49:55.026+0000] {processor.py:183} INFO - Processing /home/airflow/.local/lib/python3.8/site-packages/airflow/example_dags/tutorial_taskflow_api.py took 0.064 seconds
[2025-11-19T02:50:25.437+0000] {processor.py:161} INFO - Started process (PID=577) to work on /home/airflow/.local/lib/python3.8/site-packages/airflow/example_dags/tutorial_taskflow_api.py
[2025-11-19T02:50:25.438+0000] {processor.py:830} INFO - Processing file /home/airflow/.local/lib/python3.8/site-packages/airflow/example_dags/tutorial_taskflow_api.py for tasks to queue
[2025-11-19T02:50:25.440+0000] {logging_mixin.py:188} INFO - [2025-11-19T02:50:25.440+0000] {dagbag.py:538} INFO - Filling up the DagBag from /home/airflow/.local/lib/python3.8/site-packages/airflow/example_dags/tutorial_taskflow_api.py
[2025-11-19T02:50:25.448+0000] {processor.py:840} INFO - DAG(s) 'tutorial_taskflow_api' retrieved from /home/airflow/.local/lib/python3.8/site-packages/airflow/example_dags/tutorial_taskflow_api.py
[2025-11-19T02:50:25.469+0000] {logging_mixin.py:188} INFO - [2025-11-19T02:50:25.469+0000] {dag.py:3036} INFO - Sync 1 DAGs
[2025-11-19T02:50:25.480+0000] {logging_mixin.py:188} INFO - [2025-11-19T02:50:25.480+0000] {dag.py:3823} INFO - Setting next_dagrun for tutorial_taskflow_api to None, run_after=None
[2025-11-19T02:50:25.499+0000] {processor.py:183} INFO - Processing /home/airflow/.local/lib/python3.8/site-packages/airflow/example_dags/tutorial_taskflow_api.py took 0.067 seconds
[2025-11-19T02:50:56.568+0000] {processor.py:161} INFO - Started process (PID=636) to work on /home/airflow/.local/lib/python3.8/site-packages/airflow/example_dags/tutorial_taskflow_api.py
[2025-11-19T02:50:56.569+0000] {processor.py:830} INFO - Processing file /home/airflow/.local/lib/python3.8/site-packages/airflow/example_dags/tutorial_taskflow_api.py for tasks to queue
[2025-11-19T02:50:56.571+0000] {logging_mixin.py:188} INFO - [2025-11-19T02:50:56.571+0000] {dagbag.py:538} INFO - Filling up the DagBag from /home/airflow/.local/lib/python3.8/site-packages/airflow/example_dags/tutorial_taskflow_api.py
[2025-11-19T02:50:56.577+0000] {processor.py:840} INFO - DAG(s) 'tutorial_taskflow_api' retrieved from /home/airflow/.local/lib/python3.8/site-packages/airflow/example_dags/tutorial_taskflow_api.py
[2025-11-19T02:50:56.599+0000] {logging_mixin.py:188} INFO - [2025-11-19T02:50:56.598+0000] {dag.py:3036} INFO - Sync 1 DAGs
[2025-11-19T02:50:56.610+0000] {logging_mixin.py:188} INFO - [2025-11-19T02:50:56.610+0000] {dag.py:3823} INFO - Setting next_dagrun for tutorial_taskflow_api to None, run_after=None
[2025-11-19T02:50:56.632+0000] {processor.py:183} INFO - Processing /home/airflow/.local/lib/python3.8/site-packages/airflow/example_dags/tutorial_taskflow_api.py took 0.067 seconds
[2025-11-19T02:51:26.703+0000] {processor.py:161} INFO - Started process (PID=694) to work on /home/airflow/.local/lib/python3.8/site-packages/airflow/example_dags/tutorial_taskflow_api.py
[2025-11-19T02:51:26.705+0000] {processor.py:830} INFO - Processing file /home/airflow/.local/lib/python3.8/site-packages/airflow/example_dags/tutorial_taskflow_api.py for tasks to queue
[2025-11-19T02:51:26.706+0000] {logging_mixin.py:188} INFO - [2025-11-19T02:51:26.706+0000] {dagbag.py:538} INFO - Filling up the DagBag from /home/airflow/.local/lib/python3.8/site-packages/airflow/example_dags/tutorial_taskflow_api.py
[2025-11-19T02:51:26.712+0000] {processor.py:840} INFO - DAG(s) 'tutorial_taskflow_api' retrieved from /home/airflow/.local/lib/python3.8/site-packages/airflow/example_dags/tutorial_taskflow_api.py
[2025-11-19T02:51:26.731+0000] {logging_mixin.py:188} INFO - [2025-11-19T02:51:26.731+0000] {dag.py:3036} INFO - Sync 1 DAGs
[2025-11-19T02:51:26.740+0000] {logging_mixin.py:188} INFO - [2025-11-19T02:51:26.740+0000] {dag.py:3823} INFO - Setting next_dagrun for tutorial_taskflow_api to None, run_after=None
[2025-11-19T02:51:26.758+0000] {processor.py:183} INFO - Processing /home/airflow/.local/lib/python3.8/site-packages/airflow/example_dags/tutorial_taskflow_api.py took 0.058 seconds
