[2025-11-19T02:29:03.815+0000] {processor.py:161} INFO - Started process (PID=44) to work on /home/airflow/.local/lib/python3.8/site-packages/airflow/example_dags/tutorial_objectstorage.py
[2025-11-19T02:29:03.817+0000] {processor.py:830} INFO - Processing file /home/airflow/.local/lib/python3.8/site-packages/airflow/example_dags/tutorial_objectstorage.py for tasks to queue
[2025-11-19T02:29:03.821+0000] {logging_mixin.py:188} INFO - [2025-11-19T02:29:03.820+0000] {dagbag.py:538} INFO - Filling up the DagBag from /home/airflow/.local/lib/python3.8/site-packages/airflow/example_dags/tutorial_objectstorage.py
[2025-11-19T02:29:03.845+0000] {processor.py:840} INFO - DAG(s) 'tutorial_objectstorage' retrieved from /home/airflow/.local/lib/python3.8/site-packages/airflow/example_dags/tutorial_objectstorage.py
[2025-11-19T02:29:04.037+0000] {logging_mixin.py:188} INFO - [2025-11-19T02:29:04.035+0000] {override.py:1769} INFO - Created Permission View: can read on DAG:tutorial_objectstorage
[2025-11-19T02:29:04.051+0000] {logging_mixin.py:188} INFO - [2025-11-19T02:29:04.050+0000] {override.py:1769} INFO - Created Permission View: can edit on DAG:tutorial_objectstorage
[2025-11-19T02:29:04.063+0000] {logging_mixin.py:188} INFO - [2025-11-19T02:29:04.062+0000] {override.py:1769} INFO - Created Permission View: can delete on DAG:tutorial_objectstorage
[2025-11-19T02:29:04.064+0000] {logging_mixin.py:188} INFO - [2025-11-19T02:29:04.063+0000] {dag.py:3036} INFO - Sync 1 DAGs
[2025-11-19T02:29:04.079+0000] {logging_mixin.py:188} INFO - [2025-11-19T02:29:04.078+0000] {dag.py:3058} INFO - Creating ORM DAG for tutorial_objectstorage
[2025-11-19T02:29:04.080+0000] {logging_mixin.py:188} INFO - [2025-11-19T02:29:04.080+0000] {dag.py:3823} INFO - Setting next_dagrun for tutorial_objectstorage to None, run_after=None
[2025-11-19T02:29:04.107+0000] {processor.py:183} INFO - Processing /home/airflow/.local/lib/python3.8/site-packages/airflow/example_dags/tutorial_objectstorage.py took 0.297 seconds
[2025-11-19T02:29:34.166+0000] {processor.py:161} INFO - Started process (PID=102) to work on /home/airflow/.local/lib/python3.8/site-packages/airflow/example_dags/tutorial_objectstorage.py
[2025-11-19T02:29:34.167+0000] {processor.py:830} INFO - Processing file /home/airflow/.local/lib/python3.8/site-packages/airflow/example_dags/tutorial_objectstorage.py for tasks to queue
[2025-11-19T02:29:34.169+0000] {logging_mixin.py:188} INFO - [2025-11-19T02:29:34.168+0000] {dagbag.py:538} INFO - Filling up the DagBag from /home/airflow/.local/lib/python3.8/site-packages/airflow/example_dags/tutorial_objectstorage.py
[2025-11-19T02:29:34.174+0000] {processor.py:840} INFO - DAG(s) 'tutorial_objectstorage' retrieved from /home/airflow/.local/lib/python3.8/site-packages/airflow/example_dags/tutorial_objectstorage.py
[2025-11-19T02:29:34.193+0000] {logging_mixin.py:188} INFO - [2025-11-19T02:29:34.193+0000] {dag.py:3036} INFO - Sync 1 DAGs
[2025-11-19T02:29:34.204+0000] {logging_mixin.py:188} INFO - [2025-11-19T02:29:34.204+0000] {dag.py:3823} INFO - Setting next_dagrun for tutorial_objectstorage to None, run_after=None
[2025-11-19T02:29:34.225+0000] {processor.py:183} INFO - Processing /home/airflow/.local/lib/python3.8/site-packages/airflow/example_dags/tutorial_objectstorage.py took 0.062 seconds
[2025-11-19T02:45:51.770+0000] {processor.py:161} INFO - Started process (PID=44) to work on /home/airflow/.local/lib/python3.8/site-packages/airflow/example_dags/tutorial_objectstorage.py
[2025-11-19T02:45:51.772+0000] {processor.py:830} INFO - Processing file /home/airflow/.local/lib/python3.8/site-packages/airflow/example_dags/tutorial_objectstorage.py for tasks to queue
[2025-11-19T02:45:51.779+0000] {logging_mixin.py:188} INFO - [2025-11-19T02:45:51.778+0000] {dagbag.py:538} INFO - Filling up the DagBag from /home/airflow/.local/lib/python3.8/site-packages/airflow/example_dags/tutorial_objectstorage.py
[2025-11-19T02:45:51.795+0000] {processor.py:840} INFO - DAG(s) 'tutorial_objectstorage' retrieved from /home/airflow/.local/lib/python3.8/site-packages/airflow/example_dags/tutorial_objectstorage.py
[2025-11-19T02:45:51.955+0000] {logging_mixin.py:188} INFO - [2025-11-19T02:45:51.954+0000] {override.py:1769} INFO - Created Permission View: can read on DAG:tutorial_objectstorage
[2025-11-19T02:45:51.967+0000] {logging_mixin.py:188} INFO - [2025-11-19T02:45:51.967+0000] {override.py:1769} INFO - Created Permission View: can edit on DAG:tutorial_objectstorage
[2025-11-19T02:45:51.977+0000] {logging_mixin.py:188} INFO - [2025-11-19T02:45:51.977+0000] {override.py:1769} INFO - Created Permission View: can delete on DAG:tutorial_objectstorage
[2025-11-19T02:45:51.978+0000] {logging_mixin.py:188} INFO - [2025-11-19T02:45:51.978+0000] {dag.py:3036} INFO - Sync 1 DAGs
[2025-11-19T02:45:51.996+0000] {logging_mixin.py:188} INFO - [2025-11-19T02:45:51.995+0000] {dag.py:3058} INFO - Creating ORM DAG for tutorial_objectstorage
[2025-11-19T02:45:51.997+0000] {logging_mixin.py:188} INFO - [2025-11-19T02:45:51.997+0000] {dag.py:3823} INFO - Setting next_dagrun for tutorial_objectstorage to None, run_after=None
[2025-11-19T02:45:52.019+0000] {processor.py:183} INFO - Processing /home/airflow/.local/lib/python3.8/site-packages/airflow/example_dags/tutorial_objectstorage.py took 0.254 seconds
[2025-11-19T02:46:22.575+0000] {processor.py:161} INFO - Started process (PID=102) to work on /home/airflow/.local/lib/python3.8/site-packages/airflow/example_dags/tutorial_objectstorage.py
[2025-11-19T02:46:22.577+0000] {processor.py:830} INFO - Processing file /home/airflow/.local/lib/python3.8/site-packages/airflow/example_dags/tutorial_objectstorage.py for tasks to queue
[2025-11-19T02:46:22.579+0000] {logging_mixin.py:188} INFO - [2025-11-19T02:46:22.578+0000] {dagbag.py:538} INFO - Filling up the DagBag from /home/airflow/.local/lib/python3.8/site-packages/airflow/example_dags/tutorial_objectstorage.py
[2025-11-19T02:46:22.588+0000] {processor.py:840} INFO - DAG(s) 'tutorial_objectstorage' retrieved from /home/airflow/.local/lib/python3.8/site-packages/airflow/example_dags/tutorial_objectstorage.py
[2025-11-19T02:46:22.610+0000] {logging_mixin.py:188} INFO - [2025-11-19T02:46:22.609+0000] {dag.py:3036} INFO - Sync 1 DAGs
[2025-11-19T02:46:22.621+0000] {logging_mixin.py:188} INFO - [2025-11-19T02:46:22.621+0000] {dag.py:3823} INFO - Setting next_dagrun for tutorial_objectstorage to None, run_after=None
[2025-11-19T02:46:22.643+0000] {processor.py:183} INFO - Processing /home/airflow/.local/lib/python3.8/site-packages/airflow/example_dags/tutorial_objectstorage.py took 0.071 seconds
[2025-11-19T02:46:53.015+0000] {processor.py:161} INFO - Started process (PID=161) to work on /home/airflow/.local/lib/python3.8/site-packages/airflow/example_dags/tutorial_objectstorage.py
[2025-11-19T02:46:53.017+0000] {processor.py:830} INFO - Processing file /home/airflow/.local/lib/python3.8/site-packages/airflow/example_dags/tutorial_objectstorage.py for tasks to queue
[2025-11-19T02:46:53.018+0000] {logging_mixin.py:188} INFO - [2025-11-19T02:46:53.018+0000] {dagbag.py:538} INFO - Filling up the DagBag from /home/airflow/.local/lib/python3.8/site-packages/airflow/example_dags/tutorial_objectstorage.py
[2025-11-19T02:46:53.025+0000] {processor.py:840} INFO - DAG(s) 'tutorial_objectstorage' retrieved from /home/airflow/.local/lib/python3.8/site-packages/airflow/example_dags/tutorial_objectstorage.py
[2025-11-19T02:46:53.037+0000] {logging_mixin.py:188} INFO - [2025-11-19T02:46:53.036+0000] {dag.py:3036} INFO - Sync 1 DAGs
[2025-11-19T02:46:53.047+0000] {logging_mixin.py:188} INFO - [2025-11-19T02:46:53.046+0000] {dag.py:3823} INFO - Setting next_dagrun for tutorial_objectstorage to None, run_after=None
[2025-11-19T02:46:53.065+0000] {processor.py:183} INFO - Processing /home/airflow/.local/lib/python3.8/site-packages/airflow/example_dags/tutorial_objectstorage.py took 0.052 seconds
[2025-11-19T02:47:23.502+0000] {processor.py:161} INFO - Started process (PID=220) to work on /home/airflow/.local/lib/python3.8/site-packages/airflow/example_dags/tutorial_objectstorage.py
[2025-11-19T02:47:23.503+0000] {processor.py:830} INFO - Processing file /home/airflow/.local/lib/python3.8/site-packages/airflow/example_dags/tutorial_objectstorage.py for tasks to queue
[2025-11-19T02:47:23.505+0000] {logging_mixin.py:188} INFO - [2025-11-19T02:47:23.505+0000] {dagbag.py:538} INFO - Filling up the DagBag from /home/airflow/.local/lib/python3.8/site-packages/airflow/example_dags/tutorial_objectstorage.py
[2025-11-19T02:47:23.513+0000] {processor.py:840} INFO - DAG(s) 'tutorial_objectstorage' retrieved from /home/airflow/.local/lib/python3.8/site-packages/airflow/example_dags/tutorial_objectstorage.py
[2025-11-19T02:47:23.606+0000] {logging_mixin.py:188} INFO - [2025-11-19T02:47:23.606+0000] {dag.py:3036} INFO - Sync 1 DAGs
[2025-11-19T02:47:23.617+0000] {logging_mixin.py:188} INFO - [2025-11-19T02:47:23.617+0000] {dag.py:3823} INFO - Setting next_dagrun for tutorial_objectstorage to None, run_after=None
[2025-11-19T02:47:23.638+0000] {processor.py:183} INFO - Processing /home/airflow/.local/lib/python3.8/site-packages/airflow/example_dags/tutorial_objectstorage.py took 0.139 seconds
[2025-11-19T02:47:53.810+0000] {processor.py:161} INFO - Started process (PID=279) to work on /home/airflow/.local/lib/python3.8/site-packages/airflow/example_dags/tutorial_objectstorage.py
[2025-11-19T02:47:53.811+0000] {processor.py:830} INFO - Processing file /home/airflow/.local/lib/python3.8/site-packages/airflow/example_dags/tutorial_objectstorage.py for tasks to queue
[2025-11-19T02:47:53.813+0000] {logging_mixin.py:188} INFO - [2025-11-19T02:47:53.813+0000] {dagbag.py:538} INFO - Filling up the DagBag from /home/airflow/.local/lib/python3.8/site-packages/airflow/example_dags/tutorial_objectstorage.py
[2025-11-19T02:47:53.819+0000] {processor.py:840} INFO - DAG(s) 'tutorial_objectstorage' retrieved from /home/airflow/.local/lib/python3.8/site-packages/airflow/example_dags/tutorial_objectstorage.py
[2025-11-19T02:47:53.840+0000] {logging_mixin.py:188} INFO - [2025-11-19T02:47:53.840+0000] {dag.py:3036} INFO - Sync 1 DAGs
[2025-11-19T02:47:53.850+0000] {logging_mixin.py:188} INFO - [2025-11-19T02:47:53.850+0000] {dag.py:3823} INFO - Setting next_dagrun for tutorial_objectstorage to None, run_after=None
[2025-11-19T02:47:53.872+0000] {processor.py:183} INFO - Processing /home/airflow/.local/lib/python3.8/site-packages/airflow/example_dags/tutorial_objectstorage.py took 0.065 seconds
[2025-11-19T02:48:24.046+0000] {processor.py:161} INFO - Started process (PID=338) to work on /home/airflow/.local/lib/python3.8/site-packages/airflow/example_dags/tutorial_objectstorage.py
[2025-11-19T02:48:24.047+0000] {processor.py:830} INFO - Processing file /home/airflow/.local/lib/python3.8/site-packages/airflow/example_dags/tutorial_objectstorage.py for tasks to queue
[2025-11-19T02:48:24.049+0000] {logging_mixin.py:188} INFO - [2025-11-19T02:48:24.049+0000] {dagbag.py:538} INFO - Filling up the DagBag from /home/airflow/.local/lib/python3.8/site-packages/airflow/example_dags/tutorial_objectstorage.py
[2025-11-19T02:48:24.056+0000] {processor.py:840} INFO - DAG(s) 'tutorial_objectstorage' retrieved from /home/airflow/.local/lib/python3.8/site-packages/airflow/example_dags/tutorial_objectstorage.py
[2025-11-19T02:48:24.076+0000] {logging_mixin.py:188} INFO - [2025-11-19T02:48:24.075+0000] {dag.py:3036} INFO - Sync 1 DAGs
[2025-11-19T02:48:24.087+0000] {logging_mixin.py:188} INFO - [2025-11-19T02:48:24.087+0000] {dag.py:3823} INFO - Setting next_dagrun for tutorial_objectstorage to None, run_after=None
[2025-11-19T02:48:24.106+0000] {processor.py:183} INFO - Processing /home/airflow/.local/lib/python3.8/site-packages/airflow/example_dags/tutorial_objectstorage.py took 0.063 seconds
[2025-11-19T02:48:54.231+0000] {processor.py:161} INFO - Started process (PID=397) to work on /home/airflow/.local/lib/python3.8/site-packages/airflow/example_dags/tutorial_objectstorage.py
[2025-11-19T02:48:54.232+0000] {processor.py:830} INFO - Processing file /home/airflow/.local/lib/python3.8/site-packages/airflow/example_dags/tutorial_objectstorage.py for tasks to queue
[2025-11-19T02:48:54.234+0000] {logging_mixin.py:188} INFO - [2025-11-19T02:48:54.234+0000] {dagbag.py:538} INFO - Filling up the DagBag from /home/airflow/.local/lib/python3.8/site-packages/airflow/example_dags/tutorial_objectstorage.py
[2025-11-19T02:48:54.241+0000] {processor.py:840} INFO - DAG(s) 'tutorial_objectstorage' retrieved from /home/airflow/.local/lib/python3.8/site-packages/airflow/example_dags/tutorial_objectstorage.py
[2025-11-19T02:48:54.260+0000] {logging_mixin.py:188} INFO - [2025-11-19T02:48:54.260+0000] {dag.py:3036} INFO - Sync 1 DAGs
[2025-11-19T02:48:54.270+0000] {logging_mixin.py:188} INFO - [2025-11-19T02:48:54.270+0000] {dag.py:3823} INFO - Setting next_dagrun for tutorial_objectstorage to None, run_after=None
[2025-11-19T02:48:54.289+0000] {processor.py:183} INFO - Processing /home/airflow/.local/lib/python3.8/site-packages/airflow/example_dags/tutorial_objectstorage.py took 0.061 seconds
[2025-11-19T02:49:24.420+0000] {processor.py:161} INFO - Started process (PID=455) to work on /home/airflow/.local/lib/python3.8/site-packages/airflow/example_dags/tutorial_objectstorage.py
[2025-11-19T02:49:24.421+0000] {processor.py:830} INFO - Processing file /home/airflow/.local/lib/python3.8/site-packages/airflow/example_dags/tutorial_objectstorage.py for tasks to queue
[2025-11-19T02:49:24.423+0000] {logging_mixin.py:188} INFO - [2025-11-19T02:49:24.423+0000] {dagbag.py:538} INFO - Filling up the DagBag from /home/airflow/.local/lib/python3.8/site-packages/airflow/example_dags/tutorial_objectstorage.py
[2025-11-19T02:49:24.432+0000] {processor.py:840} INFO - DAG(s) 'tutorial_objectstorage' retrieved from /home/airflow/.local/lib/python3.8/site-packages/airflow/example_dags/tutorial_objectstorage.py
[2025-11-19T02:49:24.449+0000] {logging_mixin.py:188} INFO - [2025-11-19T02:49:24.449+0000] {dag.py:3036} INFO - Sync 1 DAGs
[2025-11-19T02:49:24.460+0000] {logging_mixin.py:188} INFO - [2025-11-19T02:49:24.460+0000] {dag.py:3823} INFO - Setting next_dagrun for tutorial_objectstorage to None, run_after=None
[2025-11-19T02:49:24.477+0000] {processor.py:183} INFO - Processing /home/airflow/.local/lib/python3.8/site-packages/airflow/example_dags/tutorial_objectstorage.py took 0.060 seconds
[2025-11-19T02:49:54.639+0000] {processor.py:161} INFO - Started process (PID=514) to work on /home/airflow/.local/lib/python3.8/site-packages/airflow/example_dags/tutorial_objectstorage.py
[2025-11-19T02:49:54.640+0000] {processor.py:830} INFO - Processing file /home/airflow/.local/lib/python3.8/site-packages/airflow/example_dags/tutorial_objectstorage.py for tasks to queue
[2025-11-19T02:49:54.642+0000] {logging_mixin.py:188} INFO - [2025-11-19T02:49:54.641+0000] {dagbag.py:538} INFO - Filling up the DagBag from /home/airflow/.local/lib/python3.8/site-packages/airflow/example_dags/tutorial_objectstorage.py
[2025-11-19T02:49:54.648+0000] {processor.py:840} INFO - DAG(s) 'tutorial_objectstorage' retrieved from /home/airflow/.local/lib/python3.8/site-packages/airflow/example_dags/tutorial_objectstorage.py
[2025-11-19T02:49:54.666+0000] {logging_mixin.py:188} INFO - [2025-11-19T02:49:54.666+0000] {dag.py:3036} INFO - Sync 1 DAGs
[2025-11-19T02:49:54.675+0000] {logging_mixin.py:188} INFO - [2025-11-19T02:49:54.675+0000] {dag.py:3823} INFO - Setting next_dagrun for tutorial_objectstorage to None, run_after=None
[2025-11-19T02:49:54.694+0000] {processor.py:183} INFO - Processing /home/airflow/.local/lib/python3.8/site-packages/airflow/example_dags/tutorial_objectstorage.py took 0.058 seconds
[2025-11-19T02:50:25.196+0000] {processor.py:161} INFO - Started process (PID=574) to work on /home/airflow/.local/lib/python3.8/site-packages/airflow/example_dags/tutorial_objectstorage.py
[2025-11-19T02:50:25.197+0000] {processor.py:830} INFO - Processing file /home/airflow/.local/lib/python3.8/site-packages/airflow/example_dags/tutorial_objectstorage.py for tasks to queue
[2025-11-19T02:50:25.200+0000] {logging_mixin.py:188} INFO - [2025-11-19T02:50:25.199+0000] {dagbag.py:538} INFO - Filling up the DagBag from /home/airflow/.local/lib/python3.8/site-packages/airflow/example_dags/tutorial_objectstorage.py
[2025-11-19T02:50:25.206+0000] {processor.py:840} INFO - DAG(s) 'tutorial_objectstorage' retrieved from /home/airflow/.local/lib/python3.8/site-packages/airflow/example_dags/tutorial_objectstorage.py
[2025-11-19T02:50:25.226+0000] {logging_mixin.py:188} INFO - [2025-11-19T02:50:25.226+0000] {dag.py:3036} INFO - Sync 1 DAGs
[2025-11-19T02:50:25.242+0000] {logging_mixin.py:188} INFO - [2025-11-19T02:50:25.241+0000] {dag.py:3823} INFO - Setting next_dagrun for tutorial_objectstorage to None, run_after=None
[2025-11-19T02:50:25.262+0000] {processor.py:183} INFO - Processing /home/airflow/.local/lib/python3.8/site-packages/airflow/example_dags/tutorial_objectstorage.py took 0.069 seconds
[2025-11-19T02:50:55.317+0000] {processor.py:161} INFO - Started process (PID=632) to work on /home/airflow/.local/lib/python3.8/site-packages/airflow/example_dags/tutorial_objectstorage.py
[2025-11-19T02:50:55.318+0000] {processor.py:830} INFO - Processing file /home/airflow/.local/lib/python3.8/site-packages/airflow/example_dags/tutorial_objectstorage.py for tasks to queue
[2025-11-19T02:50:55.320+0000] {logging_mixin.py:188} INFO - [2025-11-19T02:50:55.319+0000] {dagbag.py:538} INFO - Filling up the DagBag from /home/airflow/.local/lib/python3.8/site-packages/airflow/example_dags/tutorial_objectstorage.py
[2025-11-19T02:50:55.326+0000] {processor.py:840} INFO - DAG(s) 'tutorial_objectstorage' retrieved from /home/airflow/.local/lib/python3.8/site-packages/airflow/example_dags/tutorial_objectstorage.py
[2025-11-19T02:50:55.344+0000] {logging_mixin.py:188} INFO - [2025-11-19T02:50:55.344+0000] {dag.py:3036} INFO - Sync 1 DAGs
[2025-11-19T02:50:55.356+0000] {logging_mixin.py:188} INFO - [2025-11-19T02:50:55.355+0000] {dag.py:3823} INFO - Setting next_dagrun for tutorial_objectstorage to None, run_after=None
[2025-11-19T02:50:55.375+0000] {processor.py:183} INFO - Processing /home/airflow/.local/lib/python3.8/site-packages/airflow/example_dags/tutorial_objectstorage.py took 0.061 seconds
[2025-11-19T02:51:25.493+0000] {processor.py:161} INFO - Started process (PID=691) to work on /home/airflow/.local/lib/python3.8/site-packages/airflow/example_dags/tutorial_objectstorage.py
[2025-11-19T02:51:25.495+0000] {processor.py:830} INFO - Processing file /home/airflow/.local/lib/python3.8/site-packages/airflow/example_dags/tutorial_objectstorage.py for tasks to queue
[2025-11-19T02:51:25.496+0000] {logging_mixin.py:188} INFO - [2025-11-19T02:51:25.496+0000] {dagbag.py:538} INFO - Filling up the DagBag from /home/airflow/.local/lib/python3.8/site-packages/airflow/example_dags/tutorial_objectstorage.py
[2025-11-19T02:51:25.503+0000] {processor.py:840} INFO - DAG(s) 'tutorial_objectstorage' retrieved from /home/airflow/.local/lib/python3.8/site-packages/airflow/example_dags/tutorial_objectstorage.py
[2025-11-19T02:51:25.522+0000] {logging_mixin.py:188} INFO - [2025-11-19T02:51:25.522+0000] {dag.py:3036} INFO - Sync 1 DAGs
[2025-11-19T02:51:25.533+0000] {logging_mixin.py:188} INFO - [2025-11-19T02:51:25.533+0000] {dag.py:3823} INFO - Setting next_dagrun for tutorial_objectstorage to None, run_after=None
[2025-11-19T02:51:25.551+0000] {processor.py:183} INFO - Processing /home/airflow/.local/lib/python3.8/site-packages/airflow/example_dags/tutorial_objectstorage.py took 0.060 seconds
