[2025-11-19T02:29:07.978+0000] {processor.py:161} INFO - Started process (PID=72) to work on /home/airflow/.local/lib/python3.8/site-packages/airflow/example_dags/tutorial.py
[2025-11-19T02:29:07.980+0000] {processor.py:830} INFO - Processing file /home/airflow/.local/lib/python3.8/site-packages/airflow/example_dags/tutorial.py for tasks to queue
[2025-11-19T02:29:07.983+0000] {logging_mixin.py:188} INFO - [2025-11-19T02:29:07.983+0000] {dagbag.py:538} INFO - Filling up the DagBag from /home/airflow/.local/lib/python3.8/site-packages/airflow/example_dags/tutorial.py
[2025-11-19T02:29:07.994+0000] {processor.py:840} INFO - DAG(s) 'tutorial' retrieved from /home/airflow/.local/lib/python3.8/site-packages/airflow/example_dags/tutorial.py
[2025-11-19T02:29:08.193+0000] {logging_mixin.py:188} INFO - [2025-11-19T02:29:08.192+0000] {override.py:1769} INFO - Created Permission View: can read on DAG:tutorial
[2025-11-19T02:29:08.210+0000] {logging_mixin.py:188} INFO - [2025-11-19T02:29:08.209+0000] {override.py:1769} INFO - Created Permission View: can edit on DAG:tutorial
[2025-11-19T02:29:08.225+0000] {logging_mixin.py:188} INFO - [2025-11-19T02:29:08.225+0000] {override.py:1769} INFO - Created Permission View: can delete on DAG:tutorial
[2025-11-19T02:29:08.226+0000] {logging_mixin.py:188} INFO - [2025-11-19T02:29:08.226+0000] {dag.py:3036} INFO - Sync 1 DAGs
[2025-11-19T02:29:08.244+0000] {logging_mixin.py:188} INFO - [2025-11-19T02:29:08.243+0000] {dag.py:3058} INFO - Creating ORM DAG for tutorial
[2025-11-19T02:29:08.257+0000] {logging_mixin.py:188} INFO - [2025-11-19T02:29:08.257+0000] {dag.py:3823} INFO - Setting next_dagrun for tutorial to 2025-11-18 00:00:00+00:00, run_after=2025-11-19 00:00:00+00:00
[2025-11-19T02:29:08.281+0000] {processor.py:183} INFO - Processing /home/airflow/.local/lib/python3.8/site-packages/airflow/example_dags/tutorial.py took 0.307 seconds
[2025-11-19T02:45:56.808+0000] {processor.py:161} INFO - Started process (PID=72) to work on /home/airflow/.local/lib/python3.8/site-packages/airflow/example_dags/tutorial.py
[2025-11-19T02:45:56.809+0000] {processor.py:830} INFO - Processing file /home/airflow/.local/lib/python3.8/site-packages/airflow/example_dags/tutorial.py for tasks to queue
[2025-11-19T02:45:56.811+0000] {logging_mixin.py:188} INFO - [2025-11-19T02:45:56.811+0000] {dagbag.py:538} INFO - Filling up the DagBag from /home/airflow/.local/lib/python3.8/site-packages/airflow/example_dags/tutorial.py
[2025-11-19T02:45:56.821+0000] {processor.py:840} INFO - DAG(s) 'tutorial' retrieved from /home/airflow/.local/lib/python3.8/site-packages/airflow/example_dags/tutorial.py
[2025-11-19T02:45:56.944+0000] {logging_mixin.py:188} INFO - [2025-11-19T02:45:56.943+0000] {override.py:1769} INFO - Created Permission View: can read on DAG:tutorial
[2025-11-19T02:45:56.956+0000] {logging_mixin.py:188} INFO - [2025-11-19T02:45:56.955+0000] {override.py:1769} INFO - Created Permission View: can edit on DAG:tutorial
[2025-11-19T02:45:56.966+0000] {logging_mixin.py:188} INFO - [2025-11-19T02:45:56.965+0000] {override.py:1769} INFO - Created Permission View: can delete on DAG:tutorial
[2025-11-19T02:45:56.967+0000] {logging_mixin.py:188} INFO - [2025-11-19T02:45:56.967+0000] {dag.py:3036} INFO - Sync 1 DAGs
[2025-11-19T02:45:56.981+0000] {logging_mixin.py:188} INFO - [2025-11-19T02:45:56.981+0000] {dag.py:3058} INFO - Creating ORM DAG for tutorial
[2025-11-19T02:45:56.996+0000] {logging_mixin.py:188} INFO - [2025-11-19T02:45:56.996+0000] {dag.py:3823} INFO - Setting next_dagrun for tutorial to 2025-11-18 00:00:00+00:00, run_after=2025-11-19 00:00:00+00:00
[2025-11-19T02:45:57.021+0000] {processor.py:183} INFO - Processing /home/airflow/.local/lib/python3.8/site-packages/airflow/example_dags/tutorial.py took 0.217 seconds
[2025-11-19T02:46:27.228+0000] {processor.py:161} INFO - Started process (PID=130) to work on /home/airflow/.local/lib/python3.8/site-packages/airflow/example_dags/tutorial.py
[2025-11-19T02:46:27.229+0000] {processor.py:830} INFO - Processing file /home/airflow/.local/lib/python3.8/site-packages/airflow/example_dags/tutorial.py for tasks to queue
[2025-11-19T02:46:27.230+0000] {logging_mixin.py:188} INFO - [2025-11-19T02:46:27.230+0000] {dagbag.py:538} INFO - Filling up the DagBag from /home/airflow/.local/lib/python3.8/site-packages/airflow/example_dags/tutorial.py
[2025-11-19T02:46:27.236+0000] {processor.py:840} INFO - DAG(s) 'tutorial' retrieved from /home/airflow/.local/lib/python3.8/site-packages/airflow/example_dags/tutorial.py
[2025-11-19T02:46:27.254+0000] {logging_mixin.py:188} INFO - [2025-11-19T02:46:27.254+0000] {dag.py:3036} INFO - Sync 1 DAGs
[2025-11-19T02:46:27.270+0000] {logging_mixin.py:188} INFO - [2025-11-19T02:46:27.270+0000] {dag.py:3823} INFO - Setting next_dagrun for tutorial to 2025-11-18 00:00:00+00:00, run_after=2025-11-19 00:00:00+00:00
[2025-11-19T02:46:27.289+0000] {processor.py:183} INFO - Processing /home/airflow/.local/lib/python3.8/site-packages/airflow/example_dags/tutorial.py took 0.064 seconds
[2025-11-19T02:46:57.441+0000] {processor.py:161} INFO - Started process (PID=189) to work on /home/airflow/.local/lib/python3.8/site-packages/airflow/example_dags/tutorial.py
[2025-11-19T02:46:57.442+0000] {processor.py:830} INFO - Processing file /home/airflow/.local/lib/python3.8/site-packages/airflow/example_dags/tutorial.py for tasks to queue
[2025-11-19T02:46:57.443+0000] {logging_mixin.py:188} INFO - [2025-11-19T02:46:57.443+0000] {dagbag.py:538} INFO - Filling up the DagBag from /home/airflow/.local/lib/python3.8/site-packages/airflow/example_dags/tutorial.py
[2025-11-19T02:46:57.449+0000] {processor.py:840} INFO - DAG(s) 'tutorial' retrieved from /home/airflow/.local/lib/python3.8/site-packages/airflow/example_dags/tutorial.py
[2025-11-19T02:46:57.460+0000] {logging_mixin.py:188} INFO - [2025-11-19T02:46:57.460+0000] {dag.py:3036} INFO - Sync 1 DAGs
[2025-11-19T02:46:57.478+0000] {logging_mixin.py:188} INFO - [2025-11-19T02:46:57.478+0000] {dag.py:3823} INFO - Setting next_dagrun for tutorial to 2025-11-18 00:00:00+00:00, run_after=2025-11-19 00:00:00+00:00
[2025-11-19T02:46:57.495+0000] {processor.py:183} INFO - Processing /home/airflow/.local/lib/python3.8/site-packages/airflow/example_dags/tutorial.py took 0.057 seconds
[2025-11-19T02:47:28.283+0000] {processor.py:161} INFO - Started process (PID=248) to work on /home/airflow/.local/lib/python3.8/site-packages/airflow/example_dags/tutorial.py
[2025-11-19T02:47:28.284+0000] {processor.py:830} INFO - Processing file /home/airflow/.local/lib/python3.8/site-packages/airflow/example_dags/tutorial.py for tasks to queue
[2025-11-19T02:47:28.287+0000] {logging_mixin.py:188} INFO - [2025-11-19T02:47:28.287+0000] {dagbag.py:538} INFO - Filling up the DagBag from /home/airflow/.local/lib/python3.8/site-packages/airflow/example_dags/tutorial.py
[2025-11-19T02:47:28.294+0000] {processor.py:840} INFO - DAG(s) 'tutorial' retrieved from /home/airflow/.local/lib/python3.8/site-packages/airflow/example_dags/tutorial.py
[2025-11-19T02:47:28.401+0000] {logging_mixin.py:188} INFO - [2025-11-19T02:47:28.400+0000] {dag.py:3036} INFO - Sync 1 DAGs
[2025-11-19T02:47:28.419+0000] {logging_mixin.py:188} INFO - [2025-11-19T02:47:28.419+0000] {dag.py:3823} INFO - Setting next_dagrun for tutorial to 2025-11-18 00:00:00+00:00, run_after=2025-11-19 00:00:00+00:00
[2025-11-19T02:47:28.442+0000] {processor.py:183} INFO - Processing /home/airflow/.local/lib/python3.8/site-packages/airflow/example_dags/tutorial.py took 0.162 seconds
[2025-11-19T02:47:58.650+0000] {processor.py:161} INFO - Started process (PID=307) to work on /home/airflow/.local/lib/python3.8/site-packages/airflow/example_dags/tutorial.py
[2025-11-19T02:47:58.651+0000] {processor.py:830} INFO - Processing file /home/airflow/.local/lib/python3.8/site-packages/airflow/example_dags/tutorial.py for tasks to queue
[2025-11-19T02:47:58.653+0000] {logging_mixin.py:188} INFO - [2025-11-19T02:47:58.652+0000] {dagbag.py:538} INFO - Filling up the DagBag from /home/airflow/.local/lib/python3.8/site-packages/airflow/example_dags/tutorial.py
[2025-11-19T02:47:58.658+0000] {processor.py:840} INFO - DAG(s) 'tutorial' retrieved from /home/airflow/.local/lib/python3.8/site-packages/airflow/example_dags/tutorial.py
[2025-11-19T02:47:58.679+0000] {logging_mixin.py:188} INFO - [2025-11-19T02:47:58.679+0000] {dag.py:3036} INFO - Sync 1 DAGs
[2025-11-19T02:47:58.704+0000] {logging_mixin.py:188} INFO - [2025-11-19T02:47:58.704+0000] {dag.py:3823} INFO - Setting next_dagrun for tutorial to 2025-11-18 00:00:00+00:00, run_after=2025-11-19 00:00:00+00:00
[2025-11-19T02:47:58.727+0000] {processor.py:183} INFO - Processing /home/airflow/.local/lib/python3.8/site-packages/airflow/example_dags/tutorial.py took 0.082 seconds
[2025-11-19T02:48:28.908+0000] {processor.py:161} INFO - Started process (PID=366) to work on /home/airflow/.local/lib/python3.8/site-packages/airflow/example_dags/tutorial.py
[2025-11-19T02:48:28.909+0000] {processor.py:830} INFO - Processing file /home/airflow/.local/lib/python3.8/site-packages/airflow/example_dags/tutorial.py for tasks to queue
[2025-11-19T02:48:28.911+0000] {logging_mixin.py:188} INFO - [2025-11-19T02:48:28.910+0000] {dagbag.py:538} INFO - Filling up the DagBag from /home/airflow/.local/lib/python3.8/site-packages/airflow/example_dags/tutorial.py
[2025-11-19T02:48:28.917+0000] {processor.py:840} INFO - DAG(s) 'tutorial' retrieved from /home/airflow/.local/lib/python3.8/site-packages/airflow/example_dags/tutorial.py
[2025-11-19T02:48:28.936+0000] {logging_mixin.py:188} INFO - [2025-11-19T02:48:28.936+0000] {dag.py:3036} INFO - Sync 1 DAGs
[2025-11-19T02:48:28.954+0000] {logging_mixin.py:188} INFO - [2025-11-19T02:48:28.954+0000] {dag.py:3823} INFO - Setting next_dagrun for tutorial to 2025-11-18 00:00:00+00:00, run_after=2025-11-19 00:00:00+00:00
[2025-11-19T02:48:28.975+0000] {processor.py:183} INFO - Processing /home/airflow/.local/lib/python3.8/site-packages/airflow/example_dags/tutorial.py took 0.071 seconds
[2025-11-19T02:48:59.036+0000] {processor.py:161} INFO - Started process (PID=425) to work on /home/airflow/.local/lib/python3.8/site-packages/airflow/example_dags/tutorial.py
[2025-11-19T02:48:59.037+0000] {processor.py:830} INFO - Processing file /home/airflow/.local/lib/python3.8/site-packages/airflow/example_dags/tutorial.py for tasks to queue
[2025-11-19T02:48:59.039+0000] {logging_mixin.py:188} INFO - [2025-11-19T02:48:59.039+0000] {dagbag.py:538} INFO - Filling up the DagBag from /home/airflow/.local/lib/python3.8/site-packages/airflow/example_dags/tutorial.py
[2025-11-19T02:48:59.044+0000] {processor.py:840} INFO - DAG(s) 'tutorial' retrieved from /home/airflow/.local/lib/python3.8/site-packages/airflow/example_dags/tutorial.py
[2025-11-19T02:48:59.062+0000] {logging_mixin.py:188} INFO - [2025-11-19T02:48:59.062+0000] {dag.py:3036} INFO - Sync 1 DAGs
[2025-11-19T02:48:59.081+0000] {logging_mixin.py:188} INFO - [2025-11-19T02:48:59.081+0000] {dag.py:3823} INFO - Setting next_dagrun for tutorial to 2025-11-18 00:00:00+00:00, run_after=2025-11-19 00:00:00+00:00
[2025-11-19T02:48:59.102+0000] {processor.py:183} INFO - Processing /home/airflow/.local/lib/python3.8/site-packages/airflow/example_dags/tutorial.py took 0.068 seconds
[2025-11-19T02:49:29.148+0000] {processor.py:161} INFO - Started process (PID=484) to work on /home/airflow/.local/lib/python3.8/site-packages/airflow/example_dags/tutorial.py
[2025-11-19T02:49:29.149+0000] {processor.py:830} INFO - Processing file /home/airflow/.local/lib/python3.8/site-packages/airflow/example_dags/tutorial.py for tasks to queue
[2025-11-19T02:49:29.151+0000] {logging_mixin.py:188} INFO - [2025-11-19T02:49:29.151+0000] {dagbag.py:538} INFO - Filling up the DagBag from /home/airflow/.local/lib/python3.8/site-packages/airflow/example_dags/tutorial.py
[2025-11-19T02:49:29.157+0000] {processor.py:840} INFO - DAG(s) 'tutorial' retrieved from /home/airflow/.local/lib/python3.8/site-packages/airflow/example_dags/tutorial.py
[2025-11-19T02:49:29.177+0000] {logging_mixin.py:188} INFO - [2025-11-19T02:49:29.177+0000] {dag.py:3036} INFO - Sync 1 DAGs
[2025-11-19T02:49:29.195+0000] {logging_mixin.py:188} INFO - [2025-11-19T02:49:29.194+0000] {dag.py:3823} INFO - Setting next_dagrun for tutorial to 2025-11-18 00:00:00+00:00, run_after=2025-11-19 00:00:00+00:00
[2025-11-19T02:49:29.214+0000] {processor.py:183} INFO - Processing /home/airflow/.local/lib/python3.8/site-packages/airflow/example_dags/tutorial.py took 0.069 seconds
[2025-11-19T02:49:59.409+0000] {processor.py:161} INFO - Started process (PID=543) to work on /home/airflow/.local/lib/python3.8/site-packages/airflow/example_dags/tutorial.py
[2025-11-19T02:49:59.410+0000] {processor.py:830} INFO - Processing file /home/airflow/.local/lib/python3.8/site-packages/airflow/example_dags/tutorial.py for tasks to queue
[2025-11-19T02:49:59.412+0000] {logging_mixin.py:188} INFO - [2025-11-19T02:49:59.411+0000] {dagbag.py:538} INFO - Filling up the DagBag from /home/airflow/.local/lib/python3.8/site-packages/airflow/example_dags/tutorial.py
[2025-11-19T02:49:59.417+0000] {processor.py:840} INFO - DAG(s) 'tutorial' retrieved from /home/airflow/.local/lib/python3.8/site-packages/airflow/example_dags/tutorial.py
[2025-11-19T02:49:59.436+0000] {logging_mixin.py:188} INFO - [2025-11-19T02:49:59.436+0000] {dag.py:3036} INFO - Sync 1 DAGs
[2025-11-19T02:49:59.453+0000] {logging_mixin.py:188} INFO - [2025-11-19T02:49:59.453+0000] {dag.py:3823} INFO - Setting next_dagrun for tutorial to 2025-11-18 00:00:00+00:00, run_after=2025-11-19 00:00:00+00:00
[2025-11-19T02:49:59.471+0000] {processor.py:183} INFO - Processing /home/airflow/.local/lib/python3.8/site-packages/airflow/example_dags/tutorial.py took 0.065 seconds
[2025-11-19T02:50:29.895+0000] {processor.py:161} INFO - Started process (PID=602) to work on /home/airflow/.local/lib/python3.8/site-packages/airflow/example_dags/tutorial.py
[2025-11-19T02:50:29.897+0000] {processor.py:830} INFO - Processing file /home/airflow/.local/lib/python3.8/site-packages/airflow/example_dags/tutorial.py for tasks to queue
[2025-11-19T02:50:29.899+0000] {logging_mixin.py:188} INFO - [2025-11-19T02:50:29.898+0000] {dagbag.py:538} INFO - Filling up the DagBag from /home/airflow/.local/lib/python3.8/site-packages/airflow/example_dags/tutorial.py
[2025-11-19T02:50:29.904+0000] {processor.py:840} INFO - DAG(s) 'tutorial' retrieved from /home/airflow/.local/lib/python3.8/site-packages/airflow/example_dags/tutorial.py
[2025-11-19T02:50:29.924+0000] {logging_mixin.py:188} INFO - [2025-11-19T02:50:29.923+0000] {dag.py:3036} INFO - Sync 1 DAGs
[2025-11-19T02:50:29.942+0000] {logging_mixin.py:188} INFO - [2025-11-19T02:50:29.942+0000] {dag.py:3823} INFO - Setting next_dagrun for tutorial to 2025-11-18 00:00:00+00:00, run_after=2025-11-19 00:00:00+00:00
[2025-11-19T02:50:29.962+0000] {processor.py:183} INFO - Processing /home/airflow/.local/lib/python3.8/site-packages/airflow/example_dags/tutorial.py took 0.070 seconds
[2025-11-19T02:51:00.009+0000] {processor.py:161} INFO - Started process (PID=661) to work on /home/airflow/.local/lib/python3.8/site-packages/airflow/example_dags/tutorial.py
[2025-11-19T02:51:00.010+0000] {processor.py:830} INFO - Processing file /home/airflow/.local/lib/python3.8/site-packages/airflow/example_dags/tutorial.py for tasks to queue
[2025-11-19T02:51:00.012+0000] {logging_mixin.py:188} INFO - [2025-11-19T02:51:00.011+0000] {dagbag.py:538} INFO - Filling up the DagBag from /home/airflow/.local/lib/python3.8/site-packages/airflow/example_dags/tutorial.py
[2025-11-19T02:51:00.019+0000] {processor.py:840} INFO - DAG(s) 'tutorial' retrieved from /home/airflow/.local/lib/python3.8/site-packages/airflow/example_dags/tutorial.py
[2025-11-19T02:51:00.041+0000] {logging_mixin.py:188} INFO - [2025-11-19T02:51:00.041+0000] {dag.py:3036} INFO - Sync 1 DAGs
[2025-11-19T02:51:00.060+0000] {logging_mixin.py:188} INFO - [2025-11-19T02:51:00.059+0000] {dag.py:3823} INFO - Setting next_dagrun for tutorial to 2025-11-18 00:00:00+00:00, run_after=2025-11-19 00:00:00+00:00
[2025-11-19T02:51:00.080+0000] {processor.py:183} INFO - Processing /home/airflow/.local/lib/python3.8/site-packages/airflow/example_dags/tutorial.py took 0.074 seconds
