[2025-11-19T02:29:09.270+0000] {processor.py:161} INFO - Started process (PID=78) to work on /home/airflow/.local/lib/python3.8/site-packages/airflow/example_dags/tutorial_dag.py
[2025-11-19T02:29:09.272+0000] {processor.py:830} INFO - Processing file /home/airflow/.local/lib/python3.8/site-packages/airflow/example_dags/tutorial_dag.py for tasks to queue
[2025-11-19T02:29:09.276+0000] {logging_mixin.py:188} INFO - [2025-11-19T02:29:09.275+0000] {dagbag.py:538} INFO - Filling up the DagBag from /home/airflow/.local/lib/python3.8/site-packages/airflow/example_dags/tutorial_dag.py
[2025-11-19T02:29:09.286+0000] {processor.py:840} INFO - DAG(s) 'tutorial_dag' retrieved from /home/airflow/.local/lib/python3.8/site-packages/airflow/example_dags/tutorial_dag.py
[2025-11-19T02:29:09.470+0000] {logging_mixin.py:188} INFO - [2025-11-19T02:29:09.469+0000] {override.py:1769} INFO - Created Permission View: can read on DAG:tutorial_dag
[2025-11-19T02:29:09.488+0000] {logging_mixin.py:188} INFO - [2025-11-19T02:29:09.486+0000] {override.py:1769} INFO - Created Permission View: can edit on DAG:tutorial_dag
[2025-11-19T02:29:09.499+0000] {logging_mixin.py:188} INFO - [2025-11-19T02:29:09.498+0000] {override.py:1769} INFO - Created Permission View: can delete on DAG:tutorial_dag
[2025-11-19T02:29:09.502+0000] {logging_mixin.py:188} INFO - [2025-11-19T02:29:09.502+0000] {dag.py:3036} INFO - Sync 1 DAGs
[2025-11-19T02:29:09.515+0000] {logging_mixin.py:188} INFO - [2025-11-19T02:29:09.515+0000] {dag.py:3058} INFO - Creating ORM DAG for tutorial_dag
[2025-11-19T02:29:09.517+0000] {logging_mixin.py:188} INFO - [2025-11-19T02:29:09.516+0000] {dag.py:3823} INFO - Setting next_dagrun for tutorial_dag to None, run_after=None
[2025-11-19T02:29:09.543+0000] {processor.py:183} INFO - Processing /home/airflow/.local/lib/python3.8/site-packages/airflow/example_dags/tutorial_dag.py took 0.278 seconds
[2025-11-19T02:45:58.029+0000] {processor.py:161} INFO - Started process (PID=78) to work on /home/airflow/.local/lib/python3.8/site-packages/airflow/example_dags/tutorial_dag.py
[2025-11-19T02:45:58.031+0000] {processor.py:830} INFO - Processing file /home/airflow/.local/lib/python3.8/site-packages/airflow/example_dags/tutorial_dag.py for tasks to queue
[2025-11-19T02:45:58.035+0000] {logging_mixin.py:188} INFO - [2025-11-19T02:45:58.034+0000] {dagbag.py:538} INFO - Filling up the DagBag from /home/airflow/.local/lib/python3.8/site-packages/airflow/example_dags/tutorial_dag.py
[2025-11-19T02:45:58.046+0000] {processor.py:840} INFO - DAG(s) 'tutorial_dag' retrieved from /home/airflow/.local/lib/python3.8/site-packages/airflow/example_dags/tutorial_dag.py
[2025-11-19T02:45:58.204+0000] {logging_mixin.py:188} INFO - [2025-11-19T02:45:58.203+0000] {override.py:1769} INFO - Created Permission View: can read on DAG:tutorial_dag
[2025-11-19T02:45:58.220+0000] {logging_mixin.py:188} INFO - [2025-11-19T02:45:58.220+0000] {override.py:1769} INFO - Created Permission View: can edit on DAG:tutorial_dag
[2025-11-19T02:45:58.228+0000] {logging_mixin.py:188} INFO - [2025-11-19T02:45:58.228+0000] {override.py:1769} INFO - Created Permission View: can delete on DAG:tutorial_dag
[2025-11-19T02:45:58.229+0000] {logging_mixin.py:188} INFO - [2025-11-19T02:45:58.229+0000] {dag.py:3036} INFO - Sync 1 DAGs
[2025-11-19T02:45:58.248+0000] {logging_mixin.py:188} INFO - [2025-11-19T02:45:58.248+0000] {dag.py:3058} INFO - Creating ORM DAG for tutorial_dag
[2025-11-19T02:45:58.250+0000] {logging_mixin.py:188} INFO - [2025-11-19T02:45:58.250+0000] {dag.py:3823} INFO - Setting next_dagrun for tutorial_dag to None, run_after=None
[2025-11-19T02:45:58.278+0000] {processor.py:183} INFO - Processing /home/airflow/.local/lib/python3.8/site-packages/airflow/example_dags/tutorial_dag.py took 0.255 seconds
[2025-11-19T02:46:28.504+0000] {processor.py:161} INFO - Started process (PID=136) to work on /home/airflow/.local/lib/python3.8/site-packages/airflow/example_dags/tutorial_dag.py
[2025-11-19T02:46:28.505+0000] {processor.py:830} INFO - Processing file /home/airflow/.local/lib/python3.8/site-packages/airflow/example_dags/tutorial_dag.py for tasks to queue
[2025-11-19T02:46:28.508+0000] {logging_mixin.py:188} INFO - [2025-11-19T02:46:28.507+0000] {dagbag.py:538} INFO - Filling up the DagBag from /home/airflow/.local/lib/python3.8/site-packages/airflow/example_dags/tutorial_dag.py
[2025-11-19T02:46:28.514+0000] {processor.py:840} INFO - DAG(s) 'tutorial_dag' retrieved from /home/airflow/.local/lib/python3.8/site-packages/airflow/example_dags/tutorial_dag.py
[2025-11-19T02:46:28.535+0000] {logging_mixin.py:188} INFO - [2025-11-19T02:46:28.535+0000] {dag.py:3036} INFO - Sync 1 DAGs
[2025-11-19T02:46:28.547+0000] {logging_mixin.py:188} INFO - [2025-11-19T02:46:28.547+0000] {dag.py:3823} INFO - Setting next_dagrun for tutorial_dag to None, run_after=None
[2025-11-19T02:46:28.564+0000] {processor.py:183} INFO - Processing /home/airflow/.local/lib/python3.8/site-packages/airflow/example_dags/tutorial_dag.py took 0.063 seconds
[2025-11-19T02:46:58.735+0000] {processor.py:161} INFO - Started process (PID=195) to work on /home/airflow/.local/lib/python3.8/site-packages/airflow/example_dags/tutorial_dag.py
[2025-11-19T02:46:58.737+0000] {processor.py:830} INFO - Processing file /home/airflow/.local/lib/python3.8/site-packages/airflow/example_dags/tutorial_dag.py for tasks to queue
[2025-11-19T02:46:58.739+0000] {logging_mixin.py:188} INFO - [2025-11-19T02:46:58.738+0000] {dagbag.py:538} INFO - Filling up the DagBag from /home/airflow/.local/lib/python3.8/site-packages/airflow/example_dags/tutorial_dag.py
[2025-11-19T02:46:58.744+0000] {processor.py:840} INFO - DAG(s) 'tutorial_dag' retrieved from /home/airflow/.local/lib/python3.8/site-packages/airflow/example_dags/tutorial_dag.py
[2025-11-19T02:46:58.757+0000] {logging_mixin.py:188} INFO - [2025-11-19T02:46:58.757+0000] {dag.py:3036} INFO - Sync 1 DAGs
[2025-11-19T02:46:58.770+0000] {logging_mixin.py:188} INFO - [2025-11-19T02:46:58.769+0000] {dag.py:3823} INFO - Setting next_dagrun for tutorial_dag to None, run_after=None
[2025-11-19T02:46:58.790+0000] {processor.py:183} INFO - Processing /home/airflow/.local/lib/python3.8/site-packages/airflow/example_dags/tutorial_dag.py took 0.058 seconds
[2025-11-19T02:47:29.964+0000] {processor.py:161} INFO - Started process (PID=254) to work on /home/airflow/.local/lib/python3.8/site-packages/airflow/example_dags/tutorial_dag.py
[2025-11-19T02:47:29.966+0000] {processor.py:830} INFO - Processing file /home/airflow/.local/lib/python3.8/site-packages/airflow/example_dags/tutorial_dag.py for tasks to queue
[2025-11-19T02:47:29.968+0000] {logging_mixin.py:188} INFO - [2025-11-19T02:47:29.968+0000] {dagbag.py:538} INFO - Filling up the DagBag from /home/airflow/.local/lib/python3.8/site-packages/airflow/example_dags/tutorial_dag.py
[2025-11-19T02:47:29.975+0000] {processor.py:840} INFO - DAG(s) 'tutorial_dag' retrieved from /home/airflow/.local/lib/python3.8/site-packages/airflow/example_dags/tutorial_dag.py
[2025-11-19T02:47:30.080+0000] {logging_mixin.py:188} INFO - [2025-11-19T02:47:30.080+0000] {dag.py:3036} INFO - Sync 1 DAGs
[2025-11-19T02:47:30.088+0000] {logging_mixin.py:188} INFO - [2025-11-19T02:47:30.088+0000] {dag.py:3823} INFO - Setting next_dagrun for tutorial_dag to None, run_after=None
[2025-11-19T02:47:30.105+0000] {processor.py:183} INFO - Processing /home/airflow/.local/lib/python3.8/site-packages/airflow/example_dags/tutorial_dag.py took 0.145 seconds
[2025-11-19T02:48:00.942+0000] {processor.py:161} INFO - Started process (PID=313) to work on /home/airflow/.local/lib/python3.8/site-packages/airflow/example_dags/tutorial_dag.py
[2025-11-19T02:48:00.944+0000] {processor.py:830} INFO - Processing file /home/airflow/.local/lib/python3.8/site-packages/airflow/example_dags/tutorial_dag.py for tasks to queue
[2025-11-19T02:48:00.946+0000] {logging_mixin.py:188} INFO - [2025-11-19T02:48:00.946+0000] {dagbag.py:538} INFO - Filling up the DagBag from /home/airflow/.local/lib/python3.8/site-packages/airflow/example_dags/tutorial_dag.py
[2025-11-19T02:48:00.952+0000] {processor.py:840} INFO - DAG(s) 'tutorial_dag' retrieved from /home/airflow/.local/lib/python3.8/site-packages/airflow/example_dags/tutorial_dag.py
[2025-11-19T02:48:00.973+0000] {logging_mixin.py:188} INFO - [2025-11-19T02:48:00.973+0000] {dag.py:3036} INFO - Sync 1 DAGs
[2025-11-19T02:48:00.986+0000] {logging_mixin.py:188} INFO - [2025-11-19T02:48:00.986+0000] {dag.py:3823} INFO - Setting next_dagrun for tutorial_dag to None, run_after=None
[2025-11-19T02:48:01.006+0000] {processor.py:183} INFO - Processing /home/airflow/.local/lib/python3.8/site-packages/airflow/example_dags/tutorial_dag.py took 0.067 seconds
[2025-11-19T02:48:31.158+0000] {processor.py:161} INFO - Started process (PID=372) to work on /home/airflow/.local/lib/python3.8/site-packages/airflow/example_dags/tutorial_dag.py
[2025-11-19T02:48:31.159+0000] {processor.py:830} INFO - Processing file /home/airflow/.local/lib/python3.8/site-packages/airflow/example_dags/tutorial_dag.py for tasks to queue
[2025-11-19T02:48:31.161+0000] {logging_mixin.py:188} INFO - [2025-11-19T02:48:31.160+0000] {dagbag.py:538} INFO - Filling up the DagBag from /home/airflow/.local/lib/python3.8/site-packages/airflow/example_dags/tutorial_dag.py
[2025-11-19T02:48:31.168+0000] {processor.py:840} INFO - DAG(s) 'tutorial_dag' retrieved from /home/airflow/.local/lib/python3.8/site-packages/airflow/example_dags/tutorial_dag.py
[2025-11-19T02:48:31.187+0000] {logging_mixin.py:188} INFO - [2025-11-19T02:48:31.187+0000] {dag.py:3036} INFO - Sync 1 DAGs
[2025-11-19T02:48:31.198+0000] {logging_mixin.py:188} INFO - [2025-11-19T02:48:31.197+0000] {dag.py:3823} INFO - Setting next_dagrun for tutorial_dag to None, run_after=None
[2025-11-19T02:48:31.217+0000] {processor.py:183} INFO - Processing /home/airflow/.local/lib/python3.8/site-packages/airflow/example_dags/tutorial_dag.py took 0.062 seconds
[2025-11-19T02:49:01.339+0000] {processor.py:161} INFO - Started process (PID=431) to work on /home/airflow/.local/lib/python3.8/site-packages/airflow/example_dags/tutorial_dag.py
[2025-11-19T02:49:01.340+0000] {processor.py:830} INFO - Processing file /home/airflow/.local/lib/python3.8/site-packages/airflow/example_dags/tutorial_dag.py for tasks to queue
[2025-11-19T02:49:01.344+0000] {logging_mixin.py:188} INFO - [2025-11-19T02:49:01.343+0000] {dagbag.py:538} INFO - Filling up the DagBag from /home/airflow/.local/lib/python3.8/site-packages/airflow/example_dags/tutorial_dag.py
[2025-11-19T02:49:01.353+0000] {processor.py:840} INFO - DAG(s) 'tutorial_dag' retrieved from /home/airflow/.local/lib/python3.8/site-packages/airflow/example_dags/tutorial_dag.py
[2025-11-19T02:49:01.387+0000] {logging_mixin.py:188} INFO - [2025-11-19T02:49:01.386+0000] {dag.py:3036} INFO - Sync 1 DAGs
[2025-11-19T02:49:01.414+0000] {logging_mixin.py:188} INFO - [2025-11-19T02:49:01.413+0000] {dag.py:3823} INFO - Setting next_dagrun for tutorial_dag to None, run_after=None
[2025-11-19T02:49:01.449+0000] {processor.py:183} INFO - Processing /home/airflow/.local/lib/python3.8/site-packages/airflow/example_dags/tutorial_dag.py took 0.114 seconds
[2025-11-19T02:49:31.516+0000] {processor.py:161} INFO - Started process (PID=490) to work on /home/airflow/.local/lib/python3.8/site-packages/airflow/example_dags/tutorial_dag.py
[2025-11-19T02:49:31.517+0000] {processor.py:830} INFO - Processing file /home/airflow/.local/lib/python3.8/site-packages/airflow/example_dags/tutorial_dag.py for tasks to queue
[2025-11-19T02:49:31.518+0000] {logging_mixin.py:188} INFO - [2025-11-19T02:49:31.518+0000] {dagbag.py:538} INFO - Filling up the DagBag from /home/airflow/.local/lib/python3.8/site-packages/airflow/example_dags/tutorial_dag.py
[2025-11-19T02:49:31.524+0000] {processor.py:840} INFO - DAG(s) 'tutorial_dag' retrieved from /home/airflow/.local/lib/python3.8/site-packages/airflow/example_dags/tutorial_dag.py
[2025-11-19T02:49:31.544+0000] {logging_mixin.py:188} INFO - [2025-11-19T02:49:31.544+0000] {dag.py:3036} INFO - Sync 1 DAGs
[2025-11-19T02:49:31.555+0000] {logging_mixin.py:188} INFO - [2025-11-19T02:49:31.555+0000] {dag.py:3823} INFO - Setting next_dagrun for tutorial_dag to None, run_after=None
[2025-11-19T02:49:31.577+0000] {processor.py:183} INFO - Processing /home/airflow/.local/lib/python3.8/site-packages/airflow/example_dags/tutorial_dag.py took 0.065 seconds
[2025-11-19T02:50:01.677+0000] {processor.py:161} INFO - Started process (PID=549) to work on /home/airflow/.local/lib/python3.8/site-packages/airflow/example_dags/tutorial_dag.py
[2025-11-19T02:50:01.678+0000] {processor.py:830} INFO - Processing file /home/airflow/.local/lib/python3.8/site-packages/airflow/example_dags/tutorial_dag.py for tasks to queue
[2025-11-19T02:50:01.680+0000] {logging_mixin.py:188} INFO - [2025-11-19T02:50:01.680+0000] {dagbag.py:538} INFO - Filling up the DagBag from /home/airflow/.local/lib/python3.8/site-packages/airflow/example_dags/tutorial_dag.py
[2025-11-19T02:50:01.685+0000] {processor.py:840} INFO - DAG(s) 'tutorial_dag' retrieved from /home/airflow/.local/lib/python3.8/site-packages/airflow/example_dags/tutorial_dag.py
[2025-11-19T02:50:01.705+0000] {logging_mixin.py:188} INFO - [2025-11-19T02:50:01.705+0000] {dag.py:3036} INFO - Sync 1 DAGs
[2025-11-19T02:50:01.716+0000] {logging_mixin.py:188} INFO - [2025-11-19T02:50:01.715+0000] {dag.py:3823} INFO - Setting next_dagrun for tutorial_dag to None, run_after=None
[2025-11-19T02:50:01.738+0000] {processor.py:183} INFO - Processing /home/airflow/.local/lib/python3.8/site-packages/airflow/example_dags/tutorial_dag.py took 0.063 seconds
[2025-11-19T02:50:32.172+0000] {processor.py:161} INFO - Started process (PID=608) to work on /home/airflow/.local/lib/python3.8/site-packages/airflow/example_dags/tutorial_dag.py
[2025-11-19T02:50:32.173+0000] {processor.py:830} INFO - Processing file /home/airflow/.local/lib/python3.8/site-packages/airflow/example_dags/tutorial_dag.py for tasks to queue
[2025-11-19T02:50:32.175+0000] {logging_mixin.py:188} INFO - [2025-11-19T02:50:32.175+0000] {dagbag.py:538} INFO - Filling up the DagBag from /home/airflow/.local/lib/python3.8/site-packages/airflow/example_dags/tutorial_dag.py
[2025-11-19T02:50:32.181+0000] {processor.py:840} INFO - DAG(s) 'tutorial_dag' retrieved from /home/airflow/.local/lib/python3.8/site-packages/airflow/example_dags/tutorial_dag.py
[2025-11-19T02:50:32.201+0000] {logging_mixin.py:188} INFO - [2025-11-19T02:50:32.201+0000] {dag.py:3036} INFO - Sync 1 DAGs
[2025-11-19T02:50:32.212+0000] {logging_mixin.py:188} INFO - [2025-11-19T02:50:32.212+0000] {dag.py:3823} INFO - Setting next_dagrun for tutorial_dag to None, run_after=None
[2025-11-19T02:50:32.232+0000] {processor.py:183} INFO - Processing /home/airflow/.local/lib/python3.8/site-packages/airflow/example_dags/tutorial_dag.py took 0.063 seconds
[2025-11-19T02:51:02.373+0000] {processor.py:161} INFO - Started process (PID=667) to work on /home/airflow/.local/lib/python3.8/site-packages/airflow/example_dags/tutorial_dag.py
[2025-11-19T02:51:02.374+0000] {processor.py:830} INFO - Processing file /home/airflow/.local/lib/python3.8/site-packages/airflow/example_dags/tutorial_dag.py for tasks to queue
[2025-11-19T02:51:02.376+0000] {logging_mixin.py:188} INFO - [2025-11-19T02:51:02.375+0000] {dagbag.py:538} INFO - Filling up the DagBag from /home/airflow/.local/lib/python3.8/site-packages/airflow/example_dags/tutorial_dag.py
[2025-11-19T02:51:02.381+0000] {processor.py:840} INFO - DAG(s) 'tutorial_dag' retrieved from /home/airflow/.local/lib/python3.8/site-packages/airflow/example_dags/tutorial_dag.py
[2025-11-19T02:51:02.402+0000] {logging_mixin.py:188} INFO - [2025-11-19T02:51:02.402+0000] {dag.py:3036} INFO - Sync 1 DAGs
[2025-11-19T02:51:02.413+0000] {logging_mixin.py:188} INFO - [2025-11-19T02:51:02.413+0000] {dag.py:3823} INFO - Setting next_dagrun for tutorial_dag to None, run_after=None
[2025-11-19T02:51:02.434+0000] {processor.py:183} INFO - Processing /home/airflow/.local/lib/python3.8/site-packages/airflow/example_dags/tutorial_dag.py took 0.064 seconds
