[2025-11-19T02:29:07.310+0000] {processor.py:161} INFO - Started process (PID=68) to work on /home/airflow/.local/lib/python3.8/site-packages/airflow/example_dags/tutorial_taskflow_api_virtualenv.py
[2025-11-19T02:29:07.311+0000] {processor.py:830} INFO - Processing file /home/airflow/.local/lib/python3.8/site-packages/airflow/example_dags/tutorial_taskflow_api_virtualenv.py for tasks to queue
[2025-11-19T02:29:07.314+0000] {logging_mixin.py:188} INFO - [2025-11-19T02:29:07.313+0000] {dagbag.py:538} INFO - Filling up the DagBag from /home/airflow/.local/lib/python3.8/site-packages/airflow/example_dags/tutorial_taskflow_api_virtualenv.py
[2025-11-19T02:29:07.342+0000] {processor.py:840} INFO - DAG(s) 'tutorial_taskflow_api_virtualenv' retrieved from /home/airflow/.local/lib/python3.8/site-packages/airflow/example_dags/tutorial_taskflow_api_virtualenv.py
[2025-11-19T02:29:07.517+0000] {logging_mixin.py:188} INFO - [2025-11-19T02:29:07.516+0000] {override.py:1769} INFO - Created Permission View: can read on DAG:tutorial_taskflow_api_virtualenv
[2025-11-19T02:29:07.534+0000] {logging_mixin.py:188} INFO - [2025-11-19T02:29:07.533+0000] {override.py:1769} INFO - Created Permission View: can edit on DAG:tutorial_taskflow_api_virtualenv
[2025-11-19T02:29:07.547+0000] {logging_mixin.py:188} INFO - [2025-11-19T02:29:07.547+0000] {override.py:1769} INFO - Created Permission View: can delete on DAG:tutorial_taskflow_api_virtualenv
[2025-11-19T02:29:07.548+0000] {logging_mixin.py:188} INFO - [2025-11-19T02:29:07.548+0000] {dag.py:3036} INFO - Sync 1 DAGs
[2025-11-19T02:29:07.563+0000] {logging_mixin.py:188} INFO - [2025-11-19T02:29:07.563+0000] {dag.py:3058} INFO - Creating ORM DAG for tutorial_taskflow_api_virtualenv
[2025-11-19T02:29:07.564+0000] {logging_mixin.py:188} INFO - [2025-11-19T02:29:07.564+0000] {dag.py:3823} INFO - Setting next_dagrun for tutorial_taskflow_api_virtualenv to None, run_after=None
[2025-11-19T02:29:07.592+0000] {processor.py:183} INFO - Processing /home/airflow/.local/lib/python3.8/site-packages/airflow/example_dags/tutorial_taskflow_api_virtualenv.py took 0.288 seconds
[2025-11-19T02:29:37.679+0000] {processor.py:161} INFO - Started process (PID=126) to work on /home/airflow/.local/lib/python3.8/site-packages/airflow/example_dags/tutorial_taskflow_api_virtualenv.py
[2025-11-19T02:29:37.680+0000] {processor.py:830} INFO - Processing file /home/airflow/.local/lib/python3.8/site-packages/airflow/example_dags/tutorial_taskflow_api_virtualenv.py for tasks to queue
[2025-11-19T02:29:37.682+0000] {logging_mixin.py:188} INFO - [2025-11-19T02:29:37.681+0000] {dagbag.py:538} INFO - Filling up the DagBag from /home/airflow/.local/lib/python3.8/site-packages/airflow/example_dags/tutorial_taskflow_api_virtualenv.py
[2025-11-19T02:29:37.690+0000] {processor.py:840} INFO - DAG(s) 'tutorial_taskflow_api_virtualenv' retrieved from /home/airflow/.local/lib/python3.8/site-packages/airflow/example_dags/tutorial_taskflow_api_virtualenv.py
[2025-11-19T02:29:37.710+0000] {logging_mixin.py:188} INFO - [2025-11-19T02:29:37.710+0000] {dag.py:3036} INFO - Sync 1 DAGs
[2025-11-19T02:29:37.720+0000] {logging_mixin.py:188} INFO - [2025-11-19T02:29:37.719+0000] {dag.py:3823} INFO - Setting next_dagrun for tutorial_taskflow_api_virtualenv to None, run_after=None
[2025-11-19T02:29:37.739+0000] {processor.py:183} INFO - Processing /home/airflow/.local/lib/python3.8/site-packages/airflow/example_dags/tutorial_taskflow_api_virtualenv.py took 0.064 seconds
[2025-11-19T02:45:55.881+0000] {processor.py:161} INFO - Started process (PID=68) to work on /home/airflow/.local/lib/python3.8/site-packages/airflow/example_dags/tutorial_taskflow_api_virtualenv.py
[2025-11-19T02:45:55.883+0000] {processor.py:830} INFO - Processing file /home/airflow/.local/lib/python3.8/site-packages/airflow/example_dags/tutorial_taskflow_api_virtualenv.py for tasks to queue
[2025-11-19T02:45:55.888+0000] {logging_mixin.py:188} INFO - [2025-11-19T02:45:55.887+0000] {dagbag.py:538} INFO - Filling up the DagBag from /home/airflow/.local/lib/python3.8/site-packages/airflow/example_dags/tutorial_taskflow_api_virtualenv.py
[2025-11-19T02:45:55.910+0000] {processor.py:840} INFO - DAG(s) 'tutorial_taskflow_api_virtualenv' retrieved from /home/airflow/.local/lib/python3.8/site-packages/airflow/example_dags/tutorial_taskflow_api_virtualenv.py
[2025-11-19T02:45:56.072+0000] {logging_mixin.py:188} INFO - [2025-11-19T02:45:56.071+0000] {override.py:1769} INFO - Created Permission View: can read on DAG:tutorial_taskflow_api_virtualenv
[2025-11-19T02:45:56.088+0000] {logging_mixin.py:188} INFO - [2025-11-19T02:45:56.087+0000] {override.py:1769} INFO - Created Permission View: can edit on DAG:tutorial_taskflow_api_virtualenv
[2025-11-19T02:45:56.099+0000] {logging_mixin.py:188} INFO - [2025-11-19T02:45:56.098+0000] {override.py:1769} INFO - Created Permission View: can delete on DAG:tutorial_taskflow_api_virtualenv
[2025-11-19T02:45:56.100+0000] {logging_mixin.py:188} INFO - [2025-11-19T02:45:56.100+0000] {dag.py:3036} INFO - Sync 1 DAGs
[2025-11-19T02:45:56.115+0000] {logging_mixin.py:188} INFO - [2025-11-19T02:45:56.115+0000] {dag.py:3058} INFO - Creating ORM DAG for tutorial_taskflow_api_virtualenv
[2025-11-19T02:45:56.117+0000] {logging_mixin.py:188} INFO - [2025-11-19T02:45:56.116+0000] {dag.py:3823} INFO - Setting next_dagrun for tutorial_taskflow_api_virtualenv to None, run_after=None
[2025-11-19T02:45:56.145+0000] {processor.py:183} INFO - Processing /home/airflow/.local/lib/python3.8/site-packages/airflow/example_dags/tutorial_taskflow_api_virtualenv.py took 0.270 seconds
[2025-11-19T02:46:26.941+0000] {processor.py:161} INFO - Started process (PID=126) to work on /home/airflow/.local/lib/python3.8/site-packages/airflow/example_dags/tutorial_taskflow_api_virtualenv.py
[2025-11-19T02:46:26.942+0000] {processor.py:830} INFO - Processing file /home/airflow/.local/lib/python3.8/site-packages/airflow/example_dags/tutorial_taskflow_api_virtualenv.py for tasks to queue
[2025-11-19T02:46:26.944+0000] {logging_mixin.py:188} INFO - [2025-11-19T02:46:26.943+0000] {dagbag.py:538} INFO - Filling up the DagBag from /home/airflow/.local/lib/python3.8/site-packages/airflow/example_dags/tutorial_taskflow_api_virtualenv.py
[2025-11-19T02:46:26.952+0000] {processor.py:840} INFO - DAG(s) 'tutorial_taskflow_api_virtualenv' retrieved from /home/airflow/.local/lib/python3.8/site-packages/airflow/example_dags/tutorial_taskflow_api_virtualenv.py
[2025-11-19T02:46:26.971+0000] {logging_mixin.py:188} INFO - [2025-11-19T02:46:26.971+0000] {dag.py:3036} INFO - Sync 1 DAGs
[2025-11-19T02:46:26.980+0000] {logging_mixin.py:188} INFO - [2025-11-19T02:46:26.980+0000] {dag.py:3823} INFO - Setting next_dagrun for tutorial_taskflow_api_virtualenv to None, run_after=None
[2025-11-19T02:46:27.000+0000] {processor.py:183} INFO - Processing /home/airflow/.local/lib/python3.8/site-packages/airflow/example_dags/tutorial_taskflow_api_virtualenv.py took 0.061 seconds
[2025-11-19T02:46:57.176+0000] {processor.py:161} INFO - Started process (PID=185) to work on /home/airflow/.local/lib/python3.8/site-packages/airflow/example_dags/tutorial_taskflow_api_virtualenv.py
[2025-11-19T02:46:57.177+0000] {processor.py:830} INFO - Processing file /home/airflow/.local/lib/python3.8/site-packages/airflow/example_dags/tutorial_taskflow_api_virtualenv.py for tasks to queue
[2025-11-19T02:46:57.179+0000] {logging_mixin.py:188} INFO - [2025-11-19T02:46:57.178+0000] {dagbag.py:538} INFO - Filling up the DagBag from /home/airflow/.local/lib/python3.8/site-packages/airflow/example_dags/tutorial_taskflow_api_virtualenv.py
[2025-11-19T02:46:57.187+0000] {processor.py:840} INFO - DAG(s) 'tutorial_taskflow_api_virtualenv' retrieved from /home/airflow/.local/lib/python3.8/site-packages/airflow/example_dags/tutorial_taskflow_api_virtualenv.py
[2025-11-19T02:46:57.199+0000] {logging_mixin.py:188} INFO - [2025-11-19T02:46:57.199+0000] {dag.py:3036} INFO - Sync 1 DAGs
[2025-11-19T02:46:57.209+0000] {logging_mixin.py:188} INFO - [2025-11-19T02:46:57.208+0000] {dag.py:3823} INFO - Setting next_dagrun for tutorial_taskflow_api_virtualenv to None, run_after=None
[2025-11-19T02:46:57.228+0000] {processor.py:183} INFO - Processing /home/airflow/.local/lib/python3.8/site-packages/airflow/example_dags/tutorial_taskflow_api_virtualenv.py took 0.055 seconds
[2025-11-19T02:47:27.918+0000] {processor.py:161} INFO - Started process (PID=244) to work on /home/airflow/.local/lib/python3.8/site-packages/airflow/example_dags/tutorial_taskflow_api_virtualenv.py
[2025-11-19T02:47:27.919+0000] {processor.py:830} INFO - Processing file /home/airflow/.local/lib/python3.8/site-packages/airflow/example_dags/tutorial_taskflow_api_virtualenv.py for tasks to queue
[2025-11-19T02:47:27.921+0000] {logging_mixin.py:188} INFO - [2025-11-19T02:47:27.920+0000] {dagbag.py:538} INFO - Filling up the DagBag from /home/airflow/.local/lib/python3.8/site-packages/airflow/example_dags/tutorial_taskflow_api_virtualenv.py
[2025-11-19T02:47:27.931+0000] {processor.py:840} INFO - DAG(s) 'tutorial_taskflow_api_virtualenv' retrieved from /home/airflow/.local/lib/python3.8/site-packages/airflow/example_dags/tutorial_taskflow_api_virtualenv.py
[2025-11-19T02:47:28.026+0000] {logging_mixin.py:188} INFO - [2025-11-19T02:47:28.026+0000] {dag.py:3036} INFO - Sync 1 DAGs
[2025-11-19T02:47:28.034+0000] {logging_mixin.py:188} INFO - [2025-11-19T02:47:28.034+0000] {dag.py:3823} INFO - Setting next_dagrun for tutorial_taskflow_api_virtualenv to None, run_after=None
[2025-11-19T02:47:28.055+0000] {processor.py:183} INFO - Processing /home/airflow/.local/lib/python3.8/site-packages/airflow/example_dags/tutorial_taskflow_api_virtualenv.py took 0.140 seconds
[2025-11-19T02:47:58.353+0000] {processor.py:161} INFO - Started process (PID=303) to work on /home/airflow/.local/lib/python3.8/site-packages/airflow/example_dags/tutorial_taskflow_api_virtualenv.py
[2025-11-19T02:47:58.354+0000] {processor.py:830} INFO - Processing file /home/airflow/.local/lib/python3.8/site-packages/airflow/example_dags/tutorial_taskflow_api_virtualenv.py for tasks to queue
[2025-11-19T02:47:58.356+0000] {logging_mixin.py:188} INFO - [2025-11-19T02:47:58.355+0000] {dagbag.py:538} INFO - Filling up the DagBag from /home/airflow/.local/lib/python3.8/site-packages/airflow/example_dags/tutorial_taskflow_api_virtualenv.py
[2025-11-19T02:47:58.364+0000] {processor.py:840} INFO - DAG(s) 'tutorial_taskflow_api_virtualenv' retrieved from /home/airflow/.local/lib/python3.8/site-packages/airflow/example_dags/tutorial_taskflow_api_virtualenv.py
[2025-11-19T02:47:58.383+0000] {logging_mixin.py:188} INFO - [2025-11-19T02:47:58.383+0000] {dag.py:3036} INFO - Sync 1 DAGs
[2025-11-19T02:47:58.394+0000] {logging_mixin.py:188} INFO - [2025-11-19T02:47:58.393+0000] {dag.py:3823} INFO - Setting next_dagrun for tutorial_taskflow_api_virtualenv to None, run_after=None
[2025-11-19T02:47:58.414+0000] {processor.py:183} INFO - Processing /home/airflow/.local/lib/python3.8/site-packages/airflow/example_dags/tutorial_taskflow_api_virtualenv.py took 0.065 seconds
[2025-11-19T02:48:28.604+0000] {processor.py:161} INFO - Started process (PID=362) to work on /home/airflow/.local/lib/python3.8/site-packages/airflow/example_dags/tutorial_taskflow_api_virtualenv.py
[2025-11-19T02:48:28.605+0000] {processor.py:830} INFO - Processing file /home/airflow/.local/lib/python3.8/site-packages/airflow/example_dags/tutorial_taskflow_api_virtualenv.py for tasks to queue
[2025-11-19T02:48:28.607+0000] {logging_mixin.py:188} INFO - [2025-11-19T02:48:28.607+0000] {dagbag.py:538} INFO - Filling up the DagBag from /home/airflow/.local/lib/python3.8/site-packages/airflow/example_dags/tutorial_taskflow_api_virtualenv.py
[2025-11-19T02:48:28.616+0000] {processor.py:840} INFO - DAG(s) 'tutorial_taskflow_api_virtualenv' retrieved from /home/airflow/.local/lib/python3.8/site-packages/airflow/example_dags/tutorial_taskflow_api_virtualenv.py
[2025-11-19T02:48:28.635+0000] {logging_mixin.py:188} INFO - [2025-11-19T02:48:28.635+0000] {dag.py:3036} INFO - Sync 1 DAGs
[2025-11-19T02:48:28.645+0000] {logging_mixin.py:188} INFO - [2025-11-19T02:48:28.645+0000] {dag.py:3823} INFO - Setting next_dagrun for tutorial_taskflow_api_virtualenv to None, run_after=None
[2025-11-19T02:48:28.668+0000] {processor.py:183} INFO - Processing /home/airflow/.local/lib/python3.8/site-packages/airflow/example_dags/tutorial_taskflow_api_virtualenv.py took 0.067 seconds
[2025-11-19T02:48:58.730+0000] {processor.py:161} INFO - Started process (PID=421) to work on /home/airflow/.local/lib/python3.8/site-packages/airflow/example_dags/tutorial_taskflow_api_virtualenv.py
[2025-11-19T02:48:58.731+0000] {processor.py:830} INFO - Processing file /home/airflow/.local/lib/python3.8/site-packages/airflow/example_dags/tutorial_taskflow_api_virtualenv.py for tasks to queue
[2025-11-19T02:48:58.733+0000] {logging_mixin.py:188} INFO - [2025-11-19T02:48:58.733+0000] {dagbag.py:538} INFO - Filling up the DagBag from /home/airflow/.local/lib/python3.8/site-packages/airflow/example_dags/tutorial_taskflow_api_virtualenv.py
[2025-11-19T02:48:58.742+0000] {processor.py:840} INFO - DAG(s) 'tutorial_taskflow_api_virtualenv' retrieved from /home/airflow/.local/lib/python3.8/site-packages/airflow/example_dags/tutorial_taskflow_api_virtualenv.py
[2025-11-19T02:48:58.760+0000] {logging_mixin.py:188} INFO - [2025-11-19T02:48:58.760+0000] {dag.py:3036} INFO - Sync 1 DAGs
[2025-11-19T02:48:58.769+0000] {logging_mixin.py:188} INFO - [2025-11-19T02:48:58.769+0000] {dag.py:3823} INFO - Setting next_dagrun for tutorial_taskflow_api_virtualenv to None, run_after=None
[2025-11-19T02:48:58.788+0000] {processor.py:183} INFO - Processing /home/airflow/.local/lib/python3.8/site-packages/airflow/example_dags/tutorial_taskflow_api_virtualenv.py took 0.061 seconds
[2025-11-19T02:49:28.854+0000] {processor.py:161} INFO - Started process (PID=480) to work on /home/airflow/.local/lib/python3.8/site-packages/airflow/example_dags/tutorial_taskflow_api_virtualenv.py
[2025-11-19T02:49:28.855+0000] {processor.py:830} INFO - Processing file /home/airflow/.local/lib/python3.8/site-packages/airflow/example_dags/tutorial_taskflow_api_virtualenv.py for tasks to queue
[2025-11-19T02:49:28.856+0000] {logging_mixin.py:188} INFO - [2025-11-19T02:49:28.856+0000] {dagbag.py:538} INFO - Filling up the DagBag from /home/airflow/.local/lib/python3.8/site-packages/airflow/example_dags/tutorial_taskflow_api_virtualenv.py
[2025-11-19T02:49:28.865+0000] {processor.py:840} INFO - DAG(s) 'tutorial_taskflow_api_virtualenv' retrieved from /home/airflow/.local/lib/python3.8/site-packages/airflow/example_dags/tutorial_taskflow_api_virtualenv.py
[2025-11-19T02:49:28.882+0000] {logging_mixin.py:188} INFO - [2025-11-19T02:49:28.882+0000] {dag.py:3036} INFO - Sync 1 DAGs
[2025-11-19T02:49:28.892+0000] {logging_mixin.py:188} INFO - [2025-11-19T02:49:28.892+0000] {dag.py:3823} INFO - Setting next_dagrun for tutorial_taskflow_api_virtualenv to None, run_after=None
[2025-11-19T02:49:28.912+0000] {processor.py:183} INFO - Processing /home/airflow/.local/lib/python3.8/site-packages/airflow/example_dags/tutorial_taskflow_api_virtualenv.py took 0.061 seconds
[2025-11-19T02:49:59.113+0000] {processor.py:161} INFO - Started process (PID=539) to work on /home/airflow/.local/lib/python3.8/site-packages/airflow/example_dags/tutorial_taskflow_api_virtualenv.py
[2025-11-19T02:49:59.114+0000] {processor.py:830} INFO - Processing file /home/airflow/.local/lib/python3.8/site-packages/airflow/example_dags/tutorial_taskflow_api_virtualenv.py for tasks to queue
[2025-11-19T02:49:59.116+0000] {logging_mixin.py:188} INFO - [2025-11-19T02:49:59.116+0000] {dagbag.py:538} INFO - Filling up the DagBag from /home/airflow/.local/lib/python3.8/site-packages/airflow/example_dags/tutorial_taskflow_api_virtualenv.py
[2025-11-19T02:49:59.125+0000] {processor.py:840} INFO - DAG(s) 'tutorial_taskflow_api_virtualenv' retrieved from /home/airflow/.local/lib/python3.8/site-packages/airflow/example_dags/tutorial_taskflow_api_virtualenv.py
[2025-11-19T02:49:59.143+0000] {logging_mixin.py:188} INFO - [2025-11-19T02:49:59.143+0000] {dag.py:3036} INFO - Sync 1 DAGs
[2025-11-19T02:49:59.152+0000] {logging_mixin.py:188} INFO - [2025-11-19T02:49:59.152+0000] {dag.py:3823} INFO - Setting next_dagrun for tutorial_taskflow_api_virtualenv to None, run_after=None
[2025-11-19T02:49:59.171+0000] {processor.py:183} INFO - Processing /home/airflow/.local/lib/python3.8/site-packages/airflow/example_dags/tutorial_taskflow_api_virtualenv.py took 0.060 seconds
[2025-11-19T02:50:29.597+0000] {processor.py:161} INFO - Started process (PID=598) to work on /home/airflow/.local/lib/python3.8/site-packages/airflow/example_dags/tutorial_taskflow_api_virtualenv.py
[2025-11-19T02:50:29.598+0000] {processor.py:830} INFO - Processing file /home/airflow/.local/lib/python3.8/site-packages/airflow/example_dags/tutorial_taskflow_api_virtualenv.py for tasks to queue
[2025-11-19T02:50:29.600+0000] {logging_mixin.py:188} INFO - [2025-11-19T02:50:29.599+0000] {dagbag.py:538} INFO - Filling up the DagBag from /home/airflow/.local/lib/python3.8/site-packages/airflow/example_dags/tutorial_taskflow_api_virtualenv.py
[2025-11-19T02:50:29.609+0000] {processor.py:840} INFO - DAG(s) 'tutorial_taskflow_api_virtualenv' retrieved from /home/airflow/.local/lib/python3.8/site-packages/airflow/example_dags/tutorial_taskflow_api_virtualenv.py
[2025-11-19T02:50:29.628+0000] {logging_mixin.py:188} INFO - [2025-11-19T02:50:29.627+0000] {dag.py:3036} INFO - Sync 1 DAGs
[2025-11-19T02:50:29.639+0000] {logging_mixin.py:188} INFO - [2025-11-19T02:50:29.639+0000] {dag.py:3823} INFO - Setting next_dagrun for tutorial_taskflow_api_virtualenv to None, run_after=None
[2025-11-19T02:50:29.659+0000] {processor.py:183} INFO - Processing /home/airflow/.local/lib/python3.8/site-packages/airflow/example_dags/tutorial_taskflow_api_virtualenv.py took 0.065 seconds
[2025-11-19T02:50:59.708+0000] {processor.py:161} INFO - Started process (PID=657) to work on /home/airflow/.local/lib/python3.8/site-packages/airflow/example_dags/tutorial_taskflow_api_virtualenv.py
[2025-11-19T02:50:59.709+0000] {processor.py:830} INFO - Processing file /home/airflow/.local/lib/python3.8/site-packages/airflow/example_dags/tutorial_taskflow_api_virtualenv.py for tasks to queue
[2025-11-19T02:50:59.711+0000] {logging_mixin.py:188} INFO - [2025-11-19T02:50:59.711+0000] {dagbag.py:538} INFO - Filling up the DagBag from /home/airflow/.local/lib/python3.8/site-packages/airflow/example_dags/tutorial_taskflow_api_virtualenv.py
[2025-11-19T02:50:59.720+0000] {processor.py:840} INFO - DAG(s) 'tutorial_taskflow_api_virtualenv' retrieved from /home/airflow/.local/lib/python3.8/site-packages/airflow/example_dags/tutorial_taskflow_api_virtualenv.py
[2025-11-19T02:50:59.739+0000] {logging_mixin.py:188} INFO - [2025-11-19T02:50:59.739+0000] {dag.py:3036} INFO - Sync 1 DAGs
[2025-11-19T02:50:59.749+0000] {logging_mixin.py:188} INFO - [2025-11-19T02:50:59.748+0000] {dag.py:3823} INFO - Setting next_dagrun for tutorial_taskflow_api_virtualenv to None, run_after=None
[2025-11-19T02:50:59.768+0000] {processor.py:183} INFO - Processing /home/airflow/.local/lib/python3.8/site-packages/airflow/example_dags/tutorial_taskflow_api_virtualenv.py took 0.063 seconds
