[2025-11-18T04:40:23.817+0000] {processor.py:161} INFO - Started process (PID=36) to work on /opt/airflow/dags/master_pipeline.py
[2025-11-18T04:40:23.819+0000] {processor.py:830} INFO - Processing file /opt/airflow/dags/master_pipeline.py for tasks to queue
[2025-11-18T04:40:23.821+0000] {logging_mixin.py:188} INFO - [2025-11-18T04:40:23.821+0000] {dagbag.py:538} INFO - Filling up the DagBag from /opt/airflow/dags/master_pipeline.py
[2025-11-18T04:40:23.976+0000] {processor.py:840} INFO - DAG(s) 'master_tiki_lazada_pipeline' retrieved from /opt/airflow/dags/master_pipeline.py
[2025-11-18T04:40:24.231+0000] {logging_mixin.py:188} INFO - [2025-11-18T04:40:24.230+0000] {override.py:1769} INFO - Created Permission View: can read on DAG:master_tiki_lazada_pipeline
[2025-11-18T04:40:24.254+0000] {logging_mixin.py:188} INFO - [2025-11-18T04:40:24.254+0000] {override.py:1769} INFO - Created Permission View: can edit on DAG:master_tiki_lazada_pipeline
[2025-11-18T04:40:24.274+0000] {logging_mixin.py:188} INFO - [2025-11-18T04:40:24.273+0000] {override.py:1769} INFO - Created Permission View: can delete on DAG:master_tiki_lazada_pipeline
[2025-11-18T04:40:24.275+0000] {logging_mixin.py:188} INFO - [2025-11-18T04:40:24.275+0000] {dag.py:3036} INFO - Sync 1 DAGs
[2025-11-18T04:40:24.298+0000] {logging_mixin.py:188} INFO - [2025-11-18T04:40:24.297+0000] {dag.py:3058} INFO - Creating ORM DAG for master_tiki_lazada_pipeline
[2025-11-18T04:40:24.320+0000] {logging_mixin.py:188} INFO - [2025-11-18T04:40:24.319+0000] {dag.py:3823} INFO - Setting next_dagrun for master_tiki_lazada_pipeline to 2025-11-17 00:00:00+00:00, run_after=2025-11-18 00:00:00+00:00
[2025-11-18T04:40:24.364+0000] {processor.py:183} INFO - Processing /opt/airflow/dags/master_pipeline.py took 0.554 seconds
[2025-11-18T04:40:54.718+0000] {processor.py:161} INFO - Started process (PID=45) to work on /opt/airflow/dags/master_pipeline.py
[2025-11-18T04:40:54.719+0000] {processor.py:830} INFO - Processing file /opt/airflow/dags/master_pipeline.py for tasks to queue
[2025-11-18T04:40:54.721+0000] {logging_mixin.py:188} INFO - [2025-11-18T04:40:54.721+0000] {dagbag.py:538} INFO - Filling up the DagBag from /opt/airflow/dags/master_pipeline.py
[2025-11-18T04:40:54.788+0000] {processor.py:840} INFO - DAG(s) 'master_tiki_lazada_pipeline' retrieved from /opt/airflow/dags/master_pipeline.py
[2025-11-18T04:40:54.832+0000] {logging_mixin.py:188} INFO - [2025-11-18T04:40:54.831+0000] {dag.py:3036} INFO - Sync 1 DAGs
[2025-11-18T04:40:54.848+0000] {logging_mixin.py:188} INFO - [2025-11-18T04:40:54.848+0000] {dag.py:3823} INFO - Setting next_dagrun for master_tiki_lazada_pipeline to 2025-11-17 00:00:00+00:00, run_after=2025-11-18 00:00:00+00:00
[2025-11-18T04:40:54.863+0000] {processor.py:183} INFO - Processing /opt/airflow/dags/master_pipeline.py took 0.148 seconds
[2025-11-18T04:41:25.243+0000] {processor.py:161} INFO - Started process (PID=55) to work on /opt/airflow/dags/master_pipeline.py
[2025-11-18T04:41:25.244+0000] {processor.py:830} INFO - Processing file /opt/airflow/dags/master_pipeline.py for tasks to queue
[2025-11-18T04:41:25.245+0000] {logging_mixin.py:188} INFO - [2025-11-18T04:41:25.245+0000] {dagbag.py:538} INFO - Filling up the DagBag from /opt/airflow/dags/master_pipeline.py
[2025-11-18T04:41:25.309+0000] {processor.py:840} INFO - DAG(s) 'master_tiki_lazada_pipeline' retrieved from /opt/airflow/dags/master_pipeline.py
[2025-11-18T04:41:25.349+0000] {logging_mixin.py:188} INFO - [2025-11-18T04:41:25.349+0000] {dag.py:3036} INFO - Sync 1 DAGs
[2025-11-18T04:41:25.366+0000] {logging_mixin.py:188} INFO - [2025-11-18T04:41:25.366+0000] {dag.py:3823} INFO - Setting next_dagrun for master_tiki_lazada_pipeline to 2025-11-17 00:00:00+00:00, run_after=2025-11-18 00:00:00+00:00
[2025-11-18T04:41:25.386+0000] {processor.py:183} INFO - Processing /opt/airflow/dags/master_pipeline.py took 0.147 seconds
[2025-11-18T04:41:55.820+0000] {processor.py:161} INFO - Started process (PID=65) to work on /opt/airflow/dags/master_pipeline.py
[2025-11-18T04:41:55.821+0000] {processor.py:830} INFO - Processing file /opt/airflow/dags/master_pipeline.py for tasks to queue
[2025-11-18T04:41:55.823+0000] {logging_mixin.py:188} INFO - [2025-11-18T04:41:55.822+0000] {dagbag.py:538} INFO - Filling up the DagBag from /opt/airflow/dags/master_pipeline.py
[2025-11-18T04:41:55.890+0000] {processor.py:840} INFO - DAG(s) 'master_tiki_lazada_pipeline' retrieved from /opt/airflow/dags/master_pipeline.py
[2025-11-18T04:41:55.930+0000] {logging_mixin.py:188} INFO - [2025-11-18T04:41:55.930+0000] {dag.py:3036} INFO - Sync 1 DAGs
[2025-11-18T04:41:55.946+0000] {logging_mixin.py:188} INFO - [2025-11-18T04:41:55.946+0000] {dag.py:3823} INFO - Setting next_dagrun for master_tiki_lazada_pipeline to 2025-11-17 00:00:00+00:00, run_after=2025-11-18 00:00:00+00:00
[2025-11-18T04:41:55.965+0000] {processor.py:183} INFO - Processing /opt/airflow/dags/master_pipeline.py took 0.149 seconds
[2025-11-18T04:42:26.452+0000] {processor.py:161} INFO - Started process (PID=75) to work on /opt/airflow/dags/master_pipeline.py
[2025-11-18T04:42:26.454+0000] {processor.py:830} INFO - Processing file /opt/airflow/dags/master_pipeline.py for tasks to queue
[2025-11-18T04:42:26.456+0000] {logging_mixin.py:188} INFO - [2025-11-18T04:42:26.456+0000] {dagbag.py:538} INFO - Filling up the DagBag from /opt/airflow/dags/master_pipeline.py
[2025-11-18T04:42:26.550+0000] {processor.py:840} INFO - DAG(s) 'master_tiki_lazada_pipeline' retrieved from /opt/airflow/dags/master_pipeline.py
[2025-11-18T04:42:26.600+0000] {logging_mixin.py:188} INFO - [2025-11-18T04:42:26.600+0000] {dag.py:3036} INFO - Sync 1 DAGs
[2025-11-18T04:42:26.620+0000] {logging_mixin.py:188} INFO - [2025-11-18T04:42:26.620+0000] {dag.py:3823} INFO - Setting next_dagrun for master_tiki_lazada_pipeline to 2025-11-17 00:00:00+00:00, run_after=2025-11-18 00:00:00+00:00
[2025-11-18T04:42:26.640+0000] {processor.py:183} INFO - Processing /opt/airflow/dags/master_pipeline.py took 0.191 seconds
[2025-11-18T04:42:57.040+0000] {processor.py:161} INFO - Started process (PID=85) to work on /opt/airflow/dags/master_pipeline.py
[2025-11-18T04:42:57.041+0000] {processor.py:830} INFO - Processing file /opt/airflow/dags/master_pipeline.py for tasks to queue
[2025-11-18T04:42:57.042+0000] {logging_mixin.py:188} INFO - [2025-11-18T04:42:57.042+0000] {dagbag.py:538} INFO - Filling up the DagBag from /opt/airflow/dags/master_pipeline.py
[2025-11-18T04:42:57.109+0000] {processor.py:840} INFO - DAG(s) 'master_tiki_lazada_pipeline' retrieved from /opt/airflow/dags/master_pipeline.py
[2025-11-18T04:42:57.153+0000] {logging_mixin.py:188} INFO - [2025-11-18T04:42:57.153+0000] {dag.py:3036} INFO - Sync 1 DAGs
[2025-11-18T04:42:57.171+0000] {logging_mixin.py:188} INFO - [2025-11-18T04:42:57.171+0000] {dag.py:3823} INFO - Setting next_dagrun for master_tiki_lazada_pipeline to 2025-11-17 00:00:00+00:00, run_after=2025-11-18 00:00:00+00:00
[2025-11-18T04:42:57.187+0000] {processor.py:183} INFO - Processing /opt/airflow/dags/master_pipeline.py took 0.151 seconds
[2025-11-18T04:43:27.565+0000] {processor.py:161} INFO - Started process (PID=95) to work on /opt/airflow/dags/master_pipeline.py
[2025-11-18T04:43:27.566+0000] {processor.py:830} INFO - Processing file /opt/airflow/dags/master_pipeline.py for tasks to queue
[2025-11-18T04:43:27.568+0000] {logging_mixin.py:188} INFO - [2025-11-18T04:43:27.567+0000] {dagbag.py:538} INFO - Filling up the DagBag from /opt/airflow/dags/master_pipeline.py
[2025-11-18T04:43:27.645+0000] {processor.py:840} INFO - DAG(s) 'master_tiki_lazada_pipeline' retrieved from /opt/airflow/dags/master_pipeline.py
[2025-11-18T04:43:27.683+0000] {logging_mixin.py:188} INFO - [2025-11-18T04:43:27.683+0000] {dag.py:3036} INFO - Sync 1 DAGs
[2025-11-18T04:43:27.701+0000] {logging_mixin.py:188} INFO - [2025-11-18T04:43:27.701+0000] {dag.py:3823} INFO - Setting next_dagrun for master_tiki_lazada_pipeline to 2025-11-17 00:00:00+00:00, run_after=2025-11-18 00:00:00+00:00
[2025-11-18T04:43:27.719+0000] {processor.py:183} INFO - Processing /opt/airflow/dags/master_pipeline.py took 0.158 seconds
[2025-11-18T04:43:58.138+0000] {processor.py:161} INFO - Started process (PID=105) to work on /opt/airflow/dags/master_pipeline.py
[2025-11-18T04:43:58.139+0000] {processor.py:830} INFO - Processing file /opt/airflow/dags/master_pipeline.py for tasks to queue
[2025-11-18T04:43:58.141+0000] {logging_mixin.py:188} INFO - [2025-11-18T04:43:58.141+0000] {dagbag.py:538} INFO - Filling up the DagBag from /opt/airflow/dags/master_pipeline.py
[2025-11-18T04:43:58.213+0000] {processor.py:840} INFO - DAG(s) 'master_tiki_lazada_pipeline' retrieved from /opt/airflow/dags/master_pipeline.py
[2025-11-18T04:43:58.259+0000] {logging_mixin.py:188} INFO - [2025-11-18T04:43:58.259+0000] {dag.py:3036} INFO - Sync 1 DAGs
[2025-11-18T04:43:58.275+0000] {logging_mixin.py:188} INFO - [2025-11-18T04:43:58.275+0000] {dag.py:3823} INFO - Setting next_dagrun for master_tiki_lazada_pipeline to 2025-11-17 00:00:00+00:00, run_after=2025-11-18 00:00:00+00:00
[2025-11-18T04:43:58.294+0000] {processor.py:183} INFO - Processing /opt/airflow/dags/master_pipeline.py took 0.160 seconds
[2025-11-18T04:44:28.692+0000] {processor.py:161} INFO - Started process (PID=115) to work on /opt/airflow/dags/master_pipeline.py
[2025-11-18T04:44:28.693+0000] {processor.py:830} INFO - Processing file /opt/airflow/dags/master_pipeline.py for tasks to queue
[2025-11-18T04:44:28.695+0000] {logging_mixin.py:188} INFO - [2025-11-18T04:44:28.695+0000] {dagbag.py:538} INFO - Filling up the DagBag from /opt/airflow/dags/master_pipeline.py
[2025-11-18T04:44:28.761+0000] {processor.py:840} INFO - DAG(s) 'master_tiki_lazada_pipeline' retrieved from /opt/airflow/dags/master_pipeline.py
[2025-11-18T04:44:28.804+0000] {logging_mixin.py:188} INFO - [2025-11-18T04:44:28.804+0000] {dag.py:3036} INFO - Sync 1 DAGs
[2025-11-18T04:44:28.821+0000] {logging_mixin.py:188} INFO - [2025-11-18T04:44:28.821+0000] {dag.py:3823} INFO - Setting next_dagrun for master_tiki_lazada_pipeline to 2025-11-17 00:00:00+00:00, run_after=2025-11-18 00:00:00+00:00
[2025-11-18T04:44:28.839+0000] {processor.py:183} INFO - Processing /opt/airflow/dags/master_pipeline.py took 0.150 seconds
[2025-11-18T04:44:59.219+0000] {processor.py:161} INFO - Started process (PID=125) to work on /opt/airflow/dags/master_pipeline.py
[2025-11-18T04:44:59.220+0000] {processor.py:830} INFO - Processing file /opt/airflow/dags/master_pipeline.py for tasks to queue
[2025-11-18T04:44:59.222+0000] {logging_mixin.py:188} INFO - [2025-11-18T04:44:59.222+0000] {dagbag.py:538} INFO - Filling up the DagBag from /opt/airflow/dags/master_pipeline.py
[2025-11-18T04:44:59.288+0000] {processor.py:840} INFO - DAG(s) 'master_tiki_lazada_pipeline' retrieved from /opt/airflow/dags/master_pipeline.py
[2025-11-18T04:44:59.337+0000] {logging_mixin.py:188} INFO - [2025-11-18T04:44:59.337+0000] {dag.py:3036} INFO - Sync 1 DAGs
[2025-11-18T04:44:59.353+0000] {logging_mixin.py:188} INFO - [2025-11-18T04:44:59.353+0000] {dag.py:3823} INFO - Setting next_dagrun for master_tiki_lazada_pipeline to 2025-11-17 00:00:00+00:00, run_after=2025-11-18 00:00:00+00:00
[2025-11-18T04:44:59.371+0000] {processor.py:183} INFO - Processing /opt/airflow/dags/master_pipeline.py took 0.155 seconds
[2025-11-18T04:45:29.810+0000] {processor.py:161} INFO - Started process (PID=135) to work on /opt/airflow/dags/master_pipeline.py
[2025-11-18T04:45:29.811+0000] {processor.py:830} INFO - Processing file /opt/airflow/dags/master_pipeline.py for tasks to queue
[2025-11-18T04:45:29.813+0000] {logging_mixin.py:188} INFO - [2025-11-18T04:45:29.812+0000] {dagbag.py:538} INFO - Filling up the DagBag from /opt/airflow/dags/master_pipeline.py
[2025-11-18T04:45:29.896+0000] {processor.py:840} INFO - DAG(s) 'master_tiki_lazada_pipeline' retrieved from /opt/airflow/dags/master_pipeline.py
[2025-11-18T04:45:29.943+0000] {logging_mixin.py:188} INFO - [2025-11-18T04:45:29.943+0000] {dag.py:3036} INFO - Sync 1 DAGs
[2025-11-18T04:45:29.967+0000] {logging_mixin.py:188} INFO - [2025-11-18T04:45:29.966+0000] {dag.py:3823} INFO - Setting next_dagrun for master_tiki_lazada_pipeline to 2025-11-17 00:00:00+00:00, run_after=2025-11-18 00:00:00+00:00
[2025-11-18T04:45:29.984+0000] {processor.py:183} INFO - Processing /opt/airflow/dags/master_pipeline.py took 0.177 seconds
[2025-11-18T04:46:00.374+0000] {processor.py:161} INFO - Started process (PID=145) to work on /opt/airflow/dags/master_pipeline.py
[2025-11-18T04:46:00.375+0000] {processor.py:830} INFO - Processing file /opt/airflow/dags/master_pipeline.py for tasks to queue
[2025-11-18T04:46:00.377+0000] {logging_mixin.py:188} INFO - [2025-11-18T04:46:00.377+0000] {dagbag.py:538} INFO - Filling up the DagBag from /opt/airflow/dags/master_pipeline.py
[2025-11-18T04:46:00.444+0000] {processor.py:840} INFO - DAG(s) 'master_tiki_lazada_pipeline' retrieved from /opt/airflow/dags/master_pipeline.py
[2025-11-18T04:46:00.484+0000] {logging_mixin.py:188} INFO - [2025-11-18T04:46:00.484+0000] {dag.py:3036} INFO - Sync 1 DAGs
[2025-11-18T04:46:00.501+0000] {logging_mixin.py:188} INFO - [2025-11-18T04:46:00.501+0000] {dag.py:3823} INFO - Setting next_dagrun for master_tiki_lazada_pipeline to 2025-11-17 00:00:00+00:00, run_after=2025-11-18 00:00:00+00:00
[2025-11-18T04:46:00.521+0000] {processor.py:183} INFO - Processing /opt/airflow/dags/master_pipeline.py took 0.150 seconds
[2025-11-18T04:46:30.899+0000] {processor.py:161} INFO - Started process (PID=155) to work on /opt/airflow/dags/master_pipeline.py
[2025-11-18T04:46:30.900+0000] {processor.py:830} INFO - Processing file /opt/airflow/dags/master_pipeline.py for tasks to queue
[2025-11-18T04:46:30.902+0000] {logging_mixin.py:188} INFO - [2025-11-18T04:46:30.901+0000] {dagbag.py:538} INFO - Filling up the DagBag from /opt/airflow/dags/master_pipeline.py
[2025-11-18T04:46:30.973+0000] {processor.py:840} INFO - DAG(s) 'master_tiki_lazada_pipeline' retrieved from /opt/airflow/dags/master_pipeline.py
[2025-11-18T04:46:31.013+0000] {logging_mixin.py:188} INFO - [2025-11-18T04:46:31.013+0000] {dag.py:3036} INFO - Sync 1 DAGs
[2025-11-18T04:46:31.032+0000] {logging_mixin.py:188} INFO - [2025-11-18T04:46:31.032+0000] {dag.py:3823} INFO - Setting next_dagrun for master_tiki_lazada_pipeline to 2025-11-17 00:00:00+00:00, run_after=2025-11-18 00:00:00+00:00
[2025-11-18T04:46:31.051+0000] {processor.py:183} INFO - Processing /opt/airflow/dags/master_pipeline.py took 0.155 seconds
[2025-11-18T04:47:01.529+0000] {processor.py:161} INFO - Started process (PID=165) to work on /opt/airflow/dags/master_pipeline.py
[2025-11-18T04:47:01.531+0000] {processor.py:830} INFO - Processing file /opt/airflow/dags/master_pipeline.py for tasks to queue
[2025-11-18T04:47:01.532+0000] {logging_mixin.py:188} INFO - [2025-11-18T04:47:01.532+0000] {dagbag.py:538} INFO - Filling up the DagBag from /opt/airflow/dags/master_pipeline.py
[2025-11-18T04:47:01.607+0000] {processor.py:840} INFO - DAG(s) 'master_tiki_lazada_pipeline' retrieved from /opt/airflow/dags/master_pipeline.py
[2025-11-18T04:47:01.661+0000] {logging_mixin.py:188} INFO - [2025-11-18T04:47:01.661+0000] {dag.py:3036} INFO - Sync 1 DAGs
[2025-11-18T04:47:01.682+0000] {logging_mixin.py:188} INFO - [2025-11-18T04:47:01.682+0000] {dag.py:3823} INFO - Setting next_dagrun for master_tiki_lazada_pipeline to 2025-11-17 00:00:00+00:00, run_after=2025-11-18 00:00:00+00:00
[2025-11-18T04:47:01.704+0000] {processor.py:183} INFO - Processing /opt/airflow/dags/master_pipeline.py took 0.178 seconds
[2025-11-18T04:47:32.092+0000] {processor.py:161} INFO - Started process (PID=175) to work on /opt/airflow/dags/master_pipeline.py
[2025-11-18T04:47:32.093+0000] {processor.py:830} INFO - Processing file /opt/airflow/dags/master_pipeline.py for tasks to queue
[2025-11-18T04:47:32.095+0000] {logging_mixin.py:188} INFO - [2025-11-18T04:47:32.095+0000] {dagbag.py:538} INFO - Filling up the DagBag from /opt/airflow/dags/master_pipeline.py
[2025-11-18T04:47:32.170+0000] {processor.py:840} INFO - DAG(s) 'master_tiki_lazada_pipeline' retrieved from /opt/airflow/dags/master_pipeline.py
[2025-11-18T04:47:32.214+0000] {logging_mixin.py:188} INFO - [2025-11-18T04:47:32.214+0000] {dag.py:3036} INFO - Sync 1 DAGs
[2025-11-18T04:47:32.234+0000] {logging_mixin.py:188} INFO - [2025-11-18T04:47:32.234+0000] {dag.py:3823} INFO - Setting next_dagrun for master_tiki_lazada_pipeline to 2025-11-17 00:00:00+00:00, run_after=2025-11-18 00:00:00+00:00
[2025-11-18T04:47:32.258+0000] {processor.py:183} INFO - Processing /opt/airflow/dags/master_pipeline.py took 0.169 seconds
[2025-11-18T04:48:02.624+0000] {processor.py:161} INFO - Started process (PID=184) to work on /opt/airflow/dags/master_pipeline.py
[2025-11-18T04:48:02.625+0000] {processor.py:830} INFO - Processing file /opt/airflow/dags/master_pipeline.py for tasks to queue
[2025-11-18T04:48:02.626+0000] {logging_mixin.py:188} INFO - [2025-11-18T04:48:02.626+0000] {dagbag.py:538} INFO - Filling up the DagBag from /opt/airflow/dags/master_pipeline.py
[2025-11-18T04:48:02.700+0000] {processor.py:840} INFO - DAG(s) 'master_tiki_lazada_pipeline' retrieved from /opt/airflow/dags/master_pipeline.py
[2025-11-18T04:48:02.740+0000] {logging_mixin.py:188} INFO - [2025-11-18T04:48:02.740+0000] {dag.py:3036} INFO - Sync 1 DAGs
[2025-11-18T04:48:02.758+0000] {logging_mixin.py:188} INFO - [2025-11-18T04:48:02.758+0000] {dag.py:3823} INFO - Setting next_dagrun for master_tiki_lazada_pipeline to 2025-11-17 00:00:00+00:00, run_after=2025-11-18 00:00:00+00:00
[2025-11-18T04:48:02.778+0000] {processor.py:183} INFO - Processing /opt/airflow/dags/master_pipeline.py took 0.158 seconds
[2025-11-18T04:48:33.190+0000] {processor.py:161} INFO - Started process (PID=188) to work on /opt/airflow/dags/master_pipeline.py
[2025-11-18T04:48:33.191+0000] {processor.py:830} INFO - Processing file /opt/airflow/dags/master_pipeline.py for tasks to queue
[2025-11-18T04:48:33.193+0000] {logging_mixin.py:188} INFO - [2025-11-18T04:48:33.193+0000] {dagbag.py:538} INFO - Filling up the DagBag from /opt/airflow/dags/master_pipeline.py
[2025-11-18T04:48:33.274+0000] {processor.py:840} INFO - DAG(s) 'master_tiki_lazada_pipeline' retrieved from /opt/airflow/dags/master_pipeline.py
[2025-11-18T04:48:33.319+0000] {logging_mixin.py:188} INFO - [2025-11-18T04:48:33.319+0000] {dag.py:3036} INFO - Sync 1 DAGs
[2025-11-18T04:48:33.337+0000] {logging_mixin.py:188} INFO - [2025-11-18T04:48:33.336+0000] {dag.py:3823} INFO - Setting next_dagrun for master_tiki_lazada_pipeline to 2025-11-17 00:00:00+00:00, run_after=2025-11-18 00:00:00+00:00
[2025-11-18T04:48:33.358+0000] {processor.py:183} INFO - Processing /opt/airflow/dags/master_pipeline.py took 0.172 seconds
[2025-11-18T04:49:03.719+0000] {processor.py:161} INFO - Started process (PID=198) to work on /opt/airflow/dags/master_pipeline.py
[2025-11-18T04:49:03.720+0000] {processor.py:830} INFO - Processing file /opt/airflow/dags/master_pipeline.py for tasks to queue
[2025-11-18T04:49:03.722+0000] {logging_mixin.py:188} INFO - [2025-11-18T04:49:03.722+0000] {dagbag.py:538} INFO - Filling up the DagBag from /opt/airflow/dags/master_pipeline.py
[2025-11-18T04:49:03.787+0000] {processor.py:840} INFO - DAG(s) 'master_tiki_lazada_pipeline' retrieved from /opt/airflow/dags/master_pipeline.py
[2025-11-18T04:49:03.829+0000] {logging_mixin.py:188} INFO - [2025-11-18T04:49:03.829+0000] {dag.py:3036} INFO - Sync 1 DAGs
[2025-11-18T04:49:03.846+0000] {logging_mixin.py:188} INFO - [2025-11-18T04:49:03.846+0000] {dag.py:3823} INFO - Setting next_dagrun for master_tiki_lazada_pipeline to 2025-11-17 00:00:00+00:00, run_after=2025-11-18 00:00:00+00:00
[2025-11-18T04:49:03.864+0000] {processor.py:183} INFO - Processing /opt/airflow/dags/master_pipeline.py took 0.148 seconds
[2025-11-18T04:49:34.239+0000] {processor.py:161} INFO - Started process (PID=208) to work on /opt/airflow/dags/master_pipeline.py
[2025-11-18T04:49:34.240+0000] {processor.py:830} INFO - Processing file /opt/airflow/dags/master_pipeline.py for tasks to queue
[2025-11-18T04:49:34.241+0000] {logging_mixin.py:188} INFO - [2025-11-18T04:49:34.241+0000] {dagbag.py:538} INFO - Filling up the DagBag from /opt/airflow/dags/master_pipeline.py
[2025-11-18T04:49:34.305+0000] {processor.py:840} INFO - DAG(s) 'master_tiki_lazada_pipeline' retrieved from /opt/airflow/dags/master_pipeline.py
[2025-11-18T04:49:34.351+0000] {logging_mixin.py:188} INFO - [2025-11-18T04:49:34.351+0000] {dag.py:3036} INFO - Sync 1 DAGs
[2025-11-18T04:49:34.368+0000] {logging_mixin.py:188} INFO - [2025-11-18T04:49:34.368+0000] {dag.py:3823} INFO - Setting next_dagrun for master_tiki_lazada_pipeline to 2025-11-17 00:00:00+00:00, run_after=2025-11-18 00:00:00+00:00
[2025-11-18T04:49:34.391+0000] {processor.py:183} INFO - Processing /opt/airflow/dags/master_pipeline.py took 0.155 seconds
[2025-11-18T04:50:04.801+0000] {processor.py:161} INFO - Started process (PID=218) to work on /opt/airflow/dags/master_pipeline.py
[2025-11-18T04:50:04.802+0000] {processor.py:830} INFO - Processing file /opt/airflow/dags/master_pipeline.py for tasks to queue
[2025-11-18T04:50:04.804+0000] {logging_mixin.py:188} INFO - [2025-11-18T04:50:04.803+0000] {dagbag.py:538} INFO - Filling up the DagBag from /opt/airflow/dags/master_pipeline.py
[2025-11-18T04:50:04.865+0000] {processor.py:840} INFO - DAG(s) 'master_tiki_lazada_pipeline' retrieved from /opt/airflow/dags/master_pipeline.py
[2025-11-18T04:50:04.908+0000] {logging_mixin.py:188} INFO - [2025-11-18T04:50:04.908+0000] {dag.py:3036} INFO - Sync 1 DAGs
[2025-11-18T04:50:04.924+0000] {logging_mixin.py:188} INFO - [2025-11-18T04:50:04.924+0000] {dag.py:3823} INFO - Setting next_dagrun for master_tiki_lazada_pipeline to 2025-11-17 00:00:00+00:00, run_after=2025-11-18 00:00:00+00:00
[2025-11-18T04:50:04.943+0000] {processor.py:183} INFO - Processing /opt/airflow/dags/master_pipeline.py took 0.145 seconds
[2025-11-18T04:50:35.420+0000] {processor.py:161} INFO - Started process (PID=228) to work on /opt/airflow/dags/master_pipeline.py
[2025-11-18T04:50:35.422+0000] {processor.py:830} INFO - Processing file /opt/airflow/dags/master_pipeline.py for tasks to queue
[2025-11-18T04:50:35.424+0000] {logging_mixin.py:188} INFO - [2025-11-18T04:50:35.423+0000] {dagbag.py:538} INFO - Filling up the DagBag from /opt/airflow/dags/master_pipeline.py
[2025-11-18T04:50:35.489+0000] {processor.py:840} INFO - DAG(s) 'master_tiki_lazada_pipeline' retrieved from /opt/airflow/dags/master_pipeline.py
[2025-11-18T04:50:35.533+0000] {logging_mixin.py:188} INFO - [2025-11-18T04:50:35.533+0000] {dag.py:3036} INFO - Sync 1 DAGs
[2025-11-18T04:50:35.549+0000] {logging_mixin.py:188} INFO - [2025-11-18T04:50:35.549+0000] {dag.py:3823} INFO - Setting next_dagrun for master_tiki_lazada_pipeline to 2025-11-17 00:00:00+00:00, run_after=2025-11-18 00:00:00+00:00
[2025-11-18T04:50:35.569+0000] {processor.py:183} INFO - Processing /opt/airflow/dags/master_pipeline.py took 0.152 seconds
[2025-11-18T04:51:06.016+0000] {processor.py:161} INFO - Started process (PID=238) to work on /opt/airflow/dags/master_pipeline.py
[2025-11-18T04:51:06.017+0000] {processor.py:830} INFO - Processing file /opt/airflow/dags/master_pipeline.py for tasks to queue
[2025-11-18T04:51:06.019+0000] {logging_mixin.py:188} INFO - [2025-11-18T04:51:06.018+0000] {dagbag.py:538} INFO - Filling up the DagBag from /opt/airflow/dags/master_pipeline.py
[2025-11-18T04:51:06.083+0000] {processor.py:840} INFO - DAG(s) 'master_tiki_lazada_pipeline' retrieved from /opt/airflow/dags/master_pipeline.py
[2025-11-18T04:51:06.128+0000] {logging_mixin.py:188} INFO - [2025-11-18T04:51:06.127+0000] {dag.py:3036} INFO - Sync 1 DAGs
[2025-11-18T04:51:06.143+0000] {logging_mixin.py:188} INFO - [2025-11-18T04:51:06.143+0000] {dag.py:3823} INFO - Setting next_dagrun for master_tiki_lazada_pipeline to 2025-11-17 00:00:00+00:00, run_after=2025-11-18 00:00:00+00:00
[2025-11-18T04:51:06.163+0000] {processor.py:183} INFO - Processing /opt/airflow/dags/master_pipeline.py took 0.150 seconds
[2025-11-18T04:51:36.589+0000] {processor.py:161} INFO - Started process (PID=248) to work on /opt/airflow/dags/master_pipeline.py
[2025-11-18T04:51:36.590+0000] {processor.py:830} INFO - Processing file /opt/airflow/dags/master_pipeline.py for tasks to queue
[2025-11-18T04:51:36.592+0000] {logging_mixin.py:188} INFO - [2025-11-18T04:51:36.591+0000] {dagbag.py:538} INFO - Filling up the DagBag from /opt/airflow/dags/master_pipeline.py
[2025-11-18T04:51:36.660+0000] {processor.py:840} INFO - DAG(s) 'master_tiki_lazada_pipeline' retrieved from /opt/airflow/dags/master_pipeline.py
[2025-11-18T04:51:36.702+0000] {logging_mixin.py:188} INFO - [2025-11-18T04:51:36.701+0000] {dag.py:3036} INFO - Sync 1 DAGs
[2025-11-18T04:51:36.720+0000] {logging_mixin.py:188} INFO - [2025-11-18T04:51:36.720+0000] {dag.py:3823} INFO - Setting next_dagrun for master_tiki_lazada_pipeline to 2025-11-17 00:00:00+00:00, run_after=2025-11-18 00:00:00+00:00
[2025-11-18T04:51:36.741+0000] {processor.py:183} INFO - Processing /opt/airflow/dags/master_pipeline.py took 0.155 seconds
[2025-11-18T04:52:07.104+0000] {processor.py:161} INFO - Started process (PID=258) to work on /opt/airflow/dags/master_pipeline.py
[2025-11-18T04:52:07.105+0000] {processor.py:830} INFO - Processing file /opt/airflow/dags/master_pipeline.py for tasks to queue
[2025-11-18T04:52:07.107+0000] {logging_mixin.py:188} INFO - [2025-11-18T04:52:07.106+0000] {dagbag.py:538} INFO - Filling up the DagBag from /opt/airflow/dags/master_pipeline.py
[2025-11-18T04:52:07.176+0000] {processor.py:840} INFO - DAG(s) 'master_tiki_lazada_pipeline' retrieved from /opt/airflow/dags/master_pipeline.py
[2025-11-18T04:52:07.223+0000] {logging_mixin.py:188} INFO - [2025-11-18T04:52:07.223+0000] {dag.py:3036} INFO - Sync 1 DAGs
[2025-11-18T04:52:07.240+0000] {logging_mixin.py:188} INFO - [2025-11-18T04:52:07.240+0000] {dag.py:3823} INFO - Setting next_dagrun for master_tiki_lazada_pipeline to 2025-11-17 00:00:00+00:00, run_after=2025-11-18 00:00:00+00:00
[2025-11-18T04:52:07.261+0000] {processor.py:183} INFO - Processing /opt/airflow/dags/master_pipeline.py took 0.160 seconds
[2025-11-18T04:52:37.677+0000] {processor.py:161} INFO - Started process (PID=268) to work on /opt/airflow/dags/master_pipeline.py
[2025-11-18T04:52:37.678+0000] {processor.py:830} INFO - Processing file /opt/airflow/dags/master_pipeline.py for tasks to queue
[2025-11-18T04:52:37.680+0000] {logging_mixin.py:188} INFO - [2025-11-18T04:52:37.679+0000] {dagbag.py:538} INFO - Filling up the DagBag from /opt/airflow/dags/master_pipeline.py
[2025-11-18T04:52:37.746+0000] {processor.py:840} INFO - DAG(s) 'master_tiki_lazada_pipeline' retrieved from /opt/airflow/dags/master_pipeline.py
[2025-11-18T04:52:37.794+0000] {logging_mixin.py:188} INFO - [2025-11-18T04:52:37.793+0000] {dag.py:3036} INFO - Sync 1 DAGs
[2025-11-18T04:52:37.810+0000] {logging_mixin.py:188} INFO - [2025-11-18T04:52:37.810+0000] {dag.py:3823} INFO - Setting next_dagrun for master_tiki_lazada_pipeline to 2025-11-17 00:00:00+00:00, run_after=2025-11-18 00:00:00+00:00
[2025-11-18T04:52:37.833+0000] {processor.py:183} INFO - Processing /opt/airflow/dags/master_pipeline.py took 0.159 seconds
[2025-11-18T04:53:08.229+0000] {processor.py:161} INFO - Started process (PID=278) to work on /opt/airflow/dags/master_pipeline.py
[2025-11-18T04:53:08.231+0000] {processor.py:830} INFO - Processing file /opt/airflow/dags/master_pipeline.py for tasks to queue
[2025-11-18T04:53:08.232+0000] {logging_mixin.py:188} INFO - [2025-11-18T04:53:08.232+0000] {dagbag.py:538} INFO - Filling up the DagBag from /opt/airflow/dags/master_pipeline.py
[2025-11-18T04:53:08.295+0000] {processor.py:840} INFO - DAG(s) 'master_tiki_lazada_pipeline' retrieved from /opt/airflow/dags/master_pipeline.py
[2025-11-18T04:53:08.341+0000] {logging_mixin.py:188} INFO - [2025-11-18T04:53:08.341+0000] {dag.py:3036} INFO - Sync 1 DAGs
[2025-11-18T04:53:08.356+0000] {logging_mixin.py:188} INFO - [2025-11-18T04:53:08.356+0000] {dag.py:3823} INFO - Setting next_dagrun for master_tiki_lazada_pipeline to 2025-11-17 00:00:00+00:00, run_after=2025-11-18 00:00:00+00:00
[2025-11-18T04:53:08.376+0000] {processor.py:183} INFO - Processing /opt/airflow/dags/master_pipeline.py took 0.150 seconds
[2025-11-18T04:53:38.721+0000] {processor.py:161} INFO - Started process (PID=288) to work on /opt/airflow/dags/master_pipeline.py
[2025-11-18T04:53:38.722+0000] {processor.py:830} INFO - Processing file /opt/airflow/dags/master_pipeline.py for tasks to queue
[2025-11-18T04:53:38.724+0000] {logging_mixin.py:188} INFO - [2025-11-18T04:53:38.724+0000] {dagbag.py:538} INFO - Filling up the DagBag from /opt/airflow/dags/master_pipeline.py
[2025-11-18T04:53:38.789+0000] {processor.py:840} INFO - DAG(s) 'master_tiki_lazada_pipeline' retrieved from /opt/airflow/dags/master_pipeline.py
[2025-11-18T04:53:38.842+0000] {logging_mixin.py:188} INFO - [2025-11-18T04:53:38.841+0000] {dag.py:3036} INFO - Sync 1 DAGs
[2025-11-18T04:53:38.858+0000] {logging_mixin.py:188} INFO - [2025-11-18T04:53:38.857+0000] {dag.py:3823} INFO - Setting next_dagrun for master_tiki_lazada_pipeline to 2025-11-17 00:00:00+00:00, run_after=2025-11-18 00:00:00+00:00
[2025-11-18T04:53:38.876+0000] {processor.py:183} INFO - Processing /opt/airflow/dags/master_pipeline.py took 0.158 seconds
[2025-11-18T04:54:09.249+0000] {processor.py:161} INFO - Started process (PID=298) to work on /opt/airflow/dags/master_pipeline.py
[2025-11-18T04:54:09.250+0000] {processor.py:830} INFO - Processing file /opt/airflow/dags/master_pipeline.py for tasks to queue
[2025-11-18T04:54:09.252+0000] {logging_mixin.py:188} INFO - [2025-11-18T04:54:09.252+0000] {dagbag.py:538} INFO - Filling up the DagBag from /opt/airflow/dags/master_pipeline.py
[2025-11-18T04:54:09.326+0000] {processor.py:840} INFO - DAG(s) 'master_tiki_lazada_pipeline' retrieved from /opt/airflow/dags/master_pipeline.py
[2025-11-18T04:54:09.370+0000] {logging_mixin.py:188} INFO - [2025-11-18T04:54:09.370+0000] {dag.py:3036} INFO - Sync 1 DAGs
[2025-11-18T04:54:09.389+0000] {logging_mixin.py:188} INFO - [2025-11-18T04:54:09.389+0000] {dag.py:3823} INFO - Setting next_dagrun for master_tiki_lazada_pipeline to 2025-11-17 00:00:00+00:00, run_after=2025-11-18 00:00:00+00:00
[2025-11-18T04:54:09.406+0000] {processor.py:183} INFO - Processing /opt/airflow/dags/master_pipeline.py took 0.161 seconds
[2025-11-18T04:54:39.730+0000] {processor.py:161} INFO - Started process (PID=308) to work on /opt/airflow/dags/master_pipeline.py
[2025-11-18T04:54:39.731+0000] {processor.py:830} INFO - Processing file /opt/airflow/dags/master_pipeline.py for tasks to queue
[2025-11-18T04:54:39.733+0000] {logging_mixin.py:188} INFO - [2025-11-18T04:54:39.732+0000] {dagbag.py:538} INFO - Filling up the DagBag from /opt/airflow/dags/master_pipeline.py
[2025-11-18T04:54:39.802+0000] {processor.py:840} INFO - DAG(s) 'master_tiki_lazada_pipeline' retrieved from /opt/airflow/dags/master_pipeline.py
[2025-11-18T04:54:39.844+0000] {logging_mixin.py:188} INFO - [2025-11-18T04:54:39.844+0000] {dag.py:3036} INFO - Sync 1 DAGs
[2025-11-18T04:54:39.861+0000] {logging_mixin.py:188} INFO - [2025-11-18T04:54:39.861+0000] {dag.py:3823} INFO - Setting next_dagrun for master_tiki_lazada_pipeline to 2025-11-17 00:00:00+00:00, run_after=2025-11-18 00:00:00+00:00
[2025-11-18T04:54:39.881+0000] {processor.py:183} INFO - Processing /opt/airflow/dags/master_pipeline.py took 0.154 seconds
[2025-11-18T04:55:10.243+0000] {processor.py:161} INFO - Started process (PID=318) to work on /opt/airflow/dags/master_pipeline.py
[2025-11-18T04:55:10.244+0000] {processor.py:830} INFO - Processing file /opt/airflow/dags/master_pipeline.py for tasks to queue
[2025-11-18T04:55:10.247+0000] {logging_mixin.py:188} INFO - [2025-11-18T04:55:10.246+0000] {dagbag.py:538} INFO - Filling up the DagBag from /opt/airflow/dags/master_pipeline.py
[2025-11-18T04:55:10.333+0000] {processor.py:840} INFO - DAG(s) 'master_tiki_lazada_pipeline' retrieved from /opt/airflow/dags/master_pipeline.py
[2025-11-18T04:55:10.382+0000] {logging_mixin.py:188} INFO - [2025-11-18T04:55:10.382+0000] {dag.py:3036} INFO - Sync 1 DAGs
[2025-11-18T04:55:10.401+0000] {logging_mixin.py:188} INFO - [2025-11-18T04:55:10.401+0000] {dag.py:3823} INFO - Setting next_dagrun for master_tiki_lazada_pipeline to 2025-11-17 00:00:00+00:00, run_after=2025-11-18 00:00:00+00:00
[2025-11-18T04:55:10.421+0000] {processor.py:183} INFO - Processing /opt/airflow/dags/master_pipeline.py took 0.182 seconds
[2025-11-18T04:55:40.886+0000] {processor.py:161} INFO - Started process (PID=328) to work on /opt/airflow/dags/master_pipeline.py
[2025-11-18T04:55:40.887+0000] {processor.py:830} INFO - Processing file /opt/airflow/dags/master_pipeline.py for tasks to queue
[2025-11-18T04:55:40.889+0000] {logging_mixin.py:188} INFO - [2025-11-18T04:55:40.889+0000] {dagbag.py:538} INFO - Filling up the DagBag from /opt/airflow/dags/master_pipeline.py
[2025-11-18T04:55:41.053+0000] {processor.py:840} INFO - DAG(s) 'master_tiki_lazada_pipeline' retrieved from /opt/airflow/dags/master_pipeline.py
[2025-11-18T04:55:41.101+0000] {logging_mixin.py:188} INFO - [2025-11-18T04:55:41.101+0000] {dag.py:3036} INFO - Sync 1 DAGs
[2025-11-18T04:55:41.117+0000] {logging_mixin.py:188} INFO - [2025-11-18T04:55:41.117+0000] {dag.py:3823} INFO - Setting next_dagrun for master_tiki_lazada_pipeline to 2025-11-17 00:00:00+00:00, run_after=2025-11-18 00:00:00+00:00
[2025-11-18T04:55:41.132+0000] {processor.py:183} INFO - Processing /opt/airflow/dags/master_pipeline.py took 0.249 seconds
[2025-11-18T04:56:11.449+0000] {processor.py:161} INFO - Started process (PID=338) to work on /opt/airflow/dags/master_pipeline.py
[2025-11-18T04:56:11.450+0000] {processor.py:830} INFO - Processing file /opt/airflow/dags/master_pipeline.py for tasks to queue
[2025-11-18T04:56:11.453+0000] {logging_mixin.py:188} INFO - [2025-11-18T04:56:11.452+0000] {dagbag.py:538} INFO - Filling up the DagBag from /opt/airflow/dags/master_pipeline.py
[2025-11-18T04:56:11.527+0000] {processor.py:840} INFO - DAG(s) 'master_tiki_lazada_pipeline' retrieved from /opt/airflow/dags/master_pipeline.py
[2025-11-18T04:56:11.574+0000] {logging_mixin.py:188} INFO - [2025-11-18T04:56:11.574+0000] {dag.py:3036} INFO - Sync 1 DAGs
[2025-11-18T04:56:11.591+0000] {logging_mixin.py:188} INFO - [2025-11-18T04:56:11.590+0000] {dag.py:3823} INFO - Setting next_dagrun for master_tiki_lazada_pipeline to 2025-11-17 00:00:00+00:00, run_after=2025-11-18 00:00:00+00:00
[2025-11-18T04:56:11.611+0000] {processor.py:183} INFO - Processing /opt/airflow/dags/master_pipeline.py took 0.166 seconds
[2025-11-18T04:56:42.167+0000] {processor.py:161} INFO - Started process (PID=348) to work on /opt/airflow/dags/master_pipeline.py
[2025-11-18T04:56:42.168+0000] {processor.py:830} INFO - Processing file /opt/airflow/dags/master_pipeline.py for tasks to queue
[2025-11-18T04:56:42.170+0000] {logging_mixin.py:188} INFO - [2025-11-18T04:56:42.170+0000] {dagbag.py:538} INFO - Filling up the DagBag from /opt/airflow/dags/master_pipeline.py
[2025-11-18T04:56:42.235+0000] {processor.py:840} INFO - DAG(s) 'master_tiki_lazada_pipeline' retrieved from /opt/airflow/dags/master_pipeline.py
[2025-11-18T04:56:42.279+0000] {logging_mixin.py:188} INFO - [2025-11-18T04:56:42.279+0000] {dag.py:3036} INFO - Sync 1 DAGs
[2025-11-18T04:56:42.296+0000] {logging_mixin.py:188} INFO - [2025-11-18T04:56:42.295+0000] {dag.py:3823} INFO - Setting next_dagrun for master_tiki_lazada_pipeline to 2025-11-17 00:00:00+00:00, run_after=2025-11-18 00:00:00+00:00
[2025-11-18T04:56:42.317+0000] {processor.py:183} INFO - Processing /opt/airflow/dags/master_pipeline.py took 0.152 seconds
[2025-11-18T04:57:12.691+0000] {processor.py:161} INFO - Started process (PID=358) to work on /opt/airflow/dags/master_pipeline.py
[2025-11-18T04:57:12.693+0000] {processor.py:830} INFO - Processing file /opt/airflow/dags/master_pipeline.py for tasks to queue
[2025-11-18T04:57:12.695+0000] {logging_mixin.py:188} INFO - [2025-11-18T04:57:12.694+0000] {dagbag.py:538} INFO - Filling up the DagBag from /opt/airflow/dags/master_pipeline.py
[2025-11-18T04:57:12.768+0000] {processor.py:840} INFO - DAG(s) 'master_tiki_lazada_pipeline' retrieved from /opt/airflow/dags/master_pipeline.py
[2025-11-18T04:57:12.814+0000] {logging_mixin.py:188} INFO - [2025-11-18T04:57:12.813+0000] {dag.py:3036} INFO - Sync 1 DAGs
[2025-11-18T04:57:12.834+0000] {logging_mixin.py:188} INFO - [2025-11-18T04:57:12.834+0000] {dag.py:3823} INFO - Setting next_dagrun for master_tiki_lazada_pipeline to 2025-11-17 00:00:00+00:00, run_after=2025-11-18 00:00:00+00:00
[2025-11-18T04:57:12.853+0000] {processor.py:183} INFO - Processing /opt/airflow/dags/master_pipeline.py took 0.165 seconds
[2025-11-18T04:58:26.311+0000] {processor.py:161} INFO - Started process (PID=36) to work on /opt/airflow/dags/master_pipeline.py
[2025-11-18T04:58:26.313+0000] {processor.py:830} INFO - Processing file /opt/airflow/dags/master_pipeline.py for tasks to queue
[2025-11-18T04:58:26.316+0000] {logging_mixin.py:188} INFO - [2025-11-18T04:58:26.315+0000] {dagbag.py:538} INFO - Filling up the DagBag from /opt/airflow/dags/master_pipeline.py
[2025-11-18T04:58:26.431+0000] {processor.py:840} INFO - DAG(s) 'master_tiki_lazada_pipeline' retrieved from /opt/airflow/dags/master_pipeline.py
[2025-11-18T04:58:26.447+0000] {logging_mixin.py:188} INFO - [2025-11-18T04:58:26.446+0000] {dag.py:3036} INFO - Sync 1 DAGs
[2025-11-18T04:58:26.478+0000] {logging_mixin.py:188} INFO - [2025-11-18T04:58:26.478+0000] {dag.py:3823} INFO - Setting next_dagrun for master_tiki_lazada_pipeline to 2025-11-17 00:00:00+00:00, run_after=2025-11-18 00:00:00+00:00
[2025-11-18T04:58:26.508+0000] {processor.py:183} INFO - Processing /opt/airflow/dags/master_pipeline.py took 0.202 seconds
[2025-11-18T04:58:56.968+0000] {processor.py:161} INFO - Started process (PID=46) to work on /opt/airflow/dags/master_pipeline.py
[2025-11-18T04:58:56.969+0000] {processor.py:830} INFO - Processing file /opt/airflow/dags/master_pipeline.py for tasks to queue
[2025-11-18T04:58:56.971+0000] {logging_mixin.py:188} INFO - [2025-11-18T04:58:56.971+0000] {dagbag.py:538} INFO - Filling up the DagBag from /opt/airflow/dags/master_pipeline.py
[2025-11-18T04:58:57.034+0000] {processor.py:840} INFO - DAG(s) 'master_tiki_lazada_pipeline' retrieved from /opt/airflow/dags/master_pipeline.py
[2025-11-18T04:58:57.152+0000] {logging_mixin.py:188} INFO - [2025-11-18T04:58:57.152+0000] {dag.py:3036} INFO - Sync 1 DAGs
[2025-11-18T04:58:57.167+0000] {logging_mixin.py:188} INFO - [2025-11-18T04:58:57.167+0000] {dag.py:3823} INFO - Setting next_dagrun for master_tiki_lazada_pipeline to 2025-11-17 00:00:00+00:00, run_after=2025-11-18 00:00:00+00:00
[2025-11-18T04:58:57.188+0000] {processor.py:183} INFO - Processing /opt/airflow/dags/master_pipeline.py took 0.223 seconds
[2025-11-18T04:59:27.390+0000] {processor.py:161} INFO - Started process (PID=56) to work on /opt/airflow/dags/master_pipeline.py
[2025-11-18T04:59:27.391+0000] {processor.py:830} INFO - Processing file /opt/airflow/dags/master_pipeline.py for tasks to queue
[2025-11-18T04:59:27.393+0000] {logging_mixin.py:188} INFO - [2025-11-18T04:59:27.392+0000] {dagbag.py:538} INFO - Filling up the DagBag from /opt/airflow/dags/master_pipeline.py
[2025-11-18T04:59:27.458+0000] {processor.py:840} INFO - DAG(s) 'master_tiki_lazada_pipeline' retrieved from /opt/airflow/dags/master_pipeline.py
[2025-11-18T04:59:27.499+0000] {logging_mixin.py:188} INFO - [2025-11-18T04:59:27.499+0000] {dag.py:3036} INFO - Sync 1 DAGs
[2025-11-18T04:59:27.516+0000] {logging_mixin.py:188} INFO - [2025-11-18T04:59:27.516+0000] {dag.py:3823} INFO - Setting next_dagrun for master_tiki_lazada_pipeline to 2025-11-18 00:00:00+00:00, run_after=2025-11-19 00:00:00+00:00
[2025-11-18T04:59:27.536+0000] {processor.py:183} INFO - Processing /opt/airflow/dags/master_pipeline.py took 0.149 seconds
[2025-11-18T04:59:57.914+0000] {processor.py:161} INFO - Started process (PID=66) to work on /opt/airflow/dags/master_pipeline.py
[2025-11-18T04:59:57.915+0000] {processor.py:830} INFO - Processing file /opt/airflow/dags/master_pipeline.py for tasks to queue
[2025-11-18T04:59:57.917+0000] {logging_mixin.py:188} INFO - [2025-11-18T04:59:57.916+0000] {dagbag.py:538} INFO - Filling up the DagBag from /opt/airflow/dags/master_pipeline.py
[2025-11-18T04:59:57.982+0000] {processor.py:840} INFO - DAG(s) 'master_tiki_lazada_pipeline' retrieved from /opt/airflow/dags/master_pipeline.py
[2025-11-18T04:59:58.026+0000] {logging_mixin.py:188} INFO - [2025-11-18T04:59:58.026+0000] {dag.py:3036} INFO - Sync 1 DAGs
[2025-11-18T04:59:58.042+0000] {logging_mixin.py:188} INFO - [2025-11-18T04:59:58.042+0000] {dag.py:3823} INFO - Setting next_dagrun for master_tiki_lazada_pipeline to 2025-11-18 00:00:00+00:00, run_after=2025-11-19 00:00:00+00:00
[2025-11-18T04:59:58.061+0000] {processor.py:183} INFO - Processing /opt/airflow/dags/master_pipeline.py took 0.150 seconds
[2025-11-18T05:00:28.464+0000] {processor.py:161} INFO - Started process (PID=76) to work on /opt/airflow/dags/master_pipeline.py
[2025-11-18T05:00:28.465+0000] {processor.py:830} INFO - Processing file /opt/airflow/dags/master_pipeline.py for tasks to queue
[2025-11-18T05:00:28.467+0000] {logging_mixin.py:188} INFO - [2025-11-18T05:00:28.467+0000] {dagbag.py:538} INFO - Filling up the DagBag from /opt/airflow/dags/master_pipeline.py
[2025-11-18T05:00:28.533+0000] {processor.py:840} INFO - DAG(s) 'master_tiki_lazada_pipeline' retrieved from /opt/airflow/dags/master_pipeline.py
[2025-11-18T05:00:28.577+0000] {logging_mixin.py:188} INFO - [2025-11-18T05:00:28.577+0000] {dag.py:3036} INFO - Sync 1 DAGs
[2025-11-18T05:00:28.594+0000] {logging_mixin.py:188} INFO - [2025-11-18T05:00:28.594+0000] {dag.py:3823} INFO - Setting next_dagrun for master_tiki_lazada_pipeline to 2025-11-18 00:00:00+00:00, run_after=2025-11-19 00:00:00+00:00
[2025-11-18T05:00:28.613+0000] {processor.py:183} INFO - Processing /opt/airflow/dags/master_pipeline.py took 0.152 seconds
[2025-11-18T05:00:58.977+0000] {processor.py:161} INFO - Started process (PID=86) to work on /opt/airflow/dags/master_pipeline.py
[2025-11-18T05:00:58.979+0000] {processor.py:830} INFO - Processing file /opt/airflow/dags/master_pipeline.py for tasks to queue
[2025-11-18T05:00:58.981+0000] {logging_mixin.py:188} INFO - [2025-11-18T05:00:58.981+0000] {dagbag.py:538} INFO - Filling up the DagBag from /opt/airflow/dags/master_pipeline.py
[2025-11-18T05:00:59.046+0000] {processor.py:840} INFO - DAG(s) 'master_tiki_lazada_pipeline' retrieved from /opt/airflow/dags/master_pipeline.py
[2025-11-18T05:00:59.088+0000] {logging_mixin.py:188} INFO - [2025-11-18T05:00:59.088+0000] {dag.py:3036} INFO - Sync 1 DAGs
[2025-11-18T05:00:59.105+0000] {logging_mixin.py:188} INFO - [2025-11-18T05:00:59.105+0000] {dag.py:3823} INFO - Setting next_dagrun for master_tiki_lazada_pipeline to 2025-11-18 00:00:00+00:00, run_after=2025-11-19 00:00:00+00:00
[2025-11-18T05:00:59.125+0000] {processor.py:183} INFO - Processing /opt/airflow/dags/master_pipeline.py took 0.152 seconds
[2025-11-18T05:01:29.538+0000] {processor.py:161} INFO - Started process (PID=96) to work on /opt/airflow/dags/master_pipeline.py
[2025-11-18T05:01:29.539+0000] {processor.py:830} INFO - Processing file /opt/airflow/dags/master_pipeline.py for tasks to queue
[2025-11-18T05:01:29.541+0000] {logging_mixin.py:188} INFO - [2025-11-18T05:01:29.541+0000] {dagbag.py:538} INFO - Filling up the DagBag from /opt/airflow/dags/master_pipeline.py
[2025-11-18T05:01:29.615+0000] {processor.py:840} INFO - DAG(s) 'master_tiki_lazada_pipeline' retrieved from /opt/airflow/dags/master_pipeline.py
[2025-11-18T05:01:29.663+0000] {logging_mixin.py:188} INFO - [2025-11-18T05:01:29.663+0000] {dag.py:3036} INFO - Sync 1 DAGs
[2025-11-18T05:01:29.683+0000] {logging_mixin.py:188} INFO - [2025-11-18T05:01:29.683+0000] {dag.py:3823} INFO - Setting next_dagrun for master_tiki_lazada_pipeline to 2025-11-18 00:00:00+00:00, run_after=2025-11-19 00:00:00+00:00
[2025-11-18T05:01:29.703+0000] {processor.py:183} INFO - Processing /opt/airflow/dags/master_pipeline.py took 0.168 seconds
[2025-11-18T05:02:00.065+0000] {processor.py:161} INFO - Started process (PID=106) to work on /opt/airflow/dags/master_pipeline.py
[2025-11-18T05:02:00.066+0000] {processor.py:830} INFO - Processing file /opt/airflow/dags/master_pipeline.py for tasks to queue
[2025-11-18T05:02:00.068+0000] {logging_mixin.py:188} INFO - [2025-11-18T05:02:00.068+0000] {dagbag.py:538} INFO - Filling up the DagBag from /opt/airflow/dags/master_pipeline.py
[2025-11-18T05:02:00.136+0000] {processor.py:840} INFO - DAG(s) 'master_tiki_lazada_pipeline' retrieved from /opt/airflow/dags/master_pipeline.py
[2025-11-18T05:02:00.179+0000] {logging_mixin.py:188} INFO - [2025-11-18T05:02:00.179+0000] {dag.py:3036} INFO - Sync 1 DAGs
[2025-11-18T05:02:00.197+0000] {logging_mixin.py:188} INFO - [2025-11-18T05:02:00.196+0000] {dag.py:3823} INFO - Setting next_dagrun for master_tiki_lazada_pipeline to 2025-11-18 00:00:00+00:00, run_after=2025-11-19 00:00:00+00:00
[2025-11-18T05:02:00.218+0000] {processor.py:183} INFO - Processing /opt/airflow/dags/master_pipeline.py took 0.155 seconds
[2025-11-18T05:02:30.589+0000] {processor.py:161} INFO - Started process (PID=116) to work on /opt/airflow/dags/master_pipeline.py
[2025-11-18T05:02:30.591+0000] {processor.py:830} INFO - Processing file /opt/airflow/dags/master_pipeline.py for tasks to queue
[2025-11-18T05:02:30.592+0000] {logging_mixin.py:188} INFO - [2025-11-18T05:02:30.592+0000] {dagbag.py:538} INFO - Filling up the DagBag from /opt/airflow/dags/master_pipeline.py
[2025-11-18T05:02:30.659+0000] {processor.py:840} INFO - DAG(s) 'master_tiki_lazada_pipeline' retrieved from /opt/airflow/dags/master_pipeline.py
[2025-11-18T05:02:30.710+0000] {logging_mixin.py:188} INFO - [2025-11-18T05:02:30.709+0000] {dag.py:3036} INFO - Sync 1 DAGs
[2025-11-18T05:02:30.728+0000] {logging_mixin.py:188} INFO - [2025-11-18T05:02:30.727+0000] {dag.py:3823} INFO - Setting next_dagrun for master_tiki_lazada_pipeline to 2025-11-18 00:00:00+00:00, run_after=2025-11-19 00:00:00+00:00
[2025-11-18T05:02:30.747+0000] {processor.py:183} INFO - Processing /opt/airflow/dags/master_pipeline.py took 0.161 seconds
[2025-11-18T05:03:01.123+0000] {processor.py:161} INFO - Started process (PID=126) to work on /opt/airflow/dags/master_pipeline.py
[2025-11-18T05:03:01.124+0000] {processor.py:830} INFO - Processing file /opt/airflow/dags/master_pipeline.py for tasks to queue
[2025-11-18T05:03:01.127+0000] {logging_mixin.py:188} INFO - [2025-11-18T05:03:01.127+0000] {dagbag.py:538} INFO - Filling up the DagBag from /opt/airflow/dags/master_pipeline.py
[2025-11-18T05:03:01.199+0000] {processor.py:840} INFO - DAG(s) 'master_tiki_lazada_pipeline' retrieved from /opt/airflow/dags/master_pipeline.py
[2025-11-18T05:03:01.246+0000] {logging_mixin.py:188} INFO - [2025-11-18T05:03:01.246+0000] {dag.py:3036} INFO - Sync 1 DAGs
[2025-11-18T05:03:01.265+0000] {logging_mixin.py:188} INFO - [2025-11-18T05:03:01.265+0000] {dag.py:3823} INFO - Setting next_dagrun for master_tiki_lazada_pipeline to 2025-11-18 00:00:00+00:00, run_after=2025-11-19 00:00:00+00:00
[2025-11-18T05:03:01.286+0000] {processor.py:183} INFO - Processing /opt/airflow/dags/master_pipeline.py took 0.168 seconds
[2025-11-18T05:03:31.758+0000] {processor.py:161} INFO - Started process (PID=136) to work on /opt/airflow/dags/master_pipeline.py
[2025-11-18T05:03:31.759+0000] {processor.py:830} INFO - Processing file /opt/airflow/dags/master_pipeline.py for tasks to queue
[2025-11-18T05:03:31.761+0000] {logging_mixin.py:188} INFO - [2025-11-18T05:03:31.761+0000] {dagbag.py:538} INFO - Filling up the DagBag from /opt/airflow/dags/master_pipeline.py
[2025-11-18T05:03:31.830+0000] {processor.py:840} INFO - DAG(s) 'master_tiki_lazada_pipeline' retrieved from /opt/airflow/dags/master_pipeline.py
[2025-11-18T05:03:31.873+0000] {logging_mixin.py:188} INFO - [2025-11-18T05:03:31.873+0000] {dag.py:3036} INFO - Sync 1 DAGs
[2025-11-18T05:03:31.890+0000] {logging_mixin.py:188} INFO - [2025-11-18T05:03:31.890+0000] {dag.py:3823} INFO - Setting next_dagrun for master_tiki_lazada_pipeline to 2025-11-18 00:00:00+00:00, run_after=2025-11-19 00:00:00+00:00
[2025-11-18T05:03:31.910+0000] {processor.py:183} INFO - Processing /opt/airflow/dags/master_pipeline.py took 0.155 seconds
[2025-11-18T05:27:18.920+0000] {processor.py:161} INFO - Started process (PID=139) to work on /opt/airflow/dags/master_pipeline.py
[2025-11-18T05:27:18.923+0000] {processor.py:830} INFO - Processing file /opt/airflow/dags/master_pipeline.py for tasks to queue
[2025-11-18T05:27:18.933+0000] {logging_mixin.py:188} INFO - [2025-11-18T05:27:18.932+0000] {dagbag.py:538} INFO - Filling up the DagBag from /opt/airflow/dags/master_pipeline.py
[2025-11-18T05:27:19.296+0000] {processor.py:840} INFO - DAG(s) 'master_tiki_lazada_pipeline' retrieved from /opt/airflow/dags/master_pipeline.py
[2025-11-18T05:27:19.473+0000] {logging_mixin.py:188} INFO - [2025-11-18T05:27:19.472+0000] {dag.py:3036} INFO - Sync 1 DAGs
[2025-11-18T05:27:19.564+0000] {logging_mixin.py:188} INFO - [2025-11-18T05:27:19.563+0000] {dag.py:3823} INFO - Setting next_dagrun for master_tiki_lazada_pipeline to 2025-11-18 00:00:00+00:00, run_after=2025-11-19 00:00:00+00:00
[2025-11-18T05:27:19.630+0000] {processor.py:183} INFO - Processing /opt/airflow/dags/master_pipeline.py took 0.725 seconds
[2025-11-18T06:03:37.066+0000] {processor.py:161} INFO - Started process (PID=149) to work on /opt/airflow/dags/master_pipeline.py
[2025-11-18T06:03:37.072+0000] {processor.py:830} INFO - Processing file /opt/airflow/dags/master_pipeline.py for tasks to queue
[2025-11-18T06:03:37.084+0000] {logging_mixin.py:188} INFO - [2025-11-18T06:03:37.084+0000] {dagbag.py:538} INFO - Filling up the DagBag from /opt/airflow/dags/master_pipeline.py
[2025-11-18T06:03:37.321+0000] {processor.py:840} INFO - DAG(s) 'master_tiki_lazada_pipeline' retrieved from /opt/airflow/dags/master_pipeline.py
[2025-11-18T06:03:37.816+0000] {logging_mixin.py:188} INFO - [2025-11-18T06:03:37.815+0000] {dag.py:3036} INFO - Sync 1 DAGs
[2025-11-18T06:03:37.894+0000] {logging_mixin.py:188} INFO - [2025-11-18T06:03:37.893+0000] {dag.py:3823} INFO - Setting next_dagrun for master_tiki_lazada_pipeline to 2025-11-18 00:00:00+00:00, run_after=2025-11-19 00:00:00+00:00
[2025-11-18T06:03:37.964+0000] {processor.py:183} INFO - Processing /opt/airflow/dags/master_pipeline.py took 0.902 seconds
