[2025-11-18T04:40:23.089+0000] {processor.py:161} INFO - Started process (PID=35) to work on /opt/airflow/dags/master_pipeline_rotation.py
[2025-11-18T04:40:23.091+0000] {processor.py:830} INFO - Processing file /opt/airflow/dags/master_pipeline_rotation.py for tasks to queue
[2025-11-18T04:40:23.100+0000] {logging_mixin.py:188} INFO - [2025-11-18T04:40:23.098+0000] {dagbag.py:538} INFO - Filling up the DagBag from /opt/airflow/dags/master_pipeline_rotation.py
[2025-11-18T04:40:23.362+0000] {processor.py:840} INFO - DAG(s) 'master_tiki_lazada_pipeline_rotation' retrieved from /opt/airflow/dags/master_pipeline_rotation.py
[2025-11-18T04:40:23.637+0000] {logging_mixin.py:188} INFO - [2025-11-18T04:40:23.636+0000] {override.py:1769} INFO - Created Permission View: can read on DAG:master_tiki_lazada_pipeline_rotation
[2025-11-18T04:40:23.652+0000] {logging_mixin.py:188} INFO - [2025-11-18T04:40:23.652+0000] {override.py:1769} INFO - Created Permission View: can edit on DAG:master_tiki_lazada_pipeline_rotation
[2025-11-18T04:40:23.661+0000] {logging_mixin.py:188} INFO - [2025-11-18T04:40:23.661+0000] {override.py:1769} INFO - Created Permission View: can delete on DAG:master_tiki_lazada_pipeline_rotation
[2025-11-18T04:40:23.662+0000] {logging_mixin.py:188} INFO - [2025-11-18T04:40:23.662+0000] {dag.py:3036} INFO - Sync 1 DAGs
[2025-11-18T04:40:23.677+0000] {logging_mixin.py:188} INFO - [2025-11-18T04:40:23.676+0000] {dag.py:3058} INFO - Creating ORM DAG for master_tiki_lazada_pipeline_rotation
[2025-11-18T04:40:23.694+0000] {logging_mixin.py:188} INFO - [2025-11-18T04:40:23.694+0000] {dag.py:3823} INFO - Setting next_dagrun for master_tiki_lazada_pipeline_rotation to 2025-11-17 00:00:00+00:00, run_after=2025-11-18 00:00:00+00:00
[2025-11-18T04:40:23.725+0000] {processor.py:183} INFO - Processing /opt/airflow/dags/master_pipeline_rotation.py took 0.645 seconds
[2025-11-18T04:40:54.605+0000] {processor.py:161} INFO - Started process (PID=44) to work on /opt/airflow/dags/master_pipeline_rotation.py
[2025-11-18T04:40:54.606+0000] {processor.py:830} INFO - Processing file /opt/airflow/dags/master_pipeline_rotation.py for tasks to queue
[2025-11-18T04:40:54.608+0000] {logging_mixin.py:188} INFO - [2025-11-18T04:40:54.608+0000] {dagbag.py:538} INFO - Filling up the DagBag from /opt/airflow/dags/master_pipeline_rotation.py
[2025-11-18T04:40:54.675+0000] {processor.py:840} INFO - DAG(s) 'master_tiki_lazada_pipeline_rotation' retrieved from /opt/airflow/dags/master_pipeline_rotation.py
[2025-11-18T04:40:54.720+0000] {logging_mixin.py:188} INFO - [2025-11-18T04:40:54.720+0000] {dag.py:3036} INFO - Sync 1 DAGs
[2025-11-18T04:40:54.739+0000] {logging_mixin.py:188} INFO - [2025-11-18T04:40:54.739+0000] {dag.py:3823} INFO - Setting next_dagrun for master_tiki_lazada_pipeline_rotation to 2025-11-17 00:00:00+00:00, run_after=2025-11-18 00:00:00+00:00
[2025-11-18T04:40:54.754+0000] {processor.py:183} INFO - Processing /opt/airflow/dags/master_pipeline_rotation.py took 0.152 seconds
[2025-11-18T04:41:25.131+0000] {processor.py:161} INFO - Started process (PID=54) to work on /opt/airflow/dags/master_pipeline_rotation.py
[2025-11-18T04:41:25.132+0000] {processor.py:830} INFO - Processing file /opt/airflow/dags/master_pipeline_rotation.py for tasks to queue
[2025-11-18T04:41:25.133+0000] {logging_mixin.py:188} INFO - [2025-11-18T04:41:25.133+0000] {dagbag.py:538} INFO - Filling up the DagBag from /opt/airflow/dags/master_pipeline_rotation.py
[2025-11-18T04:41:25.204+0000] {processor.py:840} INFO - DAG(s) 'master_tiki_lazada_pipeline_rotation' retrieved from /opt/airflow/dags/master_pipeline_rotation.py
[2025-11-18T04:41:25.251+0000] {logging_mixin.py:188} INFO - [2025-11-18T04:41:25.251+0000] {dag.py:3036} INFO - Sync 1 DAGs
[2025-11-18T04:41:25.267+0000] {logging_mixin.py:188} INFO - [2025-11-18T04:41:25.267+0000] {dag.py:3823} INFO - Setting next_dagrun for master_tiki_lazada_pipeline_rotation to 2025-11-17 00:00:00+00:00, run_after=2025-11-18 00:00:00+00:00
[2025-11-18T04:41:25.285+0000] {processor.py:183} INFO - Processing /opt/airflow/dags/master_pipeline_rotation.py took 0.157 seconds
[2025-11-18T04:41:55.711+0000] {processor.py:161} INFO - Started process (PID=64) to work on /opt/airflow/dags/master_pipeline_rotation.py
[2025-11-18T04:41:55.712+0000] {processor.py:830} INFO - Processing file /opt/airflow/dags/master_pipeline_rotation.py for tasks to queue
[2025-11-18T04:41:55.714+0000] {logging_mixin.py:188} INFO - [2025-11-18T04:41:55.713+0000] {dagbag.py:538} INFO - Filling up the DagBag from /opt/airflow/dags/master_pipeline_rotation.py
[2025-11-18T04:41:55.780+0000] {processor.py:840} INFO - DAG(s) 'master_tiki_lazada_pipeline_rotation' retrieved from /opt/airflow/dags/master_pipeline_rotation.py
[2025-11-18T04:41:55.829+0000] {logging_mixin.py:188} INFO - [2025-11-18T04:41:55.829+0000] {dag.py:3036} INFO - Sync 1 DAGs
[2025-11-18T04:41:55.845+0000] {logging_mixin.py:188} INFO - [2025-11-18T04:41:55.845+0000] {dag.py:3823} INFO - Setting next_dagrun for master_tiki_lazada_pipeline_rotation to 2025-11-17 00:00:00+00:00, run_after=2025-11-18 00:00:00+00:00
[2025-11-18T04:41:55.863+0000] {processor.py:183} INFO - Processing /opt/airflow/dags/master_pipeline_rotation.py took 0.155 seconds
[2025-11-18T04:42:26.324+0000] {processor.py:161} INFO - Started process (PID=74) to work on /opt/airflow/dags/master_pipeline_rotation.py
[2025-11-18T04:42:26.325+0000] {processor.py:830} INFO - Processing file /opt/airflow/dags/master_pipeline_rotation.py for tasks to queue
[2025-11-18T04:42:26.326+0000] {logging_mixin.py:188} INFO - [2025-11-18T04:42:26.326+0000] {dagbag.py:538} INFO - Filling up the DagBag from /opt/airflow/dags/master_pipeline_rotation.py
[2025-11-18T04:42:26.411+0000] {processor.py:840} INFO - DAG(s) 'master_tiki_lazada_pipeline_rotation' retrieved from /opt/airflow/dags/master_pipeline_rotation.py
[2025-11-18T04:42:26.463+0000] {logging_mixin.py:188} INFO - [2025-11-18T04:42:26.462+0000] {dag.py:3036} INFO - Sync 1 DAGs
[2025-11-18T04:42:26.485+0000] {logging_mixin.py:188} INFO - [2025-11-18T04:42:26.485+0000] {dag.py:3823} INFO - Setting next_dagrun for master_tiki_lazada_pipeline_rotation to 2025-11-17 00:00:00+00:00, run_after=2025-11-18 00:00:00+00:00
[2025-11-18T04:42:26.505+0000] {processor.py:183} INFO - Processing /opt/airflow/dags/master_pipeline_rotation.py took 0.184 seconds
[2025-11-18T04:42:56.922+0000] {processor.py:161} INFO - Started process (PID=84) to work on /opt/airflow/dags/master_pipeline_rotation.py
[2025-11-18T04:42:56.923+0000] {processor.py:830} INFO - Processing file /opt/airflow/dags/master_pipeline_rotation.py for tasks to queue
[2025-11-18T04:42:56.925+0000] {logging_mixin.py:188} INFO - [2025-11-18T04:42:56.925+0000] {dagbag.py:538} INFO - Filling up the DagBag from /opt/airflow/dags/master_pipeline_rotation.py
[2025-11-18T04:42:57.005+0000] {processor.py:840} INFO - DAG(s) 'master_tiki_lazada_pipeline_rotation' retrieved from /opt/airflow/dags/master_pipeline_rotation.py
[2025-11-18T04:42:57.050+0000] {logging_mixin.py:188} INFO - [2025-11-18T04:42:57.050+0000] {dag.py:3036} INFO - Sync 1 DAGs
[2025-11-18T04:42:57.067+0000] {logging_mixin.py:188} INFO - [2025-11-18T04:42:57.066+0000] {dag.py:3823} INFO - Setting next_dagrun for master_tiki_lazada_pipeline_rotation to 2025-11-17 00:00:00+00:00, run_after=2025-11-18 00:00:00+00:00
[2025-11-18T04:42:57.083+0000] {processor.py:183} INFO - Processing /opt/airflow/dags/master_pipeline_rotation.py took 0.164 seconds
[2025-11-18T04:43:27.444+0000] {processor.py:161} INFO - Started process (PID=94) to work on /opt/airflow/dags/master_pipeline_rotation.py
[2025-11-18T04:43:27.445+0000] {processor.py:830} INFO - Processing file /opt/airflow/dags/master_pipeline_rotation.py for tasks to queue
[2025-11-18T04:43:27.447+0000] {logging_mixin.py:188} INFO - [2025-11-18T04:43:27.447+0000] {dagbag.py:538} INFO - Filling up the DagBag from /opt/airflow/dags/master_pipeline_rotation.py
[2025-11-18T04:43:27.540+0000] {processor.py:840} INFO - DAG(s) 'master_tiki_lazada_pipeline_rotation' retrieved from /opt/airflow/dags/master_pipeline_rotation.py
[2025-11-18T04:43:27.586+0000] {logging_mixin.py:188} INFO - [2025-11-18T04:43:27.586+0000] {dag.py:3036} INFO - Sync 1 DAGs
[2025-11-18T04:43:27.607+0000] {logging_mixin.py:188} INFO - [2025-11-18T04:43:27.607+0000] {dag.py:3823} INFO - Setting next_dagrun for master_tiki_lazada_pipeline_rotation to 2025-11-17 00:00:00+00:00, run_after=2025-11-18 00:00:00+00:00
[2025-11-18T04:43:27.632+0000] {processor.py:183} INFO - Processing /opt/airflow/dags/master_pipeline_rotation.py took 0.191 seconds
[2025-11-18T04:43:58.020+0000] {processor.py:161} INFO - Started process (PID=104) to work on /opt/airflow/dags/master_pipeline_rotation.py
[2025-11-18T04:43:58.021+0000] {processor.py:830} INFO - Processing file /opt/airflow/dags/master_pipeline_rotation.py for tasks to queue
[2025-11-18T04:43:58.022+0000] {logging_mixin.py:188} INFO - [2025-11-18T04:43:58.022+0000] {dagbag.py:538} INFO - Filling up the DagBag from /opt/airflow/dags/master_pipeline_rotation.py
[2025-11-18T04:43:58.094+0000] {processor.py:840} INFO - DAG(s) 'master_tiki_lazada_pipeline_rotation' retrieved from /opt/airflow/dags/master_pipeline_rotation.py
[2025-11-18T04:43:58.144+0000] {logging_mixin.py:188} INFO - [2025-11-18T04:43:58.144+0000] {dag.py:3036} INFO - Sync 1 DAGs
[2025-11-18T04:43:58.162+0000] {logging_mixin.py:188} INFO - [2025-11-18T04:43:58.161+0000] {dag.py:3823} INFO - Setting next_dagrun for master_tiki_lazada_pipeline_rotation to 2025-11-17 00:00:00+00:00, run_after=2025-11-18 00:00:00+00:00
[2025-11-18T04:43:58.178+0000] {processor.py:183} INFO - Processing /opt/airflow/dags/master_pipeline_rotation.py took 0.161 seconds
[2025-11-18T04:44:28.568+0000] {processor.py:161} INFO - Started process (PID=114) to work on /opt/airflow/dags/master_pipeline_rotation.py
[2025-11-18T04:44:28.569+0000] {processor.py:830} INFO - Processing file /opt/airflow/dags/master_pipeline_rotation.py for tasks to queue
[2025-11-18T04:44:28.570+0000] {logging_mixin.py:188} INFO - [2025-11-18T04:44:28.570+0000] {dagbag.py:538} INFO - Filling up the DagBag from /opt/airflow/dags/master_pipeline_rotation.py
[2025-11-18T04:44:28.651+0000] {processor.py:840} INFO - DAG(s) 'master_tiki_lazada_pipeline_rotation' retrieved from /opt/airflow/dags/master_pipeline_rotation.py
[2025-11-18T04:44:28.703+0000] {logging_mixin.py:188} INFO - [2025-11-18T04:44:28.703+0000] {dag.py:3036} INFO - Sync 1 DAGs
[2025-11-18T04:44:28.720+0000] {logging_mixin.py:188} INFO - [2025-11-18T04:44:28.719+0000] {dag.py:3823} INFO - Setting next_dagrun for master_tiki_lazada_pipeline_rotation to 2025-11-17 00:00:00+00:00, run_after=2025-11-18 00:00:00+00:00
[2025-11-18T04:44:28.737+0000] {processor.py:183} INFO - Processing /opt/airflow/dags/master_pipeline_rotation.py took 0.172 seconds
[2025-11-18T04:44:59.104+0000] {processor.py:161} INFO - Started process (PID=124) to work on /opt/airflow/dags/master_pipeline_rotation.py
[2025-11-18T04:44:59.105+0000] {processor.py:830} INFO - Processing file /opt/airflow/dags/master_pipeline_rotation.py for tasks to queue
[2025-11-18T04:44:59.107+0000] {logging_mixin.py:188} INFO - [2025-11-18T04:44:59.107+0000] {dagbag.py:538} INFO - Filling up the DagBag from /opt/airflow/dags/master_pipeline_rotation.py
[2025-11-18T04:44:59.189+0000] {processor.py:840} INFO - DAG(s) 'master_tiki_lazada_pipeline_rotation' retrieved from /opt/airflow/dags/master_pipeline_rotation.py
[2025-11-18T04:44:59.241+0000] {logging_mixin.py:188} INFO - [2025-11-18T04:44:59.241+0000] {dag.py:3036} INFO - Sync 1 DAGs
[2025-11-18T04:44:59.258+0000] {logging_mixin.py:188} INFO - [2025-11-18T04:44:59.258+0000] {dag.py:3823} INFO - Setting next_dagrun for master_tiki_lazada_pipeline_rotation to 2025-11-17 00:00:00+00:00, run_after=2025-11-18 00:00:00+00:00
[2025-11-18T04:44:59.280+0000] {processor.py:183} INFO - Processing /opt/airflow/dags/master_pipeline_rotation.py took 0.179 seconds
[2025-11-18T04:45:29.680+0000] {processor.py:161} INFO - Started process (PID=134) to work on /opt/airflow/dags/master_pipeline_rotation.py
[2025-11-18T04:45:29.681+0000] {processor.py:830} INFO - Processing file /opt/airflow/dags/master_pipeline_rotation.py for tasks to queue
[2025-11-18T04:45:29.683+0000] {logging_mixin.py:188} INFO - [2025-11-18T04:45:29.683+0000] {dagbag.py:538} INFO - Filling up the DagBag from /opt/airflow/dags/master_pipeline_rotation.py
[2025-11-18T04:45:29.775+0000] {processor.py:840} INFO - DAG(s) 'master_tiki_lazada_pipeline_rotation' retrieved from /opt/airflow/dags/master_pipeline_rotation.py
[2025-11-18T04:45:29.826+0000] {logging_mixin.py:188} INFO - [2025-11-18T04:45:29.826+0000] {dag.py:3036} INFO - Sync 1 DAGs
[2025-11-18T04:45:29.846+0000] {logging_mixin.py:188} INFO - [2025-11-18T04:45:29.846+0000] {dag.py:3823} INFO - Setting next_dagrun for master_tiki_lazada_pipeline_rotation to 2025-11-17 00:00:00+00:00, run_after=2025-11-18 00:00:00+00:00
[2025-11-18T04:45:29.867+0000] {processor.py:183} INFO - Processing /opt/airflow/dags/master_pipeline_rotation.py took 0.189 seconds
[2025-11-18T04:46:00.258+0000] {processor.py:161} INFO - Started process (PID=144) to work on /opt/airflow/dags/master_pipeline_rotation.py
[2025-11-18T04:46:00.259+0000] {processor.py:830} INFO - Processing file /opt/airflow/dags/master_pipeline_rotation.py for tasks to queue
[2025-11-18T04:46:00.261+0000] {logging_mixin.py:188} INFO - [2025-11-18T04:46:00.260+0000] {dagbag.py:538} INFO - Filling up the DagBag from /opt/airflow/dags/master_pipeline_rotation.py
[2025-11-18T04:46:00.335+0000] {processor.py:840} INFO - DAG(s) 'master_tiki_lazada_pipeline_rotation' retrieved from /opt/airflow/dags/master_pipeline_rotation.py
[2025-11-18T04:46:00.384+0000] {logging_mixin.py:188} INFO - [2025-11-18T04:46:00.383+0000] {dag.py:3036} INFO - Sync 1 DAGs
[2025-11-18T04:46:00.402+0000] {logging_mixin.py:188} INFO - [2025-11-18T04:46:00.402+0000] {dag.py:3823} INFO - Setting next_dagrun for master_tiki_lazada_pipeline_rotation to 2025-11-17 00:00:00+00:00, run_after=2025-11-18 00:00:00+00:00
[2025-11-18T04:46:00.418+0000] {processor.py:183} INFO - Processing /opt/airflow/dags/master_pipeline_rotation.py took 0.164 seconds
[2025-11-18T04:46:30.783+0000] {processor.py:161} INFO - Started process (PID=154) to work on /opt/airflow/dags/master_pipeline_rotation.py
[2025-11-18T04:46:30.784+0000] {processor.py:830} INFO - Processing file /opt/airflow/dags/master_pipeline_rotation.py for tasks to queue
[2025-11-18T04:46:30.786+0000] {logging_mixin.py:188} INFO - [2025-11-18T04:46:30.786+0000] {dagbag.py:538} INFO - Filling up the DagBag from /opt/airflow/dags/master_pipeline_rotation.py
[2025-11-18T04:46:30.864+0000] {processor.py:840} INFO - DAG(s) 'master_tiki_lazada_pipeline_rotation' retrieved from /opt/airflow/dags/master_pipeline_rotation.py
[2025-11-18T04:46:30.908+0000] {logging_mixin.py:188} INFO - [2025-11-18T04:46:30.907+0000] {dag.py:3036} INFO - Sync 1 DAGs
[2025-11-18T04:46:30.926+0000] {logging_mixin.py:188} INFO - [2025-11-18T04:46:30.926+0000] {dag.py:3823} INFO - Setting next_dagrun for master_tiki_lazada_pipeline_rotation to 2025-11-17 00:00:00+00:00, run_after=2025-11-18 00:00:00+00:00
[2025-11-18T04:46:30.944+0000] {processor.py:183} INFO - Processing /opt/airflow/dags/master_pipeline_rotation.py took 0.165 seconds
[2025-11-18T04:47:01.414+0000] {processor.py:161} INFO - Started process (PID=164) to work on /opt/airflow/dags/master_pipeline_rotation.py
[2025-11-18T04:47:01.415+0000] {processor.py:830} INFO - Processing file /opt/airflow/dags/master_pipeline_rotation.py for tasks to queue
[2025-11-18T04:47:01.417+0000] {logging_mixin.py:188} INFO - [2025-11-18T04:47:01.416+0000] {dagbag.py:538} INFO - Filling up the DagBag from /opt/airflow/dags/master_pipeline_rotation.py
[2025-11-18T04:47:01.487+0000] {processor.py:840} INFO - DAG(s) 'master_tiki_lazada_pipeline_rotation' retrieved from /opt/airflow/dags/master_pipeline_rotation.py
[2025-11-18T04:47:01.540+0000] {logging_mixin.py:188} INFO - [2025-11-18T04:47:01.540+0000] {dag.py:3036} INFO - Sync 1 DAGs
[2025-11-18T04:47:01.560+0000] {logging_mixin.py:188} INFO - [2025-11-18T04:47:01.559+0000] {dag.py:3823} INFO - Setting next_dagrun for master_tiki_lazada_pipeline_rotation to 2025-11-17 00:00:00+00:00, run_after=2025-11-18 00:00:00+00:00
[2025-11-18T04:47:01.578+0000] {processor.py:183} INFO - Processing /opt/airflow/dags/master_pipeline_rotation.py took 0.167 seconds
[2025-11-18T04:47:31.941+0000] {processor.py:161} INFO - Started process (PID=174) to work on /opt/airflow/dags/master_pipeline_rotation.py
[2025-11-18T04:47:31.942+0000] {processor.py:830} INFO - Processing file /opt/airflow/dags/master_pipeline_rotation.py for tasks to queue
[2025-11-18T04:47:31.944+0000] {logging_mixin.py:188} INFO - [2025-11-18T04:47:31.944+0000] {dagbag.py:538} INFO - Filling up the DagBag from /opt/airflow/dags/master_pipeline_rotation.py
[2025-11-18T04:47:32.036+0000] {processor.py:840} INFO - DAG(s) 'master_tiki_lazada_pipeline_rotation' retrieved from /opt/airflow/dags/master_pipeline_rotation.py
[2025-11-18T04:47:32.101+0000] {logging_mixin.py:188} INFO - [2025-11-18T04:47:32.101+0000] {dag.py:3036} INFO - Sync 1 DAGs
[2025-11-18T04:47:32.122+0000] {logging_mixin.py:188} INFO - [2025-11-18T04:47:32.122+0000] {dag.py:3823} INFO - Setting next_dagrun for master_tiki_lazada_pipeline_rotation to 2025-11-17 00:00:00+00:00, run_after=2025-11-18 00:00:00+00:00
[2025-11-18T04:47:32.140+0000] {processor.py:183} INFO - Processing /opt/airflow/dags/master_pipeline_rotation.py took 0.205 seconds
[2025-11-18T04:48:02.503+0000] {processor.py:161} INFO - Started process (PID=183) to work on /opt/airflow/dags/master_pipeline_rotation.py
[2025-11-18T04:48:02.505+0000] {processor.py:830} INFO - Processing file /opt/airflow/dags/master_pipeline_rotation.py for tasks to queue
[2025-11-18T04:48:02.516+0000] {logging_mixin.py:188} INFO - [2025-11-18T04:48:02.516+0000] {dagbag.py:538} INFO - Filling up the DagBag from /opt/airflow/dags/master_pipeline_rotation.py
[2025-11-18T04:48:02.599+0000] {processor.py:840} INFO - DAG(s) 'master_tiki_lazada_pipeline_rotation' retrieved from /opt/airflow/dags/master_pipeline_rotation.py
[2025-11-18T04:48:02.643+0000] {logging_mixin.py:188} INFO - [2025-11-18T04:48:02.643+0000] {dag.py:3036} INFO - Sync 1 DAGs
[2025-11-18T04:48:02.662+0000] {logging_mixin.py:188} INFO - [2025-11-18T04:48:02.662+0000] {dag.py:3823} INFO - Setting next_dagrun for master_tiki_lazada_pipeline_rotation to 2025-11-17 00:00:00+00:00, run_after=2025-11-18 00:00:00+00:00
[2025-11-18T04:48:02.679+0000] {processor.py:183} INFO - Processing /opt/airflow/dags/master_pipeline_rotation.py took 0.180 seconds
[2025-11-18T04:48:33.051+0000] {processor.py:161} INFO - Started process (PID=187) to work on /opt/airflow/dags/master_pipeline_rotation.py
[2025-11-18T04:48:33.052+0000] {processor.py:830} INFO - Processing file /opt/airflow/dags/master_pipeline_rotation.py for tasks to queue
[2025-11-18T04:48:33.055+0000] {logging_mixin.py:188} INFO - [2025-11-18T04:48:33.054+0000] {dagbag.py:538} INFO - Filling up the DagBag from /opt/airflow/dags/master_pipeline_rotation.py
[2025-11-18T04:48:33.138+0000] {processor.py:840} INFO - DAG(s) 'master_tiki_lazada_pipeline_rotation' retrieved from /opt/airflow/dags/master_pipeline_rotation.py
[2025-11-18T04:48:33.198+0000] {logging_mixin.py:188} INFO - [2025-11-18T04:48:33.198+0000] {dag.py:3036} INFO - Sync 1 DAGs
[2025-11-18T04:48:33.222+0000] {logging_mixin.py:188} INFO - [2025-11-18T04:48:33.222+0000] {dag.py:3823} INFO - Setting next_dagrun for master_tiki_lazada_pipeline_rotation to 2025-11-17 00:00:00+00:00, run_after=2025-11-18 00:00:00+00:00
[2025-11-18T04:48:33.239+0000] {processor.py:183} INFO - Processing /opt/airflow/dags/master_pipeline_rotation.py took 0.192 seconds
[2025-11-18T04:49:03.614+0000] {processor.py:161} INFO - Started process (PID=197) to work on /opt/airflow/dags/master_pipeline_rotation.py
[2025-11-18T04:49:03.615+0000] {processor.py:830} INFO - Processing file /opt/airflow/dags/master_pipeline_rotation.py for tasks to queue
[2025-11-18T04:49:03.616+0000] {logging_mixin.py:188} INFO - [2025-11-18T04:49:03.616+0000] {dagbag.py:538} INFO - Filling up the DagBag from /opt/airflow/dags/master_pipeline_rotation.py
[2025-11-18T04:49:03.681+0000] {processor.py:840} INFO - DAG(s) 'master_tiki_lazada_pipeline_rotation' retrieved from /opt/airflow/dags/master_pipeline_rotation.py
[2025-11-18T04:49:03.726+0000] {logging_mixin.py:188} INFO - [2025-11-18T04:49:03.725+0000] {dag.py:3036} INFO - Sync 1 DAGs
[2025-11-18T04:49:03.742+0000] {logging_mixin.py:188} INFO - [2025-11-18T04:49:03.742+0000] {dag.py:3823} INFO - Setting next_dagrun for master_tiki_lazada_pipeline_rotation to 2025-11-17 00:00:00+00:00, run_after=2025-11-18 00:00:00+00:00
[2025-11-18T04:49:03.757+0000] {processor.py:183} INFO - Processing /opt/airflow/dags/master_pipeline_rotation.py took 0.147 seconds
[2025-11-18T04:49:34.136+0000] {processor.py:161} INFO - Started process (PID=207) to work on /opt/airflow/dags/master_pipeline_rotation.py
[2025-11-18T04:49:34.137+0000] {processor.py:830} INFO - Processing file /opt/airflow/dags/master_pipeline_rotation.py for tasks to queue
[2025-11-18T04:49:34.139+0000] {logging_mixin.py:188} INFO - [2025-11-18T04:49:34.138+0000] {dagbag.py:538} INFO - Filling up the DagBag from /opt/airflow/dags/master_pipeline_rotation.py
[2025-11-18T04:49:34.200+0000] {processor.py:840} INFO - DAG(s) 'master_tiki_lazada_pipeline_rotation' retrieved from /opt/airflow/dags/master_pipeline_rotation.py
[2025-11-18T04:49:34.244+0000] {logging_mixin.py:188} INFO - [2025-11-18T04:49:34.244+0000] {dag.py:3036} INFO - Sync 1 DAGs
[2025-11-18T04:49:34.262+0000] {logging_mixin.py:188} INFO - [2025-11-18T04:49:34.262+0000] {dag.py:3823} INFO - Setting next_dagrun for master_tiki_lazada_pipeline_rotation to 2025-11-17 00:00:00+00:00, run_after=2025-11-18 00:00:00+00:00
[2025-11-18T04:49:34.277+0000] {processor.py:183} INFO - Processing /opt/airflow/dags/master_pipeline_rotation.py took 0.145 seconds
[2025-11-18T04:50:04.696+0000] {processor.py:161} INFO - Started process (PID=217) to work on /opt/airflow/dags/master_pipeline_rotation.py
[2025-11-18T04:50:04.697+0000] {processor.py:830} INFO - Processing file /opt/airflow/dags/master_pipeline_rotation.py for tasks to queue
[2025-11-18T04:50:04.699+0000] {logging_mixin.py:188} INFO - [2025-11-18T04:50:04.699+0000] {dagbag.py:538} INFO - Filling up the DagBag from /opt/airflow/dags/master_pipeline_rotation.py
[2025-11-18T04:50:04.761+0000] {processor.py:840} INFO - DAG(s) 'master_tiki_lazada_pipeline_rotation' retrieved from /opt/airflow/dags/master_pipeline_rotation.py
[2025-11-18T04:50:04.811+0000] {logging_mixin.py:188} INFO - [2025-11-18T04:50:04.810+0000] {dag.py:3036} INFO - Sync 1 DAGs
[2025-11-18T04:50:04.829+0000] {logging_mixin.py:188} INFO - [2025-11-18T04:50:04.828+0000] {dag.py:3823} INFO - Setting next_dagrun for master_tiki_lazada_pipeline_rotation to 2025-11-17 00:00:00+00:00, run_after=2025-11-18 00:00:00+00:00
[2025-11-18T04:50:04.845+0000] {processor.py:183} INFO - Processing /opt/airflow/dags/master_pipeline_rotation.py took 0.153 seconds
[2025-11-18T04:50:35.302+0000] {processor.py:161} INFO - Started process (PID=227) to work on /opt/airflow/dags/master_pipeline_rotation.py
[2025-11-18T04:50:35.303+0000] {processor.py:830} INFO - Processing file /opt/airflow/dags/master_pipeline_rotation.py for tasks to queue
[2025-11-18T04:50:35.305+0000] {logging_mixin.py:188} INFO - [2025-11-18T04:50:35.304+0000] {dagbag.py:538} INFO - Filling up the DagBag from /opt/airflow/dags/master_pipeline_rotation.py
[2025-11-18T04:50:35.363+0000] {processor.py:840} INFO - DAG(s) 'master_tiki_lazada_pipeline_rotation' retrieved from /opt/airflow/dags/master_pipeline_rotation.py
[2025-11-18T04:50:35.413+0000] {logging_mixin.py:188} INFO - [2025-11-18T04:50:35.413+0000] {dag.py:3036} INFO - Sync 1 DAGs
[2025-11-18T04:50:35.432+0000] {logging_mixin.py:188} INFO - [2025-11-18T04:50:35.432+0000] {dag.py:3823} INFO - Setting next_dagrun for master_tiki_lazada_pipeline_rotation to 2025-11-17 00:00:00+00:00, run_after=2025-11-18 00:00:00+00:00
[2025-11-18T04:50:35.448+0000] {processor.py:183} INFO - Processing /opt/airflow/dags/master_pipeline_rotation.py took 0.149 seconds
[2025-11-18T04:51:05.913+0000] {processor.py:161} INFO - Started process (PID=237) to work on /opt/airflow/dags/master_pipeline_rotation.py
[2025-11-18T04:51:05.914+0000] {processor.py:830} INFO - Processing file /opt/airflow/dags/master_pipeline_rotation.py for tasks to queue
[2025-11-18T04:51:05.915+0000] {logging_mixin.py:188} INFO - [2025-11-18T04:51:05.915+0000] {dagbag.py:538} INFO - Filling up the DagBag from /opt/airflow/dags/master_pipeline_rotation.py
[2025-11-18T04:51:05.976+0000] {processor.py:840} INFO - DAG(s) 'master_tiki_lazada_pipeline_rotation' retrieved from /opt/airflow/dags/master_pipeline_rotation.py
[2025-11-18T04:51:06.026+0000] {logging_mixin.py:188} INFO - [2025-11-18T04:51:06.025+0000] {dag.py:3036} INFO - Sync 1 DAGs
[2025-11-18T04:51:06.043+0000] {logging_mixin.py:188} INFO - [2025-11-18T04:51:06.042+0000] {dag.py:3823} INFO - Setting next_dagrun for master_tiki_lazada_pipeline_rotation to 2025-11-17 00:00:00+00:00, run_after=2025-11-18 00:00:00+00:00
[2025-11-18T04:51:06.060+0000] {processor.py:183} INFO - Processing /opt/airflow/dags/master_pipeline_rotation.py took 0.150 seconds
[2025-11-18T04:51:36.480+0000] {processor.py:161} INFO - Started process (PID=247) to work on /opt/airflow/dags/master_pipeline_rotation.py
[2025-11-18T04:51:36.481+0000] {processor.py:830} INFO - Processing file /opt/airflow/dags/master_pipeline_rotation.py for tasks to queue
[2025-11-18T04:51:36.483+0000] {logging_mixin.py:188} INFO - [2025-11-18T04:51:36.482+0000] {dagbag.py:538} INFO - Filling up the DagBag from /opt/airflow/dags/master_pipeline_rotation.py
[2025-11-18T04:51:36.546+0000] {processor.py:840} INFO - DAG(s) 'master_tiki_lazada_pipeline_rotation' retrieved from /opt/airflow/dags/master_pipeline_rotation.py
[2025-11-18T04:51:36.592+0000] {logging_mixin.py:188} INFO - [2025-11-18T04:51:36.591+0000] {dag.py:3036} INFO - Sync 1 DAGs
[2025-11-18T04:51:36.610+0000] {logging_mixin.py:188} INFO - [2025-11-18T04:51:36.610+0000] {dag.py:3823} INFO - Setting next_dagrun for master_tiki_lazada_pipeline_rotation to 2025-11-17 00:00:00+00:00, run_after=2025-11-18 00:00:00+00:00
[2025-11-18T04:51:36.626+0000] {processor.py:183} INFO - Processing /opt/airflow/dags/master_pipeline_rotation.py took 0.149 seconds
[2025-11-18T04:52:06.982+0000] {processor.py:161} INFO - Started process (PID=257) to work on /opt/airflow/dags/master_pipeline_rotation.py
[2025-11-18T04:52:06.984+0000] {processor.py:830} INFO - Processing file /opt/airflow/dags/master_pipeline_rotation.py for tasks to queue
[2025-11-18T04:52:06.985+0000] {logging_mixin.py:188} INFO - [2025-11-18T04:52:06.985+0000] {dagbag.py:538} INFO - Filling up the DagBag from /opt/airflow/dags/master_pipeline_rotation.py
[2025-11-18T04:52:07.061+0000] {processor.py:840} INFO - DAG(s) 'master_tiki_lazada_pipeline_rotation' retrieved from /opt/airflow/dags/master_pipeline_rotation.py
[2025-11-18T04:52:07.113+0000] {logging_mixin.py:188} INFO - [2025-11-18T04:52:07.112+0000] {dag.py:3036} INFO - Sync 1 DAGs
[2025-11-18T04:52:07.132+0000] {logging_mixin.py:188} INFO - [2025-11-18T04:52:07.131+0000] {dag.py:3823} INFO - Setting next_dagrun for master_tiki_lazada_pipeline_rotation to 2025-11-17 00:00:00+00:00, run_after=2025-11-18 00:00:00+00:00
[2025-11-18T04:52:07.150+0000] {processor.py:183} INFO - Processing /opt/airflow/dags/master_pipeline_rotation.py took 0.172 seconds
[2025-11-18T04:52:37.560+0000] {processor.py:161} INFO - Started process (PID=267) to work on /opt/airflow/dags/master_pipeline_rotation.py
[2025-11-18T04:52:37.562+0000] {processor.py:830} INFO - Processing file /opt/airflow/dags/master_pipeline_rotation.py for tasks to queue
[2025-11-18T04:52:37.564+0000] {logging_mixin.py:188} INFO - [2025-11-18T04:52:37.564+0000] {dagbag.py:538} INFO - Filling up the DagBag from /opt/airflow/dags/master_pipeline_rotation.py
[2025-11-18T04:52:37.633+0000] {processor.py:840} INFO - DAG(s) 'master_tiki_lazada_pipeline_rotation' retrieved from /opt/airflow/dags/master_pipeline_rotation.py
[2025-11-18T04:52:37.679+0000] {logging_mixin.py:188} INFO - [2025-11-18T04:52:37.679+0000] {dag.py:3036} INFO - Sync 1 DAGs
[2025-11-18T04:52:37.697+0000] {logging_mixin.py:188} INFO - [2025-11-18T04:52:37.696+0000] {dag.py:3823} INFO - Setting next_dagrun for master_tiki_lazada_pipeline_rotation to 2025-11-17 00:00:00+00:00, run_after=2025-11-18 00:00:00+00:00
[2025-11-18T04:52:37.712+0000] {processor.py:183} INFO - Processing /opt/airflow/dags/master_pipeline_rotation.py took 0.156 seconds
[2025-11-18T04:53:08.112+0000] {processor.py:161} INFO - Started process (PID=277) to work on /opt/airflow/dags/master_pipeline_rotation.py
[2025-11-18T04:53:08.113+0000] {processor.py:830} INFO - Processing file /opt/airflow/dags/master_pipeline_rotation.py for tasks to queue
[2025-11-18T04:53:08.115+0000] {logging_mixin.py:188} INFO - [2025-11-18T04:53:08.115+0000] {dagbag.py:538} INFO - Filling up the DagBag from /opt/airflow/dags/master_pipeline_rotation.py
[2025-11-18T04:53:08.174+0000] {processor.py:840} INFO - DAG(s) 'master_tiki_lazada_pipeline_rotation' retrieved from /opt/airflow/dags/master_pipeline_rotation.py
[2025-11-18T04:53:08.225+0000] {logging_mixin.py:188} INFO - [2025-11-18T04:53:08.225+0000] {dag.py:3036} INFO - Sync 1 DAGs
[2025-11-18T04:53:08.242+0000] {logging_mixin.py:188} INFO - [2025-11-18T04:53:08.242+0000] {dag.py:3823} INFO - Setting next_dagrun for master_tiki_lazada_pipeline_rotation to 2025-11-17 00:00:00+00:00, run_after=2025-11-18 00:00:00+00:00
[2025-11-18T04:53:08.256+0000] {processor.py:183} INFO - Processing /opt/airflow/dags/master_pipeline_rotation.py took 0.147 seconds
[2025-11-18T04:53:38.616+0000] {processor.py:161} INFO - Started process (PID=287) to work on /opt/airflow/dags/master_pipeline_rotation.py
[2025-11-18T04:53:38.617+0000] {processor.py:830} INFO - Processing file /opt/airflow/dags/master_pipeline_rotation.py for tasks to queue
[2025-11-18T04:53:38.619+0000] {logging_mixin.py:188} INFO - [2025-11-18T04:53:38.619+0000] {dagbag.py:538} INFO - Filling up the DagBag from /opt/airflow/dags/master_pipeline_rotation.py
[2025-11-18T04:53:38.683+0000] {processor.py:840} INFO - DAG(s) 'master_tiki_lazada_pipeline_rotation' retrieved from /opt/airflow/dags/master_pipeline_rotation.py
[2025-11-18T04:53:38.727+0000] {logging_mixin.py:188} INFO - [2025-11-18T04:53:38.727+0000] {dag.py:3036} INFO - Sync 1 DAGs
[2025-11-18T04:53:38.744+0000] {logging_mixin.py:188} INFO - [2025-11-18T04:53:38.744+0000] {dag.py:3823} INFO - Setting next_dagrun for master_tiki_lazada_pipeline_rotation to 2025-11-17 00:00:00+00:00, run_after=2025-11-18 00:00:00+00:00
[2025-11-18T04:53:38.760+0000] {processor.py:183} INFO - Processing /opt/airflow/dags/master_pipeline_rotation.py took 0.147 seconds
[2025-11-18T04:54:09.138+0000] {processor.py:161} INFO - Started process (PID=297) to work on /opt/airflow/dags/master_pipeline_rotation.py
[2025-11-18T04:54:09.139+0000] {processor.py:830} INFO - Processing file /opt/airflow/dags/master_pipeline_rotation.py for tasks to queue
[2025-11-18T04:54:09.142+0000] {logging_mixin.py:188} INFO - [2025-11-18T04:54:09.141+0000] {dagbag.py:538} INFO - Filling up the DagBag from /opt/airflow/dags/master_pipeline_rotation.py
[2025-11-18T04:54:09.213+0000] {processor.py:840} INFO - DAG(s) 'master_tiki_lazada_pipeline_rotation' retrieved from /opt/airflow/dags/master_pipeline_rotation.py
[2025-11-18T04:54:09.258+0000] {logging_mixin.py:188} INFO - [2025-11-18T04:54:09.258+0000] {dag.py:3036} INFO - Sync 1 DAGs
[2025-11-18T04:54:09.276+0000] {logging_mixin.py:188} INFO - [2025-11-18T04:54:09.276+0000] {dag.py:3823} INFO - Setting next_dagrun for master_tiki_lazada_pipeline_rotation to 2025-11-17 00:00:00+00:00, run_after=2025-11-18 00:00:00+00:00
[2025-11-18T04:54:09.296+0000] {processor.py:183} INFO - Processing /opt/airflow/dags/master_pipeline_rotation.py took 0.161 seconds
[2025-11-18T04:54:39.618+0000] {processor.py:161} INFO - Started process (PID=307) to work on /opt/airflow/dags/master_pipeline_rotation.py
[2025-11-18T04:54:39.619+0000] {processor.py:830} INFO - Processing file /opt/airflow/dags/master_pipeline_rotation.py for tasks to queue
[2025-11-18T04:54:39.621+0000] {logging_mixin.py:188} INFO - [2025-11-18T04:54:39.621+0000] {dagbag.py:538} INFO - Filling up the DagBag from /opt/airflow/dags/master_pipeline_rotation.py
[2025-11-18T04:54:39.690+0000] {processor.py:840} INFO - DAG(s) 'master_tiki_lazada_pipeline_rotation' retrieved from /opt/airflow/dags/master_pipeline_rotation.py
[2025-11-18T04:54:39.736+0000] {logging_mixin.py:188} INFO - [2025-11-18T04:54:39.736+0000] {dag.py:3036} INFO - Sync 1 DAGs
[2025-11-18T04:54:39.757+0000] {logging_mixin.py:188} INFO - [2025-11-18T04:54:39.756+0000] {dag.py:3823} INFO - Setting next_dagrun for master_tiki_lazada_pipeline_rotation to 2025-11-17 00:00:00+00:00, run_after=2025-11-18 00:00:00+00:00
[2025-11-18T04:54:39.779+0000] {processor.py:183} INFO - Processing /opt/airflow/dags/master_pipeline_rotation.py took 0.165 seconds
[2025-11-18T04:55:10.112+0000] {processor.py:161} INFO - Started process (PID=317) to work on /opt/airflow/dags/master_pipeline_rotation.py
[2025-11-18T04:55:10.113+0000] {processor.py:830} INFO - Processing file /opt/airflow/dags/master_pipeline_rotation.py for tasks to queue
[2025-11-18T04:55:10.115+0000] {logging_mixin.py:188} INFO - [2025-11-18T04:55:10.115+0000] {dagbag.py:538} INFO - Filling up the DagBag from /opt/airflow/dags/master_pipeline_rotation.py
[2025-11-18T04:55:10.194+0000] {processor.py:840} INFO - DAG(s) 'master_tiki_lazada_pipeline_rotation' retrieved from /opt/airflow/dags/master_pipeline_rotation.py
[2025-11-18T04:55:10.250+0000] {logging_mixin.py:188} INFO - [2025-11-18T04:55:10.249+0000] {dag.py:3036} INFO - Sync 1 DAGs
[2025-11-18T04:55:10.274+0000] {logging_mixin.py:188} INFO - [2025-11-18T04:55:10.273+0000] {dag.py:3823} INFO - Setting next_dagrun for master_tiki_lazada_pipeline_rotation to 2025-11-17 00:00:00+00:00, run_after=2025-11-18 00:00:00+00:00
[2025-11-18T04:55:10.295+0000] {processor.py:183} INFO - Processing /opt/airflow/dags/master_pipeline_rotation.py took 0.186 seconds
[2025-11-18T04:55:40.677+0000] {processor.py:161} INFO - Started process (PID=327) to work on /opt/airflow/dags/master_pipeline_rotation.py
[2025-11-18T04:55:40.678+0000] {processor.py:830} INFO - Processing file /opt/airflow/dags/master_pipeline_rotation.py for tasks to queue
[2025-11-18T04:55:40.680+0000] {logging_mixin.py:188} INFO - [2025-11-18T04:55:40.680+0000] {dagbag.py:538} INFO - Filling up the DagBag from /opt/airflow/dags/master_pipeline_rotation.py
[2025-11-18T04:55:40.798+0000] {processor.py:840} INFO - DAG(s) 'master_tiki_lazada_pipeline_rotation' retrieved from /opt/airflow/dags/master_pipeline_rotation.py
[2025-11-18T04:55:40.857+0000] {logging_mixin.py:188} INFO - [2025-11-18T04:55:40.856+0000] {dag.py:3036} INFO - Sync 1 DAGs
[2025-11-18T04:55:40.885+0000] {logging_mixin.py:188} INFO - [2025-11-18T04:55:40.885+0000] {dag.py:3823} INFO - Setting next_dagrun for master_tiki_lazada_pipeline_rotation to 2025-11-17 00:00:00+00:00, run_after=2025-11-18 00:00:00+00:00
[2025-11-18T04:55:40.915+0000] {processor.py:183} INFO - Processing /opt/airflow/dags/master_pipeline_rotation.py took 0.241 seconds
[2025-11-18T04:56:11.328+0000] {processor.py:161} INFO - Started process (PID=337) to work on /opt/airflow/dags/master_pipeline_rotation.py
[2025-11-18T04:56:11.329+0000] {processor.py:830} INFO - Processing file /opt/airflow/dags/master_pipeline_rotation.py for tasks to queue
[2025-11-18T04:56:11.330+0000] {logging_mixin.py:188} INFO - [2025-11-18T04:56:11.330+0000] {dagbag.py:538} INFO - Filling up the DagBag from /opt/airflow/dags/master_pipeline_rotation.py
[2025-11-18T04:56:11.408+0000] {processor.py:840} INFO - DAG(s) 'master_tiki_lazada_pipeline_rotation' retrieved from /opt/airflow/dags/master_pipeline_rotation.py
[2025-11-18T04:56:11.459+0000] {logging_mixin.py:188} INFO - [2025-11-18T04:56:11.459+0000] {dag.py:3036} INFO - Sync 1 DAGs
[2025-11-18T04:56:11.478+0000] {logging_mixin.py:188} INFO - [2025-11-18T04:56:11.478+0000] {dag.py:3823} INFO - Setting next_dagrun for master_tiki_lazada_pipeline_rotation to 2025-11-17 00:00:00+00:00, run_after=2025-11-18 00:00:00+00:00
[2025-11-18T04:56:11.498+0000] {processor.py:183} INFO - Processing /opt/airflow/dags/master_pipeline_rotation.py took 0.173 seconds
[2025-11-18T04:56:42.056+0000] {processor.py:161} INFO - Started process (PID=347) to work on /opt/airflow/dags/master_pipeline_rotation.py
[2025-11-18T04:56:42.057+0000] {processor.py:830} INFO - Processing file /opt/airflow/dags/master_pipeline_rotation.py for tasks to queue
[2025-11-18T04:56:42.059+0000] {logging_mixin.py:188} INFO - [2025-11-18T04:56:42.058+0000] {dagbag.py:538} INFO - Filling up the DagBag from /opt/airflow/dags/master_pipeline_rotation.py
[2025-11-18T04:56:42.125+0000] {processor.py:840} INFO - DAG(s) 'master_tiki_lazada_pipeline_rotation' retrieved from /opt/airflow/dags/master_pipeline_rotation.py
[2025-11-18T04:56:42.175+0000] {logging_mixin.py:188} INFO - [2025-11-18T04:56:42.174+0000] {dag.py:3036} INFO - Sync 1 DAGs
[2025-11-18T04:56:42.191+0000] {logging_mixin.py:188} INFO - [2025-11-18T04:56:42.191+0000] {dag.py:3823} INFO - Setting next_dagrun for master_tiki_lazada_pipeline_rotation to 2025-11-17 00:00:00+00:00, run_after=2025-11-18 00:00:00+00:00
[2025-11-18T04:56:42.208+0000] {processor.py:183} INFO - Processing /opt/airflow/dags/master_pipeline_rotation.py took 0.155 seconds
[2025-11-18T04:57:12.558+0000] {processor.py:161} INFO - Started process (PID=357) to work on /opt/airflow/dags/master_pipeline_rotation.py
[2025-11-18T04:57:12.560+0000] {processor.py:830} INFO - Processing file /opt/airflow/dags/master_pipeline_rotation.py for tasks to queue
[2025-11-18T04:57:12.562+0000] {logging_mixin.py:188} INFO - [2025-11-18T04:57:12.561+0000] {dagbag.py:538} INFO - Filling up the DagBag from /opt/airflow/dags/master_pipeline_rotation.py
[2025-11-18T04:57:12.645+0000] {processor.py:840} INFO - DAG(s) 'master_tiki_lazada_pipeline_rotation' retrieved from /opt/airflow/dags/master_pipeline_rotation.py
[2025-11-18T04:57:12.699+0000] {logging_mixin.py:188} INFO - [2025-11-18T04:57:12.699+0000] {dag.py:3036} INFO - Sync 1 DAGs
[2025-11-18T04:57:12.718+0000] {logging_mixin.py:188} INFO - [2025-11-18T04:57:12.718+0000] {dag.py:3823} INFO - Setting next_dagrun for master_tiki_lazada_pipeline_rotation to 2025-11-17 00:00:00+00:00, run_after=2025-11-18 00:00:00+00:00
[2025-11-18T04:57:12.737+0000] {processor.py:183} INFO - Processing /opt/airflow/dags/master_pipeline_rotation.py took 0.183 seconds
[2025-11-18T04:58:26.064+0000] {processor.py:161} INFO - Started process (PID=35) to work on /opt/airflow/dags/master_pipeline_rotation.py
[2025-11-18T04:58:26.067+0000] {processor.py:830} INFO - Processing file /opt/airflow/dags/master_pipeline_rotation.py for tasks to queue
[2025-11-18T04:58:26.075+0000] {logging_mixin.py:188} INFO - [2025-11-18T04:58:26.074+0000] {dagbag.py:538} INFO - Filling up the DagBag from /opt/airflow/dags/master_pipeline_rotation.py
[2025-11-18T04:58:26.236+0000] {processor.py:840} INFO - DAG(s) 'master_tiki_lazada_pipeline_rotation' retrieved from /opt/airflow/dags/master_pipeline_rotation.py
[2025-11-18T04:58:26.271+0000] {logging_mixin.py:188} INFO - [2025-11-18T04:58:26.271+0000] {dag.py:3036} INFO - Sync 1 DAGs
[2025-11-18T04:58:26.304+0000] {logging_mixin.py:188} INFO - [2025-11-18T04:58:26.304+0000] {dag.py:3823} INFO - Setting next_dagrun for master_tiki_lazada_pipeline_rotation to 2025-11-17 00:00:00+00:00, run_after=2025-11-18 00:00:00+00:00
[2025-11-18T04:58:26.328+0000] {processor.py:183} INFO - Processing /opt/airflow/dags/master_pipeline_rotation.py took 0.270 seconds
[2025-11-18T04:58:56.676+0000] {processor.py:161} INFO - Started process (PID=45) to work on /opt/airflow/dags/master_pipeline_rotation.py
[2025-11-18T04:58:56.677+0000] {processor.py:830} INFO - Processing file /opt/airflow/dags/master_pipeline_rotation.py for tasks to queue
[2025-11-18T04:58:56.679+0000] {logging_mixin.py:188} INFO - [2025-11-18T04:58:56.679+0000] {dagbag.py:538} INFO - Filling up the DagBag from /opt/airflow/dags/master_pipeline_rotation.py
[2025-11-18T04:58:56.756+0000] {processor.py:840} INFO - DAG(s) 'master_tiki_lazada_pipeline_rotation' retrieved from /opt/airflow/dags/master_pipeline_rotation.py
[2025-11-18T04:58:56.887+0000] {logging_mixin.py:188} INFO - [2025-11-18T04:58:56.886+0000] {dag.py:3036} INFO - Sync 1 DAGs
[2025-11-18T04:58:56.905+0000] {logging_mixin.py:188} INFO - [2025-11-18T04:58:56.905+0000] {dag.py:3823} INFO - Setting next_dagrun for master_tiki_lazada_pipeline_rotation to 2025-11-17 00:00:00+00:00, run_after=2025-11-18 00:00:00+00:00
[2025-11-18T04:58:56.925+0000] {processor.py:183} INFO - Processing /opt/airflow/dags/master_pipeline_rotation.py took 0.252 seconds
[2025-11-18T04:59:27.278+0000] {processor.py:161} INFO - Started process (PID=55) to work on /opt/airflow/dags/master_pipeline_rotation.py
[2025-11-18T04:59:27.278+0000] {processor.py:830} INFO - Processing file /opt/airflow/dags/master_pipeline_rotation.py for tasks to queue
[2025-11-18T04:59:27.280+0000] {logging_mixin.py:188} INFO - [2025-11-18T04:59:27.280+0000] {dagbag.py:538} INFO - Filling up the DagBag from /opt/airflow/dags/master_pipeline_rotation.py
[2025-11-18T04:59:27.349+0000] {processor.py:840} INFO - DAG(s) 'master_tiki_lazada_pipeline_rotation' retrieved from /opt/airflow/dags/master_pipeline_rotation.py
[2025-11-18T04:59:27.396+0000] {logging_mixin.py:188} INFO - [2025-11-18T04:59:27.396+0000] {dag.py:3036} INFO - Sync 1 DAGs
[2025-11-18T04:59:27.413+0000] {logging_mixin.py:188} INFO - [2025-11-18T04:59:27.413+0000] {dag.py:3823} INFO - Setting next_dagrun for master_tiki_lazada_pipeline_rotation to 2025-11-17 00:00:00+00:00, run_after=2025-11-18 00:00:00+00:00
[2025-11-18T04:59:27.431+0000] {processor.py:183} INFO - Processing /opt/airflow/dags/master_pipeline_rotation.py took 0.156 seconds
[2025-11-18T04:59:57.801+0000] {processor.py:161} INFO - Started process (PID=65) to work on /opt/airflow/dags/master_pipeline_rotation.py
[2025-11-18T04:59:57.802+0000] {processor.py:830} INFO - Processing file /opt/airflow/dags/master_pipeline_rotation.py for tasks to queue
[2025-11-18T04:59:57.804+0000] {logging_mixin.py:188} INFO - [2025-11-18T04:59:57.803+0000] {dagbag.py:538} INFO - Filling up the DagBag from /opt/airflow/dags/master_pipeline_rotation.py
[2025-11-18T04:59:57.870+0000] {processor.py:840} INFO - DAG(s) 'master_tiki_lazada_pipeline_rotation' retrieved from /opt/airflow/dags/master_pipeline_rotation.py
[2025-11-18T04:59:57.921+0000] {logging_mixin.py:188} INFO - [2025-11-18T04:59:57.920+0000] {dag.py:3036} INFO - Sync 1 DAGs
[2025-11-18T04:59:57.938+0000] {logging_mixin.py:188} INFO - [2025-11-18T04:59:57.938+0000] {dag.py:3823} INFO - Setting next_dagrun for master_tiki_lazada_pipeline_rotation to 2025-11-17 00:00:00+00:00, run_after=2025-11-18 00:00:00+00:00
[2025-11-18T04:59:57.956+0000] {processor.py:183} INFO - Processing /opt/airflow/dags/master_pipeline_rotation.py took 0.158 seconds
[2025-11-18T05:00:28.341+0000] {processor.py:161} INFO - Started process (PID=75) to work on /opt/airflow/dags/master_pipeline_rotation.py
[2025-11-18T05:00:28.341+0000] {processor.py:830} INFO - Processing file /opt/airflow/dags/master_pipeline_rotation.py for tasks to queue
[2025-11-18T05:00:28.344+0000] {logging_mixin.py:188} INFO - [2025-11-18T05:00:28.343+0000] {dagbag.py:538} INFO - Filling up the DagBag from /opt/airflow/dags/master_pipeline_rotation.py
[2025-11-18T05:00:28.418+0000] {processor.py:840} INFO - DAG(s) 'master_tiki_lazada_pipeline_rotation' retrieved from /opt/airflow/dags/master_pipeline_rotation.py
[2025-11-18T05:00:28.464+0000] {logging_mixin.py:188} INFO - [2025-11-18T05:00:28.464+0000] {dag.py:3036} INFO - Sync 1 DAGs
[2025-11-18T05:00:28.484+0000] {logging_mixin.py:188} INFO - [2025-11-18T05:00:28.483+0000] {dag.py:3823} INFO - Setting next_dagrun for master_tiki_lazada_pipeline_rotation to 2025-11-17 00:00:00+00:00, run_after=2025-11-18 00:00:00+00:00
[2025-11-18T05:00:28.501+0000] {processor.py:183} INFO - Processing /opt/airflow/dags/master_pipeline_rotation.py took 0.163 seconds
[2025-11-18T05:00:58.871+0000] {processor.py:161} INFO - Started process (PID=85) to work on /opt/airflow/dags/master_pipeline_rotation.py
[2025-11-18T05:00:58.872+0000] {processor.py:830} INFO - Processing file /opt/airflow/dags/master_pipeline_rotation.py for tasks to queue
[2025-11-18T05:00:58.874+0000] {logging_mixin.py:188} INFO - [2025-11-18T05:00:58.874+0000] {dagbag.py:538} INFO - Filling up the DagBag from /opt/airflow/dags/master_pipeline_rotation.py
[2025-11-18T05:00:58.938+0000] {processor.py:840} INFO - DAG(s) 'master_tiki_lazada_pipeline_rotation' retrieved from /opt/airflow/dags/master_pipeline_rotation.py
[2025-11-18T05:00:58.987+0000] {logging_mixin.py:188} INFO - [2025-11-18T05:00:58.987+0000] {dag.py:3036} INFO - Sync 1 DAGs
[2025-11-18T05:00:59.004+0000] {logging_mixin.py:188} INFO - [2025-11-18T05:00:59.004+0000] {dag.py:3823} INFO - Setting next_dagrun for master_tiki_lazada_pipeline_rotation to 2025-11-17 00:00:00+00:00, run_after=2025-11-18 00:00:00+00:00
[2025-11-18T05:00:59.021+0000] {processor.py:183} INFO - Processing /opt/airflow/dags/master_pipeline_rotation.py took 0.153 seconds
[2025-11-18T05:01:29.414+0000] {processor.py:161} INFO - Started process (PID=95) to work on /opt/airflow/dags/master_pipeline_rotation.py
[2025-11-18T05:01:29.415+0000] {processor.py:830} INFO - Processing file /opt/airflow/dags/master_pipeline_rotation.py for tasks to queue
[2025-11-18T05:01:29.417+0000] {logging_mixin.py:188} INFO - [2025-11-18T05:01:29.417+0000] {dagbag.py:538} INFO - Filling up the DagBag from /opt/airflow/dags/master_pipeline_rotation.py
[2025-11-18T05:01:29.493+0000] {processor.py:840} INFO - DAG(s) 'master_tiki_lazada_pipeline_rotation' retrieved from /opt/airflow/dags/master_pipeline_rotation.py
[2025-11-18T05:01:29.540+0000] {logging_mixin.py:188} INFO - [2025-11-18T05:01:29.540+0000] {dag.py:3036} INFO - Sync 1 DAGs
[2025-11-18T05:01:29.560+0000] {logging_mixin.py:188} INFO - [2025-11-18T05:01:29.560+0000] {dag.py:3823} INFO - Setting next_dagrun for master_tiki_lazada_pipeline_rotation to 2025-11-17 00:00:00+00:00, run_after=2025-11-18 00:00:00+00:00
[2025-11-18T05:01:29.580+0000] {processor.py:183} INFO - Processing /opt/airflow/dags/master_pipeline_rotation.py took 0.168 seconds
[2025-11-18T05:01:59.946+0000] {processor.py:161} INFO - Started process (PID=105) to work on /opt/airflow/dags/master_pipeline_rotation.py
[2025-11-18T05:01:59.947+0000] {processor.py:830} INFO - Processing file /opt/airflow/dags/master_pipeline_rotation.py for tasks to queue
[2025-11-18T05:01:59.949+0000] {logging_mixin.py:188} INFO - [2025-11-18T05:01:59.949+0000] {dagbag.py:538} INFO - Filling up the DagBag from /opt/airflow/dags/master_pipeline_rotation.py
[2025-11-18T05:02:00.019+0000] {processor.py:840} INFO - DAG(s) 'master_tiki_lazada_pipeline_rotation' retrieved from /opt/airflow/dags/master_pipeline_rotation.py
[2025-11-18T05:02:00.069+0000] {logging_mixin.py:188} INFO - [2025-11-18T05:02:00.069+0000] {dag.py:3036} INFO - Sync 1 DAGs
[2025-11-18T05:02:00.087+0000] {logging_mixin.py:188} INFO - [2025-11-18T05:02:00.087+0000] {dag.py:3823} INFO - Setting next_dagrun for master_tiki_lazada_pipeline_rotation to 2025-11-17 00:00:00+00:00, run_after=2025-11-18 00:00:00+00:00
[2025-11-18T05:02:00.102+0000] {processor.py:183} INFO - Processing /opt/airflow/dags/master_pipeline_rotation.py took 0.159 seconds
[2025-11-18T05:02:30.476+0000] {processor.py:161} INFO - Started process (PID=115) to work on /opt/airflow/dags/master_pipeline_rotation.py
[2025-11-18T05:02:30.477+0000] {processor.py:830} INFO - Processing file /opt/airflow/dags/master_pipeline_rotation.py for tasks to queue
[2025-11-18T05:02:30.479+0000] {logging_mixin.py:188} INFO - [2025-11-18T05:02:30.479+0000] {dagbag.py:538} INFO - Filling up the DagBag from /opt/airflow/dags/master_pipeline_rotation.py
[2025-11-18T05:02:30.544+0000] {processor.py:840} INFO - DAG(s) 'master_tiki_lazada_pipeline_rotation' retrieved from /opt/airflow/dags/master_pipeline_rotation.py
[2025-11-18T05:02:30.593+0000] {logging_mixin.py:188} INFO - [2025-11-18T05:02:30.593+0000] {dag.py:3036} INFO - Sync 1 DAGs
[2025-11-18T05:02:30.612+0000] {logging_mixin.py:188} INFO - [2025-11-18T05:02:30.612+0000] {dag.py:3823} INFO - Setting next_dagrun for master_tiki_lazada_pipeline_rotation to 2025-11-17 00:00:00+00:00, run_after=2025-11-18 00:00:00+00:00
[2025-11-18T05:02:30.630+0000] {processor.py:183} INFO - Processing /opt/airflow/dags/master_pipeline_rotation.py took 0.157 seconds
[2025-11-18T05:03:00.980+0000] {processor.py:161} INFO - Started process (PID=125) to work on /opt/airflow/dags/master_pipeline_rotation.py
[2025-11-18T05:03:00.981+0000] {processor.py:830} INFO - Processing file /opt/airflow/dags/master_pipeline_rotation.py for tasks to queue
[2025-11-18T05:03:00.982+0000] {logging_mixin.py:188} INFO - [2025-11-18T05:03:00.982+0000] {dagbag.py:538} INFO - Filling up the DagBag from /opt/airflow/dags/master_pipeline_rotation.py
[2025-11-18T05:03:01.066+0000] {processor.py:840} INFO - DAG(s) 'master_tiki_lazada_pipeline_rotation' retrieved from /opt/airflow/dags/master_pipeline_rotation.py
[2025-11-18T05:03:01.131+0000] {logging_mixin.py:188} INFO - [2025-11-18T05:03:01.131+0000] {dag.py:3036} INFO - Sync 1 DAGs
[2025-11-18T05:03:01.150+0000] {logging_mixin.py:188} INFO - [2025-11-18T05:03:01.150+0000] {dag.py:3823} INFO - Setting next_dagrun for master_tiki_lazada_pipeline_rotation to 2025-11-17 00:00:00+00:00, run_after=2025-11-18 00:00:00+00:00
[2025-11-18T05:03:01.171+0000] {processor.py:183} INFO - Processing /opt/airflow/dags/master_pipeline_rotation.py took 0.194 seconds
[2025-11-18T05:03:31.648+0000] {processor.py:161} INFO - Started process (PID=135) to work on /opt/airflow/dags/master_pipeline_rotation.py
[2025-11-18T05:03:31.649+0000] {processor.py:830} INFO - Processing file /opt/airflow/dags/master_pipeline_rotation.py for tasks to queue
[2025-11-18T05:03:31.650+0000] {logging_mixin.py:188} INFO - [2025-11-18T05:03:31.650+0000] {dagbag.py:538} INFO - Filling up the DagBag from /opt/airflow/dags/master_pipeline_rotation.py
[2025-11-18T05:03:31.719+0000] {processor.py:840} INFO - DAG(s) 'master_tiki_lazada_pipeline_rotation' retrieved from /opt/airflow/dags/master_pipeline_rotation.py
[2025-11-18T05:03:31.769+0000] {logging_mixin.py:188} INFO - [2025-11-18T05:03:31.769+0000] {dag.py:3036} INFO - Sync 1 DAGs
[2025-11-18T05:03:31.786+0000] {logging_mixin.py:188} INFO - [2025-11-18T05:03:31.786+0000] {dag.py:3823} INFO - Setting next_dagrun for master_tiki_lazada_pipeline_rotation to 2025-11-17 00:00:00+00:00, run_after=2025-11-18 00:00:00+00:00
[2025-11-18T05:03:31.803+0000] {processor.py:183} INFO - Processing /opt/airflow/dags/master_pipeline_rotation.py took 0.158 seconds
[2025-11-18T05:27:18.449+0000] {processor.py:161} INFO - Started process (PID=138) to work on /opt/airflow/dags/master_pipeline_rotation.py
[2025-11-18T05:27:18.451+0000] {processor.py:830} INFO - Processing file /opt/airflow/dags/master_pipeline_rotation.py for tasks to queue
[2025-11-18T05:27:18.464+0000] {logging_mixin.py:188} INFO - [2025-11-18T05:27:18.463+0000] {dagbag.py:538} INFO - Filling up the DagBag from /opt/airflow/dags/master_pipeline_rotation.py
[2025-11-18T05:27:18.905+0000] {processor.py:840} INFO - DAG(s) 'master_tiki_lazada_pipeline_rotation' retrieved from /opt/airflow/dags/master_pipeline_rotation.py
[2025-11-18T05:27:19.018+0000] {logging_mixin.py:188} INFO - [2025-11-18T05:27:19.018+0000] {dag.py:3036} INFO - Sync 1 DAGs
[2025-11-18T05:27:19.091+0000] {logging_mixin.py:188} INFO - [2025-11-18T05:27:19.090+0000] {dag.py:3823} INFO - Setting next_dagrun for master_tiki_lazada_pipeline_rotation to 2025-11-17 00:00:00+00:00, run_after=2025-11-18 00:00:00+00:00
[2025-11-18T05:27:19.166+0000] {processor.py:183} INFO - Processing /opt/airflow/dags/master_pipeline_rotation.py took 0.721 seconds
[2025-11-18T06:03:36.524+0000] {processor.py:161} INFO - Started process (PID=148) to work on /opt/airflow/dags/master_pipeline_rotation.py
[2025-11-18T06:03:36.530+0000] {processor.py:830} INFO - Processing file /opt/airflow/dags/master_pipeline_rotation.py for tasks to queue
[2025-11-18T06:03:36.534+0000] {logging_mixin.py:188} INFO - [2025-11-18T06:03:36.533+0000] {dagbag.py:538} INFO - Filling up the DagBag from /opt/airflow/dags/master_pipeline_rotation.py
[2025-11-18T06:03:37.036+0000] {processor.py:840} INFO - DAG(s) 'master_tiki_lazada_pipeline_rotation' retrieved from /opt/airflow/dags/master_pipeline_rotation.py
[2025-11-18T06:03:37.155+0000] {logging_mixin.py:188} INFO - [2025-11-18T06:03:37.155+0000] {dag.py:3036} INFO - Sync 1 DAGs
[2025-11-18T06:03:37.268+0000] {logging_mixin.py:188} INFO - [2025-11-18T06:03:37.267+0000] {dag.py:3823} INFO - Setting next_dagrun for master_tiki_lazada_pipeline_rotation to 2025-11-17 00:00:00+00:00, run_after=2025-11-18 00:00:00+00:00
[2025-11-18T06:03:37.497+0000] {processor.py:183} INFO - Processing /opt/airflow/dags/master_pipeline_rotation.py took 0.983 seconds
