[2025-11-18T04:40:23.071+0000] {processor.py:161} INFO - Started process (PID=34) to work on /opt/airflow/dags/reviews_pipeline.py
[2025-11-18T04:40:23.073+0000] {processor.py:830} INFO - Processing file /opt/airflow/dags/reviews_pipeline.py for tasks to queue
[2025-11-18T04:40:23.078+0000] {logging_mixin.py:188} INFO - [2025-11-18T04:40:23.077+0000] {dagbag.py:538} INFO - Filling up the DagBag from /opt/airflow/dags/reviews_pipeline.py
[2025-11-18T04:40:23.193+0000] {processor.py:840} INFO - DAG(s) 'weekly_reviews_pipeline' retrieved from /opt/airflow/dags/reviews_pipeline.py
[2025-11-18T04:40:23.637+0000] {logging_mixin.py:188} INFO - [2025-11-18T04:40:23.637+0000] {override.py:1769} INFO - Created Permission View: can read on DAG:weekly_reviews_pipeline
[2025-11-18T04:40:23.652+0000] {logging_mixin.py:188} INFO - [2025-11-18T04:40:23.652+0000] {override.py:1769} INFO - Created Permission View: can edit on DAG:weekly_reviews_pipeline
[2025-11-18T04:40:23.661+0000] {logging_mixin.py:188} INFO - [2025-11-18T04:40:23.660+0000] {override.py:1769} INFO - Created Permission View: can delete on DAG:weekly_reviews_pipeline
[2025-11-18T04:40:23.661+0000] {logging_mixin.py:188} INFO - [2025-11-18T04:40:23.661+0000] {dag.py:3036} INFO - Sync 1 DAGs
[2025-11-18T04:40:23.676+0000] {logging_mixin.py:188} INFO - [2025-11-18T04:40:23.676+0000] {dag.py:3058} INFO - Creating ORM DAG for weekly_reviews_pipeline
[2025-11-18T04:40:23.694+0000] {logging_mixin.py:188} INFO - [2025-11-18T04:40:23.694+0000] {dag.py:3823} INFO - Setting next_dagrun for weekly_reviews_pipeline to 2025-11-09 00:00:00+00:00, run_after=2025-11-16 00:00:00+00:00
[2025-11-18T04:40:23.725+0000] {processor.py:183} INFO - Processing /opt/airflow/dags/reviews_pipeline.py took 0.660 seconds
[2025-11-18T04:40:54.597+0000] {processor.py:161} INFO - Started process (PID=43) to work on /opt/airflow/dags/reviews_pipeline.py
[2025-11-18T04:40:54.599+0000] {processor.py:830} INFO - Processing file /opt/airflow/dags/reviews_pipeline.py for tasks to queue
[2025-11-18T04:40:54.600+0000] {logging_mixin.py:188} INFO - [2025-11-18T04:40:54.600+0000] {dagbag.py:538} INFO - Filling up the DagBag from /opt/airflow/dags/reviews_pipeline.py
[2025-11-18T04:40:54.626+0000] {processor.py:840} INFO - DAG(s) 'weekly_reviews_pipeline' retrieved from /opt/airflow/dags/reviews_pipeline.py
[2025-11-18T04:40:54.650+0000] {logging_mixin.py:188} INFO - [2025-11-18T04:40:54.650+0000] {dag.py:3036} INFO - Sync 1 DAGs
[2025-11-18T04:40:54.668+0000] {logging_mixin.py:188} INFO - [2025-11-18T04:40:54.668+0000] {dag.py:3823} INFO - Setting next_dagrun for weekly_reviews_pipeline to 2025-11-09 00:00:00+00:00, run_after=2025-11-16 00:00:00+00:00
[2025-11-18T04:40:54.691+0000] {processor.py:183} INFO - Processing /opt/airflow/dags/reviews_pipeline.py took 0.096 seconds
[2025-11-18T04:41:25.123+0000] {processor.py:161} INFO - Started process (PID=53) to work on /opt/airflow/dags/reviews_pipeline.py
[2025-11-18T04:41:25.124+0000] {processor.py:830} INFO - Processing file /opt/airflow/dags/reviews_pipeline.py for tasks to queue
[2025-11-18T04:41:25.126+0000] {logging_mixin.py:188} INFO - [2025-11-18T04:41:25.125+0000] {dagbag.py:538} INFO - Filling up the DagBag from /opt/airflow/dags/reviews_pipeline.py
[2025-11-18T04:41:25.151+0000] {processor.py:840} INFO - DAG(s) 'weekly_reviews_pipeline' retrieved from /opt/airflow/dags/reviews_pipeline.py
[2025-11-18T04:41:25.174+0000] {logging_mixin.py:188} INFO - [2025-11-18T04:41:25.174+0000] {dag.py:3036} INFO - Sync 1 DAGs
[2025-11-18T04:41:25.193+0000] {logging_mixin.py:188} INFO - [2025-11-18T04:41:25.193+0000] {dag.py:3823} INFO - Setting next_dagrun for weekly_reviews_pipeline to 2025-11-09 00:00:00+00:00, run_after=2025-11-16 00:00:00+00:00
[2025-11-18T04:41:25.212+0000] {processor.py:183} INFO - Processing /opt/airflow/dags/reviews_pipeline.py took 0.093 seconds
[2025-11-18T04:41:55.702+0000] {processor.py:161} INFO - Started process (PID=63) to work on /opt/airflow/dags/reviews_pipeline.py
[2025-11-18T04:41:55.704+0000] {processor.py:830} INFO - Processing file /opt/airflow/dags/reviews_pipeline.py for tasks to queue
[2025-11-18T04:41:55.705+0000] {logging_mixin.py:188} INFO - [2025-11-18T04:41:55.705+0000] {dagbag.py:538} INFO - Filling up the DagBag from /opt/airflow/dags/reviews_pipeline.py
[2025-11-18T04:41:55.726+0000] {processor.py:840} INFO - DAG(s) 'weekly_reviews_pipeline' retrieved from /opt/airflow/dags/reviews_pipeline.py
[2025-11-18T04:41:55.751+0000] {logging_mixin.py:188} INFO - [2025-11-18T04:41:55.750+0000] {dag.py:3036} INFO - Sync 1 DAGs
[2025-11-18T04:41:55.769+0000] {logging_mixin.py:188} INFO - [2025-11-18T04:41:55.768+0000] {dag.py:3823} INFO - Setting next_dagrun for weekly_reviews_pipeline to 2025-11-09 00:00:00+00:00, run_after=2025-11-16 00:00:00+00:00
[2025-11-18T04:41:55.791+0000] {processor.py:183} INFO - Processing /opt/airflow/dags/reviews_pipeline.py took 0.092 seconds
[2025-11-18T04:42:26.314+0000] {processor.py:161} INFO - Started process (PID=73) to work on /opt/airflow/dags/reviews_pipeline.py
[2025-11-18T04:42:26.315+0000] {processor.py:830} INFO - Processing file /opt/airflow/dags/reviews_pipeline.py for tasks to queue
[2025-11-18T04:42:26.317+0000] {logging_mixin.py:188} INFO - [2025-11-18T04:42:26.316+0000] {dagbag.py:538} INFO - Filling up the DagBag from /opt/airflow/dags/reviews_pipeline.py
[2025-11-18T04:42:26.345+0000] {processor.py:840} INFO - DAG(s) 'weekly_reviews_pipeline' retrieved from /opt/airflow/dags/reviews_pipeline.py
[2025-11-18T04:42:26.374+0000] {logging_mixin.py:188} INFO - [2025-11-18T04:42:26.374+0000] {dag.py:3036} INFO - Sync 1 DAGs
[2025-11-18T04:42:26.399+0000] {logging_mixin.py:188} INFO - [2025-11-18T04:42:26.399+0000] {dag.py:3823} INFO - Setting next_dagrun for weekly_reviews_pipeline to 2025-11-09 00:00:00+00:00, run_after=2025-11-16 00:00:00+00:00
[2025-11-18T04:42:26.422+0000] {processor.py:183} INFO - Processing /opt/airflow/dags/reviews_pipeline.py took 0.112 seconds
[2025-11-18T04:42:56.912+0000] {processor.py:161} INFO - Started process (PID=83) to work on /opt/airflow/dags/reviews_pipeline.py
[2025-11-18T04:42:56.913+0000] {processor.py:830} INFO - Processing file /opt/airflow/dags/reviews_pipeline.py for tasks to queue
[2025-11-18T04:42:56.915+0000] {logging_mixin.py:188} INFO - [2025-11-18T04:42:56.914+0000] {dagbag.py:538} INFO - Filling up the DagBag from /opt/airflow/dags/reviews_pipeline.py
[2025-11-18T04:42:56.936+0000] {processor.py:840} INFO - DAG(s) 'weekly_reviews_pipeline' retrieved from /opt/airflow/dags/reviews_pipeline.py
[2025-11-18T04:42:56.965+0000] {logging_mixin.py:188} INFO - [2025-11-18T04:42:56.965+0000] {dag.py:3036} INFO - Sync 1 DAGs
[2025-11-18T04:42:56.985+0000] {logging_mixin.py:188} INFO - [2025-11-18T04:42:56.985+0000] {dag.py:3823} INFO - Setting next_dagrun for weekly_reviews_pipeline to 2025-11-09 00:00:00+00:00, run_after=2025-11-16 00:00:00+00:00
[2025-11-18T04:42:57.011+0000] {processor.py:183} INFO - Processing /opt/airflow/dags/reviews_pipeline.py took 0.102 seconds
[2025-11-18T04:43:27.435+0000] {processor.py:161} INFO - Started process (PID=93) to work on /opt/airflow/dags/reviews_pipeline.py
[2025-11-18T04:43:27.436+0000] {processor.py:830} INFO - Processing file /opt/airflow/dags/reviews_pipeline.py for tasks to queue
[2025-11-18T04:43:27.438+0000] {logging_mixin.py:188} INFO - [2025-11-18T04:43:27.438+0000] {dagbag.py:538} INFO - Filling up the DagBag from /opt/airflow/dags/reviews_pipeline.py
[2025-11-18T04:43:27.458+0000] {processor.py:840} INFO - DAG(s) 'weekly_reviews_pipeline' retrieved from /opt/airflow/dags/reviews_pipeline.py
[2025-11-18T04:43:27.484+0000] {logging_mixin.py:188} INFO - [2025-11-18T04:43:27.484+0000] {dag.py:3036} INFO - Sync 1 DAGs
[2025-11-18T04:43:27.511+0000] {logging_mixin.py:188} INFO - [2025-11-18T04:43:27.511+0000] {dag.py:3823} INFO - Setting next_dagrun for weekly_reviews_pipeline to 2025-11-09 00:00:00+00:00, run_after=2025-11-16 00:00:00+00:00
[2025-11-18T04:43:27.532+0000] {processor.py:183} INFO - Processing /opt/airflow/dags/reviews_pipeline.py took 0.100 seconds
[2025-11-18T04:43:58.012+0000] {processor.py:161} INFO - Started process (PID=103) to work on /opt/airflow/dags/reviews_pipeline.py
[2025-11-18T04:43:58.013+0000] {processor.py:830} INFO - Processing file /opt/airflow/dags/reviews_pipeline.py for tasks to queue
[2025-11-18T04:43:58.015+0000] {logging_mixin.py:188} INFO - [2025-11-18T04:43:58.015+0000] {dagbag.py:538} INFO - Filling up the DagBag from /opt/airflow/dags/reviews_pipeline.py
[2025-11-18T04:43:58.038+0000] {processor.py:840} INFO - DAG(s) 'weekly_reviews_pipeline' retrieved from /opt/airflow/dags/reviews_pipeline.py
[2025-11-18T04:43:58.066+0000] {logging_mixin.py:188} INFO - [2025-11-18T04:43:58.066+0000] {dag.py:3036} INFO - Sync 1 DAGs
[2025-11-18T04:43:58.086+0000] {logging_mixin.py:188} INFO - [2025-11-18T04:43:58.086+0000] {dag.py:3823} INFO - Setting next_dagrun for weekly_reviews_pipeline to 2025-11-09 00:00:00+00:00, run_after=2025-11-16 00:00:00+00:00
[2025-11-18T04:43:58.107+0000] {processor.py:183} INFO - Processing /opt/airflow/dags/reviews_pipeline.py took 0.098 seconds
[2025-11-18T04:44:28.561+0000] {processor.py:161} INFO - Started process (PID=113) to work on /opt/airflow/dags/reviews_pipeline.py
[2025-11-18T04:44:28.562+0000] {processor.py:830} INFO - Processing file /opt/airflow/dags/reviews_pipeline.py for tasks to queue
[2025-11-18T04:44:28.564+0000] {logging_mixin.py:188} INFO - [2025-11-18T04:44:28.564+0000] {dagbag.py:538} INFO - Filling up the DagBag from /opt/airflow/dags/reviews_pipeline.py
[2025-11-18T04:44:28.588+0000] {processor.py:840} INFO - DAG(s) 'weekly_reviews_pipeline' retrieved from /opt/airflow/dags/reviews_pipeline.py
[2025-11-18T04:44:28.615+0000] {logging_mixin.py:188} INFO - [2025-11-18T04:44:28.615+0000] {dag.py:3036} INFO - Sync 1 DAGs
[2025-11-18T04:44:28.639+0000] {logging_mixin.py:188} INFO - [2025-11-18T04:44:28.639+0000] {dag.py:3823} INFO - Setting next_dagrun for weekly_reviews_pipeline to 2025-11-09 00:00:00+00:00, run_after=2025-11-16 00:00:00+00:00
[2025-11-18T04:44:28.660+0000] {processor.py:183} INFO - Processing /opt/airflow/dags/reviews_pipeline.py took 0.103 seconds
[2025-11-18T04:44:59.096+0000] {processor.py:161} INFO - Started process (PID=123) to work on /opt/airflow/dags/reviews_pipeline.py
[2025-11-18T04:44:59.097+0000] {processor.py:830} INFO - Processing file /opt/airflow/dags/reviews_pipeline.py for tasks to queue
[2025-11-18T04:44:59.099+0000] {logging_mixin.py:188} INFO - [2025-11-18T04:44:59.098+0000] {dagbag.py:538} INFO - Filling up the DagBag from /opt/airflow/dags/reviews_pipeline.py
[2025-11-18T04:44:59.118+0000] {processor.py:840} INFO - DAG(s) 'weekly_reviews_pipeline' retrieved from /opt/airflow/dags/reviews_pipeline.py
[2025-11-18T04:44:59.144+0000] {logging_mixin.py:188} INFO - [2025-11-18T04:44:59.144+0000] {dag.py:3036} INFO - Sync 1 DAGs
[2025-11-18T04:44:59.166+0000] {logging_mixin.py:188} INFO - [2025-11-18T04:44:59.165+0000] {dag.py:3823} INFO - Setting next_dagrun for weekly_reviews_pipeline to 2025-11-09 00:00:00+00:00, run_after=2025-11-16 00:00:00+00:00
[2025-11-18T04:44:59.188+0000] {processor.py:183} INFO - Processing /opt/airflow/dags/reviews_pipeline.py took 0.095 seconds
[2025-11-18T04:45:29.672+0000] {processor.py:161} INFO - Started process (PID=133) to work on /opt/airflow/dags/reviews_pipeline.py
[2025-11-18T04:45:29.673+0000] {processor.py:830} INFO - Processing file /opt/airflow/dags/reviews_pipeline.py for tasks to queue
[2025-11-18T04:45:29.675+0000] {logging_mixin.py:188} INFO - [2025-11-18T04:45:29.674+0000] {dagbag.py:538} INFO - Filling up the DagBag from /opt/airflow/dags/reviews_pipeline.py
[2025-11-18T04:45:29.698+0000] {processor.py:840} INFO - DAG(s) 'weekly_reviews_pipeline' retrieved from /opt/airflow/dags/reviews_pipeline.py
[2025-11-18T04:45:29.730+0000] {logging_mixin.py:188} INFO - [2025-11-18T04:45:29.730+0000] {dag.py:3036} INFO - Sync 1 DAGs
[2025-11-18T04:45:29.751+0000] {logging_mixin.py:188} INFO - [2025-11-18T04:45:29.751+0000] {dag.py:3823} INFO - Setting next_dagrun for weekly_reviews_pipeline to 2025-11-09 00:00:00+00:00, run_after=2025-11-16 00:00:00+00:00
[2025-11-18T04:45:29.775+0000] {processor.py:183} INFO - Processing /opt/airflow/dags/reviews_pipeline.py took 0.107 seconds
[2025-11-18T04:46:00.251+0000] {processor.py:161} INFO - Started process (PID=143) to work on /opt/airflow/dags/reviews_pipeline.py
[2025-11-18T04:46:00.252+0000] {processor.py:830} INFO - Processing file /opt/airflow/dags/reviews_pipeline.py for tasks to queue
[2025-11-18T04:46:00.253+0000] {logging_mixin.py:188} INFO - [2025-11-18T04:46:00.253+0000] {dagbag.py:538} INFO - Filling up the DagBag from /opt/airflow/dags/reviews_pipeline.py
[2025-11-18T04:46:00.279+0000] {processor.py:840} INFO - DAG(s) 'weekly_reviews_pipeline' retrieved from /opt/airflow/dags/reviews_pipeline.py
[2025-11-18T04:46:00.302+0000] {logging_mixin.py:188} INFO - [2025-11-18T04:46:00.302+0000] {dag.py:3036} INFO - Sync 1 DAGs
[2025-11-18T04:46:00.322+0000] {logging_mixin.py:188} INFO - [2025-11-18T04:46:00.322+0000] {dag.py:3823} INFO - Setting next_dagrun for weekly_reviews_pipeline to 2025-11-09 00:00:00+00:00, run_after=2025-11-16 00:00:00+00:00
[2025-11-18T04:46:00.345+0000] {processor.py:183} INFO - Processing /opt/airflow/dags/reviews_pipeline.py took 0.097 seconds
[2025-11-18T04:46:30.774+0000] {processor.py:161} INFO - Started process (PID=153) to work on /opt/airflow/dags/reviews_pipeline.py
[2025-11-18T04:46:30.775+0000] {processor.py:830} INFO - Processing file /opt/airflow/dags/reviews_pipeline.py for tasks to queue
[2025-11-18T04:46:30.777+0000] {logging_mixin.py:188} INFO - [2025-11-18T04:46:30.777+0000] {dagbag.py:538} INFO - Filling up the DagBag from /opt/airflow/dags/reviews_pipeline.py
[2025-11-18T04:46:30.801+0000] {processor.py:840} INFO - DAG(s) 'weekly_reviews_pipeline' retrieved from /opt/airflow/dags/reviews_pipeline.py
[2025-11-18T04:46:30.827+0000] {logging_mixin.py:188} INFO - [2025-11-18T04:46:30.827+0000] {dag.py:3036} INFO - Sync 1 DAGs
[2025-11-18T04:46:30.848+0000] {logging_mixin.py:188} INFO - [2025-11-18T04:46:30.848+0000] {dag.py:3823} INFO - Setting next_dagrun for weekly_reviews_pipeline to 2025-11-09 00:00:00+00:00, run_after=2025-11-16 00:00:00+00:00
[2025-11-18T04:46:30.868+0000] {processor.py:183} INFO - Processing /opt/airflow/dags/reviews_pipeline.py took 0.097 seconds
[2025-11-18T04:47:01.405+0000] {processor.py:161} INFO - Started process (PID=163) to work on /opt/airflow/dags/reviews_pipeline.py
[2025-11-18T04:47:01.407+0000] {processor.py:830} INFO - Processing file /opt/airflow/dags/reviews_pipeline.py for tasks to queue
[2025-11-18T04:47:01.409+0000] {logging_mixin.py:188} INFO - [2025-11-18T04:47:01.408+0000] {dagbag.py:538} INFO - Filling up the DagBag from /opt/airflow/dags/reviews_pipeline.py
[2025-11-18T04:47:01.431+0000] {processor.py:840} INFO - DAG(s) 'weekly_reviews_pipeline' retrieved from /opt/airflow/dags/reviews_pipeline.py
[2025-11-18T04:47:01.457+0000] {logging_mixin.py:188} INFO - [2025-11-18T04:47:01.457+0000] {dag.py:3036} INFO - Sync 1 DAGs
[2025-11-18T04:47:01.479+0000] {logging_mixin.py:188} INFO - [2025-11-18T04:47:01.479+0000] {dag.py:3823} INFO - Setting next_dagrun for weekly_reviews_pipeline to 2025-11-09 00:00:00+00:00, run_after=2025-11-16 00:00:00+00:00
[2025-11-18T04:47:01.501+0000] {processor.py:183} INFO - Processing /opt/airflow/dags/reviews_pipeline.py took 0.099 seconds
[2025-11-18T04:47:31.928+0000] {processor.py:161} INFO - Started process (PID=173) to work on /opt/airflow/dags/reviews_pipeline.py
[2025-11-18T04:47:31.930+0000] {processor.py:830} INFO - Processing file /opt/airflow/dags/reviews_pipeline.py for tasks to queue
[2025-11-18T04:47:31.932+0000] {logging_mixin.py:188} INFO - [2025-11-18T04:47:31.932+0000] {dagbag.py:538} INFO - Filling up the DagBag from /opt/airflow/dags/reviews_pipeline.py
[2025-11-18T04:47:31.962+0000] {processor.py:840} INFO - DAG(s) 'weekly_reviews_pipeline' retrieved from /opt/airflow/dags/reviews_pipeline.py
[2025-11-18T04:47:31.995+0000] {logging_mixin.py:188} INFO - [2025-11-18T04:47:31.994+0000] {dag.py:3036} INFO - Sync 1 DAGs
[2025-11-18T04:47:32.020+0000] {logging_mixin.py:188} INFO - [2025-11-18T04:47:32.020+0000] {dag.py:3823} INFO - Setting next_dagrun for weekly_reviews_pipeline to 2025-11-09 00:00:00+00:00, run_after=2025-11-16 00:00:00+00:00
[2025-11-18T04:47:32.046+0000] {processor.py:183} INFO - Processing /opt/airflow/dags/reviews_pipeline.py took 0.122 seconds
[2025-11-18T04:48:02.488+0000] {processor.py:161} INFO - Started process (PID=182) to work on /opt/airflow/dags/reviews_pipeline.py
[2025-11-18T04:48:02.489+0000] {processor.py:830} INFO - Processing file /opt/airflow/dags/reviews_pipeline.py for tasks to queue
[2025-11-18T04:48:02.492+0000] {logging_mixin.py:188} INFO - [2025-11-18T04:48:02.491+0000] {dagbag.py:538} INFO - Filling up the DagBag from /opt/airflow/dags/reviews_pipeline.py
[2025-11-18T04:48:02.527+0000] {processor.py:840} INFO - DAG(s) 'weekly_reviews_pipeline' retrieved from /opt/airflow/dags/reviews_pipeline.py
[2025-11-18T04:48:02.555+0000] {logging_mixin.py:188} INFO - [2025-11-18T04:48:02.555+0000] {dag.py:3036} INFO - Sync 1 DAGs
[2025-11-18T04:48:02.573+0000] {logging_mixin.py:188} INFO - [2025-11-18T04:48:02.573+0000] {dag.py:3823} INFO - Setting next_dagrun for weekly_reviews_pipeline to 2025-11-09 00:00:00+00:00, run_after=2025-11-16 00:00:00+00:00
[2025-11-18T04:48:02.592+0000] {processor.py:183} INFO - Processing /opt/airflow/dags/reviews_pipeline.py took 0.108 seconds
[2025-11-18T04:48:33.043+0000] {processor.py:161} INFO - Started process (PID=186) to work on /opt/airflow/dags/reviews_pipeline.py
[2025-11-18T04:48:33.045+0000] {processor.py:830} INFO - Processing file /opt/airflow/dags/reviews_pipeline.py for tasks to queue
[2025-11-18T04:48:33.047+0000] {logging_mixin.py:188} INFO - [2025-11-18T04:48:33.047+0000] {dagbag.py:538} INFO - Filling up the DagBag from /opt/airflow/dags/reviews_pipeline.py
[2025-11-18T04:48:33.074+0000] {processor.py:840} INFO - DAG(s) 'weekly_reviews_pipeline' retrieved from /opt/airflow/dags/reviews_pipeline.py
[2025-11-18T04:48:33.106+0000] {logging_mixin.py:188} INFO - [2025-11-18T04:48:33.105+0000] {dag.py:3036} INFO - Sync 1 DAGs
[2025-11-18T04:48:33.130+0000] {logging_mixin.py:188} INFO - [2025-11-18T04:48:33.130+0000] {dag.py:3823} INFO - Setting next_dagrun for weekly_reviews_pipeline to 2025-11-09 00:00:00+00:00, run_after=2025-11-16 00:00:00+00:00
[2025-11-18T04:48:33.152+0000] {processor.py:183} INFO - Processing /opt/airflow/dags/reviews_pipeline.py took 0.112 seconds
[2025-11-18T04:49:03.605+0000] {processor.py:161} INFO - Started process (PID=196) to work on /opt/airflow/dags/reviews_pipeline.py
[2025-11-18T04:49:03.606+0000] {processor.py:830} INFO - Processing file /opt/airflow/dags/reviews_pipeline.py for tasks to queue
[2025-11-18T04:49:03.608+0000] {logging_mixin.py:188} INFO - [2025-11-18T04:49:03.608+0000] {dagbag.py:538} INFO - Filling up the DagBag from /opt/airflow/dags/reviews_pipeline.py
[2025-11-18T04:49:03.630+0000] {processor.py:840} INFO - DAG(s) 'weekly_reviews_pipeline' retrieved from /opt/airflow/dags/reviews_pipeline.py
[2025-11-18T04:49:03.654+0000] {logging_mixin.py:188} INFO - [2025-11-18T04:49:03.654+0000] {dag.py:3036} INFO - Sync 1 DAGs
[2025-11-18T04:49:03.673+0000] {logging_mixin.py:188} INFO - [2025-11-18T04:49:03.672+0000] {dag.py:3823} INFO - Setting next_dagrun for weekly_reviews_pipeline to 2025-11-09 00:00:00+00:00, run_after=2025-11-16 00:00:00+00:00
[2025-11-18T04:49:03.692+0000] {processor.py:183} INFO - Processing /opt/airflow/dags/reviews_pipeline.py took 0.090 seconds
[2025-11-18T04:49:34.126+0000] {processor.py:161} INFO - Started process (PID=206) to work on /opt/airflow/dags/reviews_pipeline.py
[2025-11-18T04:49:34.127+0000] {processor.py:830} INFO - Processing file /opt/airflow/dags/reviews_pipeline.py for tasks to queue
[2025-11-18T04:49:34.129+0000] {logging_mixin.py:188} INFO - [2025-11-18T04:49:34.129+0000] {dagbag.py:538} INFO - Filling up the DagBag from /opt/airflow/dags/reviews_pipeline.py
[2025-11-18T04:49:34.151+0000] {processor.py:840} INFO - DAG(s) 'weekly_reviews_pipeline' retrieved from /opt/airflow/dags/reviews_pipeline.py
[2025-11-18T04:49:34.175+0000] {logging_mixin.py:188} INFO - [2025-11-18T04:49:34.175+0000] {dag.py:3036} INFO - Sync 1 DAGs
[2025-11-18T04:49:34.192+0000] {logging_mixin.py:188} INFO - [2025-11-18T04:49:34.192+0000] {dag.py:3823} INFO - Setting next_dagrun for weekly_reviews_pipeline to 2025-11-09 00:00:00+00:00, run_after=2025-11-16 00:00:00+00:00
[2025-11-18T04:49:34.212+0000] {processor.py:183} INFO - Processing /opt/airflow/dags/reviews_pipeline.py took 0.089 seconds
[2025-11-18T04:50:04.687+0000] {processor.py:161} INFO - Started process (PID=216) to work on /opt/airflow/dags/reviews_pipeline.py
[2025-11-18T04:50:04.688+0000] {processor.py:830} INFO - Processing file /opt/airflow/dags/reviews_pipeline.py for tasks to queue
[2025-11-18T04:50:04.690+0000] {logging_mixin.py:188} INFO - [2025-11-18T04:50:04.690+0000] {dagbag.py:538} INFO - Filling up the DagBag from /opt/airflow/dags/reviews_pipeline.py
[2025-11-18T04:50:04.712+0000] {processor.py:840} INFO - DAG(s) 'weekly_reviews_pipeline' retrieved from /opt/airflow/dags/reviews_pipeline.py
[2025-11-18T04:50:04.735+0000] {logging_mixin.py:188} INFO - [2025-11-18T04:50:04.735+0000] {dag.py:3036} INFO - Sync 1 DAGs
[2025-11-18T04:50:04.753+0000] {logging_mixin.py:188} INFO - [2025-11-18T04:50:04.753+0000] {dag.py:3823} INFO - Setting next_dagrun for weekly_reviews_pipeline to 2025-11-09 00:00:00+00:00, run_after=2025-11-16 00:00:00+00:00
[2025-11-18T04:50:04.774+0000] {processor.py:183} INFO - Processing /opt/airflow/dags/reviews_pipeline.py took 0.090 seconds
[2025-11-18T04:50:35.293+0000] {processor.py:161} INFO - Started process (PID=226) to work on /opt/airflow/dags/reviews_pipeline.py
[2025-11-18T04:50:35.295+0000] {processor.py:830} INFO - Processing file /opt/airflow/dags/reviews_pipeline.py for tasks to queue
[2025-11-18T04:50:35.297+0000] {logging_mixin.py:188} INFO - [2025-11-18T04:50:35.296+0000] {dagbag.py:538} INFO - Filling up the DagBag from /opt/airflow/dags/reviews_pipeline.py
[2025-11-18T04:50:35.320+0000] {processor.py:840} INFO - DAG(s) 'weekly_reviews_pipeline' retrieved from /opt/airflow/dags/reviews_pipeline.py
[2025-11-18T04:50:35.345+0000] {logging_mixin.py:188} INFO - [2025-11-18T04:50:35.345+0000] {dag.py:3036} INFO - Sync 1 DAGs
[2025-11-18T04:50:35.364+0000] {logging_mixin.py:188} INFO - [2025-11-18T04:50:35.364+0000] {dag.py:3823} INFO - Setting next_dagrun for weekly_reviews_pipeline to 2025-11-09 00:00:00+00:00, run_after=2025-11-16 00:00:00+00:00
[2025-11-18T04:50:35.392+0000] {processor.py:183} INFO - Processing /opt/airflow/dags/reviews_pipeline.py took 0.102 seconds
[2025-11-18T04:51:05.905+0000] {processor.py:161} INFO - Started process (PID=236) to work on /opt/airflow/dags/reviews_pipeline.py
[2025-11-18T04:51:05.906+0000] {processor.py:830} INFO - Processing file /opt/airflow/dags/reviews_pipeline.py for tasks to queue
[2025-11-18T04:51:05.907+0000] {logging_mixin.py:188} INFO - [2025-11-18T04:51:05.907+0000] {dagbag.py:538} INFO - Filling up the DagBag from /opt/airflow/dags/reviews_pipeline.py
[2025-11-18T04:51:05.930+0000] {processor.py:840} INFO - DAG(s) 'weekly_reviews_pipeline' retrieved from /opt/airflow/dags/reviews_pipeline.py
[2025-11-18T04:51:05.952+0000] {logging_mixin.py:188} INFO - [2025-11-18T04:51:05.952+0000] {dag.py:3036} INFO - Sync 1 DAGs
[2025-11-18T04:51:05.969+0000] {logging_mixin.py:188} INFO - [2025-11-18T04:51:05.969+0000] {dag.py:3823} INFO - Setting next_dagrun for weekly_reviews_pipeline to 2025-11-09 00:00:00+00:00, run_after=2025-11-16 00:00:00+00:00
[2025-11-18T04:51:05.987+0000] {processor.py:183} INFO - Processing /opt/airflow/dags/reviews_pipeline.py took 0.086 seconds
[2025-11-18T04:51:36.472+0000] {processor.py:161} INFO - Started process (PID=246) to work on /opt/airflow/dags/reviews_pipeline.py
[2025-11-18T04:51:36.473+0000] {processor.py:830} INFO - Processing file /opt/airflow/dags/reviews_pipeline.py for tasks to queue
[2025-11-18T04:51:36.475+0000] {logging_mixin.py:188} INFO - [2025-11-18T04:51:36.474+0000] {dagbag.py:538} INFO - Filling up the DagBag from /opt/airflow/dags/reviews_pipeline.py
[2025-11-18T04:51:36.496+0000] {processor.py:840} INFO - DAG(s) 'weekly_reviews_pipeline' retrieved from /opt/airflow/dags/reviews_pipeline.py
[2025-11-18T04:51:36.520+0000] {logging_mixin.py:188} INFO - [2025-11-18T04:51:36.520+0000] {dag.py:3036} INFO - Sync 1 DAGs
[2025-11-18T04:51:36.539+0000] {logging_mixin.py:188} INFO - [2025-11-18T04:51:36.539+0000] {dag.py:3823} INFO - Setting next_dagrun for weekly_reviews_pipeline to 2025-11-09 00:00:00+00:00, run_after=2025-11-16 00:00:00+00:00
[2025-11-18T04:51:36.561+0000] {processor.py:183} INFO - Processing /opt/airflow/dags/reviews_pipeline.py took 0.092 seconds
[2025-11-18T04:52:06.971+0000] {processor.py:161} INFO - Started process (PID=256) to work on /opt/airflow/dags/reviews_pipeline.py
[2025-11-18T04:52:06.973+0000] {processor.py:830} INFO - Processing file /opt/airflow/dags/reviews_pipeline.py for tasks to queue
[2025-11-18T04:52:06.975+0000] {logging_mixin.py:188} INFO - [2025-11-18T04:52:06.975+0000] {dagbag.py:538} INFO - Filling up the DagBag from /opt/airflow/dags/reviews_pipeline.py
[2025-11-18T04:52:07.000+0000] {processor.py:840} INFO - DAG(s) 'weekly_reviews_pipeline' retrieved from /opt/airflow/dags/reviews_pipeline.py
[2025-11-18T04:52:07.028+0000] {logging_mixin.py:188} INFO - [2025-11-18T04:52:07.027+0000] {dag.py:3036} INFO - Sync 1 DAGs
[2025-11-18T04:52:07.049+0000] {logging_mixin.py:188} INFO - [2025-11-18T04:52:07.048+0000] {dag.py:3823} INFO - Setting next_dagrun for weekly_reviews_pipeline to 2025-11-09 00:00:00+00:00, run_after=2025-11-16 00:00:00+00:00
[2025-11-18T04:52:07.071+0000] {processor.py:183} INFO - Processing /opt/airflow/dags/reviews_pipeline.py took 0.103 seconds
[2025-11-18T04:52:37.552+0000] {processor.py:161} INFO - Started process (PID=266) to work on /opt/airflow/dags/reviews_pipeline.py
[2025-11-18T04:52:37.553+0000] {processor.py:830} INFO - Processing file /opt/airflow/dags/reviews_pipeline.py for tasks to queue
[2025-11-18T04:52:37.555+0000] {logging_mixin.py:188} INFO - [2025-11-18T04:52:37.555+0000] {dagbag.py:538} INFO - Filling up the DagBag from /opt/airflow/dags/reviews_pipeline.py
[2025-11-18T04:52:37.586+0000] {processor.py:840} INFO - DAG(s) 'weekly_reviews_pipeline' retrieved from /opt/airflow/dags/reviews_pipeline.py
[2025-11-18T04:52:37.611+0000] {logging_mixin.py:188} INFO - [2025-11-18T04:52:37.611+0000] {dag.py:3036} INFO - Sync 1 DAGs
[2025-11-18T04:52:37.630+0000] {logging_mixin.py:188} INFO - [2025-11-18T04:52:37.629+0000] {dag.py:3823} INFO - Setting next_dagrun for weekly_reviews_pipeline to 2025-11-09 00:00:00+00:00, run_after=2025-11-16 00:00:00+00:00
[2025-11-18T04:52:37.650+0000] {processor.py:183} INFO - Processing /opt/airflow/dags/reviews_pipeline.py took 0.102 seconds
[2025-11-18T04:53:08.105+0000] {processor.py:161} INFO - Started process (PID=276) to work on /opt/airflow/dags/reviews_pipeline.py
[2025-11-18T04:53:08.106+0000] {processor.py:830} INFO - Processing file /opt/airflow/dags/reviews_pipeline.py for tasks to queue
[2025-11-18T04:53:08.108+0000] {logging_mixin.py:188} INFO - [2025-11-18T04:53:08.108+0000] {dagbag.py:538} INFO - Filling up the DagBag from /opt/airflow/dags/reviews_pipeline.py
[2025-11-18T04:53:08.134+0000] {processor.py:840} INFO - DAG(s) 'weekly_reviews_pipeline' retrieved from /opt/airflow/dags/reviews_pipeline.py
[2025-11-18T04:53:08.162+0000] {logging_mixin.py:188} INFO - [2025-11-18T04:53:08.161+0000] {dag.py:3036} INFO - Sync 1 DAGs
[2025-11-18T04:53:08.180+0000] {logging_mixin.py:188} INFO - [2025-11-18T04:53:08.180+0000] {dag.py:3823} INFO - Setting next_dagrun for weekly_reviews_pipeline to 2025-11-09 00:00:00+00:00, run_after=2025-11-16 00:00:00+00:00
[2025-11-18T04:53:08.200+0000] {processor.py:183} INFO - Processing /opt/airflow/dags/reviews_pipeline.py took 0.098 seconds
[2025-11-18T04:53:38.607+0000] {processor.py:161} INFO - Started process (PID=286) to work on /opt/airflow/dags/reviews_pipeline.py
[2025-11-18T04:53:38.608+0000] {processor.py:830} INFO - Processing file /opt/airflow/dags/reviews_pipeline.py for tasks to queue
[2025-11-18T04:53:38.610+0000] {logging_mixin.py:188} INFO - [2025-11-18T04:53:38.610+0000] {dagbag.py:538} INFO - Filling up the DagBag from /opt/airflow/dags/reviews_pipeline.py
[2025-11-18T04:53:38.631+0000] {processor.py:840} INFO - DAG(s) 'weekly_reviews_pipeline' retrieved from /opt/airflow/dags/reviews_pipeline.py
[2025-11-18T04:53:38.654+0000] {logging_mixin.py:188} INFO - [2025-11-18T04:53:38.654+0000] {dag.py:3036} INFO - Sync 1 DAGs
[2025-11-18T04:53:38.671+0000] {logging_mixin.py:188} INFO - [2025-11-18T04:53:38.671+0000] {dag.py:3823} INFO - Setting next_dagrun for weekly_reviews_pipeline to 2025-11-09 00:00:00+00:00, run_after=2025-11-16 00:00:00+00:00
[2025-11-18T04:53:38.692+0000] {processor.py:183} INFO - Processing /opt/airflow/dags/reviews_pipeline.py took 0.088 seconds
[2025-11-18T04:54:09.131+0000] {processor.py:161} INFO - Started process (PID=296) to work on /opt/airflow/dags/reviews_pipeline.py
[2025-11-18T04:54:09.132+0000] {processor.py:830} INFO - Processing file /opt/airflow/dags/reviews_pipeline.py for tasks to queue
[2025-11-18T04:54:09.134+0000] {logging_mixin.py:188} INFO - [2025-11-18T04:54:09.133+0000] {dagbag.py:538} INFO - Filling up the DagBag from /opt/airflow/dags/reviews_pipeline.py
[2025-11-18T04:54:09.155+0000] {processor.py:840} INFO - DAG(s) 'weekly_reviews_pipeline' retrieved from /opt/airflow/dags/reviews_pipeline.py
[2025-11-18T04:54:09.179+0000] {logging_mixin.py:188} INFO - [2025-11-18T04:54:09.178+0000] {dag.py:3036} INFO - Sync 1 DAGs
[2025-11-18T04:54:09.200+0000] {logging_mixin.py:188} INFO - [2025-11-18T04:54:09.200+0000] {dag.py:3823} INFO - Setting next_dagrun for weekly_reviews_pipeline to 2025-11-09 00:00:00+00:00, run_after=2025-11-16 00:00:00+00:00
[2025-11-18T04:54:09.219+0000] {processor.py:183} INFO - Processing /opt/airflow/dags/reviews_pipeline.py took 0.091 seconds
[2025-11-18T04:54:39.610+0000] {processor.py:161} INFO - Started process (PID=306) to work on /opt/airflow/dags/reviews_pipeline.py
[2025-11-18T04:54:39.611+0000] {processor.py:830} INFO - Processing file /opt/airflow/dags/reviews_pipeline.py for tasks to queue
[2025-11-18T04:54:39.613+0000] {logging_mixin.py:188} INFO - [2025-11-18T04:54:39.613+0000] {dagbag.py:538} INFO - Filling up the DagBag from /opt/airflow/dags/reviews_pipeline.py
[2025-11-18T04:54:39.636+0000] {processor.py:840} INFO - DAG(s) 'weekly_reviews_pipeline' retrieved from /opt/airflow/dags/reviews_pipeline.py
[2025-11-18T04:54:39.659+0000] {logging_mixin.py:188} INFO - [2025-11-18T04:54:39.659+0000] {dag.py:3036} INFO - Sync 1 DAGs
[2025-11-18T04:54:39.680+0000] {logging_mixin.py:188} INFO - [2025-11-18T04:54:39.680+0000] {dag.py:3823} INFO - Setting next_dagrun for weekly_reviews_pipeline to 2025-11-09 00:00:00+00:00, run_after=2025-11-16 00:00:00+00:00
[2025-11-18T04:54:39.702+0000] {processor.py:183} INFO - Processing /opt/airflow/dags/reviews_pipeline.py took 0.095 seconds
[2025-11-18T04:55:10.103+0000] {processor.py:161} INFO - Started process (PID=316) to work on /opt/airflow/dags/reviews_pipeline.py
[2025-11-18T04:55:10.104+0000] {processor.py:830} INFO - Processing file /opt/airflow/dags/reviews_pipeline.py for tasks to queue
[2025-11-18T04:55:10.106+0000] {logging_mixin.py:188} INFO - [2025-11-18T04:55:10.106+0000] {dagbag.py:538} INFO - Filling up the DagBag from /opt/airflow/dags/reviews_pipeline.py
[2025-11-18T04:55:10.132+0000] {processor.py:840} INFO - DAG(s) 'weekly_reviews_pipeline' retrieved from /opt/airflow/dags/reviews_pipeline.py
[2025-11-18T04:55:10.160+0000] {logging_mixin.py:188} INFO - [2025-11-18T04:55:10.160+0000] {dag.py:3036} INFO - Sync 1 DAGs
[2025-11-18T04:55:10.183+0000] {logging_mixin.py:188} INFO - [2025-11-18T04:55:10.183+0000] {dag.py:3823} INFO - Setting next_dagrun for weekly_reviews_pipeline to 2025-11-09 00:00:00+00:00, run_after=2025-11-16 00:00:00+00:00
[2025-11-18T04:55:10.212+0000] {processor.py:183} INFO - Processing /opt/airflow/dags/reviews_pipeline.py took 0.112 seconds
[2025-11-18T04:55:40.669+0000] {processor.py:161} INFO - Started process (PID=326) to work on /opt/airflow/dags/reviews_pipeline.py
[2025-11-18T04:55:40.670+0000] {processor.py:830} INFO - Processing file /opt/airflow/dags/reviews_pipeline.py for tasks to queue
[2025-11-18T04:55:40.672+0000] {logging_mixin.py:188} INFO - [2025-11-18T04:55:40.671+0000] {dagbag.py:538} INFO - Filling up the DagBag from /opt/airflow/dags/reviews_pipeline.py
[2025-11-18T04:55:40.713+0000] {processor.py:840} INFO - DAG(s) 'weekly_reviews_pipeline' retrieved from /opt/airflow/dags/reviews_pipeline.py
[2025-11-18T04:55:40.771+0000] {logging_mixin.py:188} INFO - [2025-11-18T04:55:40.771+0000] {dag.py:3036} INFO - Sync 1 DAGs
[2025-11-18T04:55:40.820+0000] {logging_mixin.py:188} INFO - [2025-11-18T04:55:40.820+0000] {dag.py:3823} INFO - Setting next_dagrun for weekly_reviews_pipeline to 2025-11-09 00:00:00+00:00, run_after=2025-11-16 00:00:00+00:00
[2025-11-18T04:55:40.842+0000] {processor.py:183} INFO - Processing /opt/airflow/dags/reviews_pipeline.py took 0.177 seconds
[2025-11-18T04:56:11.318+0000] {processor.py:161} INFO - Started process (PID=336) to work on /opt/airflow/dags/reviews_pipeline.py
[2025-11-18T04:56:11.319+0000] {processor.py:830} INFO - Processing file /opt/airflow/dags/reviews_pipeline.py for tasks to queue
[2025-11-18T04:56:11.321+0000] {logging_mixin.py:188} INFO - [2025-11-18T04:56:11.321+0000] {dagbag.py:538} INFO - Filling up the DagBag from /opt/airflow/dags/reviews_pipeline.py
[2025-11-18T04:56:11.347+0000] {processor.py:840} INFO - DAG(s) 'weekly_reviews_pipeline' retrieved from /opt/airflow/dags/reviews_pipeline.py
[2025-11-18T04:56:11.372+0000] {logging_mixin.py:188} INFO - [2025-11-18T04:56:11.372+0000] {dag.py:3036} INFO - Sync 1 DAGs
[2025-11-18T04:56:11.393+0000] {logging_mixin.py:188} INFO - [2025-11-18T04:56:11.392+0000] {dag.py:3823} INFO - Setting next_dagrun for weekly_reviews_pipeline to 2025-11-09 00:00:00+00:00, run_after=2025-11-16 00:00:00+00:00
[2025-11-18T04:56:11.414+0000] {processor.py:183} INFO - Processing /opt/airflow/dags/reviews_pipeline.py took 0.100 seconds
[2025-11-18T04:56:42.048+0000] {processor.py:161} INFO - Started process (PID=346) to work on /opt/airflow/dags/reviews_pipeline.py
[2025-11-18T04:56:42.050+0000] {processor.py:830} INFO - Processing file /opt/airflow/dags/reviews_pipeline.py for tasks to queue
[2025-11-18T04:56:42.051+0000] {logging_mixin.py:188} INFO - [2025-11-18T04:56:42.051+0000] {dagbag.py:538} INFO - Filling up the DagBag from /opt/airflow/dags/reviews_pipeline.py
[2025-11-18T04:56:42.073+0000] {processor.py:840} INFO - DAG(s) 'weekly_reviews_pipeline' retrieved from /opt/airflow/dags/reviews_pipeline.py
[2025-11-18T04:56:42.097+0000] {logging_mixin.py:188} INFO - [2025-11-18T04:56:42.097+0000] {dag.py:3036} INFO - Sync 1 DAGs
[2025-11-18T04:56:42.117+0000] {logging_mixin.py:188} INFO - [2025-11-18T04:56:42.117+0000] {dag.py:3823} INFO - Setting next_dagrun for weekly_reviews_pipeline to 2025-11-09 00:00:00+00:00, run_after=2025-11-16 00:00:00+00:00
[2025-11-18T04:56:42.139+0000] {processor.py:183} INFO - Processing /opt/airflow/dags/reviews_pipeline.py took 0.094 seconds
[2025-11-18T04:57:12.548+0000] {processor.py:161} INFO - Started process (PID=356) to work on /opt/airflow/dags/reviews_pipeline.py
[2025-11-18T04:57:12.549+0000] {processor.py:830} INFO - Processing file /opt/airflow/dags/reviews_pipeline.py for tasks to queue
[2025-11-18T04:57:12.552+0000] {logging_mixin.py:188} INFO - [2025-11-18T04:57:12.551+0000] {dagbag.py:538} INFO - Filling up the DagBag from /opt/airflow/dags/reviews_pipeline.py
[2025-11-18T04:57:12.581+0000] {processor.py:840} INFO - DAG(s) 'weekly_reviews_pipeline' retrieved from /opt/airflow/dags/reviews_pipeline.py
[2025-11-18T04:57:12.611+0000] {logging_mixin.py:188} INFO - [2025-11-18T04:57:12.611+0000] {dag.py:3036} INFO - Sync 1 DAGs
[2025-11-18T04:57:12.634+0000] {logging_mixin.py:188} INFO - [2025-11-18T04:57:12.633+0000] {dag.py:3823} INFO - Setting next_dagrun for weekly_reviews_pipeline to 2025-11-09 00:00:00+00:00, run_after=2025-11-16 00:00:00+00:00
[2025-11-18T04:57:12.657+0000] {processor.py:183} INFO - Processing /opt/airflow/dags/reviews_pipeline.py took 0.112 seconds
[2025-11-18T04:58:26.047+0000] {processor.py:161} INFO - Started process (PID=34) to work on /opt/airflow/dags/reviews_pipeline.py
[2025-11-18T04:58:26.049+0000] {processor.py:830} INFO - Processing file /opt/airflow/dags/reviews_pipeline.py for tasks to queue
[2025-11-18T04:58:26.054+0000] {logging_mixin.py:188} INFO - [2025-11-18T04:58:26.053+0000] {dagbag.py:538} INFO - Filling up the DagBag from /opt/airflow/dags/reviews_pipeline.py
[2025-11-18T04:58:26.124+0000] {processor.py:840} INFO - DAG(s) 'weekly_reviews_pipeline' retrieved from /opt/airflow/dags/reviews_pipeline.py
[2025-11-18T04:58:26.198+0000] {logging_mixin.py:188} INFO - [2025-11-18T04:58:26.198+0000] {dag.py:3036} INFO - Sync 1 DAGs
[2025-11-18T04:58:26.233+0000] {logging_mixin.py:188} INFO - [2025-11-18T04:58:26.233+0000] {dag.py:3823} INFO - Setting next_dagrun for weekly_reviews_pipeline to 2025-11-09 00:00:00+00:00, run_after=2025-11-16 00:00:00+00:00
[2025-11-18T04:58:26.265+0000] {processor.py:183} INFO - Processing /opt/airflow/dags/reviews_pipeline.py took 0.225 seconds
[2025-11-18T04:58:56.669+0000] {processor.py:161} INFO - Started process (PID=44) to work on /opt/airflow/dags/reviews_pipeline.py
[2025-11-18T04:58:56.670+0000] {processor.py:830} INFO - Processing file /opt/airflow/dags/reviews_pipeline.py for tasks to queue
[2025-11-18T04:58:56.671+0000] {logging_mixin.py:188} INFO - [2025-11-18T04:58:56.671+0000] {dagbag.py:538} INFO - Filling up the DagBag from /opt/airflow/dags/reviews_pipeline.py
[2025-11-18T04:58:56.696+0000] {processor.py:840} INFO - DAG(s) 'weekly_reviews_pipeline' retrieved from /opt/airflow/dags/reviews_pipeline.py
[2025-11-18T04:58:56.883+0000] {logging_mixin.py:188} INFO - [2025-11-18T04:58:56.883+0000] {dag.py:3036} INFO - Sync 1 DAGs
[2025-11-18T04:58:56.902+0000] {logging_mixin.py:188} INFO - [2025-11-18T04:58:56.901+0000] {dag.py:3823} INFO - Setting next_dagrun for weekly_reviews_pipeline to 2025-11-09 00:00:00+00:00, run_after=2025-11-16 00:00:00+00:00
[2025-11-18T04:58:56.925+0000] {processor.py:183} INFO - Processing /opt/airflow/dags/reviews_pipeline.py took 0.260 seconds
[2025-11-18T04:59:27.267+0000] {processor.py:161} INFO - Started process (PID=54) to work on /opt/airflow/dags/reviews_pipeline.py
[2025-11-18T04:59:27.268+0000] {processor.py:830} INFO - Processing file /opt/airflow/dags/reviews_pipeline.py for tasks to queue
[2025-11-18T04:59:27.271+0000] {logging_mixin.py:188} INFO - [2025-11-18T04:59:27.271+0000] {dagbag.py:538} INFO - Filling up the DagBag from /opt/airflow/dags/reviews_pipeline.py
[2025-11-18T04:59:27.293+0000] {processor.py:840} INFO - DAG(s) 'weekly_reviews_pipeline' retrieved from /opt/airflow/dags/reviews_pipeline.py
[2025-11-18T04:59:27.318+0000] {logging_mixin.py:188} INFO - [2025-11-18T04:59:27.318+0000] {dag.py:3036} INFO - Sync 1 DAGs
[2025-11-18T04:59:27.340+0000] {logging_mixin.py:188} INFO - [2025-11-18T04:59:27.339+0000] {dag.py:3823} INFO - Setting next_dagrun for weekly_reviews_pipeline to 2025-11-09 00:00:00+00:00, run_after=2025-11-16 00:00:00+00:00
[2025-11-18T04:59:27.361+0000] {processor.py:183} INFO - Processing /opt/airflow/dags/reviews_pipeline.py took 0.098 seconds
[2025-11-18T04:59:57.798+0000] {processor.py:161} INFO - Started process (PID=64) to work on /opt/airflow/dags/reviews_pipeline.py
[2025-11-18T04:59:57.799+0000] {processor.py:830} INFO - Processing file /opt/airflow/dags/reviews_pipeline.py for tasks to queue
[2025-11-18T04:59:57.802+0000] {logging_mixin.py:188} INFO - [2025-11-18T04:59:57.802+0000] {dagbag.py:538} INFO - Filling up the DagBag from /opt/airflow/dags/reviews_pipeline.py
[2025-11-18T04:59:57.824+0000] {processor.py:840} INFO - DAG(s) 'weekly_reviews_pipeline' retrieved from /opt/airflow/dags/reviews_pipeline.py
[2025-11-18T04:59:57.848+0000] {logging_mixin.py:188} INFO - [2025-11-18T04:59:57.847+0000] {dag.py:3036} INFO - Sync 1 DAGs
[2025-11-18T04:59:57.866+0000] {logging_mixin.py:188} INFO - [2025-11-18T04:59:57.866+0000] {dag.py:3823} INFO - Setting next_dagrun for weekly_reviews_pipeline to 2025-11-09 00:00:00+00:00, run_after=2025-11-16 00:00:00+00:00
[2025-11-18T04:59:57.886+0000] {processor.py:183} INFO - Processing /opt/airflow/dags/reviews_pipeline.py took 0.091 seconds
[2025-11-18T05:00:28.333+0000] {processor.py:161} INFO - Started process (PID=74) to work on /opt/airflow/dags/reviews_pipeline.py
[2025-11-18T05:00:28.335+0000] {processor.py:830} INFO - Processing file /opt/airflow/dags/reviews_pipeline.py for tasks to queue
[2025-11-18T05:00:28.337+0000] {logging_mixin.py:188} INFO - [2025-11-18T05:00:28.337+0000] {dagbag.py:538} INFO - Filling up the DagBag from /opt/airflow/dags/reviews_pipeline.py
[2025-11-18T05:00:28.359+0000] {processor.py:840} INFO - DAG(s) 'weekly_reviews_pipeline' retrieved from /opt/airflow/dags/reviews_pipeline.py
[2025-11-18T05:00:28.388+0000] {logging_mixin.py:188} INFO - [2025-11-18T05:00:28.388+0000] {dag.py:3036} INFO - Sync 1 DAGs
[2025-11-18T05:00:28.412+0000] {logging_mixin.py:188} INFO - [2025-11-18T05:00:28.411+0000] {dag.py:3823} INFO - Setting next_dagrun for weekly_reviews_pipeline to 2025-11-09 00:00:00+00:00, run_after=2025-11-16 00:00:00+00:00
[2025-11-18T05:00:28.434+0000] {processor.py:183} INFO - Processing /opt/airflow/dags/reviews_pipeline.py took 0.104 seconds
[2025-11-18T05:00:58.863+0000] {processor.py:161} INFO - Started process (PID=84) to work on /opt/airflow/dags/reviews_pipeline.py
[2025-11-18T05:00:58.864+0000] {processor.py:830} INFO - Processing file /opt/airflow/dags/reviews_pipeline.py for tasks to queue
[2025-11-18T05:00:58.866+0000] {logging_mixin.py:188} INFO - [2025-11-18T05:00:58.865+0000] {dagbag.py:538} INFO - Filling up the DagBag from /opt/airflow/dags/reviews_pipeline.py
[2025-11-18T05:00:58.886+0000] {processor.py:840} INFO - DAG(s) 'weekly_reviews_pipeline' retrieved from /opt/airflow/dags/reviews_pipeline.py
[2025-11-18T05:00:58.909+0000] {logging_mixin.py:188} INFO - [2025-11-18T05:00:58.909+0000] {dag.py:3036} INFO - Sync 1 DAGs
[2025-11-18T05:00:58.927+0000] {logging_mixin.py:188} INFO - [2025-11-18T05:00:58.927+0000] {dag.py:3823} INFO - Setting next_dagrun for weekly_reviews_pipeline to 2025-11-09 00:00:00+00:00, run_after=2025-11-16 00:00:00+00:00
[2025-11-18T05:00:58.949+0000] {processor.py:183} INFO - Processing /opt/airflow/dags/reviews_pipeline.py took 0.089 seconds
[2025-11-18T05:01:29.406+0000] {processor.py:161} INFO - Started process (PID=94) to work on /opt/airflow/dags/reviews_pipeline.py
[2025-11-18T05:01:29.408+0000] {processor.py:830} INFO - Processing file /opt/airflow/dags/reviews_pipeline.py for tasks to queue
[2025-11-18T05:01:29.409+0000] {logging_mixin.py:188} INFO - [2025-11-18T05:01:29.409+0000] {dagbag.py:538} INFO - Filling up the DagBag from /opt/airflow/dags/reviews_pipeline.py
[2025-11-18T05:01:29.432+0000] {processor.py:840} INFO - DAG(s) 'weekly_reviews_pipeline' retrieved from /opt/airflow/dags/reviews_pipeline.py
[2025-11-18T05:01:29.459+0000] {logging_mixin.py:188} INFO - [2025-11-18T05:01:29.459+0000] {dag.py:3036} INFO - Sync 1 DAGs
[2025-11-18T05:01:29.483+0000] {logging_mixin.py:188} INFO - [2025-11-18T05:01:29.483+0000] {dag.py:3823} INFO - Setting next_dagrun for weekly_reviews_pipeline to 2025-11-09 00:00:00+00:00, run_after=2025-11-16 00:00:00+00:00
[2025-11-18T05:01:29.506+0000] {processor.py:183} INFO - Processing /opt/airflow/dags/reviews_pipeline.py took 0.102 seconds
[2025-11-18T05:01:59.939+0000] {processor.py:161} INFO - Started process (PID=104) to work on /opt/airflow/dags/reviews_pipeline.py
[2025-11-18T05:01:59.940+0000] {processor.py:830} INFO - Processing file /opt/airflow/dags/reviews_pipeline.py for tasks to queue
[2025-11-18T05:01:59.942+0000] {logging_mixin.py:188} INFO - [2025-11-18T05:01:59.941+0000] {dagbag.py:538} INFO - Filling up the DagBag from /opt/airflow/dags/reviews_pipeline.py
[2025-11-18T05:01:59.966+0000] {processor.py:840} INFO - DAG(s) 'weekly_reviews_pipeline' retrieved from /opt/airflow/dags/reviews_pipeline.py
[2025-11-18T05:01:59.994+0000] {logging_mixin.py:188} INFO - [2025-11-18T05:01:59.993+0000] {dag.py:3036} INFO - Sync 1 DAGs
[2025-11-18T05:02:00.015+0000] {logging_mixin.py:188} INFO - [2025-11-18T05:02:00.015+0000] {dag.py:3823} INFO - Setting next_dagrun for weekly_reviews_pipeline to 2025-11-09 00:00:00+00:00, run_after=2025-11-16 00:00:00+00:00
[2025-11-18T05:02:00.034+0000] {processor.py:183} INFO - Processing /opt/airflow/dags/reviews_pipeline.py took 0.099 seconds
[2025-11-18T05:02:30.468+0000] {processor.py:161} INFO - Started process (PID=114) to work on /opt/airflow/dags/reviews_pipeline.py
[2025-11-18T05:02:30.469+0000] {processor.py:830} INFO - Processing file /opt/airflow/dags/reviews_pipeline.py for tasks to queue
[2025-11-18T05:02:30.471+0000] {logging_mixin.py:188} INFO - [2025-11-18T05:02:30.471+0000] {dagbag.py:538} INFO - Filling up the DagBag from /opt/airflow/dags/reviews_pipeline.py
[2025-11-18T05:02:30.494+0000] {processor.py:840} INFO - DAG(s) 'weekly_reviews_pipeline' retrieved from /opt/airflow/dags/reviews_pipeline.py
[2025-11-18T05:02:30.517+0000] {logging_mixin.py:188} INFO - [2025-11-18T05:02:30.517+0000] {dag.py:3036} INFO - Sync 1 DAGs
[2025-11-18T05:02:30.536+0000] {logging_mixin.py:188} INFO - [2025-11-18T05:02:30.536+0000] {dag.py:3823} INFO - Setting next_dagrun for weekly_reviews_pipeline to 2025-11-09 00:00:00+00:00, run_after=2025-11-16 00:00:00+00:00
[2025-11-18T05:02:30.559+0000] {processor.py:183} INFO - Processing /opt/airflow/dags/reviews_pipeline.py took 0.094 seconds
[2025-11-18T05:03:00.972+0000] {processor.py:161} INFO - Started process (PID=124) to work on /opt/airflow/dags/reviews_pipeline.py
[2025-11-18T05:03:00.973+0000] {processor.py:830} INFO - Processing file /opt/airflow/dags/reviews_pipeline.py for tasks to queue
[2025-11-18T05:03:00.975+0000] {logging_mixin.py:188} INFO - [2025-11-18T05:03:00.975+0000] {dagbag.py:538} INFO - Filling up the DagBag from /opt/airflow/dags/reviews_pipeline.py
[2025-11-18T05:03:00.999+0000] {processor.py:840} INFO - DAG(s) 'weekly_reviews_pipeline' retrieved from /opt/airflow/dags/reviews_pipeline.py
[2025-11-18T05:03:01.032+0000] {logging_mixin.py:188} INFO - [2025-11-18T05:03:01.031+0000] {dag.py:3036} INFO - Sync 1 DAGs
[2025-11-18T05:03:01.057+0000] {logging_mixin.py:188} INFO - [2025-11-18T05:03:01.057+0000] {dag.py:3823} INFO - Setting next_dagrun for weekly_reviews_pipeline to 2025-11-09 00:00:00+00:00, run_after=2025-11-16 00:00:00+00:00
[2025-11-18T05:03:01.082+0000] {processor.py:183} INFO - Processing /opt/airflow/dags/reviews_pipeline.py took 0.114 seconds
[2025-11-18T05:03:31.640+0000] {processor.py:161} INFO - Started process (PID=134) to work on /opt/airflow/dags/reviews_pipeline.py
[2025-11-18T05:03:31.641+0000] {processor.py:830} INFO - Processing file /opt/airflow/dags/reviews_pipeline.py for tasks to queue
[2025-11-18T05:03:31.643+0000] {logging_mixin.py:188} INFO - [2025-11-18T05:03:31.643+0000] {dagbag.py:538} INFO - Filling up the DagBag from /opt/airflow/dags/reviews_pipeline.py
[2025-11-18T05:03:31.665+0000] {processor.py:840} INFO - DAG(s) 'weekly_reviews_pipeline' retrieved from /opt/airflow/dags/reviews_pipeline.py
[2025-11-18T05:03:31.689+0000] {logging_mixin.py:188} INFO - [2025-11-18T05:03:31.689+0000] {dag.py:3036} INFO - Sync 1 DAGs
[2025-11-18T05:03:31.709+0000] {logging_mixin.py:188} INFO - [2025-11-18T05:03:31.709+0000] {dag.py:3823} INFO - Setting next_dagrun for weekly_reviews_pipeline to 2025-11-09 00:00:00+00:00, run_after=2025-11-16 00:00:00+00:00
[2025-11-18T05:03:31.728+0000] {processor.py:183} INFO - Processing /opt/airflow/dags/reviews_pipeline.py took 0.091 seconds
[2025-11-18T05:27:18.421+0000] {processor.py:161} INFO - Started process (PID=137) to work on /opt/airflow/dags/reviews_pipeline.py
[2025-11-18T05:27:18.428+0000] {processor.py:830} INFO - Processing file /opt/airflow/dags/reviews_pipeline.py for tasks to queue
[2025-11-18T05:27:18.432+0000] {logging_mixin.py:188} INFO - [2025-11-18T05:27:18.431+0000] {dagbag.py:538} INFO - Filling up the DagBag from /opt/airflow/dags/reviews_pipeline.py
[2025-11-18T05:27:18.530+0000] {processor.py:840} INFO - DAG(s) 'weekly_reviews_pipeline' retrieved from /opt/airflow/dags/reviews_pipeline.py
[2025-11-18T05:27:18.632+0000] {logging_mixin.py:188} INFO - [2025-11-18T05:27:18.632+0000] {dag.py:3036} INFO - Sync 1 DAGs
[2025-11-18T05:27:18.713+0000] {logging_mixin.py:188} INFO - [2025-11-18T05:27:18.713+0000] {dag.py:3823} INFO - Setting next_dagrun for weekly_reviews_pipeline to 2025-11-09 00:00:00+00:00, run_after=2025-11-16 00:00:00+00:00
[2025-11-18T05:27:18.838+0000] {processor.py:183} INFO - Processing /opt/airflow/dags/reviews_pipeline.py took 0.424 seconds
[2025-11-18T06:03:36.463+0000] {processor.py:161} INFO - Started process (PID=147) to work on /opt/airflow/dags/reviews_pipeline.py
[2025-11-18T06:03:36.465+0000] {processor.py:830} INFO - Processing file /opt/airflow/dags/reviews_pipeline.py for tasks to queue
[2025-11-18T06:03:36.474+0000] {logging_mixin.py:188} INFO - [2025-11-18T06:03:36.473+0000] {dagbag.py:538} INFO - Filling up the DagBag from /opt/airflow/dags/reviews_pipeline.py
[2025-11-18T06:03:36.642+0000] {processor.py:840} INFO - DAG(s) 'weekly_reviews_pipeline' retrieved from /opt/airflow/dags/reviews_pipeline.py
[2025-11-18T06:03:36.771+0000] {logging_mixin.py:188} INFO - [2025-11-18T06:03:36.771+0000] {dag.py:3036} INFO - Sync 1 DAGs
[2025-11-18T06:03:36.854+0000] {logging_mixin.py:188} INFO - [2025-11-18T06:03:36.854+0000] {dag.py:3823} INFO - Setting next_dagrun for weekly_reviews_pipeline to 2025-11-09 00:00:00+00:00, run_after=2025-11-16 00:00:00+00:00
[2025-11-18T06:03:36.929+0000] {processor.py:183} INFO - Processing /opt/airflow/dags/reviews_pipeline.py took 0.470 seconds
